Record 233873
{
  "Event": {
    "#attributes": {
      "xmlns": "http://schemas.microsoft.com/win/2004/08/events/event"
    },
    "System": {
      "Provider": {
        "#attributes": {
          "Name": "Microsoft-Windows-Security-Auditing",
          "Guid": "54849625-5478-4994-A5BA-3E3B0328C30D"
        }
      },
      "EventID": 4688,
      "Version": 2,
      "Level": 0,
      "Task": 13312,
      "Opcode": 0,
      "Keywords": "0x8020000000000000",
      "TimeCreated": {
        "#attributes": {
          "SystemTime": "2024-09-24T21:06:23.098768Z"
        }
      },
      "EventRecordID": 233873,
      "Correlation": null,
      "Execution": {
        "#attributes": {
          "ProcessID": 4,
          "ThreadID": 236
        }
      },
      "Channel": "Security",
      "Computer": "EC2AMAZ-0TD157D",
      "Security": null
    },
    "EventData": {
      "SubjectUserSid": "S-1-5-18",
      "SubjectUserName": "EC2AMAZ-0TD157D$",
      "SubjectDomainName": "WORKGROUP",
      "SubjectLogonId": "0x3e7",
      "NewProcessId": "0x15a8",
      "NewProcessName": "C:\\Windows\\Microsoft.NET\\Framework\\v4.0.30319\\mscorsvw.exe",
      "TokenElevationType": "%%1936",
      "ProcessId": "0x900",
      "CommandLine": "C:\\Windows\\Microsoft.NET\\Framework\\v4.0.30319\\mscorsvw.exe -StartupEvent 340 -InterruptEvent 0 -NGENProcess 7b8 -Pipe 7ac -Comment \"NGen Worker Process\"",
      "TargetUserSid": "S-1-0-0",
      "TargetUserName": "-",
      "TargetDomainName": "-",
      "TargetLogonId": "0x0",
      "ParentProcessName": "C:\\Windows\\Microsoft.NET\\Framework\\v4.0.30319\\ngen.exe",
      "MandatoryLabel": "S-1-16-16384"
    }
  }
}
Record 233874
{
  "Event": {
    "#attributes": {
      "xmlns": "http://schemas.microsoft.com/win/2004/08/events/event"
    },
    "System": {
      "Provider": {
        "#attributes": {
          "Name": "Microsoft-Windows-Security-Auditing",
          "Guid": "54849625-5478-4994-A5BA-3E3B0328C30D"
        }
      },
      "EventID": 4689,
      "Version": 0,
      "Level": 0,
      "Task": 13313,
      "Opcode": 0,
      "Keywords": "0x8020000000000000",
      "TimeCreated": {
        "#attributes": {
          "SystemTime": "2024-09-24T21:06:23.131974Z"
        }
      },
      "EventRecordID": 233874,
      "Correlation": null,
      "Execution": {
        "#attributes": {
          "ProcessID": 4,
          "ThreadID": 236
        }
      },
      "Channel": "Security",
      "Computer": "EC2AMAZ-0TD157D",
      "Security": null
    },
    "EventData": {
      "SubjectUserSid": "S-1-5-18",
      "SubjectUserName": "EC2AMAZ-0TD157D$",
      "SubjectDomainName": "WORKGROUP",
      "SubjectLogonId": "0x3e7",
      "Status": "0x0",
      "ProcessId": "0x15a8",
      "ProcessName": "C:\\Windows\\Microsoft.NET\\Framework\\v4.0.30319\\mscorsvw.exe"
    }
  }
}
Record 233875
{
  "Event": {
    "#attributes": {
      "xmlns": "http://schemas.microsoft.com/win/2004/08/events/event"
    },
    "System": {
      "Provider": {
        "#attributes": {
          "Name": "Microsoft-Windows-Security-Auditing",
          "Guid": "54849625-5478-4994-A5BA-3E3B0328C30D"
        }
      },
      "EventID": 4688,
      "Version": 2,
      "Level": 0,
      "Task": 13312,
      "Opcode": 0,
      "Keywords": "0x8020000000000000",
      "TimeCreated": {
        "#attributes": {
          "SystemTime": "2024-09-24T21:06:23.132822Z"
        }
      },
      "EventRecordID": 233875,
      "Correlation": null,
      "Execution": {
        "#attributes": {
          "ProcessID": 4,
          "ThreadID": 236
        }
      },
      "Channel": "Security",
      "Computer": "EC2AMAZ-0TD157D",
      "Security": null
    },
    "EventData": {
      "SubjectUserSid": "S-1-5-18",
      "SubjectUserName": "EC2AMAZ-0TD157D$",
      "SubjectDomainName": "WORKGROUP",
      "SubjectLogonId": "0x3e7",
      "NewProcessId": "0x3e8",
      "NewProcessName": "C:\\Windows\\Microsoft.NET\\Framework\\v4.0.30319\\mscorsvw.exe",
      "TokenElevationType": "%%1936",
      "ProcessId": "0x900",
      "CommandLine": "C:\\Windows\\Microsoft.NET\\Framework\\v4.0.30319\\mscorsvw.exe -StartupEvent 6fc -InterruptEvent 0 -NGENProcess 78c -Pipe 7b8 -Comment \"NGen Worker Process\"",
      "TargetUserSid": "S-1-0-0",
      "TargetUserName": "-",
      "TargetDomainName": "-",
      "TargetLogonId": "0x0",
      "ParentProcessName": "C:\\Windows\\Microsoft.NET\\Framework\\v4.0.30319\\ngen.exe",
      "MandatoryLabel": "S-1-16-16384"
    }
  }
}
Record 233876
{
  "Event": {
    "#attributes": {
      "xmlns": "http://schemas.microsoft.com/win/2004/08/events/event"
    },
    "System": {
      "Provider": {
        "#attributes": {
          "Name": "Microsoft-Windows-Security-Auditing",
          "Guid": "54849625-5478-4994-A5BA-3E3B0328C30D"
        }
      },
      "EventID": 4689,
      "Version": 0,
      "Level": 0,
      "Task": 13313,
      "Opcode": 0,
      "Keywords": "0x8020000000000000",
      "TimeCreated": {
        "#attributes": {
          "SystemTime": "2024-09-24T21:06:23.169783Z"
        }
      },
      "EventRecordID": 233876,
      "Correlation": null,
      "Execution": {
        "#attributes": {
          "ProcessID": 4,
          "ThreadID": 236
        }
      },
      "Channel": "Security",
      "Computer": "EC2AMAZ-0TD157D",
      "Security": null
    },
    "EventData": {
      "SubjectUserSid": "S-1-5-18",
      "SubjectUserName": "EC2AMAZ-0TD157D$",
      "SubjectDomainName": "WORKGROUP",
      "SubjectLogonId": "0x3e7",
      "Status": "0x0",
      "ProcessId": "0x3e8",
      "ProcessName": "C:\\Windows\\Microsoft.NET\\Framework\\v4.0.30319\\mscorsvw.exe"
    }
  }
}
Record 233877
{
  "Event": {
    "#attributes": {
      "xmlns": "http://schemas.microsoft.com/win/2004/08/events/event"
    },
    "System": {
      "Provider": {
        "#attributes": {
          "Name": "Microsoft-Windows-Security-Auditing",
          "Guid": "54849625-5478-4994-A5BA-3E3B0328C30D"
        }
      },
      "EventID": 4688,
      "Version": 2,
      "Level": 0,
      "Task": 13312,
      "Opcode": 0,
      "Keywords": "0x8020000000000000",
      "TimeCreated": {
        "#attributes": {
          "SystemTime": "2024-09-24T21:06:23.172187Z"
        }
      },
      "EventRecordID": 233877,
      "Correlation": null,
      "Execution": {
        "#attributes": {
          "ProcessID": 4,
          "ThreadID": 236
        }
      },
      "Channel": "Security",
      "Computer": "EC2AMAZ-0TD157D",
      "Security": null
    },
    "EventData": {
      "SubjectUserSid": "S-1-5-18",
      "SubjectUserName": "EC2AMAZ-0TD157D$",
      "SubjectDomainName": "WORKGROUP",
      "SubjectLogonId": "0x3e7",
      "NewProcessId": "0x4cc",
      "NewProcessName": "C:\\Windows\\Microsoft.NET\\Framework\\v4.0.30319\\mscorsvw.exe",
      "TokenElevationType": "%%1936",
      "ProcessId": "0x900",
      "CommandLine": "C:\\Windows\\Microsoft.NET\\Framework\\v4.0.30319\\mscorsvw.exe -StartupEvent 280 -InterruptEvent 0 -NGENProcess 798 -Pipe 788 -Comment \"NGen Worker Process\"",
      "TargetUserSid": "S-1-0-0",
      "TargetUserName": "-",
      "TargetDomainName": "-",
      "TargetLogonId": "0x0",
      "ParentProcessName": "C:\\Windows\\Microsoft.NET\\Framework\\v4.0.30319\\ngen.exe",
      "MandatoryLabel": "S-1-16-16384"
    }
  }
}
Record 233878
{
  "Event": {
    "#attributes": {
      "xmlns": "http://schemas.microsoft.com/win/2004/08/events/event"
    },
    "System": {
      "Provider": {
        "#attributes": {
          "Name": "Microsoft-Windows-Security-Auditing",
          "Guid": "54849625-5478-4994-A5BA-3E3B0328C30D"
        }
      },
      "EventID": 4689,
      "Version": 0,
      "Level": 0,
      "Task": 13313,
      "Opcode": 0,
      "Keywords": "0x8020000000000000",
      "TimeCreated": {
        "#attributes": {
          "SystemTime": "2024-09-24T21:06:23.206918Z"
        }
      },
      "EventRecordID": 233878,
      "Correlation": null,
      "Execution": {
        "#attributes": {
          "ProcessID": 4,
          "ThreadID": 2360
        }
      },
      "Channel": "Security",
      "Computer": "EC2AMAZ-0TD157D",
      "Security": null
    },
    "EventData": {
      "SubjectUserSid": "S-1-5-18",
      "SubjectUserName": "EC2AMAZ-0TD157D$",
      "SubjectDomainName": "WORKGROUP",
      "SubjectLogonId": "0x3e7",
      "Status": "0x0",
      "ProcessId": "0x4cc",
      "ProcessName": "C:\\Windows\\Microsoft.NET\\Framework\\v4.0.30319\\mscorsvw.exe"
    }
  }
}
Record 233879
{
  "Event": {
    "#attributes": {
      "xmlns": "http://schemas.microsoft.com/win/2004/08/events/event"
    },
    "System": {
      "Provider": {
        "#attributes": {
          "Name": "Microsoft-Windows-Security-Auditing",
          "Guid": "54849625-5478-4994-A5BA-3E3B0328C30D"
        }
      },
      "EventID": 4688,
      "Version": 2,
      "Level": 0,
      "Task": 13312,
      "Opcode": 0,
      "Keywords": "0x8020000000000000",
      "TimeCreated": {
        "#attributes": {
          "SystemTime": "2024-09-24T21:06:23.207506Z"
        }
      },
      "EventRecordID": 233879,
      "Correlation": null,
      "Execution": {
        "#attributes": {
          "ProcessID": 4,
          "ThreadID": 2360
        }
      },
      "Channel": "Security",
      "Computer": "EC2AMAZ-0TD157D",
      "Security": null
    },
    "EventData": {
      "SubjectUserSid": "S-1-5-18",
      "SubjectUserName": "EC2AMAZ-0TD157D$",
      "SubjectDomainName": "WORKGROUP",
      "SubjectLogonId": "0x3e7",
      "NewProcessId": "0x1744",
      "NewProcessName": "C:\\Windows\\Microsoft.NET\\Framework\\v4.0.30319\\mscorsvw.exe",
      "TokenElevationType": "%%1936",
      "ProcessId": "0x900",
      "CommandLine": "C:\\Windows\\Microsoft.NET\\Framework\\v4.0.30319\\mscorsvw.exe -StartupEvent 220 -InterruptEvent 0 -NGENProcess 6fc -Pipe 7cc -Comment \"NGen Worker Process\"",
      "TargetUserSid": "S-1-0-0",
      "TargetUserName": "-",
      "TargetDomainName": "-",
      "TargetLogonId": "0x0",
      "ParentProcessName": "C:\\Windows\\Microsoft.NET\\Framework\\v4.0.30319\\ngen.exe",
      "MandatoryLabel": "S-1-16-16384"
    }
  }
}
Record 233880
{
  "Event": {
    "#attributes": {
      "xmlns": "http://schemas.microsoft.com/win/2004/08/events/event"
    },
    "System": {
      "Provider": {
        "#attributes": {
          "Name": "Microsoft-Windows-Security-Auditing",
          "Guid": "54849625-5478-4994-A5BA-3E3B0328C30D"
        }
      },
      "EventID": 4688,
      "Version": 2,
      "Level": 0,
      "Task": 13312,
      "Opcode": 0,
      "Keywords": "0x8020000000000000",
      "TimeCreated": {
        "#attributes": {
          "SystemTime": "2024-09-24T21:06:23.254244Z"
        }
      },
      "EventRecordID": 233880,
      "Correlation": null,
      "Execution": {
        "#attributes": {
          "ProcessID": 4,
          "ThreadID": 2360
        }
      },
      "Channel": "Security",
      "Computer": "EC2AMAZ-0TD157D",
      "Security": null
    },
    "EventData": {
      "SubjectUserSid": "S-1-5-18",
      "SubjectUserName": "EC2AMAZ-0TD157D$",
      "SubjectDomainName": "WORKGROUP",
      "SubjectLogonId": "0x3e7",
      "NewProcessId": "0x15d8",
      "NewProcessName": "C:\\Windows\\Microsoft.NET\\Framework\\v4.0.30319\\mscorsvw.exe",
      "TokenElevationType": "%%1936",
      "ProcessId": "0x900",
      "CommandLine": "C:\\Windows\\Microsoft.NET\\Framework\\v4.0.30319\\mscorsvw.exe -StartupEvent 340 -InterruptEvent 0 -NGENProcess 220 -Pipe 72c -Comment \"NGen Worker Process\"",
      "TargetUserSid": "S-1-0-0",
      "TargetUserName": "-",
      "TargetDomainName": "-",
      "TargetLogonId": "0x0",
      "ParentProcessName": "C:\\Windows\\Microsoft.NET\\Framework\\v4.0.30319\\ngen.exe",
      "MandatoryLabel": "S-1-16-16384"
    }
  }
}
Record 233881
{
  "Event": {
    "#attributes": {
      "xmlns": "http://schemas.microsoft.com/win/2004/08/events/event"
    },
    "System": {
      "Provider": {
        "#attributes": {
          "Name": "Microsoft-Windows-Security-Auditing",
          "Guid": "54849625-5478-4994-A5BA-3E3B0328C30D"
        }
      },
      "EventID": 4689,
      "Version": 0,
      "Level": 0,
      "Task": 13313,
      "Opcode": 0,
      "Keywords": "0x8020000000000000",
      "TimeCreated": {
        "#attributes": {
          "SystemTime": "2024-09-24T21:06:23.288240Z"
        }
      },
      "EventRecordID": 233881,
      "Correlation": null,
      "Execution": {
        "#attributes": {
          "ProcessID": 4,
          "ThreadID": 2360
        }
      },
      "Channel": "Security",
      "Computer": "EC2AMAZ-0TD157D",
      "Security": null
    },
    "EventData": {
      "SubjectUserSid": "S-1-5-18",
      "SubjectUserName": "EC2AMAZ-0TD157D$",
      "SubjectDomainName": "WORKGROUP",
      "SubjectLogonId": "0x3e7",
      "Status": "0x0",
      "ProcessId": "0x1744",
      "ProcessName": "C:\\Windows\\Microsoft.NET\\Framework\\v4.0.30319\\mscorsvw.exe"
    }
  }
}
Record 233882
{
  "Event": {
    "#attributes": {
      "xmlns": "http://schemas.microsoft.com/win/2004/08/events/event"
    },
    "System": {
      "Provider": {
        "#attributes": {
          "Name": "Microsoft-Windows-Security-Auditing",
          "Guid": "54849625-5478-4994-A5BA-3E3B0328C30D"
        }
      },
      "EventID": 4688,
      "Version": 2,
      "Level": 0,
      "Task": 13312,
      "Opcode": 0,
      "Keywords": "0x8020000000000000",
      "TimeCreated": {
        "#attributes": {
          "SystemTime": "2024-09-24T21:06:23.305348Z"
        }
      },
      "EventRecordID": 233882,
      "Correlation": null,
      "Execution": {
        "#attributes": {
          "ProcessID": 4,
          "ThreadID": 2360
        }
      },
      "Channel": "Security",
      "Computer": "EC2AMAZ-0TD157D",
      "Security": null
    },
    "EventData": {
      "SubjectUserSid": "S-1-5-18",
      "SubjectUserName": "EC2AMAZ-0TD157D$",
      "SubjectDomainName": "WORKGROUP",
      "SubjectLogonId": "0x3e7",
      "NewProcessId": "0x12d0",
      "NewProcessName": "C:\\Windows\\Microsoft.NET\\Framework\\v4.0.30319\\mscorsvw.exe",
      "TokenElevationType": "%%1936",
      "ProcessId": "0x900",
      "CommandLine": "C:\\Windows\\Microsoft.NET\\Framework\\v4.0.30319\\mscorsvw.exe -StartupEvent 728 -InterruptEvent 0 -NGENProcess 254 -Pipe 6fc -Comment \"NGen Worker Process\"",
      "TargetUserSid": "S-1-0-0",
      "TargetUserName": "-",
      "TargetDomainName": "-",
      "TargetLogonId": "0x0",
      "ParentProcessName": "C:\\Windows\\Microsoft.NET\\Framework\\v4.0.30319\\ngen.exe",
      "MandatoryLabel": "S-1-16-16384"
    }
  }
}
Record 233883
{
  "Event": {
    "#attributes": {
      "xmlns": "http://schemas.microsoft.com/win/2004/08/events/event"
    },
    "System": {
      "Provider": {
        "#attributes": {
          "Name": "Microsoft-Windows-Security-Auditing",
          "Guid": "54849625-5478-4994-A5BA-3E3B0328C30D"
        }
      },
      "EventID": 4689,
      "Version": 0,
      "Level": 0,
      "Task": 13313,
      "Opcode": 0,
      "Keywords": "0x8020000000000000",
      "TimeCreated": {
        "#attributes": {
          "SystemTime": "2024-09-24T21:06:23.311480Z"
        }
      },
      "EventRecordID": 233883,
      "Correlation": null,
      "Execution": {
        "#attributes": {
          "ProcessID": 4,
          "ThreadID": 2360
        }
      },
      "Channel": "Security",
      "Computer": "EC2AMAZ-0TD157D",
      "Security": null
    },
    "EventData": {
      "SubjectUserSid": "S-1-5-18",
      "SubjectUserName": "EC2AMAZ-0TD157D$",
      "SubjectDomainName": "WORKGROUP",
      "SubjectLogonId": "0x3e7",
      "Status": "0x0",
      "ProcessId": "0x15d8",
      "ProcessName": "C:\\Windows\\Microsoft.NET\\Framework\\v4.0.30319\\mscorsvw.exe"
    }
  }
}
Record 233884
{
  "Event": {
    "#attributes": {
      "xmlns": "http://schemas.microsoft.com/win/2004/08/events/event"
    },
    "System": {
      "Provider": {
        "#attributes": {
          "Name": "Microsoft-Windows-Security-Auditing",
          "Guid": "54849625-5478-4994-A5BA-3E3B0328C30D"
        }
      },
      "EventID": 4688,
      "Version": 2,
      "Level": 0,
      "Task": 13312,
      "Opcode": 0,
      "Keywords": "0x8020000000000000",
      "TimeCreated": {
        "#attributes": {
          "SystemTime": "2024-09-24T21:06:23.357889Z"
        }
      },
      "EventRecordID": 233884,
      "Correlation": null,
      "Execution": {
        "#attributes": {
          "ProcessID": 4,
          "ThreadID": 5340
        }
      },
      "Channel": "Security",
      "Computer": "EC2AMAZ-0TD157D",
      "Security": null
    },
    "EventData": {
      "SubjectUserSid": "S-1-5-18",
      "SubjectUserName": "EC2AMAZ-0TD157D$",
      "SubjectDomainName": "WORKGROUP",
      "SubjectLogonId": "0x3e7",
      "NewProcessId": "0x1378",
      "NewProcessName": "C:\\Windows\\Microsoft.NET\\Framework\\v4.0.30319\\mscorsvw.exe",
      "TokenElevationType": "%%1936",
      "ProcessId": "0x900",
      "CommandLine": "C:\\Windows\\Microsoft.NET\\Framework\\v4.0.30319\\mscorsvw.exe -StartupEvent 7dc -InterruptEvent 0 -NGENProcess 728 -Pipe 2a0 -Comment \"NGen Worker Process\"",
      "TargetUserSid": "S-1-0-0",
      "TargetUserName": "-",
      "TargetDomainName": "-",
      "TargetLogonId": "0x0",
      "ParentProcessName": "C:\\Windows\\Microsoft.NET\\Framework\\v4.0.30319\\ngen.exe",
      "MandatoryLabel": "S-1-16-16384"
    }
  }
}
Record 233885
{
  "Event": {
    "#attributes": {
      "xmlns": "http://schemas.microsoft.com/win/2004/08/events/event"
    },
    "System": {
      "Provider": {
        "#attributes": {
          "Name": "Microsoft-Windows-Security-Auditing",
          "Guid": "54849625-5478-4994-A5BA-3E3B0328C30D"
        }
      },
      "EventID": 4689,
      "Version": 0,
      "Level": 0,
      "Task": 13313,
      "Opcode": 0,
      "Keywords": "0x8020000000000000",
      "TimeCreated": {
        "#attributes": {
          "SystemTime": "2024-09-24T21:06:23.370486Z"
        }
      },
      "EventRecordID": 233885,
      "Correlation": null,
      "Execution": {
        "#attributes": {
          "ProcessID": 4,
          "ThreadID": 5340
        }
      },
      "Channel": "Security",
      "Computer": "EC2AMAZ-0TD157D",
      "Security": null
    },
    "EventData": {
      "SubjectUserSid": "S-1-5-18",
      "SubjectUserName": "EC2AMAZ-0TD157D$",
      "SubjectDomainName": "WORKGROUP",
      "SubjectLogonId": "0x3e7",
      "Status": "0x0",
      "ProcessId": "0x12d0",
      "ProcessName": "C:\\Windows\\Microsoft.NET\\Framework\\v4.0.30319\\mscorsvw.exe"
    }
  }
}
Record 233886
{
  "Event": {
    "#attributes": {
      "xmlns": "http://schemas.microsoft.com/win/2004/08/events/event"
    },
    "System": {
      "Provider": {
        "#attributes": {
          "Name": "Microsoft-Windows-Security-Auditing",
          "Guid": "54849625-5478-4994-A5BA-3E3B0328C30D"
        }
      },
      "EventID": 4689,
      "Version": 0,
      "Level": 0,
      "Task": 13313,
      "Opcode": 0,
      "Keywords": "0x8020000000000000",
      "TimeCreated": {
        "#attributes": {
          "SystemTime": "2024-09-24T21:06:23.439050Z"
        }
      },
      "EventRecordID": 233886,
      "Correlation": null,
      "Execution": {
        "#attributes": {
          "ProcessID": 4,
          "ThreadID": 5340
        }
      },
      "Channel": "Security",
      "Computer": "EC2AMAZ-0TD157D",
      "Security": null
    },
    "EventData": {
      "SubjectUserSid": "S-1-5-18",
      "SubjectUserName": "EC2AMAZ-0TD157D$",
      "SubjectDomainName": "WORKGROUP",
      "SubjectLogonId": "0x3e7",
      "Status": "0x0",
      "ProcessId": "0x1378",
      "ProcessName": "C:\\Windows\\Microsoft.NET\\Framework\\v4.0.30319\\mscorsvw.exe"
    }
  }
}
Record 233887
{
  "Event": {
    "#attributes": {
      "xmlns": "http://schemas.microsoft.com/win/2004/08/events/event"
    },
    "System": {
      "Provider": {
        "#attributes": {
          "Name": "Microsoft-Windows-Security-Auditing",
          "Guid": "54849625-5478-4994-A5BA-3E3B0328C30D"
        }
      },
      "EventID": 4688,
      "Version": 2,
      "Level": 0,
      "Task": 13312,
      "Opcode": 0,
      "Keywords": "0x8020000000000000",
      "TimeCreated": {
        "#attributes": {
          "SystemTime": "2024-09-24T21:06:23.439796Z"
        }
      },
      "EventRecordID": 233887,
      "Correlation": null,
      "Execution": {
        "#attributes": {
          "ProcessID": 4,
          "ThreadID": 5340
        }
      },
      "Channel": "Security",
      "Computer": "EC2AMAZ-0TD157D",
      "Security": null
    },
    "EventData": {
      "SubjectUserSid": "S-1-5-18",
      "SubjectUserName": "EC2AMAZ-0TD157D$",
      "SubjectDomainName": "WORKGROUP",
      "SubjectLogonId": "0x3e7",
      "NewProcessId": "0x1a4c",
      "NewProcessName": "C:\\Windows\\Microsoft.NET\\Framework\\v4.0.30319\\mscorsvw.exe",
      "TokenElevationType": "%%1936",
      "ProcessId": "0x900",
      "CommandLine": "C:\\Windows\\Microsoft.NET\\Framework\\v4.0.30319\\mscorsvw.exe -StartupEvent 26c -InterruptEvent 0 -NGENProcess 7dc -Pipe 624 -Comment \"NGen Worker Process\"",
      "TargetUserSid": "S-1-0-0",
      "TargetUserName": "-",
      "TargetDomainName": "-",
      "TargetLogonId": "0x0",
      "ParentProcessName": "C:\\Windows\\Microsoft.NET\\Framework\\v4.0.30319\\ngen.exe",
      "MandatoryLabel": "S-1-16-16384"
    }
  }
}
Record 233888
{
  "Event": {
    "#attributes": {
      "xmlns": "http://schemas.microsoft.com/win/2004/08/events/event"
    },
    "System": {
      "Provider": {
        "#attributes": {
          "Name": "Microsoft-Windows-Security-Auditing",
          "Guid": "54849625-5478-4994-A5BA-3E3B0328C30D"
        }
      },
      "EventID": 4689,
      "Version": 0,
      "Level": 0,
      "Task": 13313,
      "Opcode": 0,
      "Keywords": "0x8020000000000000",
      "TimeCreated": {
        "#attributes": {
          "SystemTime": "2024-09-24T21:06:23.472449Z"
        }
      },
      "EventRecordID": 233888,
      "Correlation": null,
      "Execution": {
        "#attributes": {
          "ProcessID": 4,
          "ThreadID": 5340
        }
      },
      "Channel": "Security",
      "Computer": "EC2AMAZ-0TD157D",
      "Security": null
    },
    "EventData": {
      "SubjectUserSid": "S-1-5-18",
      "SubjectUserName": "EC2AMAZ-0TD157D$",
      "SubjectDomainName": "WORKGROUP",
      "SubjectLogonId": "0x3e7",
      "Status": "0x0",
      "ProcessId": "0x1a4c",
      "ProcessName": "C:\\Windows\\Microsoft.NET\\Framework\\v4.0.30319\\mscorsvw.exe"
    }
  }
}
Record 233889
{
  "Event": {
    "#attributes": {
      "xmlns": "http://schemas.microsoft.com/win/2004/08/events/event"
    },
    "System": {
      "Provider": {
        "#attributes": {
          "Name": "Microsoft-Windows-Security-Auditing",
          "Guid": "54849625-5478-4994-A5BA-3E3B0328C30D"
        }
      },
      "EventID": 4688,
      "Version": 2,
      "Level": 0,
      "Task": 13312,
      "Opcode": 0,
      "Keywords": "0x8020000000000000",
      "TimeCreated": {
        "#attributes": {
          "SystemTime": "2024-09-24T21:06:23.472973Z"
        }
      },
      "EventRecordID": 233889,
      "Correlation": null,
      "Execution": {
        "#attributes": {
          "ProcessID": 4,
          "ThreadID": 5340
        }
      },
      "Channel": "Security",
      "Computer": "EC2AMAZ-0TD157D",
      "Security": null
    },
    "EventData": {
      "SubjectUserSid": "S-1-5-18",
      "SubjectUserName": "EC2AMAZ-0TD157D$",
      "SubjectDomainName": "WORKGROUP",
      "SubjectLogonId": "0x3e7",
      "NewProcessId": "0x11c4",
      "NewProcessName": "C:\\Windows\\Microsoft.NET\\Framework\\v4.0.30319\\mscorsvw.exe",
      "TokenElevationType": "%%1936",
      "ProcessId": "0x900",
      "CommandLine": "C:\\Windows\\Microsoft.NET\\Framework\\v4.0.30319\\mscorsvw.exe -StartupEvent 7e8 -InterruptEvent 0 -NGENProcess 724 -Pipe 280 -Comment \"NGen Worker Process\"",
      "TargetUserSid": "S-1-0-0",
      "TargetUserName": "-",
      "TargetDomainName": "-",
      "TargetLogonId": "0x0",
      "ParentProcessName": "C:\\Windows\\Microsoft.NET\\Framework\\v4.0.30319\\ngen.exe",
      "MandatoryLabel": "S-1-16-16384"
    }
  }
}
Record 233890
{
  "Event": {
    "#attributes": {
      "xmlns": "http://schemas.microsoft.com/win/2004/08/events/event"
    },
    "System": {
      "Provider": {
        "#attributes": {
          "Name": "Microsoft-Windows-Security-Auditing",
          "Guid": "54849625-5478-4994-A5BA-3E3B0328C30D"
        }
      },
      "EventID": 4688,
      "Version": 2,
      "Level": 0,
      "Task": 13312,
      "Opcode": 0,
      "Keywords": "0x8020000000000000",
      "TimeCreated": {
        "#attributes": {
          "SystemTime": "2024-09-24T21:06:23.555004Z"
        }
      },
      "EventRecordID": 233890,
      "Correlation": null,
      "Execution": {
        "#attributes": {
          "ProcessID": 4,
          "ThreadID": 2360
        }
      },
      "Channel": "Security",
      "Computer": "EC2AMAZ-0TD157D",
      "Security": null
    },
    "EventData": {
      "SubjectUserSid": "S-1-5-18",
      "SubjectUserName": "EC2AMAZ-0TD157D$",
      "SubjectDomainName": "WORKGROUP",
      "SubjectLogonId": "0x3e7",
      "NewProcessId": "0x9b8",
      "NewProcessName": "C:\\Windows\\Microsoft.NET\\Framework\\v4.0.30319\\mscorsvw.exe",
      "TokenElevationType": "%%1936",
      "ProcessId": "0x900",
      "CommandLine": "C:\\Windows\\Microsoft.NET\\Framework\\v4.0.30319\\mscorsvw.exe -StartupEvent 340 -InterruptEvent 0 -NGENProcess 7dc -Pipe 6fc -Comment \"NGen Worker Process\"",
      "TargetUserSid": "S-1-0-0",
      "TargetUserName": "-",
      "TargetDomainName": "-",
      "TargetLogonId": "0x0",
      "ParentProcessName": "C:\\Windows\\Microsoft.NET\\Framework\\v4.0.30319\\ngen.exe",
      "MandatoryLabel": "S-1-16-16384"
    }
  }
}
Record 233891
{
  "Event": {
    "#attributes": {
      "xmlns": "http://schemas.microsoft.com/win/2004/08/events/event"
    },
    "System": {
      "Provider": {
        "#attributes": {
          "Name": "Microsoft-Windows-Security-Auditing",
          "Guid": "54849625-5478-4994-A5BA-3E3B0328C30D"
        }
      },
      "EventID": 4689,
      "Version": 0,
      "Level": 0,
      "Task": 13313,
      "Opcode": 0,
      "Keywords": "0x8020000000000000",
      "TimeCreated": {
        "#attributes": {
          "SystemTime": "2024-09-24T21:06:23.560001Z"
        }
      },
      "EventRecordID": 233891,
      "Correlation": null,
      "Execution": {
        "#attributes": {
          "ProcessID": 4,
          "ThreadID": 5340
        }
      },
      "Channel": "Security",
      "Computer": "EC2AMAZ-0TD157D",
      "Security": null
    },
    "EventData": {
      "SubjectUserSid": "S-1-5-18",
      "SubjectUserName": "EC2AMAZ-0TD157D$",
      "SubjectDomainName": "WORKGROUP",
      "SubjectLogonId": "0x3e7",
      "Status": "0x0",
      "ProcessId": "0x11c4",
      "ProcessName": "C:\\Windows\\Microsoft.NET\\Framework\\v4.0.30319\\mscorsvw.exe"
    }
  }
}
Record 233892
{
  "Event": {
    "#attributes": {
      "xmlns": "http://schemas.microsoft.com/win/2004/08/events/event"
    },
    "System": {
      "Provider": {
        "#attributes": {
          "Name": "Microsoft-Windows-Security-Auditing",
          "Guid": "54849625-5478-4994-A5BA-3E3B0328C30D"
        }
      },
      "EventID": 4688,
      "Version": 2,
      "Level": 0,
      "Task": 13312,
      "Opcode": 0,
      "Keywords": "0x8020000000000000",
      "TimeCreated": {
        "#attributes": {
          "SystemTime": "2024-09-24T21:06:23.631469Z"
        }
      },
      "EventRecordID": 233892,
      "Correlation": null,
      "Execution": {
        "#attributes": {
          "ProcessID": 4,
          "ThreadID": 2360
        }
      },
      "Channel": "Security",
      "Computer": "EC2AMAZ-0TD157D",
      "Security": null
    },
    "EventData": {
      "SubjectUserSid": "S-1-5-18",
      "SubjectUserName": "EC2AMAZ-0TD157D$",
      "SubjectDomainName": "WORKGROUP",
      "SubjectLogonId": "0x3e7",
      "NewProcessId": "0x1954",
      "NewProcessName": "C:\\Windows\\Microsoft.NET\\Framework\\v4.0.30319\\mscorsvw.exe",
      "TokenElevationType": "%%1936",
      "ProcessId": "0x900",
      "CommandLine": "C:\\Windows\\Microsoft.NET\\Framework\\v4.0.30319\\mscorsvw.exe -StartupEvent 7b4 -InterruptEvent 0 -NGENProcess 26c -Pipe 724 -Comment \"NGen Worker Process\"",
      "TargetUserSid": "S-1-0-0",
      "TargetUserName": "-",
      "TargetDomainName": "-",
      "TargetLogonId": "0x0",
      "ParentProcessName": "C:\\Windows\\Microsoft.NET\\Framework\\v4.0.30319\\ngen.exe",
      "MandatoryLabel": "S-1-16-16384"
    }
  }
}
Record 233893
{
  "Event": {
    "#attributes": {
      "xmlns": "http://schemas.microsoft.com/win/2004/08/events/event"
    },
    "System": {
      "Provider": {
        "#attributes": {
          "Name": "Microsoft-Windows-Security-Auditing",
          "Guid": "54849625-5478-4994-A5BA-3E3B0328C30D"
        }
      },
      "EventID": 4689,
      "Version": 0,
      "Level": 0,
      "Task": 13313,
      "Opcode": 0,
      "Keywords": "0x8020000000000000",
      "TimeCreated": {
        "#attributes": {
          "SystemTime": "2024-09-24T21:06:23.633462Z"
        }
      },
      "EventRecordID": 233893,
      "Correlation": null,
      "Execution": {
        "#attributes": {
          "ProcessID": 4,
          "ThreadID": 5340
        }
      },
      "Channel": "Security",
      "Computer": "EC2AMAZ-0TD157D",
      "Security": null
    },
    "EventData": {
      "SubjectUserSid": "S-1-5-18",
      "SubjectUserName": "EC2AMAZ-0TD157D$",
      "SubjectDomainName": "WORKGROUP",
      "SubjectLogonId": "0x3e7",
      "Status": "0x0",
      "ProcessId": "0x9b8",
      "ProcessName": "C:\\Windows\\Microsoft.NET\\Framework\\v4.0.30319\\mscorsvw.exe"
    }
  }
}
Record 233894
{
  "Event": {
    "#attributes": {
      "xmlns": "http://schemas.microsoft.com/win/2004/08/events/event"
    },
    "System": {
      "Provider": {
        "#attributes": {
          "Name": "Microsoft-Windows-Security-Auditing",
          "Guid": "54849625-5478-4994-A5BA-3E3B0328C30D"
        }
      },
      "EventID": 4689,
      "Version": 0,
      "Level": 0,
      "Task": 13313,
      "Opcode": 0,
      "Keywords": "0x8020000000000000",
      "TimeCreated": {
        "#attributes": {
          "SystemTime": "2024-09-24T21:06:23.665407Z"
        }
      },
      "EventRecordID": 233894,
      "Correlation": null,
      "Execution": {
        "#attributes": {
          "ProcessID": 4,
          "ThreadID": 5340
        }
      },
      "Channel": "Security",
      "Computer": "EC2AMAZ-0TD157D",
      "Security": null
    },
    "EventData": {
      "SubjectUserSid": "S-1-5-18",
      "SubjectUserName": "EC2AMAZ-0TD157D$",
      "SubjectDomainName": "WORKGROUP",
      "SubjectLogonId": "0x3e7",
      "Status": "0x0",
      "ProcessId": "0x1954",
      "ProcessName": "C:\\Windows\\Microsoft.NET\\Framework\\v4.0.30319\\mscorsvw.exe"
    }
  }
}
Record 233895
{
  "Event": {
    "#attributes": {
      "xmlns": "http://schemas.microsoft.com/win/2004/08/events/event"
    },
    "System": {
      "Provider": {
        "#attributes": {
          "Name": "Microsoft-Windows-Security-Auditing",
          "Guid": "54849625-5478-4994-A5BA-3E3B0328C30D"
        }
      },
      "EventID": 4688,
      "Version": 2,
      "Level": 0,
      "Task": 13312,
      "Opcode": 0,
      "Keywords": "0x8020000000000000",
      "TimeCreated": {
        "#attributes": {
          "SystemTime": "2024-09-24T21:06:23.667297Z"
        }
      },
      "EventRecordID": 233895,
      "Correlation": null,
      "Execution": {
        "#attributes": {
          "ProcessID": 4,
          "ThreadID": 5340
        }
      },
      "Channel": "Security",
      "Computer": "EC2AMAZ-0TD157D",
      "Security": null
    },
    "EventData": {
      "SubjectUserSid": "S-1-5-18",
      "SubjectUserName": "EC2AMAZ-0TD157D$",
      "SubjectDomainName": "WORKGROUP",
      "SubjectLogonId": "0x3e7",
      "NewProcessId": "0x1240",
      "NewProcessName": "C:\\Windows\\Microsoft.NET\\Framework\\v4.0.30319\\mscorsvw.exe",
      "TokenElevationType": "%%1936",
      "ProcessId": "0x900",
      "CommandLine": "C:\\Windows\\Microsoft.NET\\Framework\\v4.0.30319\\mscorsvw.exe -StartupEvent 220 -InterruptEvent 0 -NGENProcess 728 -Pipe 7e8 -Comment \"NGen Worker Process\"",
      "TargetUserSid": "S-1-0-0",
      "TargetUserName": "-",
      "TargetDomainName": "-",
      "TargetLogonId": "0x0",
      "ParentProcessName": "C:\\Windows\\Microsoft.NET\\Framework\\v4.0.30319\\ngen.exe",
      "MandatoryLabel": "S-1-16-16384"
    }
  }
}
Record 233896
{
  "Event": {
    "#attributes": {
      "xmlns": "http://schemas.microsoft.com/win/2004/08/events/event"
    },
    "System": {
      "Provider": {
        "#attributes": {
          "Name": "Microsoft-Windows-Security-Auditing",
          "Guid": "54849625-5478-4994-A5BA-3E3B0328C30D"
        }
      },
      "EventID": 4688,
      "Version": 2,
      "Level": 0,
      "Task": 13312,
      "Opcode": 0,
      "Keywords": "0x8020000000000000",
      "TimeCreated": {
        "#attributes": {
          "SystemTime": "2024-09-24T21:06:23.711713Z"
        }
      },
      "EventRecordID": 233896,
      "Correlation": null,
      "Execution": {
        "#attributes": {
          "ProcessID": 4,
          "ThreadID": 2360
        }
      },
      "Channel": "Security",
      "Computer": "EC2AMAZ-0TD157D",
      "Security": null
    },
    "EventData": {
      "SubjectUserSid": "S-1-5-18",
      "SubjectUserName": "EC2AMAZ-0TD157D$",
      "SubjectDomainName": "WORKGROUP",
      "SubjectLogonId": "0x3e7",
      "NewProcessId": "0x15e0",
      "NewProcessName": "C:\\Windows\\Microsoft.NET\\Framework\\v4.0.30319\\mscorsvw.exe",
      "TokenElevationType": "%%1936",
      "ProcessId": "0x900",
      "CommandLine": "C:\\Windows\\Microsoft.NET\\Framework\\v4.0.30319\\mscorsvw.exe -StartupEvent 6c0 -InterruptEvent 0 -NGENProcess 220 -Pipe 5d8 -Comment \"NGen Worker Process\"",
      "TargetUserSid": "S-1-0-0",
      "TargetUserName": "-",
      "TargetDomainName": "-",
      "TargetLogonId": "0x0",
      "ParentProcessName": "C:\\Windows\\Microsoft.NET\\Framework\\v4.0.30319\\ngen.exe",
      "MandatoryLabel": "S-1-16-16384"
    }
  }
}
Record 233897
{
  "Event": {
    "#attributes": {
      "xmlns": "http://schemas.microsoft.com/win/2004/08/events/event"
    },
    "System": {
      "Provider": {
        "#attributes": {
          "Name": "Microsoft-Windows-Security-Auditing",
          "Guid": "54849625-5478-4994-A5BA-3E3B0328C30D"
        }
      },
      "EventID": 4689,
      "Version": 0,
      "Level": 0,
      "Task": 13313,
      "Opcode": 0,
      "Keywords": "0x8020000000000000",
      "TimeCreated": {
        "#attributes": {
          "SystemTime": "2024-09-24T21:06:23.721476Z"
        }
      },
      "EventRecordID": 233897,
      "Correlation": null,
      "Execution": {
        "#attributes": {
          "ProcessID": 4,
          "ThreadID": 2360
        }
      },
      "Channel": "Security",
      "Computer": "EC2AMAZ-0TD157D",
      "Security": null
    },
    "EventData": {
      "SubjectUserSid": "S-1-5-18",
      "SubjectUserName": "EC2AMAZ-0TD157D$",
      "SubjectDomainName": "WORKGROUP",
      "SubjectLogonId": "0x3e7",
      "Status": "0x0",
      "ProcessId": "0x1240",
      "ProcessName": "C:\\Windows\\Microsoft.NET\\Framework\\v4.0.30319\\mscorsvw.exe"
    }
  }
}
Record 233898
{
  "Event": {
    "#attributes": {
      "xmlns": "http://schemas.microsoft.com/win/2004/08/events/event"
    },
    "System": {
      "Provider": {
        "#attributes": {
          "Name": "Microsoft-Windows-Security-Auditing",
          "Guid": "54849625-5478-4994-A5BA-3E3B0328C30D"
        }
      },
      "EventID": 4689,
      "Version": 0,
      "Level": 0,
      "Task": 13313,
      "Opcode": 0,
      "Keywords": "0x8020000000000000",
      "TimeCreated": {
        "#attributes": {
          "SystemTime": "2024-09-24T21:06:23.762606Z"
        }
      },
      "EventRecordID": 233898,
      "Correlation": null,
      "Execution": {
        "#attributes": {
          "ProcessID": 4,
          "ThreadID": 2360
        }
      },
      "Channel": "Security",
      "Computer": "EC2AMAZ-0TD157D",
      "Security": null
    },
    "EventData": {
      "SubjectUserSid": "S-1-5-18",
      "SubjectUserName": "EC2AMAZ-0TD157D$",
      "SubjectDomainName": "WORKGROUP",
      "SubjectLogonId": "0x3e7",
      "Status": "0x0",
      "ProcessId": "0x15e0",
      "ProcessName": "C:\\Windows\\Microsoft.NET\\Framework\\v4.0.30319\\mscorsvw.exe"
    }
  }
}
Record 233899
{
  "Event": {
    "#attributes": {
      "xmlns": "http://schemas.microsoft.com/win/2004/08/events/event"
    },
    "System": {
      "Provider": {
        "#attributes": {
          "Name": "Microsoft-Windows-Security-Auditing",
          "Guid": "54849625-5478-4994-A5BA-3E3B0328C30D"
        }
      },
      "EventID": 4688,
      "Version": 2,
      "Level": 0,
      "Task": 13312,
      "Opcode": 0,
      "Keywords": "0x8020000000000000",
      "TimeCreated": {
        "#attributes": {
          "SystemTime": "2024-09-24T21:06:23.763250Z"
        }
      },
      "EventRecordID": 233899,
      "Correlation": null,
      "Execution": {
        "#attributes": {
          "ProcessID": 4,
          "ThreadID": 2360
        }
      },
      "Channel": "Security",
      "Computer": "EC2AMAZ-0TD157D",
      "Security": null
    },
    "EventData": {
      "SubjectUserSid": "S-1-5-18",
      "SubjectUserName": "EC2AMAZ-0TD157D$",
      "SubjectDomainName": "WORKGROUP",
      "SubjectLogonId": "0x3e7",
      "NewProcessId": "0xbcc",
      "NewProcessName": "C:\\Windows\\Microsoft.NET\\Framework\\v4.0.30319\\mscorsvw.exe",
      "TokenElevationType": "%%1936",
      "ProcessId": "0x900",
      "CommandLine": "C:\\Windows\\Microsoft.NET\\Framework\\v4.0.30319\\mscorsvw.exe -StartupEvent 574 -InterruptEvent 0 -NGENProcess 6c0 -Pipe 5c4 -Comment \"NGen Worker Process\"",
      "TargetUserSid": "S-1-0-0",
      "TargetUserName": "-",
      "TargetDomainName": "-",
      "TargetLogonId": "0x0",
      "ParentProcessName": "C:\\Windows\\Microsoft.NET\\Framework\\v4.0.30319\\ngen.exe",
      "MandatoryLabel": "S-1-16-16384"
    }
  }
}
Record 233900
{
  "Event": {
    "#attributes": {
      "xmlns": "http://schemas.microsoft.com/win/2004/08/events/event"
    },
    "System": {
      "Provider": {
        "#attributes": {
          "Name": "Microsoft-Windows-Security-Auditing",
          "Guid": "54849625-5478-4994-A5BA-3E3B0328C30D"
        }
      },
      "EventID": 4688,
      "Version": 2,
      "Level": 0,
      "Task": 13312,
      "Opcode": 0,
      "Keywords": "0x8020000000000000",
      "TimeCreated": {
        "#attributes": {
          "SystemTime": "2024-09-24T21:06:23.801427Z"
        }
      },
      "EventRecordID": 233900,
      "Correlation": null,
      "Execution": {
        "#attributes": {
          "ProcessID": 4,
          "ThreadID": 2360
        }
      },
      "Channel": "Security",
      "Computer": "EC2AMAZ-0TD157D",
      "Security": null
    },
    "EventData": {
      "SubjectUserSid": "S-1-5-18",
      "SubjectUserName": "EC2AMAZ-0TD157D$",
      "SubjectDomainName": "WORKGROUP",
      "SubjectLogonId": "0x3e7",
      "NewProcessId": "0x548",
      "NewProcessName": "C:\\Windows\\Microsoft.NET\\Framework\\v4.0.30319\\mscorsvw.exe",
      "TokenElevationType": "%%1936",
      "ProcessId": "0x900",
      "CommandLine": "C:\\Windows\\Microsoft.NET\\Framework\\v4.0.30319\\mscorsvw.exe -StartupEvent 340 -InterruptEvent 0 -NGENProcess 26c -Pipe 728 -Comment \"NGen Worker Process\"",
      "TargetUserSid": "S-1-0-0",
      "TargetUserName": "-",
      "TargetDomainName": "-",
      "TargetLogonId": "0x0",
      "ParentProcessName": "C:\\Windows\\Microsoft.NET\\Framework\\v4.0.30319\\ngen.exe",
      "MandatoryLabel": "S-1-16-16384"
    }
  }
}
Record 233901
{
  "Event": {
    "#attributes": {
      "xmlns": "http://schemas.microsoft.com/win/2004/08/events/event"
    },
    "System": {
      "Provider": {
        "#attributes": {
          "Name": "Microsoft-Windows-Security-Auditing",
          "Guid": "54849625-5478-4994-A5BA-3E3B0328C30D"
        }
      },
      "EventID": 4689,
      "Version": 0,
      "Level": 0,
      "Task": 13313,
      "Opcode": 0,
      "Keywords": "0x8020000000000000",
      "TimeCreated": {
        "#attributes": {
          "SystemTime": "2024-09-24T21:06:23.803942Z"
        }
      },
      "EventRecordID": 233901,
      "Correlation": null,
      "Execution": {
        "#attributes": {
          "ProcessID": 4,
          "ThreadID": 2360
        }
      },
      "Channel": "Security",
      "Computer": "EC2AMAZ-0TD157D",
      "Security": null
    },
    "EventData": {
      "SubjectUserSid": "S-1-5-18",
      "SubjectUserName": "EC2AMAZ-0TD157D$",
      "SubjectDomainName": "WORKGROUP",
      "SubjectLogonId": "0x3e7",
      "Status": "0x0",
      "ProcessId": "0xbcc",
      "ProcessName": "C:\\Windows\\Microsoft.NET\\Framework\\v4.0.30319\\mscorsvw.exe"
    }
  }
}
Record 233902
{
  "Event": {
    "#attributes": {
      "xmlns": "http://schemas.microsoft.com/win/2004/08/events/event"
    },
    "System": {
      "Provider": {
        "#attributes": {
          "Name": "Microsoft-Windows-Security-Auditing",
          "Guid": "54849625-5478-4994-A5BA-3E3B0328C30D"
        }
      },
      "EventID": 4688,
      "Version": 2,
      "Level": 0,
      "Task": 13312,
      "Opcode": 0,
      "Keywords": "0x8020000000000000",
      "TimeCreated": {
        "#attributes": {
          "SystemTime": "2024-09-24T21:06:23.848323Z"
        }
      },
      "EventRecordID": 233902,
      "Correlation": null,
      "Execution": {
        "#attributes": {
          "ProcessID": 4,
          "ThreadID": 2360
        }
      },
      "Channel": "Security",
      "Computer": "EC2AMAZ-0TD157D",
      "Security": null
    },
    "EventData": {
      "SubjectUserSid": "S-1-5-18",
      "SubjectUserName": "EC2AMAZ-0TD157D$",
      "SubjectDomainName": "WORKGROUP",
      "SubjectLogonId": "0x3e7",
      "NewProcessId": "0x1480",
      "NewProcessName": "C:\\Windows\\Microsoft.NET\\Framework\\v4.0.30319\\mscorsvw.exe",
      "TokenElevationType": "%%1936",
      "ProcessId": "0x900",
      "CommandLine": "C:\\Windows\\Microsoft.NET\\Framework\\v4.0.30319\\mscorsvw.exe -StartupEvent 714 -InterruptEvent 0 -NGENProcess 7dc -Pipe 574 -Comment \"NGen Worker Process\"",
      "TargetUserSid": "S-1-0-0",
      "TargetUserName": "-",
      "TargetDomainName": "-",
      "TargetLogonId": "0x0",
      "ParentProcessName": "C:\\Windows\\Microsoft.NET\\Framework\\v4.0.30319\\ngen.exe",
      "MandatoryLabel": "S-1-16-16384"
    }
  }
}
Record 233903
{
  "Event": {
    "#attributes": {
      "xmlns": "http://schemas.microsoft.com/win/2004/08/events/event"
    },
    "System": {
      "Provider": {
        "#attributes": {
          "Name": "Microsoft-Windows-Security-Auditing",
          "Guid": "54849625-5478-4994-A5BA-3E3B0328C30D"
        }
      },
      "EventID": 4689,
      "Version": 0,
      "Level": 0,
      "Task": 13313,
      "Opcode": 0,
      "Keywords": "0x8020000000000000",
      "TimeCreated": {
        "#attributes": {
          "SystemTime": "2024-09-24T21:06:23.849997Z"
        }
      },
      "EventRecordID": 233903,
      "Correlation": null,
      "Execution": {
        "#attributes": {
          "ProcessID": 4,
          "ThreadID": 5340
        }
      },
      "Channel": "Security",
      "Computer": "EC2AMAZ-0TD157D",
      "Security": null
    },
    "EventData": {
      "SubjectUserSid": "S-1-5-18",
      "SubjectUserName": "EC2AMAZ-0TD157D$",
      "SubjectDomainName": "WORKGROUP",
      "SubjectLogonId": "0x3e7",
      "Status": "0x0",
      "ProcessId": "0x548",
      "ProcessName": "C:\\Windows\\Microsoft.NET\\Framework\\v4.0.30319\\mscorsvw.exe"
    }
  }
}
Record 233904
{
  "Event": {
    "#attributes": {
      "xmlns": "http://schemas.microsoft.com/win/2004/08/events/event"
    },
    "System": {
      "Provider": {
        "#attributes": {
          "Name": "Microsoft-Windows-Security-Auditing",
          "Guid": "54849625-5478-4994-A5BA-3E3B0328C30D"
        }
      },
      "EventID": 4688,
      "Version": 2,
      "Level": 0,
      "Task": 13312,
      "Opcode": 0,
      "Keywords": "0x8020000000000000",
      "TimeCreated": {
        "#attributes": {
          "SystemTime": "2024-09-24T21:06:23.921638Z"
        }
      },
      "EventRecordID": 233904,
      "Correlation": null,
      "Execution": {
        "#attributes": {
          "ProcessID": 4,
          "ThreadID": 2360
        }
      },
      "Channel": "Security",
      "Computer": "EC2AMAZ-0TD157D",
      "Security": null
    },
    "EventData": {
      "SubjectUserSid": "S-1-5-18",
      "SubjectUserName": "EC2AMAZ-0TD157D$",
      "SubjectDomainName": "WORKGROUP",
      "SubjectLogonId": "0x3e7",
      "NewProcessId": "0x1870",
      "NewProcessName": "C:\\Windows\\Microsoft.NET\\Framework\\v4.0.30319\\mscorsvw.exe",
      "TokenElevationType": "%%1936",
      "ProcessId": "0x900",
      "CommandLine": "C:\\Windows\\Microsoft.NET\\Framework\\v4.0.30319\\mscorsvw.exe -StartupEvent 7b4 -InterruptEvent 0 -NGENProcess 714 -Pipe 340 -Comment \"NGen Worker Process\"",
      "TargetUserSid": "S-1-0-0",
      "TargetUserName": "-",
      "TargetDomainName": "-",
      "TargetLogonId": "0x0",
      "ParentProcessName": "C:\\Windows\\Microsoft.NET\\Framework\\v4.0.30319\\ngen.exe",
      "MandatoryLabel": "S-1-16-16384"
    }
  }
}
Record 233905
{
  "Event": {
    "#attributes": {
      "xmlns": "http://schemas.microsoft.com/win/2004/08/events/event"
    },
    "System": {
      "Provider": {
        "#attributes": {
          "Name": "Microsoft-Windows-Security-Auditing",
          "Guid": "54849625-5478-4994-A5BA-3E3B0328C30D"
        }
      },
      "EventID": 4689,
      "Version": 0,
      "Level": 0,
      "Task": 13313,
      "Opcode": 0,
      "Keywords": "0x8020000000000000",
      "TimeCreated": {
        "#attributes": {
          "SystemTime": "2024-09-24T21:06:23.942164Z"
        }
      },
      "EventRecordID": 233905,
      "Correlation": null,
      "Execution": {
        "#attributes": {
          "ProcessID": 4,
          "ThreadID": 5340
        }
      },
      "Channel": "Security",
      "Computer": "EC2AMAZ-0TD157D",
      "Security": null
    },
    "EventData": {
      "SubjectUserSid": "S-1-5-18",
      "SubjectUserName": "EC2AMAZ-0TD157D$",
      "SubjectDomainName": "WORKGROUP",
      "SubjectLogonId": "0x3e7",
      "Status": "0x0",
      "ProcessId": "0x1480",
      "ProcessName": "C:\\Windows\\Microsoft.NET\\Framework\\v4.0.30319\\mscorsvw.exe"
    }
  }
}
Record 233906
{
  "Event": {
    "#attributes": {
      "xmlns": "http://schemas.microsoft.com/win/2004/08/events/event"
    },
    "System": {
      "Provider": {
        "#attributes": {
          "Name": "Microsoft-Windows-Security-Auditing",
          "Guid": "54849625-5478-4994-A5BA-3E3B0328C30D"
        }
      },
      "EventID": 4689,
      "Version": 0,
      "Level": 0,
      "Task": 13313,
      "Opcode": 0,
      "Keywords": "0x8020000000000000",
      "TimeCreated": {
        "#attributes": {
          "SystemTime": "2024-09-24T21:06:23.978644Z"
        }
      },
      "EventRecordID": 233906,
      "Correlation": null,
      "Execution": {
        "#attributes": {
          "ProcessID": 4,
          "ThreadID": 5340
        }
      },
      "Channel": "Security",
      "Computer": "EC2AMAZ-0TD157D",
      "Security": null
    },
    "EventData": {
      "SubjectUserSid": "S-1-5-18",
      "SubjectUserName": "EC2AMAZ-0TD157D$",
      "SubjectDomainName": "WORKGROUP",
      "SubjectLogonId": "0x3e7",
      "Status": "0x0",
      "ProcessId": "0x1870",
      "ProcessName": "C:\\Windows\\Microsoft.NET\\Framework\\v4.0.30319\\mscorsvw.exe"
    }
  }
}
