Record 234325
{
  "Event": {
    "#attributes": {
      "xmlns": "http://schemas.microsoft.com/win/2004/08/events/event"
    },
    "System": {
      "Provider": {
        "#attributes": {
          "Name": "Microsoft-Windows-Security-Auditing",
          "Guid": "54849625-5478-4994-A5BA-3E3B0328C30D"
        }
      },
      "EventID": 4625,
      "Version": 0,
      "Level": 0,
      "Task": 12544,
      "Opcode": 0,
      "Keywords": "0x8010000000000000",
      "TimeCreated": {
        "#attributes": {
          "SystemTime": "2024-09-24T21:07:10.600155Z"
        }
      },
      "EventRecordID": 234325,
      "Correlation": {
        "#attributes": {
          "ActivityID": "1A7873A0-0EC0-0001-3174-781AC00EDB01"
        }
      },
      "Execution": {
        "#attributes": {
          "ProcessID": 660,
          "ThreadID": 1864
        }
      },
      "Channel": "Security",
      "Computer": "EC2AMAZ-0TD157D",
      "Security": null
    },
    "EventData": {
      "SubjectUserSid": "S-1-0-0",
      "SubjectUserName": "-",
      "SubjectDomainName": "-",
      "SubjectLogonId": "0x0",
      "TargetUserSid": "S-1-0-0",
      "TargetUserName": "Jsmith",
      "TargetDomainName": "EC2AMAZ-0TD157D",
      "Status": "0xc000006d",
      "FailureReason": "%%2313",
      "SubStatus": "0xc000006a",
      "LogonType": 3,
      "LogonProcessName": "NtLmSsp ",
      "AuthenticationPackageName": "NTLM",
      "WorkstationName": "KALI",
      "TransmittedServices": "-",
      "LmPackageName": "-",
      "KeyLength": 0,
      "ProcessId": "0x0",
      "ProcessName": "-",
      "IpAddress": "10.1.1.42",
      "IpPort": "43720"
    }
  }
}
Record 234326
{
  "Event": {
    "#attributes": {
      "xmlns": "http://schemas.microsoft.com/win/2004/08/events/event"
    },
    "System": {
      "Provider": {
        "#attributes": {
          "Name": "Microsoft-Windows-Security-Auditing",
          "Guid": "54849625-5478-4994-A5BA-3E3B0328C30D"
        }
      },
      "EventID": 4776,
      "Version": 0,
      "Level": 0,
      "Task": 14336,
      "Opcode": 0,
      "Keywords": "0x8010000000000000",
      "TimeCreated": {
        "#attributes": {
          "SystemTime": "2024-09-24T21:07:10.623998Z"
        }
      },
      "EventRecordID": 234326,
      "Correlation": {
        "#attributes": {
          "ActivityID": "1A7873A0-0EC0-0001-3174-781AC00EDB01"
        }
      },
      "Execution": {
        "#attributes": {
          "ProcessID": 660,
          "ThreadID": 1864
        }
      },
      "Channel": "Security",
      "Computer": "EC2AMAZ-0TD157D",
      "Security": null
    },
    "EventData": {
      "PackageName": "MICROSOFT_AUTHENTICATION_PACKAGE_V1_0",
      "TargetUserName": "Jsmith",
      "Workstation": "KALI",
      "Status": "0xc000006a"
    }
  }
}
Record 234327
{
  "Event": {
    "#attributes": {
      "xmlns": "http://schemas.microsoft.com/win/2004/08/events/event"
    },
    "System": {
      "Provider": {
        "#attributes": {
          "Name": "Microsoft-Windows-Security-Auditing",
          "Guid": "54849625-5478-4994-A5BA-3E3B0328C30D"
        }
      },
      "EventID": 4625,
      "Version": 0,
      "Level": 0,
      "Task": 12544,
      "Opcode": 0,
      "Keywords": "0x8010000000000000",
      "TimeCreated": {
        "#attributes": {
          "SystemTime": "2024-09-24T21:07:10.624055Z"
        }
      },
      "EventRecordID": 234327,
      "Correlation": {
        "#attributes": {
          "ActivityID": "1A7873A0-0EC0-0001-3174-781AC00EDB01"
        }
      },
      "Execution": {
        "#attributes": {
          "ProcessID": 660,
          "ThreadID": 1864
        }
      },
      "Channel": "Security",
      "Computer": "EC2AMAZ-0TD157D",
      "Security": null
    },
    "EventData": {
      "SubjectUserSid": "S-1-0-0",
      "SubjectUserName": "-",
      "SubjectDomainName": "-",
      "SubjectLogonId": "0x0",
      "TargetUserSid": "S-1-0-0",
      "TargetUserName": "Jsmith",
      "TargetDomainName": "EC2AMAZ-0TD157D",
      "Status": "0xc000006d",
      "FailureReason": "%%2313",
      "SubStatus": "0xc000006a",
      "LogonType": 3,
      "LogonProcessName": "NtLmSsp ",
      "AuthenticationPackageName": "NTLM",
      "WorkstationName": "KALI",
      "TransmittedServices": "-",
      "LmPackageName": "-",
      "KeyLength": 0,
      "ProcessId": "0x0",
      "ProcessName": "-",
      "IpAddress": "10.1.1.42",
      "IpPort": "43738"
    }
  }
}
Record 234328
{
  "Event": {
    "#attributes": {
      "xmlns": "http://schemas.microsoft.com/win/2004/08/events/event"
    },
    "System": {
      "Provider": {
        "#attributes": {
          "Name": "Microsoft-Windows-Security-Auditing",
          "Guid": "54849625-5478-4994-A5BA-3E3B0328C30D"
        }
      },
      "EventID": 4776,
      "Version": 0,
      "Level": 0,
      "Task": 14336,
      "Opcode": 0,
      "Keywords": "0x8010000000000000",
      "TimeCreated": {
        "#attributes": {
          "SystemTime": "2024-09-24T21:07:10.635515Z"
        }
      },
      "EventRecordID": 234328,
      "Correlation": {
        "#attributes": {
          "ActivityID": "1A7873A0-0EC0-0001-3174-781AC00EDB01"
        }
      },
      "Execution": {
        "#attributes": {
          "ProcessID": 660,
          "ThreadID": 1864
        }
      },
      "Channel": "Security",
      "Computer": "EC2AMAZ-0TD157D",
      "Security": null
    },
    "EventData": {
      "PackageName": "MICROSOFT_AUTHENTICATION_PACKAGE_V1_0",
      "TargetUserName": "Jsmith",
      "Workstation": "KALI",
      "Status": "0xc000006a"
    }
  }
}
Record 234329
{
  "Event": {
    "#attributes": {
      "xmlns": "http://schemas.microsoft.com/win/2004/08/events/event"
    },
    "System": {
      "Provider": {
        "#attributes": {
          "Name": "Microsoft-Windows-Security-Auditing",
          "Guid": "54849625-5478-4994-A5BA-3E3B0328C30D"
        }
      },
      "EventID": 4625,
      "Version": 0,
      "Level": 0,
      "Task": 12544,
      "Opcode": 0,
      "Keywords": "0x8010000000000000",
      "TimeCreated": {
        "#attributes": {
          "SystemTime": "2024-09-24T21:07:10.635561Z"
        }
      },
      "EventRecordID": 234329,
      "Correlation": {
        "#attributes": {
          "ActivityID": "1A7873A0-0EC0-0001-3174-781AC00EDB01"
        }
      },
      "Execution": {
        "#attributes": {
          "ProcessID": 660,
          "ThreadID": 1864
        }
      },
      "Channel": "Security",
      "Computer": "EC2AMAZ-0TD157D",
      "Security": null
    },
    "EventData": {
      "SubjectUserSid": "S-1-0-0",
      "SubjectUserName": "-",
      "SubjectDomainName": "-",
      "SubjectLogonId": "0x0",
      "TargetUserSid": "S-1-0-0",
      "TargetUserName": "Jsmith",
      "TargetDomainName": "EC2AMAZ-0TD157D",
      "Status": "0xc000006d",
      "FailureReason": "%%2313",
      "SubStatus": "0xc000006a",
      "LogonType": 3,
      "LogonProcessName": "NtLmSsp ",
      "AuthenticationPackageName": "NTLM",
      "WorkstationName": "KALI",
      "TransmittedServices": "-",
      "LmPackageName": "-",
      "KeyLength": 0,
      "ProcessId": "0x0",
      "ProcessName": "-",
      "IpAddress": "10.1.1.42",
      "IpPort": "43752"
    }
  }
}
Record 234330
{
  "Event": {
    "#attributes": {
      "xmlns": "http://schemas.microsoft.com/win/2004/08/events/event"
    },
    "System": {
      "Provider": {
        "#attributes": {
          "Name": "Microsoft-Windows-Security-Auditing",
          "Guid": "54849625-5478-4994-A5BA-3E3B0328C30D"
        }
      },
      "EventID": 4776,
      "Version": 0,
      "Level": 0,
      "Task": 14336,
      "Opcode": 0,
      "Keywords": "0x8010000000000000",
      "TimeCreated": {
        "#attributes": {
          "SystemTime": "2024-09-24T21:07:10.647279Z"
        }
      },
      "EventRecordID": 234330,
      "Correlation": {
        "#attributes": {
          "ActivityID": "1A7873A0-0EC0-0001-3174-781AC00EDB01"
        }
      },
      "Execution": {
        "#attributes": {
          "ProcessID": 660,
          "ThreadID": 1864
        }
      },
      "Channel": "Security",
      "Computer": "EC2AMAZ-0TD157D",
      "Security": null
    },
    "EventData": {
      "PackageName": "MICROSOFT_AUTHENTICATION_PACKAGE_V1_0",
      "TargetUserName": "Jsmith",
      "Workstation": "KALI",
      "Status": "0xc000006a"
    }
  }
}
Record 234331
{
  "Event": {
    "#attributes": {
      "xmlns": "http://schemas.microsoft.com/win/2004/08/events/event"
    },
    "System": {
      "Provider": {
        "#attributes": {
          "Name": "Microsoft-Windows-Security-Auditing",
          "Guid": "54849625-5478-4994-A5BA-3E3B0328C30D"
        }
      },
      "EventID": 4625,
      "Version": 0,
      "Level": 0,
      "Task": 12544,
      "Opcode": 0,
      "Keywords": "0x8010000000000000",
      "TimeCreated": {
        "#attributes": {
          "SystemTime": "2024-09-24T21:07:10.647326Z"
        }
      },
      "EventRecordID": 234331,
      "Correlation": {
        "#attributes": {
          "ActivityID": "1A7873A0-0EC0-0001-3174-781AC00EDB01"
        }
      },
      "Execution": {
        "#attributes": {
          "ProcessID": 660,
          "ThreadID": 1864
        }
      },
      "Channel": "Security",
      "Computer": "EC2AMAZ-0TD157D",
      "Security": null
    },
    "EventData": {
      "SubjectUserSid": "S-1-0-0",
      "SubjectUserName": "-",
      "SubjectDomainName": "-",
      "SubjectLogonId": "0x0",
      "TargetUserSid": "S-1-0-0",
      "TargetUserName": "Jsmith",
      "TargetDomainName": "EC2AMAZ-0TD157D",
      "Status": "0xc000006d",
      "FailureReason": "%%2313",
      "SubStatus": "0xc000006a",
      "LogonType": 3,
      "LogonProcessName": "NtLmSsp ",
      "AuthenticationPackageName": "NTLM",
      "WorkstationName": "KALI",
      "TransmittedServices": "-",
      "LmPackageName": "-",
      "KeyLength": 0,
      "ProcessId": "0x0",
      "ProcessName": "-",
      "IpAddress": "10.1.1.42",
      "IpPort": "43764"
    }
  }
}
Record 234332
{
  "Event": {
    "#attributes": {
      "xmlns": "http://schemas.microsoft.com/win/2004/08/events/event"
    },
    "System": {
      "Provider": {
        "#attributes": {
          "Name": "Microsoft-Windows-Security-Auditing",
          "Guid": "54849625-5478-4994-A5BA-3E3B0328C30D"
        }
      },
      "EventID": 4776,
      "Version": 0,
      "Level": 0,
      "Task": 14336,
      "Opcode": 0,
      "Keywords": "0x8010000000000000",
      "TimeCreated": {
        "#attributes": {
          "SystemTime": "2024-09-24T21:07:10.659502Z"
        }
      },
      "EventRecordID": 234332,
      "Correlation": {
        "#attributes": {
          "ActivityID": "1A7873A0-0EC0-0001-3174-781AC00EDB01"
        }
      },
      "Execution": {
        "#attributes": {
          "ProcessID": 660,
          "ThreadID": 1864
        }
      },
      "Channel": "Security",
      "Computer": "EC2AMAZ-0TD157D",
      "Security": null
    },
    "EventData": {
      "PackageName": "MICROSOFT_AUTHENTICATION_PACKAGE_V1_0",
      "TargetUserName": "Jsmith",
      "Workstation": "KALI",
      "Status": "0xc000006a"
    }
  }
}
Record 234333
{
  "Event": {
    "#attributes": {
      "xmlns": "http://schemas.microsoft.com/win/2004/08/events/event"
    },
    "System": {
      "Provider": {
        "#attributes": {
          "Name": "Microsoft-Windows-Security-Auditing",
          "Guid": "54849625-5478-4994-A5BA-3E3B0328C30D"
        }
      },
      "EventID": 4625,
      "Version": 0,
      "Level": 0,
      "Task": 12544,
      "Opcode": 0,
      "Keywords": "0x8010000000000000",
      "TimeCreated": {
        "#attributes": {
          "SystemTime": "2024-09-24T21:07:10.659549Z"
        }
      },
      "EventRecordID": 234333,
      "Correlation": {
        "#attributes": {
          "ActivityID": "1A7873A0-0EC0-0001-3174-781AC00EDB01"
        }
      },
      "Execution": {
        "#attributes": {
          "ProcessID": 660,
          "ThreadID": 1864
        }
      },
      "Channel": "Security",
      "Computer": "EC2AMAZ-0TD157D",
      "Security": null
    },
    "EventData": {
      "SubjectUserSid": "S-1-0-0",
      "SubjectUserName": "-",
      "SubjectDomainName": "-",
      "SubjectLogonId": "0x0",
      "TargetUserSid": "S-1-0-0",
      "TargetUserName": "Jsmith",
      "TargetDomainName": "EC2AMAZ-0TD157D",
      "Status": "0xc000006d",
      "FailureReason": "%%2313",
      "SubStatus": "0xc000006a",
      "LogonType": 3,
      "LogonProcessName": "NtLmSsp ",
      "AuthenticationPackageName": "NTLM",
      "WorkstationName": "KALI",
      "TransmittedServices": "-",
      "LmPackageName": "-",
      "KeyLength": 0,
      "ProcessId": "0x0",
      "ProcessName": "-",
      "IpAddress": "10.1.1.42",
      "IpPort": "43780"
    }
  }
}
Record 234334
{
  "Event": {
    "#attributes": {
      "xmlns": "http://schemas.microsoft.com/win/2004/08/events/event"
    },
    "System": {
      "Provider": {
        "#attributes": {
          "Name": "Microsoft-Windows-Security-Auditing",
          "Guid": "54849625-5478-4994-A5BA-3E3B0328C30D"
        }
      },
      "EventID": 4776,
      "Version": 0,
      "Level": 0,
      "Task": 14336,
      "Opcode": 0,
      "Keywords": "0x8010000000000000",
      "TimeCreated": {
        "#attributes": {
          "SystemTime": "2024-09-24T21:07:10.671225Z"
        }
      },
      "EventRecordID": 234334,
      "Correlation": {
        "#attributes": {
          "ActivityID": "1A7873A0-0EC0-0001-3174-781AC00EDB01"
        }
      },
      "Execution": {
        "#attributes": {
          "ProcessID": 660,
          "ThreadID": 1864
        }
      },
      "Channel": "Security",
      "Computer": "EC2AMAZ-0TD157D",
      "Security": null
    },
    "EventData": {
      "PackageName": "MICROSOFT_AUTHENTICATION_PACKAGE_V1_0",
      "TargetUserName": "Jsmith",
      "Workstation": "KALI",
      "Status": "0xc000006a"
    }
  }
}
Record 234335
{
  "Event": {
    "#attributes": {
      "xmlns": "http://schemas.microsoft.com/win/2004/08/events/event"
    },
    "System": {
      "Provider": {
        "#attributes": {
          "Name": "Microsoft-Windows-Security-Auditing",
          "Guid": "54849625-5478-4994-A5BA-3E3B0328C30D"
        }
      },
      "EventID": 4625,
      "Version": 0,
      "Level": 0,
      "Task": 12544,
      "Opcode": 0,
      "Keywords": "0x8010000000000000",
      "TimeCreated": {
        "#attributes": {
          "SystemTime": "2024-09-24T21:07:10.671273Z"
        }
      },
      "EventRecordID": 234335,
      "Correlation": {
        "#attributes": {
          "ActivityID": "1A7873A0-0EC0-0001-3174-781AC00EDB01"
        }
      },
      "Execution": {
        "#attributes": {
          "ProcessID": 660,
          "ThreadID": 1864
        }
      },
      "Channel": "Security",
      "Computer": "EC2AMAZ-0TD157D",
      "Security": null
    },
    "EventData": {
      "SubjectUserSid": "S-1-0-0",
      "SubjectUserName": "-",
      "SubjectDomainName": "-",
      "SubjectLogonId": "0x0",
      "TargetUserSid": "S-1-0-0",
      "TargetUserName": "Jsmith",
      "TargetDomainName": "EC2AMAZ-0TD157D",
      "Status": "0xc000006d",
      "FailureReason": "%%2313",
      "SubStatus": "0xc000006a",
      "LogonType": 3,
      "LogonProcessName": "NtLmSsp ",
      "AuthenticationPackageName": "NTLM",
      "WorkstationName": "KALI",
      "TransmittedServices": "-",
      "LmPackageName": "-",
      "KeyLength": 0,
      "ProcessId": "0x0",
      "ProcessName": "-",
      "IpAddress": "10.1.1.42",
      "IpPort": "43800"
    }
  }
}
Record 234336
{
  "Event": {
    "#attributes": {
      "xmlns": "http://schemas.microsoft.com/win/2004/08/events/event"
    },
    "System": {
      "Provider": {
        "#attributes": {
          "Name": "Microsoft-Windows-Security-Auditing",
          "Guid": "54849625-5478-4994-A5BA-3E3B0328C30D"
        }
      },
      "EventID": 4776,
      "Version": 0,
      "Level": 0,
      "Task": 14336,
      "Opcode": 0,
      "Keywords": "0x8010000000000000",
      "TimeCreated": {
        "#attributes": {
          "SystemTime": "2024-09-24T21:07:10.688331Z"
        }
      },
      "EventRecordID": 234336,
      "Correlation": {
        "#attributes": {
          "ActivityID": "1A7873A0-0EC0-0001-3174-781AC00EDB01"
        }
      },
      "Execution": {
        "#attributes": {
          "ProcessID": 660,
          "ThreadID": 1864
        }
      },
      "Channel": "Security",
      "Computer": "EC2AMAZ-0TD157D",
      "Security": null
    },
    "EventData": {
      "PackageName": "MICROSOFT_AUTHENTICATION_PACKAGE_V1_0",
      "TargetUserName": "Jsmith",
      "Workstation": "KALI",
      "Status": "0xc000006a"
    }
  }
}
Record 234337
{
  "Event": {
    "#attributes": {
      "xmlns": "http://schemas.microsoft.com/win/2004/08/events/event"
    },
    "System": {
      "Provider": {
        "#attributes": {
          "Name": "Microsoft-Windows-Security-Auditing",
          "Guid": "54849625-5478-4994-A5BA-3E3B0328C30D"
        }
      },
      "EventID": 4625,
      "Version": 0,
      "Level": 0,
      "Task": 12544,
      "Opcode": 0,
      "Keywords": "0x8010000000000000",
      "TimeCreated": {
        "#attributes": {
          "SystemTime": "2024-09-24T21:07:10.688376Z"
        }
      },
      "EventRecordID": 234337,
      "Correlation": {
        "#attributes": {
          "ActivityID": "1A7873A0-0EC0-0001-3174-781AC00EDB01"
        }
      },
      "Execution": {
        "#attributes": {
          "ProcessID": 660,
          "ThreadID": 1864
        }
      },
      "Channel": "Security",
      "Computer": "EC2AMAZ-0TD157D",
      "Security": null
    },
    "EventData": {
      "SubjectUserSid": "S-1-0-0",
      "SubjectUserName": "-",
      "SubjectDomainName": "-",
      "SubjectLogonId": "0x0",
      "TargetUserSid": "S-1-0-0",
      "TargetUserName": "Jsmith",
      "TargetDomainName": "EC2AMAZ-0TD157D",
      "Status": "0xc000006d",
      "FailureReason": "%%2313",
      "SubStatus": "0xc000006a",
      "LogonType": 3,
      "LogonProcessName": "NtLmSsp ",
      "AuthenticationPackageName": "NTLM",
      "WorkstationName": "KALI",
      "TransmittedServices": "-",
      "LmPackageName": "-",
      "KeyLength": 0,
      "ProcessId": "0x0",
      "ProcessName": "-",
      "IpAddress": "10.1.1.42",
      "IpPort": "43822"
    }
  }
}
Record 234338
{
  "Event": {
    "#attributes": {
      "xmlns": "http://schemas.microsoft.com/win/2004/08/events/event"
    },
    "System": {
      "Provider": {
        "#attributes": {
          "Name": "Microsoft-Windows-Security-Auditing",
          "Guid": "54849625-5478-4994-A5BA-3E3B0328C30D"
        }
      },
      "EventID": 4776,
      "Version": 0,
      "Level": 0,
      "Task": 14336,
      "Opcode": 0,
      "Keywords": "0x8010000000000000",
      "TimeCreated": {
        "#attributes": {
          "SystemTime": "2024-09-24T21:07:10.701307Z"
        }
      },
      "EventRecordID": 234338,
      "Correlation": {
        "#attributes": {
          "ActivityID": "1A7873A0-0EC0-0001-3174-781AC00EDB01"
        }
      },
      "Execution": {
        "#attributes": {
          "ProcessID": 660,
          "ThreadID": 1864
        }
      },
      "Channel": "Security",
      "Computer": "EC2AMAZ-0TD157D",
      "Security": null
    },
    "EventData": {
      "PackageName": "MICROSOFT_AUTHENTICATION_PACKAGE_V1_0",
      "TargetUserName": "Jsmith",
      "Workstation": "KALI",
      "Status": "0xc000006a"
    }
  }
}
Record 234339
{
  "Event": {
    "#attributes": {
      "xmlns": "http://schemas.microsoft.com/win/2004/08/events/event"
    },
    "System": {
      "Provider": {
        "#attributes": {
          "Name": "Microsoft-Windows-Security-Auditing",
          "Guid": "54849625-5478-4994-A5BA-3E3B0328C30D"
        }
      },
      "EventID": 4625,
      "Version": 0,
      "Level": 0,
      "Task": 12544,
      "Opcode": 0,
      "Keywords": "0x8010000000000000",
      "TimeCreated": {
        "#attributes": {
          "SystemTime": "2024-09-24T21:07:10.701351Z"
        }
      },
      "EventRecordID": 234339,
      "Correlation": {
        "#attributes": {
          "ActivityID": "1A7873A0-0EC0-0001-3174-781AC00EDB01"
        }
      },
      "Execution": {
        "#attributes": {
          "ProcessID": 660,
          "ThreadID": 1864
        }
      },
      "Channel": "Security",
      "Computer": "EC2AMAZ-0TD157D",
      "Security": null
    },
    "EventData": {
      "SubjectUserSid": "S-1-0-0",
      "SubjectUserName": "-",
      "SubjectDomainName": "-",
      "SubjectLogonId": "0x0",
      "TargetUserSid": "S-1-0-0",
      "TargetUserName": "Jsmith",
      "TargetDomainName": "EC2AMAZ-0TD157D",
      "Status": "0xc000006d",
      "FailureReason": "%%2313",
      "SubStatus": "0xc000006a",
      "LogonType": 3,
      "LogonProcessName": "NtLmSsp ",
      "AuthenticationPackageName": "NTLM",
      "WorkstationName": "KALI",
      "TransmittedServices": "-",
      "LmPackageName": "-",
      "KeyLength": 0,
      "ProcessId": "0x0",
      "ProcessName": "-",
      "IpAddress": "10.1.1.42",
      "IpPort": "43830"
    }
  }
}
Record 234340
{
  "Event": {
    "#attributes": {
      "xmlns": "http://schemas.microsoft.com/win/2004/08/events/event"
    },
    "System": {
      "Provider": {
        "#attributes": {
          "Name": "Microsoft-Windows-Security-Auditing",
          "Guid": "54849625-5478-4994-A5BA-3E3B0328C30D"
        }
      },
      "EventID": 4776,
      "Version": 0,
      "Level": 0,
      "Task": 14336,
      "Opcode": 0,
      "Keywords": "0x8020000000000000",
      "TimeCreated": {
        "#attributes": {
          "SystemTime": "2024-09-24T21:07:10.716910Z"
        }
      },
      "EventRecordID": 234340,
      "Correlation": {
        "#attributes": {
          "ActivityID": "1A7873A0-0EC0-0001-3174-781AC00EDB01"
        }
      },
      "Execution": {
        "#attributes": {
          "ProcessID": 660,
          "ThreadID": 1864
        }
      },
      "Channel": "Security",
      "Computer": "EC2AMAZ-0TD157D",
      "Security": null
    },
    "EventData": {
      "PackageName": "MICROSOFT_AUTHENTICATION_PACKAGE_V1_0",
      "TargetUserName": "Jsmith",
      "Workstation": "KALI",
      "Status": "0x0"
    }
  }
}
Record 234341
{
  "Event": {
    "#attributes": {
      "xmlns": "http://schemas.microsoft.com/win/2004/08/events/event"
    },
    "System": {
      "Provider": {
        "#attributes": {
          "Name": "Microsoft-Windows-Security-Auditing",
          "Guid": "54849625-5478-4994-A5BA-3E3B0328C30D"
        }
      },
      "EventID": 4672,
      "Version": 0,
      "Level": 0,
      "Task": 12548,
      "Opcode": 0,
      "Keywords": "0x8020000000000000",
      "TimeCreated": {
        "#attributes": {
          "SystemTime": "2024-09-24T21:07:10.717018Z"
        }
      },
      "EventRecordID": 234341,
      "Correlation": {
        "#attributes": {
          "ActivityID": "1A7873A0-0EC0-0001-3174-781AC00EDB01"
        }
      },
      "Execution": {
        "#attributes": {
          "ProcessID": 660,
          "ThreadID": 1864
        }
      },
      "Channel": "Security",
      "Computer": "EC2AMAZ-0TD157D",
      "Security": null
    },
    "EventData": {
      "SubjectUserSid": "S-1-5-21-3792037069-2078677046-3387239386-1000",
      "SubjectUserName": "Jsmith",
      "SubjectDomainName": "EC2AMAZ-0TD157D",
      "SubjectLogonId": "0x78bb92",
      "PrivilegeList": "SeSecurityPrivilege\r\n\t\t\tSeBackupPrivilege\r\n\t\t\tSeRestorePrivilege\r\n\t\t\tSeTakeOwnershipPrivilege\r\n\t\t\tSeDebugPrivilege\r\n\t\t\tSeSystemEnvironmentPrivilege\r\n\t\t\tSeLoadDriverPrivilege\r\n\t\t\tSeImpersonatePrivilege\r\n\t\t\tSeDelegateSessionUserImpersonatePrivilege"
    }
  }
}
Record 234342
{
  "Event": {
    "#attributes": {
      "xmlns": "http://schemas.microsoft.com/win/2004/08/events/event"
    },
    "System": {
      "Provider": {
        "#attributes": {
          "Name": "Microsoft-Windows-Security-Auditing",
          "Guid": "54849625-5478-4994-A5BA-3E3B0328C30D"
        }
      },
      "EventID": 4624,
      "Version": 2,
      "Level": 0,
      "Task": 12544,
      "Opcode": 0,
      "Keywords": "0x8020000000000000",
      "TimeCreated": {
        "#attributes": {
          "SystemTime": "2024-09-24T21:07:10.717074Z"
        }
      },
      "EventRecordID": 234342,
      "Correlation": {
        "#attributes": {
          "ActivityID": "1A7873A0-0EC0-0001-3174-781AC00EDB01"
        }
      },
      "Execution": {
        "#attributes": {
          "ProcessID": 660,
          "ThreadID": 1864
        }
      },
      "Channel": "Security",
      "Computer": "EC2AMAZ-0TD157D",
      "Security": null
    },
    "EventData": {
      "SubjectUserSid": "S-1-0-0",
      "SubjectUserName": "-",
      "SubjectDomainName": "-",
      "SubjectLogonId": "0x0",
      "TargetUserSid": "S-1-5-21-3792037069-2078677046-3387239386-1000",
      "TargetUserName": "Jsmith",
      "TargetDomainName": "EC2AMAZ-0TD157D",
      "TargetLogonId": "0x78bb92",
      "LogonType": 3,
      "LogonProcessName": "NtLmSsp ",
      "AuthenticationPackageName": "NTLM",
      "WorkstationName": "KALI",
      "LogonGuid": "00000000-0000-0000-0000-000000000000",
      "TransmittedServices": "-",
      "LmPackageName": "NTLM V2",
      "KeyLength": 128,
      "ProcessId": "0x0",
      "ProcessName": "-",
      "IpAddress": "10.1.1.42",
      "IpPort": "43844",
      "ImpersonationLevel": "%%1833",
      "RestrictedAdminMode": "-",
      "TargetOutboundUserName": "-",
      "TargetOutboundDomainName": "-",
      "VirtualAccount": "%%1843",
      "TargetLinkedLogonId": "0x0",
      "ElevatedToken": "%%1842"
    }
  }
}
Record 234343
{
  "Event": {
    "#attributes": {
      "xmlns": "http://schemas.microsoft.com/win/2004/08/events/event"
    },
    "System": {
      "Provider": {
        "#attributes": {
          "Name": "Microsoft-Windows-Security-Auditing",
          "Guid": "54849625-5478-4994-A5BA-3E3B0328C30D"
        }
      },
      "EventID": 4627,
      "Version": 0,
      "Level": 0,
      "Task": 12554,
      "Opcode": 0,
      "Keywords": "0x8020000000000000",
      "TimeCreated": {
        "#attributes": {
          "SystemTime": "2024-09-24T21:07:10.717092Z"
        }
      },
      "EventRecordID": 234343,
      "Correlation": {
        "#attributes": {
          "ActivityID": "1A7873A0-0EC0-0001-3174-781AC00EDB01"
        }
      },
      "Execution": {
        "#attributes": {
          "ProcessID": 660,
          "ThreadID": 1864
        }
      },
      "Channel": "Security",
      "Computer": "EC2AMAZ-0TD157D",
      "Security": null
    },
    "EventData": {
      "SubjectUserSid": "S-1-0-0",
      "SubjectUserName": "-",
      "SubjectDomainName": "-",
      "SubjectLogonId": "0x0",
      "TargetUserSid": "S-1-5-21-3792037069-2078677046-3387239386-1000",
      "TargetUserName": "Jsmith",
      "TargetDomainName": "EC2AMAZ-0TD157D",
      "TargetLogonId": "0x78bb92",
      "LogonType": 3,
      "EventIdx": 1,
      "EventCountTotal": 1,
      "GroupMembership": "\r\n\t\t%{S-1-5-21-3792037069-2078677046-3387239386-513}\r\n\t\t%{S-1-1-0}\r\n\t\t%{S-1-5-114}\r\n\t\t%{S-1-5-32-545}\r\n\t\t%{S-1-5-32-544}\r\n\t\t%{S-1-5-2}\r\n\t\t%{S-1-5-11}\r\n\t\t%{S-1-5-15}\r\n\t\t%{S-1-5-113}\r\n\t\t%{S-1-5-64-10}\r\n\t\t%{S-1-16-12288}"
    }
  }
}
Record 234344
{
  "Event": {
    "#attributes": {
      "xmlns": "http://schemas.microsoft.com/win/2004/08/events/event"
    },
    "System": {
      "Provider": {
        "#attributes": {
          "Name": "Microsoft-Windows-Security-Auditing",
          "Guid": "54849625-5478-4994-A5BA-3E3B0328C30D"
        }
      },
      "EventID": 4776,
      "Version": 0,
      "Level": 0,
      "Task": 14336,
      "Opcode": 0,
      "Keywords": "0x8020000000000000",
      "TimeCreated": {
        "#attributes": {
          "SystemTime": "2024-09-24T21:08:18.647286Z"
        }
      },
      "EventRecordID": 234344,
      "Correlation": {
        "#attributes": {
          "ActivityID": "1A7873A0-0EC0-0001-3174-781AC00EDB01"
        }
      },
      "Execution": {
        "#attributes": {
          "ProcessID": 660,
          "ThreadID": 1864
        }
      },
      "Channel": "Security",
      "Computer": "EC2AMAZ-0TD157D",
      "Security": null
    },
    "EventData": {
      "PackageName": "MICROSOFT_AUTHENTICATION_PACKAGE_V1_0",
      "TargetUserName": "Jsmith",
      "Workstation": "",
      "Status": "0x0"
    }
  }
}
Record 234345
{
  "Event": {
    "#attributes": {
      "xmlns": "http://schemas.microsoft.com/win/2004/08/events/event"
    },
    "System": {
      "Provider": {
        "#attributes": {
          "Name": "Microsoft-Windows-Security-Auditing",
          "Guid": "54849625-5478-4994-A5BA-3E3B0328C30D"
        }
      },
      "EventID": 4672,
      "Version": 0,
      "Level": 0,
      "Task": 12548,
      "Opcode": 0,
      "Keywords": "0x8020000000000000",
      "TimeCreated": {
        "#attributes": {
          "SystemTime": "2024-09-24T21:08:18.647457Z"
        }
      },
      "EventRecordID": 234345,
      "Correlation": {
        "#attributes": {
          "ActivityID": "1A7873A0-0EC0-0001-3174-781AC00EDB01"
        }
      },
      "Execution": {
        "#attributes": {
          "ProcessID": 660,
          "ThreadID": 1864
        }
      },
      "Channel": "Security",
      "Computer": "EC2AMAZ-0TD157D",
      "Security": null
    },
    "EventData": {
      "SubjectUserSid": "S-1-5-21-3792037069-2078677046-3387239386-1000",
      "SubjectUserName": "Jsmith",
      "SubjectDomainName": "EC2AMAZ-0TD157D",
      "SubjectLogonId": "0x7c641f",
      "PrivilegeList": "SeSecurityPrivilege\r\n\t\t\tSeBackupPrivilege\r\n\t\t\tSeRestorePrivilege\r\n\t\t\tSeTakeOwnershipPrivilege\r\n\t\t\tSeDebugPrivilege\r\n\t\t\tSeSystemEnvironmentPrivilege\r\n\t\t\tSeLoadDriverPrivilege\r\n\t\t\tSeImpersonatePrivilege\r\n\t\t\tSeDelegateSessionUserImpersonatePrivilege"
    }
  }
}
Record 234346
{
  "Event": {
    "#attributes": {
      "xmlns": "http://schemas.microsoft.com/win/2004/08/events/event"
    },
    "System": {
      "Provider": {
        "#attributes": {
          "Name": "Microsoft-Windows-Security-Auditing",
          "Guid": "54849625-5478-4994-A5BA-3E3B0328C30D"
        }
      },
      "EventID": 4624,
      "Version": 2,
      "Level": 0,
      "Task": 12544,
      "Opcode": 0,
      "Keywords": "0x8020000000000000",
      "TimeCreated": {
        "#attributes": {
          "SystemTime": "2024-09-24T21:08:18.647560Z"
        }
      },
      "EventRecordID": 234346,
      "Correlation": {
        "#attributes": {
          "ActivityID": "1A7873A0-0EC0-0001-3174-781AC00EDB01"
        }
      },
      "Execution": {
        "#attributes": {
          "ProcessID": 660,
          "ThreadID": 1864
        }
      },
      "Channel": "Security",
      "Computer": "EC2AMAZ-0TD157D",
      "Security": null
    },
    "EventData": {
      "SubjectUserSid": "S-1-0-0",
      "SubjectUserName": "-",
      "SubjectDomainName": "-",
      "SubjectLogonId": "0x0",
      "TargetUserSid": "S-1-5-21-3792037069-2078677046-3387239386-1000",
      "TargetUserName": "Jsmith",
      "TargetDomainName": "EC2AMAZ-0TD157D",
      "TargetLogonId": "0x7c641f",
      "LogonType": 3,
      "LogonProcessName": "NtLmSsp ",
      "AuthenticationPackageName": "NTLM",
      "WorkstationName": "-",
      "LogonGuid": "00000000-0000-0000-0000-000000000000",
      "TransmittedServices": "-",
      "LmPackageName": "NTLM V2",
      "KeyLength": 0,
      "ProcessId": "0x0",
      "ProcessName": "-",
      "IpAddress": "10.1.1.42",
      "IpPort": "43520",
      "ImpersonationLevel": "%%1833",
      "RestrictedAdminMode": "-",
      "TargetOutboundUserName": "-",
      "TargetOutboundDomainName": "-",
      "VirtualAccount": "%%1843",
      "TargetLinkedLogonId": "0x0",
      "ElevatedToken": "%%1842"
    }
  }
}
Record 234347
{
  "Event": {
    "#attributes": {
      "xmlns": "http://schemas.microsoft.com/win/2004/08/events/event"
    },
    "System": {
      "Provider": {
        "#attributes": {
          "Name": "Microsoft-Windows-Security-Auditing",
          "Guid": "54849625-5478-4994-A5BA-3E3B0328C30D"
        }
      },
      "EventID": 4627,
      "Version": 0,
      "Level": 0,
      "Task": 12554,
      "Opcode": 0,
      "Keywords": "0x8020000000000000",
      "TimeCreated": {
        "#attributes": {
          "SystemTime": "2024-09-24T21:08:18.647579Z"
        }
      },
      "EventRecordID": 234347,
      "Correlation": {
        "#attributes": {
          "ActivityID": "1A7873A0-0EC0-0001-3174-781AC00EDB01"
        }
      },
      "Execution": {
        "#attributes": {
          "ProcessID": 660,
          "ThreadID": 1864
        }
      },
      "Channel": "Security",
      "Computer": "EC2AMAZ-0TD157D",
      "Security": null
    },
    "EventData": {
      "SubjectUserSid": "S-1-0-0",
      "SubjectUserName": "-",
      "SubjectDomainName": "-",
      "SubjectLogonId": "0x0",
      "TargetUserSid": "S-1-5-21-3792037069-2078677046-3387239386-1000",
      "TargetUserName": "Jsmith",
      "TargetDomainName": "EC2AMAZ-0TD157D",
      "TargetLogonId": "0x7c641f",
      "LogonType": 3,
      "EventIdx": 1,
      "EventCountTotal": 1,
      "GroupMembership": "\r\n\t\t%{S-1-5-21-3792037069-2078677046-3387239386-513}\r\n\t\t%{S-1-1-0}\r\n\t\t%{S-1-5-114}\r\n\t\t%{S-1-5-32-545}\r\n\t\t%{S-1-5-32-544}\r\n\t\t%{S-1-5-2}\r\n\t\t%{S-1-5-11}\r\n\t\t%{S-1-5-15}\r\n\t\t%{S-1-5-113}\r\n\t\t%{S-1-5-64-10}\r\n\t\t%{S-1-16-12288}"
    }
  }
}
Record 234348
{
  "Event": {
    "#attributes": {
      "xmlns": "http://schemas.microsoft.com/win/2004/08/events/event"
    },
    "System": {
      "Provider": {
        "#attributes": {
          "Name": "Microsoft-Windows-Security-Auditing",
          "Guid": "54849625-5478-4994-A5BA-3E3B0328C30D"
        }
      },
      "EventID": 4688,
      "Version": 2,
      "Level": 0,
      "Task": 13312,
      "Opcode": 0,
      "Keywords": "0x8020000000000000",
      "TimeCreated": {
        "#attributes": {
          "SystemTime": "2024-09-24T21:08:18.745428Z"
        }
      },
      "EventRecordID": 234348,
      "Correlation": null,
      "Execution": {
        "#attributes": {
          "ProcessID": 4,
          "ThreadID": 104
        }
      },
      "Channel": "Security",
      "Computer": "EC2AMAZ-0TD157D",
      "Security": null
    },
    "EventData": {
      "SubjectUserSid": "S-1-5-18",
      "SubjectUserName": "EC2AMAZ-0TD157D$",
      "SubjectDomainName": "WORKGROUP",
      "SubjectLogonId": "0x3e7",
      "NewProcessId": "0x1a60",
      "NewProcessName": "C:\\Windows\\wgWMRHln.exe",
      "TokenElevationType": "%%1936",
      "ProcessId": "0x280",
      "CommandLine": "C:\\Windows\\wgWMRHln.exe",
      "TargetUserSid": "S-1-0-0",
      "TargetUserName": "-",
      "TargetDomainName": "-",
      "TargetLogonId": "0x0",
      "ParentProcessName": "C:\\Windows\\System32\\services.exe",
      "MandatoryLabel": "S-1-16-16384"
    }
  }
}
Record 234349
{
  "Event": {
    "#attributes": {
      "xmlns": "http://schemas.microsoft.com/win/2004/08/events/event"
    },
    "System": {
      "Provider": {
        "#attributes": {
          "Name": "Microsoft-Windows-Security-Auditing",
          "Guid": "54849625-5478-4994-A5BA-3E3B0328C30D"
        }
      },
      "EventID": 4776,
      "Version": 0,
      "Level": 0,
      "Task": 14336,
      "Opcode": 0,
      "Keywords": "0x8020000000000000",
      "TimeCreated": {
        "#attributes": {
          "SystemTime": "2024-09-24T21:08:18.802200Z"
        }
      },
      "EventRecordID": 234349,
      "Correlation": {
        "#attributes": {
          "ActivityID": "1A7873A0-0EC0-0001-3174-781AC00EDB01"
        }
      },
      "Execution": {
        "#attributes": {
          "ProcessID": 660,
          "ThreadID": 704
        }
      },
      "Channel": "Security",
      "Computer": "EC2AMAZ-0TD157D",
      "Security": null
    },
    "EventData": {
      "PackageName": "MICROSOFT_AUTHENTICATION_PACKAGE_V1_0",
      "TargetUserName": "Jsmith",
      "Workstation": "",
      "Status": "0x0"
    }
  }
}
Record 234350
{
  "Event": {
    "#attributes": {
      "xmlns": "http://schemas.microsoft.com/win/2004/08/events/event"
    },
    "System": {
      "Provider": {
        "#attributes": {
          "Name": "Microsoft-Windows-Security-Auditing",
          "Guid": "54849625-5478-4994-A5BA-3E3B0328C30D"
        }
      },
      "EventID": 4672,
      "Version": 0,
      "Level": 0,
      "Task": 12548,
      "Opcode": 0,
      "Keywords": "0x8020000000000000",
      "TimeCreated": {
        "#attributes": {
          "SystemTime": "2024-09-24T21:08:18.802291Z"
        }
      },
      "EventRecordID": 234350,
      "Correlation": {
        "#attributes": {
          "ActivityID": "1A7873A0-0EC0-0001-3174-781AC00EDB01"
        }
      },
      "Execution": {
        "#attributes": {
          "ProcessID": 660,
          "ThreadID": 704
        }
      },
      "Channel": "Security",
      "Computer": "EC2AMAZ-0TD157D",
      "Security": null
    },
    "EventData": {
      "SubjectUserSid": "S-1-5-21-3792037069-2078677046-3387239386-1000",
      "SubjectUserName": "Jsmith",
      "SubjectDomainName": "EC2AMAZ-0TD157D",
      "SubjectLogonId": "0x7c6584",
      "PrivilegeList": "SeSecurityPrivilege\r\n\t\t\tSeBackupPrivilege\r\n\t\t\tSeRestorePrivilege\r\n\t\t\tSeTakeOwnershipPrivilege\r\n\t\t\tSeDebugPrivilege\r\n\t\t\tSeSystemEnvironmentPrivilege\r\n\t\t\tSeLoadDriverPrivilege\r\n\t\t\tSeImpersonatePrivilege\r\n\t\t\tSeDelegateSessionUserImpersonatePrivilege"
    }
  }
}
Record 234351
{
  "Event": {
    "#attributes": {
      "xmlns": "http://schemas.microsoft.com/win/2004/08/events/event"
    },
    "System": {
      "Provider": {
        "#attributes": {
          "Name": "Microsoft-Windows-Security-Auditing",
          "Guid": "54849625-5478-4994-A5BA-3E3B0328C30D"
        }
      },
      "EventID": 4624,
      "Version": 2,
      "Level": 0,
      "Task": 12544,
      "Opcode": 0,
      "Keywords": "0x8020000000000000",
      "TimeCreated": {
        "#attributes": {
          "SystemTime": "2024-09-24T21:08:18.802335Z"
        }
      },
      "EventRecordID": 234351,
      "Correlation": {
        "#attributes": {
          "ActivityID": "1A7873A0-0EC0-0001-3174-781AC00EDB01"
        }
      },
      "Execution": {
        "#attributes": {
          "ProcessID": 660,
          "ThreadID": 704
        }
      },
      "Channel": "Security",
      "Computer": "EC2AMAZ-0TD157D",
      "Security": null
    },
    "EventData": {
      "SubjectUserSid": "S-1-0-0",
      "SubjectUserName": "-",
      "SubjectDomainName": "-",
      "SubjectLogonId": "0x0",
      "TargetUserSid": "S-1-5-21-3792037069-2078677046-3387239386-1000",
      "TargetUserName": "Jsmith",
      "TargetDomainName": "EC2AMAZ-0TD157D",
      "TargetLogonId": "0x7c6584",
      "LogonType": 3,
      "LogonProcessName": "NtLmSsp ",
      "AuthenticationPackageName": "NTLM",
      "WorkstationName": "-",
      "LogonGuid": "00000000-0000-0000-0000-000000000000",
      "TransmittedServices": "-",
      "LmPackageName": "NTLM V2",
      "KeyLength": 0,
      "ProcessId": "0x0",
      "ProcessName": "-",
      "IpAddress": "10.1.1.42",
      "IpPort": "43530",
      "ImpersonationLevel": "%%1833",
      "RestrictedAdminMode": "-",
      "TargetOutboundUserName": "-",
      "TargetOutboundDomainName": "-",
      "VirtualAccount": "%%1843",
      "TargetLinkedLogonId": "0x0",
      "ElevatedToken": "%%1842"
    }
  }
}
Record 234352
{
  "Event": {
    "#attributes": {
      "xmlns": "http://schemas.microsoft.com/win/2004/08/events/event"
    },
    "System": {
      "Provider": {
        "#attributes": {
          "Name": "Microsoft-Windows-Security-Auditing",
          "Guid": "54849625-5478-4994-A5BA-3E3B0328C30D"
        }
      },
      "EventID": 4627,
      "Version": 0,
      "Level": 0,
      "Task": 12554,
      "Opcode": 0,
      "Keywords": "0x8020000000000000",
      "TimeCreated": {
        "#attributes": {
          "SystemTime": "2024-09-24T21:08:18.802352Z"
        }
      },
      "EventRecordID": 234352,
      "Correlation": {
        "#attributes": {
          "ActivityID": "1A7873A0-0EC0-0001-3174-781AC00EDB01"
        }
      },
      "Execution": {
        "#attributes": {
          "ProcessID": 660,
          "ThreadID": 704
        }
      },
      "Channel": "Security",
      "Computer": "EC2AMAZ-0TD157D",
      "Security": null
    },
    "EventData": {
      "SubjectUserSid": "S-1-0-0",
      "SubjectUserName": "-",
      "SubjectDomainName": "-",
      "SubjectLogonId": "0x0",
      "TargetUserSid": "S-1-5-21-3792037069-2078677046-3387239386-1000",
      "TargetUserName": "Jsmith",
      "TargetDomainName": "EC2AMAZ-0TD157D",
      "TargetLogonId": "0x7c6584",
      "LogonType": 3,
      "EventIdx": 1,
      "EventCountTotal": 1,
      "GroupMembership": "\r\n\t\t%{S-1-5-21-3792037069-2078677046-3387239386-513}\r\n\t\t%{S-1-1-0}\r\n\t\t%{S-1-5-114}\r\n\t\t%{S-1-5-32-545}\r\n\t\t%{S-1-5-32-544}\r\n\t\t%{S-1-5-2}\r\n\t\t%{S-1-5-11}\r\n\t\t%{S-1-5-15}\r\n\t\t%{S-1-5-113}\r\n\t\t%{S-1-5-64-10}\r\n\t\t%{S-1-16-12288}"
    }
  }
}
Record 234353
{
  "Event": {
    "#attributes": {
      "xmlns": "http://schemas.microsoft.com/win/2004/08/events/event"
    },
    "System": {
      "Provider": {
        "#attributes": {
          "Name": "Microsoft-Windows-Security-Auditing",
          "Guid": "54849625-5478-4994-A5BA-3E3B0328C30D"
        }
      },
      "EventID": 4776,
      "Version": 0,
      "Level": 0,
      "Task": 14336,
      "Opcode": 0,
      "Keywords": "0x8020000000000000",
      "TimeCreated": {
        "#attributes": {
          "SystemTime": "2024-09-24T21:08:18.816038Z"
        }
      },
      "EventRecordID": 234353,
      "Correlation": {
        "#attributes": {
          "ActivityID": "1A7873A0-0EC0-0001-3174-781AC00EDB01"
        }
      },
      "Execution": {
        "#attributes": {
          "ProcessID": 660,
          "ThreadID": 704
        }
      },
      "Channel": "Security",
      "Computer": "EC2AMAZ-0TD157D",
      "Security": null
    },
    "EventData": {
      "PackageName": "MICROSOFT_AUTHENTICATION_PACKAGE_V1_0",
      "TargetUserName": "Jsmith",
      "Workstation": "",
      "Status": "0x0"
    }
  }
}
Record 234354
{
  "Event": {
    "#attributes": {
      "xmlns": "http://schemas.microsoft.com/win/2004/08/events/event"
    },
    "System": {
      "Provider": {
        "#attributes": {
          "Name": "Microsoft-Windows-Security-Auditing",
          "Guid": "54849625-5478-4994-A5BA-3E3B0328C30D"
        }
      },
      "EventID": 4672,
      "Version": 0,
      "Level": 0,
      "Task": 12548,
      "Opcode": 0,
      "Keywords": "0x8020000000000000",
      "TimeCreated": {
        "#attributes": {
          "SystemTime": "2024-09-24T21:08:18.816454Z"
        }
      },
      "EventRecordID": 234354,
      "Correlation": {
        "#attributes": {
          "ActivityID": "1A7873A0-0EC0-0001-3174-781AC00EDB01"
        }
      },
      "Execution": {
        "#attributes": {
          "ProcessID": 660,
          "ThreadID": 704
        }
      },
      "Channel": "Security",
      "Computer": "EC2AMAZ-0TD157D",
      "Security": null
    },
    "EventData": {
      "SubjectUserSid": "S-1-5-21-3792037069-2078677046-3387239386-1000",
      "SubjectUserName": "Jsmith",
      "SubjectDomainName": "EC2AMAZ-0TD157D",
      "SubjectLogonId": "0x7c65ba",
      "PrivilegeList": "SeSecurityPrivilege\r\n\t\t\tSeBackupPrivilege\r\n\t\t\tSeRestorePrivilege\r\n\t\t\tSeTakeOwnershipPrivilege\r\n\t\t\tSeDebugPrivilege\r\n\t\t\tSeSystemEnvironmentPrivilege\r\n\t\t\tSeLoadDriverPrivilege\r\n\t\t\tSeImpersonatePrivilege\r\n\t\t\tSeDelegateSessionUserImpersonatePrivilege"
    }
  }
}
Record 234355
{
  "Event": {
    "#attributes": {
      "xmlns": "http://schemas.microsoft.com/win/2004/08/events/event"
    },
    "System": {
      "Provider": {
        "#attributes": {
          "Name": "Microsoft-Windows-Security-Auditing",
          "Guid": "54849625-5478-4994-A5BA-3E3B0328C30D"
        }
      },
      "EventID": 4624,
      "Version": 2,
      "Level": 0,
      "Task": 12544,
      "Opcode": 0,
      "Keywords": "0x8020000000000000",
      "TimeCreated": {
        "#attributes": {
          "SystemTime": "2024-09-24T21:08:18.816530Z"
        }
      },
      "EventRecordID": 234355,
      "Correlation": {
        "#attributes": {
          "ActivityID": "1A7873A0-0EC0-0001-3174-781AC00EDB01"
        }
      },
      "Execution": {
        "#attributes": {
          "ProcessID": 660,
          "ThreadID": 704
        }
      },
      "Channel": "Security",
      "Computer": "EC2AMAZ-0TD157D",
      "Security": null
    },
    "EventData": {
      "SubjectUserSid": "S-1-0-0",
      "SubjectUserName": "-",
      "SubjectDomainName": "-",
      "SubjectLogonId": "0x0",
      "TargetUserSid": "S-1-5-21-3792037069-2078677046-3387239386-1000",
      "TargetUserName": "Jsmith",
      "TargetDomainName": "EC2AMAZ-0TD157D",
      "TargetLogonId": "0x7c65ba",
      "LogonType": 3,
      "LogonProcessName": "NtLmSsp ",
      "AuthenticationPackageName": "NTLM",
      "WorkstationName": "-",
      "LogonGuid": "00000000-0000-0000-0000-000000000000",
      "TransmittedServices": "-",
      "LmPackageName": "NTLM V2",
      "KeyLength": 0,
      "ProcessId": "0x0",
      "ProcessName": "-",
      "IpAddress": "10.1.1.42",
      "IpPort": "43534",
      "ImpersonationLevel": "%%1833",
      "RestrictedAdminMode": "-",
      "TargetOutboundUserName": "-",
      "TargetOutboundDomainName": "-",
      "VirtualAccount": "%%1843",
      "TargetLinkedLogonId": "0x0",
      "ElevatedToken": "%%1842"
    }
  }
}
Record 234356
{
  "Event": {
    "#attributes": {
      "xmlns": "http://schemas.microsoft.com/win/2004/08/events/event"
    },
    "System": {
      "Provider": {
        "#attributes": {
          "Name": "Microsoft-Windows-Security-Auditing",
          "Guid": "54849625-5478-4994-A5BA-3E3B0328C30D"
        }
      },
      "EventID": 4627,
      "Version": 0,
      "Level": 0,
      "Task": 12554,
      "Opcode": 0,
      "Keywords": "0x8020000000000000",
      "TimeCreated": {
        "#attributes": {
          "SystemTime": "2024-09-24T21:08:18.816554Z"
        }
      },
      "EventRecordID": 234356,
      "Correlation": {
        "#attributes": {
          "ActivityID": "1A7873A0-0EC0-0001-3174-781AC00EDB01"
        }
      },
      "Execution": {
        "#attributes": {
          "ProcessID": 660,
          "ThreadID": 704
        }
      },
      "Channel": "Security",
      "Computer": "EC2AMAZ-0TD157D",
      "Security": null
    },
    "EventData": {
      "SubjectUserSid": "S-1-0-0",
      "SubjectUserName": "-",
      "SubjectDomainName": "-",
      "SubjectLogonId": "0x0",
      "TargetUserSid": "S-1-5-21-3792037069-2078677046-3387239386-1000",
      "TargetUserName": "Jsmith",
      "TargetDomainName": "EC2AMAZ-0TD157D",
      "TargetLogonId": "0x7c65ba",
      "LogonType": 3,
      "EventIdx": 1,
      "EventCountTotal": 1,
      "GroupMembership": "\r\n\t\t%{S-1-5-21-3792037069-2078677046-3387239386-513}\r\n\t\t%{S-1-1-0}\r\n\t\t%{S-1-5-114}\r\n\t\t%{S-1-5-32-545}\r\n\t\t%{S-1-5-32-544}\r\n\t\t%{S-1-5-2}\r\n\t\t%{S-1-5-11}\r\n\t\t%{S-1-5-15}\r\n\t\t%{S-1-5-113}\r\n\t\t%{S-1-5-64-10}\r\n\t\t%{S-1-16-12288}"
    }
  }
}
Record 234357
{
  "Event": {
    "#attributes": {
      "xmlns": "http://schemas.microsoft.com/win/2004/08/events/event"
    },
    "System": {
      "Provider": {
        "#attributes": {
          "Name": "Microsoft-Windows-Security-Auditing",
          "Guid": "54849625-5478-4994-A5BA-3E3B0328C30D"
        }
      },
      "EventID": 4776,
      "Version": 0,
      "Level": 0,
      "Task": 14336,
      "Opcode": 0,
      "Keywords": "0x8020000000000000",
      "TimeCreated": {
        "#attributes": {
          "SystemTime": "2024-09-24T21:08:18.834232Z"
        }
      },
      "EventRecordID": 234357,
      "Correlation": {
        "#attributes": {
          "ActivityID": "1A7873A0-0EC0-0001-3174-781AC00EDB01"
        }
      },
      "Execution": {
        "#attributes": {
          "ProcessID": 660,
          "ThreadID": 704
        }
      },
      "Channel": "Security",
      "Computer": "EC2AMAZ-0TD157D",
      "Security": null
    },
    "EventData": {
      "PackageName": "MICROSOFT_AUTHENTICATION_PACKAGE_V1_0",
      "TargetUserName": "Jsmith",
      "Workstation": "",
      "Status": "0x0"
    }
  }
}
