Record 233941
{
  "Event": {
    "#attributes": {
      "xmlns": "http://schemas.microsoft.com/win/2004/08/events/event"
    },
    "System": {
      "Provider": {
        "#attributes": {
          "Name": "Microsoft-Windows-Security-Auditing",
          "Guid": "54849625-5478-4994-A5BA-3E3B0328C30D"
        }
      },
      "EventID": 4689,
      "Version": 0,
      "Level": 0,
      "Task": 13313,
      "Opcode": 0,
      "Keywords": "0x8020000000000000",
      "TimeCreated": {
        "#attributes": {
          "SystemTime": "2024-09-24T21:06:24.910346Z"
        }
      },
      "EventRecordID": 233941,
      "Correlation": null,
      "Execution": {
        "#attributes": {
          "ProcessID": 4,
          "ThreadID": 236
        }
      },
      "Channel": "Security",
      "Computer": "EC2AMAZ-0TD157D",
      "Security": null
    },
    "EventData": {
      "SubjectUserSid": "S-1-5-18",
      "SubjectUserName": "EC2AMAZ-0TD157D$",
      "SubjectDomainName": "WORKGROUP",
      "SubjectLogonId": "0x3e7",
      "Status": "0x0",
      "ProcessId": "0x16f0",
      "ProcessName": "C:\\Windows\\Microsoft.NET\\Framework\\v4.0.30319\\mscorsvw.exe"
    }
  }
}
Record 233942
{
  "Event": {
    "#attributes": {
      "xmlns": "http://schemas.microsoft.com/win/2004/08/events/event"
    },
    "System": {
      "Provider": {
        "#attributes": {
          "Name": "Microsoft-Windows-Security-Auditing",
          "Guid": "54849625-5478-4994-A5BA-3E3B0328C30D"
        }
      },
      "EventID": 4688,
      "Version": 2,
      "Level": 0,
      "Task": 13312,
      "Opcode": 0,
      "Keywords": "0x8020000000000000",
      "TimeCreated": {
        "#attributes": {
          "SystemTime": "2024-09-24T21:06:24.937623Z"
        }
      },
      "EventRecordID": 233942,
      "Correlation": null,
      "Execution": {
        "#attributes": {
          "ProcessID": 4,
          "ThreadID": 236
        }
      },
      "Channel": "Security",
      "Computer": "EC2AMAZ-0TD157D",
      "Security": null
    },
    "EventData": {
      "SubjectUserSid": "S-1-5-18",
      "SubjectUserName": "EC2AMAZ-0TD157D$",
      "SubjectDomainName": "WORKGROUP",
      "SubjectLogonId": "0x3e7",
      "NewProcessId": "0x1690",
      "NewProcessName": "C:\\Windows\\Microsoft.NET\\Framework\\v4.0.30319\\mscorsvw.exe",
      "TokenElevationType": "%%1936",
      "ProcessId": "0x900",
      "CommandLine": "C:\\Windows\\Microsoft.NET\\Framework\\v4.0.30319\\mscorsvw.exe -StartupEvent 224 -InterruptEvent 0 -NGENProcess 608 -Pipe 26c -Comment \"NGen Worker Process\"",
      "TargetUserSid": "S-1-0-0",
      "TargetUserName": "-",
      "TargetDomainName": "-",
      "TargetLogonId": "0x0",
      "ParentProcessName": "C:\\Windows\\Microsoft.NET\\Framework\\v4.0.30319\\ngen.exe",
      "MandatoryLabel": "S-1-16-16384"
    }
  }
}
Record 233943
{
  "Event": {
    "#attributes": {
      "xmlns": "http://schemas.microsoft.com/win/2004/08/events/event"
    },
    "System": {
      "Provider": {
        "#attributes": {
          "Name": "Microsoft-Windows-Security-Auditing",
          "Guid": "54849625-5478-4994-A5BA-3E3B0328C30D"
        }
      },
      "EventID": 4689,
      "Version": 0,
      "Level": 0,
      "Task": 13313,
      "Opcode": 0,
      "Keywords": "0x8020000000000000",
      "TimeCreated": {
        "#attributes": {
          "SystemTime": "2024-09-24T21:06:24.941292Z"
        }
      },
      "EventRecordID": 233943,
      "Correlation": null,
      "Execution": {
        "#attributes": {
          "ProcessID": 4,
          "ThreadID": 236
        }
      },
      "Channel": "Security",
      "Computer": "EC2AMAZ-0TD157D",
      "Security": null
    },
    "EventData": {
      "SubjectUserSid": "S-1-5-18",
      "SubjectUserName": "EC2AMAZ-0TD157D$",
      "SubjectDomainName": "WORKGROUP",
      "SubjectLogonId": "0x3e7",
      "Status": "0x0",
      "ProcessId": "0x10e0",
      "ProcessName": "C:\\Windows\\Microsoft.NET\\Framework\\v4.0.30319\\mscorsvw.exe"
    }
  }
}
Record 233944
{
  "Event": {
    "#attributes": {
      "xmlns": "http://schemas.microsoft.com/win/2004/08/events/event"
    },
    "System": {
      "Provider": {
        "#attributes": {
          "Name": "Microsoft-Windows-Security-Auditing",
          "Guid": "54849625-5478-4994-A5BA-3E3B0328C30D"
        }
      },
      "EventID": 4689,
      "Version": 0,
      "Level": 0,
      "Task": 13313,
      "Opcode": 0,
      "Keywords": "0x8020000000000000",
      "TimeCreated": {
        "#attributes": {
          "SystemTime": "2024-09-24T21:06:24.984357Z"
        }
      },
      "EventRecordID": 233944,
      "Correlation": null,
      "Execution": {
        "#attributes": {
          "ProcessID": 4,
          "ThreadID": 3872
        }
      },
      "Channel": "Security",
      "Computer": "EC2AMAZ-0TD157D",
      "Security": null
    },
    "EventData": {
      "SubjectUserSid": "S-1-5-18",
      "SubjectUserName": "EC2AMAZ-0TD157D$",
      "SubjectDomainName": "WORKGROUP",
      "SubjectLogonId": "0x3e7",
      "Status": "0x0",
      "ProcessId": "0x1690",
      "ProcessName": "C:\\Windows\\Microsoft.NET\\Framework\\v4.0.30319\\mscorsvw.exe"
    }
  }
}
Record 233945
{
  "Event": {
    "#attributes": {
      "xmlns": "http://schemas.microsoft.com/win/2004/08/events/event"
    },
    "System": {
      "Provider": {
        "#attributes": {
          "Name": "Microsoft-Windows-Security-Auditing",
          "Guid": "54849625-5478-4994-A5BA-3E3B0328C30D"
        }
      },
      "EventID": 4688,
      "Version": 2,
      "Level": 0,
      "Task": 13312,
      "Opcode": 0,
      "Keywords": "0x8020000000000000",
      "TimeCreated": {
        "#attributes": {
          "SystemTime": "2024-09-24T21:06:24.986556Z"
        }
      },
      "EventRecordID": 233945,
      "Correlation": null,
      "Execution": {
        "#attributes": {
          "ProcessID": 4,
          "ThreadID": 236
        }
      },
      "Channel": "Security",
      "Computer": "EC2AMAZ-0TD157D",
      "Security": null
    },
    "EventData": {
      "SubjectUserSid": "S-1-5-18",
      "SubjectUserName": "EC2AMAZ-0TD157D$",
      "SubjectDomainName": "WORKGROUP",
      "SubjectLogonId": "0x3e7",
      "NewProcessId": "0xc58",
      "NewProcessName": "C:\\Windows\\Microsoft.NET\\Framework\\v4.0.30319\\mscorsvw.exe",
      "TokenElevationType": "%%1936",
      "ProcessId": "0x900",
      "CommandLine": "C:\\Windows\\Microsoft.NET\\Framework\\v4.0.30319\\mscorsvw.exe -StartupEvent 5cc -InterruptEvent 0 -NGENProcess 224 -Pipe 5b4 -Comment \"NGen Worker Process\"",
      "TargetUserSid": "S-1-0-0",
      "TargetUserName": "-",
      "TargetDomainName": "-",
      "TargetLogonId": "0x0",
      "ParentProcessName": "C:\\Windows\\Microsoft.NET\\Framework\\v4.0.30319\\ngen.exe",
      "MandatoryLabel": "S-1-16-16384"
    }
  }
}
Record 233946
{
  "Event": {
    "#attributes": {
      "xmlns": "http://schemas.microsoft.com/win/2004/08/events/event"
    },
    "System": {
      "Provider": {
        "#attributes": {
          "Name": "Microsoft-Windows-Security-Auditing",
          "Guid": "54849625-5478-4994-A5BA-3E3B0328C30D"
        }
      },
      "EventID": 4688,
      "Version": 2,
      "Level": 0,
      "Task": 13312,
      "Opcode": 0,
      "Keywords": "0x8020000000000000",
      "TimeCreated": {
        "#attributes": {
          "SystemTime": "2024-09-24T21:06:25.027528Z"
        }
      },
      "EventRecordID": 233946,
      "Correlation": null,
      "Execution": {
        "#attributes": {
          "ProcessID": 4,
          "ThreadID": 236
        }
      },
      "Channel": "Security",
      "Computer": "EC2AMAZ-0TD157D",
      "Security": null
    },
    "EventData": {
      "SubjectUserSid": "S-1-5-18",
      "SubjectUserName": "EC2AMAZ-0TD157D$",
      "SubjectDomainName": "WORKGROUP",
      "SubjectLogonId": "0x3e7",
      "NewProcessId": "0x2a4",
      "NewProcessName": "C:\\Windows\\Microsoft.NET\\Framework\\v4.0.30319\\mscorsvw.exe",
      "TokenElevationType": "%%1936",
      "ProcessId": "0x900",
      "CommandLine": "C:\\Windows\\Microsoft.NET\\Framework\\v4.0.30319\\mscorsvw.exe -StartupEvent 568 -InterruptEvent 0 -NGENProcess 5cc -Pipe 5c8 -Comment \"NGen Worker Process\"",
      "TargetUserSid": "S-1-0-0",
      "TargetUserName": "-",
      "TargetDomainName": "-",
      "TargetLogonId": "0x0",
      "ParentProcessName": "C:\\Windows\\Microsoft.NET\\Framework\\v4.0.30319\\ngen.exe",
      "MandatoryLabel": "S-1-16-16384"
    }
  }
}
Record 233947
{
  "Event": {
    "#attributes": {
      "xmlns": "http://schemas.microsoft.com/win/2004/08/events/event"
    },
    "System": {
      "Provider": {
        "#attributes": {
          "Name": "Microsoft-Windows-Security-Auditing",
          "Guid": "54849625-5478-4994-A5BA-3E3B0328C30D"
        }
      },
      "EventID": 4689,
      "Version": 0,
      "Level": 0,
      "Task": 13313,
      "Opcode": 0,
      "Keywords": "0x8020000000000000",
      "TimeCreated": {
        "#attributes": {
          "SystemTime": "2024-09-24T21:06:25.029856Z"
        }
      },
      "EventRecordID": 233947,
      "Correlation": null,
      "Execution": {
        "#attributes": {
          "ProcessID": 4,
          "ThreadID": 3872
        }
      },
      "Channel": "Security",
      "Computer": "EC2AMAZ-0TD157D",
      "Security": null
    },
    "EventData": {
      "SubjectUserSid": "S-1-5-18",
      "SubjectUserName": "EC2AMAZ-0TD157D$",
      "SubjectDomainName": "WORKGROUP",
      "SubjectLogonId": "0x3e7",
      "Status": "0x0",
      "ProcessId": "0xc58",
      "ProcessName": "C:\\Windows\\Microsoft.NET\\Framework\\v4.0.30319\\mscorsvw.exe"
    }
  }
}
Record 233948
{
  "Event": {
    "#attributes": {
      "xmlns": "http://schemas.microsoft.com/win/2004/08/events/event"
    },
    "System": {
      "Provider": {
        "#attributes": {
          "Name": "Microsoft-Windows-Security-Auditing",
          "Guid": "54849625-5478-4994-A5BA-3E3B0328C30D"
        }
      },
      "EventID": 4689,
      "Version": 0,
      "Level": 0,
      "Task": 13313,
      "Opcode": 0,
      "Keywords": "0x8020000000000000",
      "TimeCreated": {
        "#attributes": {
          "SystemTime": "2024-09-24T21:06:25.059490Z"
        }
      },
      "EventRecordID": 233948,
      "Correlation": null,
      "Execution": {
        "#attributes": {
          "ProcessID": 4,
          "ThreadID": 236
        }
      },
      "Channel": "Security",
      "Computer": "EC2AMAZ-0TD157D",
      "Security": null
    },
    "EventData": {
      "SubjectUserSid": "S-1-5-18",
      "SubjectUserName": "EC2AMAZ-0TD157D$",
      "SubjectDomainName": "WORKGROUP",
      "SubjectLogonId": "0x3e7",
      "Status": "0x0",
      "ProcessId": "0x2a4",
      "ProcessName": "C:\\Windows\\Microsoft.NET\\Framework\\v4.0.30319\\mscorsvw.exe"
    }
  }
}
Record 233949
{
  "Event": {
    "#attributes": {
      "xmlns": "http://schemas.microsoft.com/win/2004/08/events/event"
    },
    "System": {
      "Provider": {
        "#attributes": {
          "Name": "Microsoft-Windows-Security-Auditing",
          "Guid": "54849625-5478-4994-A5BA-3E3B0328C30D"
        }
      },
      "EventID": 4688,
      "Version": 2,
      "Level": 0,
      "Task": 13312,
      "Opcode": 0,
      "Keywords": "0x8020000000000000",
      "TimeCreated": {
        "#attributes": {
          "SystemTime": "2024-09-24T21:06:25.060053Z"
        }
      },
      "EventRecordID": 233949,
      "Correlation": null,
      "Execution": {
        "#attributes": {
          "ProcessID": 4,
          "ThreadID": 236
        }
      },
      "Channel": "Security",
      "Computer": "EC2AMAZ-0TD157D",
      "Security": null
    },
    "EventData": {
      "SubjectUserSid": "S-1-5-18",
      "SubjectUserName": "EC2AMAZ-0TD157D$",
      "SubjectDomainName": "WORKGROUP",
      "SubjectLogonId": "0x3e7",
      "NewProcessId": "0x1a70",
      "NewProcessName": "C:\\Windows\\Microsoft.NET\\Framework\\v4.0.30319\\mscorsvw.exe",
      "TokenElevationType": "%%1936",
      "ProcessId": "0x900",
      "CommandLine": "C:\\Windows\\Microsoft.NET\\Framework\\v4.0.30319\\mscorsvw.exe -StartupEvent 690 -InterruptEvent 0 -NGENProcess 568 -Pipe 5dc -Comment \"NGen Worker Process\"",
      "TargetUserSid": "S-1-0-0",
      "TargetUserName": "-",
      "TargetDomainName": "-",
      "TargetLogonId": "0x0",
      "ParentProcessName": "C:\\Windows\\Microsoft.NET\\Framework\\v4.0.30319\\ngen.exe",
      "MandatoryLabel": "S-1-16-16384"
    }
  }
}
Record 233950
{
  "Event": {
    "#attributes": {
      "xmlns": "http://schemas.microsoft.com/win/2004/08/events/event"
    },
    "System": {
      "Provider": {
        "#attributes": {
          "Name": "Microsoft-Windows-Security-Auditing",
          "Guid": "54849625-5478-4994-A5BA-3E3B0328C30D"
        }
      },
      "EventID": 4689,
      "Version": 0,
      "Level": 0,
      "Task": 13313,
      "Opcode": 0,
      "Keywords": "0x8020000000000000",
      "TimeCreated": {
        "#attributes": {
          "SystemTime": "2024-09-24T21:06:25.100843Z"
        }
      },
      "EventRecordID": 233950,
      "Correlation": null,
      "Execution": {
        "#attributes": {
          "ProcessID": 4,
          "ThreadID": 5340
        }
      },
      "Channel": "Security",
      "Computer": "EC2AMAZ-0TD157D",
      "Security": null
    },
    "EventData": {
      "SubjectUserSid": "S-1-5-18",
      "SubjectUserName": "EC2AMAZ-0TD157D$",
      "SubjectDomainName": "WORKGROUP",
      "SubjectLogonId": "0x3e7",
      "Status": "0x0",
      "ProcessId": "0x1a70",
      "ProcessName": "C:\\Windows\\Microsoft.NET\\Framework\\v4.0.30319\\mscorsvw.exe"
    }
  }
}
Record 233951
{
  "Event": {
    "#attributes": {
      "xmlns": "http://schemas.microsoft.com/win/2004/08/events/event"
    },
    "System": {
      "Provider": {
        "#attributes": {
          "Name": "Microsoft-Windows-Security-Auditing",
          "Guid": "54849625-5478-4994-A5BA-3E3B0328C30D"
        }
      },
      "EventID": 4688,
      "Version": 2,
      "Level": 0,
      "Task": 13312,
      "Opcode": 0,
      "Keywords": "0x8020000000000000",
      "TimeCreated": {
        "#attributes": {
          "SystemTime": "2024-09-24T21:06:25.101194Z"
        }
      },
      "EventRecordID": 233951,
      "Correlation": null,
      "Execution": {
        "#attributes": {
          "ProcessID": 4,
          "ThreadID": 5340
        }
      },
      "Channel": "Security",
      "Computer": "EC2AMAZ-0TD157D",
      "Security": null
    },
    "EventData": {
      "SubjectUserSid": "S-1-5-18",
      "SubjectUserName": "EC2AMAZ-0TD157D$",
      "SubjectDomainName": "WORKGROUP",
      "SubjectLogonId": "0x3e7",
      "NewProcessId": "0x1b00",
      "NewProcessName": "C:\\Windows\\Microsoft.NET\\Framework\\v4.0.30319\\mscorsvw.exe",
      "TokenElevationType": "%%1936",
      "ProcessId": "0x900",
      "CommandLine": "C:\\Windows\\Microsoft.NET\\Framework\\v4.0.30319\\mscorsvw.exe -StartupEvent 568 -InterruptEvent 0 -NGENProcess 50c -Pipe 690 -Comment \"NGen Worker Process\"",
      "TargetUserSid": "S-1-0-0",
      "TargetUserName": "-",
      "TargetDomainName": "-",
      "TargetLogonId": "0x0",
      "ParentProcessName": "C:\\Windows\\Microsoft.NET\\Framework\\v4.0.30319\\ngen.exe",
      "MandatoryLabel": "S-1-16-16384"
    }
  }
}
Record 233952
{
  "Event": {
    "#attributes": {
      "xmlns": "http://schemas.microsoft.com/win/2004/08/events/event"
    },
    "System": {
      "Provider": {
        "#attributes": {
          "Name": "Microsoft-Windows-Security-Auditing",
          "Guid": "54849625-5478-4994-A5BA-3E3B0328C30D"
        }
      },
      "EventID": 4689,
      "Version": 0,
      "Level": 0,
      "Task": 13313,
      "Opcode": 0,
      "Keywords": "0x8020000000000000",
      "TimeCreated": {
        "#attributes": {
          "SystemTime": "2024-09-24T21:06:25.135221Z"
        }
      },
      "EventRecordID": 233952,
      "Correlation": null,
      "Execution": {
        "#attributes": {
          "ProcessID": 4,
          "ThreadID": 236
        }
      },
      "Channel": "Security",
      "Computer": "EC2AMAZ-0TD157D",
      "Security": null
    },
    "EventData": {
      "SubjectUserSid": "S-1-5-18",
      "SubjectUserName": "EC2AMAZ-0TD157D$",
      "SubjectDomainName": "WORKGROUP",
      "SubjectLogonId": "0x3e7",
      "Status": "0x0",
      "ProcessId": "0x1b00",
      "ProcessName": "C:\\Windows\\Microsoft.NET\\Framework\\v4.0.30319\\mscorsvw.exe"
    }
  }
}
Record 233953
{
  "Event": {
    "#attributes": {
      "xmlns": "http://schemas.microsoft.com/win/2004/08/events/event"
    },
    "System": {
      "Provider": {
        "#attributes": {
          "Name": "Microsoft-Windows-Security-Auditing",
          "Guid": "54849625-5478-4994-A5BA-3E3B0328C30D"
        }
      },
      "EventID": 4688,
      "Version": 2,
      "Level": 0,
      "Task": 13312,
      "Opcode": 0,
      "Keywords": "0x8020000000000000",
      "TimeCreated": {
        "#attributes": {
          "SystemTime": "2024-09-24T21:06:25.142215Z"
        }
      },
      "EventRecordID": 233953,
      "Correlation": null,
      "Execution": {
        "#attributes": {
          "ProcessID": 4,
          "ThreadID": 236
        }
      },
      "Channel": "Security",
      "Computer": "EC2AMAZ-0TD157D",
      "Security": null
    },
    "EventData": {
      "SubjectUserSid": "S-1-5-18",
      "SubjectUserName": "EC2AMAZ-0TD157D$",
      "SubjectDomainName": "WORKGROUP",
      "SubjectLogonId": "0x3e7",
      "NewProcessId": "0x113c",
      "NewProcessName": "C:\\Windows\\Microsoft.NET\\Framework\\v4.0.30319\\mscorsvw.exe",
      "TokenElevationType": "%%1936",
      "ProcessId": "0x900",
      "CommandLine": "C:\\Windows\\Microsoft.NET\\Framework\\v4.0.30319\\mscorsvw.exe -StartupEvent 594 -InterruptEvent 0 -NGENProcess 26c -Pipe 220 -Comment \"NGen Worker Process\"",
      "TargetUserSid": "S-1-0-0",
      "TargetUserName": "-",
      "TargetDomainName": "-",
      "TargetLogonId": "0x0",
      "ParentProcessName": "C:\\Windows\\Microsoft.NET\\Framework\\v4.0.30319\\ngen.exe",
      "MandatoryLabel": "S-1-16-16384"
    }
  }
}
Record 233954
{
  "Event": {
    "#attributes": {
      "xmlns": "http://schemas.microsoft.com/win/2004/08/events/event"
    },
    "System": {
      "Provider": {
        "#attributes": {
          "Name": "Microsoft-Windows-Security-Auditing",
          "Guid": "54849625-5478-4994-A5BA-3E3B0328C30D"
        }
      },
      "EventID": 4689,
      "Version": 0,
      "Level": 0,
      "Task": 13313,
      "Opcode": 0,
      "Keywords": "0x8020000000000000",
      "TimeCreated": {
        "#attributes": {
          "SystemTime": "2024-09-24T21:06:25.197158Z"
        }
      },
      "EventRecordID": 233954,
      "Correlation": null,
      "Execution": {
        "#attributes": {
          "ProcessID": 4,
          "ThreadID": 236
        }
      },
      "Channel": "Security",
      "Computer": "EC2AMAZ-0TD157D",
      "Security": null
    },
    "EventData": {
      "SubjectUserSid": "S-1-5-18",
      "SubjectUserName": "EC2AMAZ-0TD157D$",
      "SubjectDomainName": "WORKGROUP",
      "SubjectLogonId": "0x3e7",
      "Status": "0x0",
      "ProcessId": "0x113c",
      "ProcessName": "C:\\Windows\\Microsoft.NET\\Framework\\v4.0.30319\\mscorsvw.exe"
    }
  }
}
Record 233955
{
  "Event": {
    "#attributes": {
      "xmlns": "http://schemas.microsoft.com/win/2004/08/events/event"
    },
    "System": {
      "Provider": {
        "#attributes": {
          "Name": "Microsoft-Windows-Security-Auditing",
          "Guid": "54849625-5478-4994-A5BA-3E3B0328C30D"
        }
      },
      "EventID": 4688,
      "Version": 2,
      "Level": 0,
      "Task": 13312,
      "Opcode": 0,
      "Keywords": "0x8020000000000000",
      "TimeCreated": {
        "#attributes": {
          "SystemTime": "2024-09-24T21:06:25.197968Z"
        }
      },
      "EventRecordID": 233955,
      "Correlation": null,
      "Execution": {
        "#attributes": {
          "ProcessID": 4,
          "ThreadID": 236
        }
      },
      "Channel": "Security",
      "Computer": "EC2AMAZ-0TD157D",
      "Security": null
    },
    "EventData": {
      "SubjectUserSid": "S-1-5-18",
      "SubjectUserName": "EC2AMAZ-0TD157D$",
      "SubjectDomainName": "WORKGROUP",
      "SubjectLogonId": "0x3e7",
      "NewProcessId": "0x1208",
      "NewProcessName": "C:\\Windows\\Microsoft.NET\\Framework\\v4.0.30319\\mscorsvw.exe",
      "TokenElevationType": "%%1936",
      "ProcessId": "0x900",
      "CommandLine": "C:\\Windows\\Microsoft.NET\\Framework\\v4.0.30319\\mscorsvw.exe -StartupEvent 608 -InterruptEvent 0 -NGENProcess 648 -Pipe 4a8 -Comment \"NGen Worker Process\"",
      "TargetUserSid": "S-1-0-0",
      "TargetUserName": "-",
      "TargetDomainName": "-",
      "TargetLogonId": "0x0",
      "ParentProcessName": "C:\\Windows\\Microsoft.NET\\Framework\\v4.0.30319\\ngen.exe",
      "MandatoryLabel": "S-1-16-16384"
    }
  }
}
Record 233956
{
  "Event": {
    "#attributes": {
      "xmlns": "http://schemas.microsoft.com/win/2004/08/events/event"
    },
    "System": {
      "Provider": {
        "#attributes": {
          "Name": "Microsoft-Windows-Security-Auditing",
          "Guid": "54849625-5478-4994-A5BA-3E3B0328C30D"
        }
      },
      "EventID": 4689,
      "Version": 0,
      "Level": 0,
      "Task": 13313,
      "Opcode": 0,
      "Keywords": "0x8020000000000000",
      "TimeCreated": {
        "#attributes": {
          "SystemTime": "2024-09-24T21:06:25.236429Z"
        }
      },
      "EventRecordID": 233956,
      "Correlation": null,
      "Execution": {
        "#attributes": {
          "ProcessID": 4,
          "ThreadID": 5340
        }
      },
      "Channel": "Security",
      "Computer": "EC2AMAZ-0TD157D",
      "Security": null
    },
    "EventData": {
      "SubjectUserSid": "S-1-5-18",
      "SubjectUserName": "EC2AMAZ-0TD157D$",
      "SubjectDomainName": "WORKGROUP",
      "SubjectLogonId": "0x3e7",
      "Status": "0x0",
      "ProcessId": "0x1208",
      "ProcessName": "C:\\Windows\\Microsoft.NET\\Framework\\v4.0.30319\\mscorsvw.exe"
    }
  }
}
Record 233957
{
  "Event": {
    "#attributes": {
      "xmlns": "http://schemas.microsoft.com/win/2004/08/events/event"
    },
    "System": {
      "Provider": {
        "#attributes": {
          "Name": "Microsoft-Windows-Security-Auditing",
          "Guid": "54849625-5478-4994-A5BA-3E3B0328C30D"
        }
      },
      "EventID": 4688,
      "Version": 2,
      "Level": 0,
      "Task": 13312,
      "Opcode": 0,
      "Keywords": "0x8020000000000000",
      "TimeCreated": {
        "#attributes": {
          "SystemTime": "2024-09-24T21:06:25.237330Z"
        }
      },
      "EventRecordID": 233957,
      "Correlation": null,
      "Execution": {
        "#attributes": {
          "ProcessID": 4,
          "ThreadID": 5340
        }
      },
      "Channel": "Security",
      "Computer": "EC2AMAZ-0TD157D",
      "Security": null
    },
    "EventData": {
      "SubjectUserSid": "S-1-5-18",
      "SubjectUserName": "EC2AMAZ-0TD157D$",
      "SubjectDomainName": "WORKGROUP",
      "SubjectLogonId": "0x3e7",
      "NewProcessId": "0x14d0",
      "NewProcessName": "C:\\Windows\\Microsoft.NET\\Framework\\v4.0.30319\\mscorsvw.exe",
      "TokenElevationType": "%%1936",
      "ProcessId": "0x900",
      "CommandLine": "C:\\Windows\\Microsoft.NET\\Framework\\v4.0.30319\\mscorsvw.exe -StartupEvent 5b8 -InterruptEvent 0 -NGENProcess 26c -Pipe 224 -Comment \"NGen Worker Process\"",
      "TargetUserSid": "S-1-0-0",
      "TargetUserName": "-",
      "TargetDomainName": "-",
      "TargetLogonId": "0x0",
      "ParentProcessName": "C:\\Windows\\Microsoft.NET\\Framework\\v4.0.30319\\ngen.exe",
      "MandatoryLabel": "S-1-16-16384"
    }
  }
}
Record 233958
{
  "Event": {
    "#attributes": {
      "xmlns": "http://schemas.microsoft.com/win/2004/08/events/event"
    },
    "System": {
      "Provider": {
        "#attributes": {
          "Name": "Microsoft-Windows-Security-Auditing",
          "Guid": "54849625-5478-4994-A5BA-3E3B0328C30D"
        }
      },
      "EventID": 4689,
      "Version": 0,
      "Level": 0,
      "Task": 13313,
      "Opcode": 0,
      "Keywords": "0x8020000000000000",
      "TimeCreated": {
        "#attributes": {
          "SystemTime": "2024-09-24T21:06:25.282274Z"
        }
      },
      "EventRecordID": 233958,
      "Correlation": null,
      "Execution": {
        "#attributes": {
          "ProcessID": 4,
          "ThreadID": 5340
        }
      },
      "Channel": "Security",
      "Computer": "EC2AMAZ-0TD157D",
      "Security": null
    },
    "EventData": {
      "SubjectUserSid": "S-1-5-18",
      "SubjectUserName": "EC2AMAZ-0TD157D$",
      "SubjectDomainName": "WORKGROUP",
      "SubjectLogonId": "0x3e7",
      "Status": "0x0",
      "ProcessId": "0x14d0",
      "ProcessName": "C:\\Windows\\Microsoft.NET\\Framework\\v4.0.30319\\mscorsvw.exe"
    }
  }
}
Record 233959
{
  "Event": {
    "#attributes": {
      "xmlns": "http://schemas.microsoft.com/win/2004/08/events/event"
    },
    "System": {
      "Provider": {
        "#attributes": {
          "Name": "Microsoft-Windows-Security-Auditing",
          "Guid": "54849625-5478-4994-A5BA-3E3B0328C30D"
        }
      },
      "EventID": 4688,
      "Version": 2,
      "Level": 0,
      "Task": 13312,
      "Opcode": 0,
      "Keywords": "0x8020000000000000",
      "TimeCreated": {
        "#attributes": {
          "SystemTime": "2024-09-24T21:06:25.282846Z"
        }
      },
      "EventRecordID": 233959,
      "Correlation": null,
      "Execution": {
        "#attributes": {
          "ProcessID": 4,
          "ThreadID": 5340
        }
      },
      "Channel": "Security",
      "Computer": "EC2AMAZ-0TD157D",
      "Security": null
    },
    "EventData": {
      "SubjectUserSid": "S-1-5-18",
      "SubjectUserName": "EC2AMAZ-0TD157D$",
      "SubjectDomainName": "WORKGROUP",
      "SubjectLogonId": "0x3e7",
      "NewProcessId": "0x10b8",
      "NewProcessName": "C:\\Windows\\Microsoft.NET\\Framework\\v4.0.30319\\mscorsvw.exe",
      "TokenElevationType": "%%1936",
      "ProcessId": "0x900",
      "CommandLine": "C:\\Windows\\Microsoft.NET\\Framework\\v4.0.30319\\mscorsvw.exe -StartupEvent 594 -InterruptEvent 0 -NGENProcess 5b8 -Pipe 648 -Comment \"NGen Worker Process\"",
      "TargetUserSid": "S-1-0-0",
      "TargetUserName": "-",
      "TargetDomainName": "-",
      "TargetLogonId": "0x0",
      "ParentProcessName": "C:\\Windows\\Microsoft.NET\\Framework\\v4.0.30319\\ngen.exe",
      "MandatoryLabel": "S-1-16-16384"
    }
  }
}
Record 233960
{
  "Event": {
    "#attributes": {
      "xmlns": "http://schemas.microsoft.com/win/2004/08/events/event"
    },
    "System": {
      "Provider": {
        "#attributes": {
          "Name": "Microsoft-Windows-Security-Auditing",
          "Guid": "54849625-5478-4994-A5BA-3E3B0328C30D"
        }
      },
      "EventID": 4689,
      "Version": 0,
      "Level": 0,
      "Task": 13313,
      "Opcode": 0,
      "Keywords": "0x8020000000000000",
      "TimeCreated": {
        "#attributes": {
          "SystemTime": "2024-09-24T21:06:25.331564Z"
        }
      },
      "EventRecordID": 233960,
      "Correlation": null,
      "Execution": {
        "#attributes": {
          "ProcessID": 4,
          "ThreadID": 236
        }
      },
      "Channel": "Security",
      "Computer": "EC2AMAZ-0TD157D",
      "Security": null
    },
    "EventData": {
      "SubjectUserSid": "S-1-5-18",
      "SubjectUserName": "EC2AMAZ-0TD157D$",
      "SubjectDomainName": "WORKGROUP",
      "SubjectLogonId": "0x3e7",
      "Status": "0x0",
      "ProcessId": "0x10b8",
      "ProcessName": "C:\\Windows\\Microsoft.NET\\Framework\\v4.0.30319\\mscorsvw.exe"
    }
  }
}
Record 233961
{
  "Event": {
    "#attributes": {
      "xmlns": "http://schemas.microsoft.com/win/2004/08/events/event"
    },
    "System": {
      "Provider": {
        "#attributes": {
          "Name": "Microsoft-Windows-Security-Auditing",
          "Guid": "54849625-5478-4994-A5BA-3E3B0328C30D"
        }
      },
      "EventID": 4688,
      "Version": 2,
      "Level": 0,
      "Task": 13312,
      "Opcode": 0,
      "Keywords": "0x8020000000000000",
      "TimeCreated": {
        "#attributes": {
          "SystemTime": "2024-09-24T21:06:25.332100Z"
        }
      },
      "EventRecordID": 233961,
      "Correlation": null,
      "Execution": {
        "#attributes": {
          "ProcessID": 4,
          "ThreadID": 236
        }
      },
      "Channel": "Security",
      "Computer": "EC2AMAZ-0TD157D",
      "Security": null
    },
    "EventData": {
      "SubjectUserSid": "S-1-5-18",
      "SubjectUserName": "EC2AMAZ-0TD157D$",
      "SubjectDomainName": "WORKGROUP",
      "SubjectLogonId": "0x3e7",
      "NewProcessId": "0x1a60",
      "NewProcessName": "C:\\Windows\\Microsoft.NET\\Framework\\v4.0.30319\\mscorsvw.exe",
      "TokenElevationType": "%%1936",
      "ProcessId": "0x900",
      "CommandLine": "C:\\Windows\\Microsoft.NET\\Framework\\v4.0.30319\\mscorsvw.exe -StartupEvent 26c -InterruptEvent 0 -NGENProcess 594 -Pipe 5cc -Comment \"NGen Worker Process\"",
      "TargetUserSid": "S-1-0-0",
      "TargetUserName": "-",
      "TargetDomainName": "-",
      "TargetLogonId": "0x0",
      "ParentProcessName": "C:\\Windows\\Microsoft.NET\\Framework\\v4.0.30319\\ngen.exe",
      "MandatoryLabel": "S-1-16-16384"
    }
  }
}
Record 233962
{
  "Event": {
    "#attributes": {
      "xmlns": "http://schemas.microsoft.com/win/2004/08/events/event"
    },
    "System": {
      "Provider": {
        "#attributes": {
          "Name": "Microsoft-Windows-Security-Auditing",
          "Guid": "54849625-5478-4994-A5BA-3E3B0328C30D"
        }
      },
      "EventID": 4689,
      "Version": 0,
      "Level": 0,
      "Task": 13313,
      "Opcode": 0,
      "Keywords": "0x8020000000000000",
      "TimeCreated": {
        "#attributes": {
          "SystemTime": "2024-09-24T21:06:25.380782Z"
        }
      },
      "EventRecordID": 233962,
      "Correlation": null,
      "Execution": {
        "#attributes": {
          "ProcessID": 4,
          "ThreadID": 2360
        }
      },
      "Channel": "Security",
      "Computer": "EC2AMAZ-0TD157D",
      "Security": null
    },
    "EventData": {
      "SubjectUserSid": "S-1-5-18",
      "SubjectUserName": "EC2AMAZ-0TD157D$",
      "SubjectDomainName": "WORKGROUP",
      "SubjectLogonId": "0x3e7",
      "Status": "0x0",
      "ProcessId": "0x1a60",
      "ProcessName": "C:\\Windows\\Microsoft.NET\\Framework\\v4.0.30319\\mscorsvw.exe"
    }
  }
}
Record 233963
{
  "Event": {
    "#attributes": {
      "xmlns": "http://schemas.microsoft.com/win/2004/08/events/event"
    },
    "System": {
      "Provider": {
        "#attributes": {
          "Name": "Microsoft-Windows-Security-Auditing",
          "Guid": "54849625-5478-4994-A5BA-3E3B0328C30D"
        }
      },
      "EventID": 4688,
      "Version": 2,
      "Level": 0,
      "Task": 13312,
      "Opcode": 0,
      "Keywords": "0x8020000000000000",
      "TimeCreated": {
        "#attributes": {
          "SystemTime": "2024-09-24T21:06:25.381068Z"
        }
      },
      "EventRecordID": 233963,
      "Correlation": null,
      "Execution": {
        "#attributes": {
          "ProcessID": 4,
          "ThreadID": 2360
        }
      },
      "Channel": "Security",
      "Computer": "EC2AMAZ-0TD157D",
      "Security": null
    },
    "EventData": {
      "SubjectUserSid": "S-1-5-18",
      "SubjectUserName": "EC2AMAZ-0TD157D$",
      "SubjectDomainName": "WORKGROUP",
      "SubjectLogonId": "0x3e7",
      "NewProcessId": "0x1ae4",
      "NewProcessName": "C:\\Windows\\Microsoft.NET\\Framework\\v4.0.30319\\mscorsvw.exe",
      "TokenElevationType": "%%1936",
      "ProcessId": "0x900",
      "CommandLine": "C:\\Windows\\Microsoft.NET\\Framework\\v4.0.30319\\mscorsvw.exe -StartupEvent 4ac -InterruptEvent 0 -NGENProcess 5fc -Pipe 594 -Comment \"NGen Worker Process\"",
      "TargetUserSid": "S-1-0-0",
      "TargetUserName": "-",
      "TargetDomainName": "-",
      "TargetLogonId": "0x0",
      "ParentProcessName": "C:\\Windows\\Microsoft.NET\\Framework\\v4.0.30319\\ngen.exe",
      "MandatoryLabel": "S-1-16-16384"
    }
  }
}
Record 233964
{
  "Event": {
    "#attributes": {
      "xmlns": "http://schemas.microsoft.com/win/2004/08/events/event"
    },
    "System": {
      "Provider": {
        "#attributes": {
          "Name": "Microsoft-Windows-Security-Auditing",
          "Guid": "54849625-5478-4994-A5BA-3E3B0328C30D"
        }
      },
      "EventID": 4689,
      "Version": 0,
      "Level": 0,
      "Task": 13313,
      "Opcode": 0,
      "Keywords": "0x8020000000000000",
      "TimeCreated": {
        "#attributes": {
          "SystemTime": "2024-09-24T21:06:25.412460Z"
        }
      },
      "EventRecordID": 233964,
      "Correlation": null,
      "Execution": {
        "#attributes": {
          "ProcessID": 4,
          "ThreadID": 2360
        }
      },
      "Channel": "Security",
      "Computer": "EC2AMAZ-0TD157D",
      "Security": null
    },
    "EventData": {
      "SubjectUserSid": "S-1-5-18",
      "SubjectUserName": "EC2AMAZ-0TD157D$",
      "SubjectDomainName": "WORKGROUP",
      "SubjectLogonId": "0x3e7",
      "Status": "0x0",
      "ProcessId": "0x1ae4",
      "ProcessName": "C:\\Windows\\Microsoft.NET\\Framework\\v4.0.30319\\mscorsvw.exe"
    }
  }
}
Record 233965
{
  "Event": {
    "#attributes": {
      "xmlns": "http://schemas.microsoft.com/win/2004/08/events/event"
    },
    "System": {
      "Provider": {
        "#attributes": {
          "Name": "Microsoft-Windows-Security-Auditing",
          "Guid": "54849625-5478-4994-A5BA-3E3B0328C30D"
        }
      },
      "EventID": 4688,
      "Version": 2,
      "Level": 0,
      "Task": 13312,
      "Opcode": 0,
      "Keywords": "0x8020000000000000",
      "TimeCreated": {
        "#attributes": {
          "SystemTime": "2024-09-24T21:06:25.412980Z"
        }
      },
      "EventRecordID": 233965,
      "Correlation": null,
      "Execution": {
        "#attributes": {
          "ProcessID": 4,
          "ThreadID": 2360
        }
      },
      "Channel": "Security",
      "Computer": "EC2AMAZ-0TD157D",
      "Security": null
    },
    "EventData": {
      "SubjectUserSid": "S-1-5-18",
      "SubjectUserName": "EC2AMAZ-0TD157D$",
      "SubjectDomainName": "WORKGROUP",
      "SubjectLogonId": "0x3e7",
      "NewProcessId": "0xd14",
      "NewProcessName": "C:\\Windows\\Microsoft.NET\\Framework\\v4.0.30319\\mscorsvw.exe",
      "TokenElevationType": "%%1936",
      "ProcessId": "0x900",
      "CommandLine": "C:\\Windows\\Microsoft.NET\\Framework\\v4.0.30319\\mscorsvw.exe -StartupEvent 26c -InterruptEvent 0 -NGENProcess 5f8 -Pipe 568 -Comment \"NGen Worker Process\"",
      "TargetUserSid": "S-1-0-0",
      "TargetUserName": "-",
      "TargetDomainName": "-",
      "TargetLogonId": "0x0",
      "ParentProcessName": "C:\\Windows\\Microsoft.NET\\Framework\\v4.0.30319\\ngen.exe",
      "MandatoryLabel": "S-1-16-16384"
    }
  }
}
Record 233966
{
  "Event": {
    "#attributes": {
      "xmlns": "http://schemas.microsoft.com/win/2004/08/events/event"
    },
    "System": {
      "Provider": {
        "#attributes": {
          "Name": "Microsoft-Windows-Security-Auditing",
          "Guid": "54849625-5478-4994-A5BA-3E3B0328C30D"
        }
      },
      "EventID": 4689,
      "Version": 0,
      "Level": 0,
      "Task": 13313,
      "Opcode": 0,
      "Keywords": "0x8020000000000000",
      "TimeCreated": {
        "#attributes": {
          "SystemTime": "2024-09-24T21:06:25.463856Z"
        }
      },
      "EventRecordID": 233966,
      "Correlation": null,
      "Execution": {
        "#attributes": {
          "ProcessID": 4,
          "ThreadID": 236
        }
      },
      "Channel": "Security",
      "Computer": "EC2AMAZ-0TD157D",
      "Security": null
    },
    "EventData": {
      "SubjectUserSid": "S-1-5-18",
      "SubjectUserName": "EC2AMAZ-0TD157D$",
      "SubjectDomainName": "WORKGROUP",
      "SubjectLogonId": "0x3e7",
      "Status": "0x0",
      "ProcessId": "0xd14",
      "ProcessName": "C:\\Windows\\Microsoft.NET\\Framework\\v4.0.30319\\mscorsvw.exe"
    }
  }
}
Record 233967
{
  "Event": {
    "#attributes": {
      "xmlns": "http://schemas.microsoft.com/win/2004/08/events/event"
    },
    "System": {
      "Provider": {
        "#attributes": {
          "Name": "Microsoft-Windows-Security-Auditing",
          "Guid": "54849625-5478-4994-A5BA-3E3B0328C30D"
        }
      },
      "EventID": 4688,
      "Version": 2,
      "Level": 0,
      "Task": 13312,
      "Opcode": 0,
      "Keywords": "0x8020000000000000",
      "TimeCreated": {
        "#attributes": {
          "SystemTime": "2024-09-24T21:06:25.464126Z"
        }
      },
      "EventRecordID": 233967,
      "Correlation": null,
      "Execution": {
        "#attributes": {
          "ProcessID": 4,
          "ThreadID": 236
        }
      },
      "Channel": "Security",
      "Computer": "EC2AMAZ-0TD157D",
      "Security": null
    },
    "EventData": {
      "SubjectUserSid": "S-1-5-18",
      "SubjectUserName": "EC2AMAZ-0TD157D$",
      "SubjectDomainName": "WORKGROUP",
      "SubjectLogonId": "0x3e7",
      "NewProcessId": "0x18c0",
      "NewProcessName": "C:\\Windows\\Microsoft.NET\\Framework\\v4.0.30319\\mscorsvw.exe",
      "TokenElevationType": "%%1936",
      "ProcessId": "0x900",
      "CommandLine": "C:\\Windows\\Microsoft.NET\\Framework\\v4.0.30319\\mscorsvw.exe -StartupEvent 67c -InterruptEvent 0 -NGENProcess 648 -Pipe 5b8 -Comment \"NGen Worker Process\"",
      "TargetUserSid": "S-1-0-0",
      "TargetUserName": "-",
      "TargetDomainName": "-",
      "TargetLogonId": "0x0",
      "ParentProcessName": "C:\\Windows\\Microsoft.NET\\Framework\\v4.0.30319\\ngen.exe",
      "MandatoryLabel": "S-1-16-16384"
    }
  }
}
Record 233968
{
  "Event": {
    "#attributes": {
      "xmlns": "http://schemas.microsoft.com/win/2004/08/events/event"
    },
    "System": {
      "Provider": {
        "#attributes": {
          "Name": "Microsoft-Windows-Security-Auditing",
          "Guid": "54849625-5478-4994-A5BA-3E3B0328C30D"
        }
      },
      "EventID": 4688,
      "Version": 2,
      "Level": 0,
      "Task": 13312,
      "Opcode": 0,
      "Keywords": "0x8020000000000000",
      "TimeCreated": {
        "#attributes": {
          "SystemTime": "2024-09-24T21:06:25.518366Z"
        }
      },
      "EventRecordID": 233968,
      "Correlation": null,
      "Execution": {
        "#attributes": {
          "ProcessID": 4,
          "ThreadID": 5340
        }
      },
      "Channel": "Security",
      "Computer": "EC2AMAZ-0TD157D",
      "Security": null
    },
    "EventData": {
      "SubjectUserSid": "S-1-5-18",
      "SubjectUserName": "EC2AMAZ-0TD157D$",
      "SubjectDomainName": "WORKGROUP",
      "SubjectLogonId": "0x3e7",
      "NewProcessId": "0x120",
      "NewProcessName": "C:\\Windows\\Microsoft.NET\\Framework\\v4.0.30319\\mscorsvw.exe",
      "TokenElevationType": "%%1936",
      "ProcessId": "0x900",
      "CommandLine": "C:\\Windows\\Microsoft.NET\\Framework\\v4.0.30319\\mscorsvw.exe -StartupEvent 5f8 -InterruptEvent 0 -NGENProcess 4ac -Pipe 63c -Comment \"NGen Worker Process\"",
      "TargetUserSid": "S-1-0-0",
      "TargetUserName": "-",
      "TargetDomainName": "-",
      "TargetLogonId": "0x0",
      "ParentProcessName": "C:\\Windows\\Microsoft.NET\\Framework\\v4.0.30319\\ngen.exe",
      "MandatoryLabel": "S-1-16-16384"
    }
  }
}
Record 233969
{
  "Event": {
    "#attributes": {
      "xmlns": "http://schemas.microsoft.com/win/2004/08/events/event"
    },
    "System": {
      "Provider": {
        "#attributes": {
          "Name": "Microsoft-Windows-Security-Auditing",
          "Guid": "54849625-5478-4994-A5BA-3E3B0328C30D"
        }
      },
      "EventID": 4689,
      "Version": 0,
      "Level": 0,
      "Task": 13313,
      "Opcode": 0,
      "Keywords": "0x8020000000000000",
      "TimeCreated": {
        "#attributes": {
          "SystemTime": "2024-09-24T21:06:25.546742Z"
        }
      },
      "EventRecordID": 233969,
      "Correlation": null,
      "Execution": {
        "#attributes": {
          "ProcessID": 4,
          "ThreadID": 236
        }
      },
      "Channel": "Security",
      "Computer": "EC2AMAZ-0TD157D",
      "Security": null
    },
    "EventData": {
      "SubjectUserSid": "S-1-5-18",
      "SubjectUserName": "EC2AMAZ-0TD157D$",
      "SubjectDomainName": "WORKGROUP",
      "SubjectLogonId": "0x3e7",
      "Status": "0x0",
      "ProcessId": "0x18c0",
      "ProcessName": "C:\\Windows\\Microsoft.NET\\Framework\\v4.0.30319\\mscorsvw.exe"
    }
  }
}
Record 233970
{
  "Event": {
    "#attributes": {
      "xmlns": "http://schemas.microsoft.com/win/2004/08/events/event"
    },
    "System": {
      "Provider": {
        "#attributes": {
          "Name": "Microsoft-Windows-Security-Auditing",
          "Guid": "54849625-5478-4994-A5BA-3E3B0328C30D"
        }
      },
      "EventID": 4689,
      "Version": 0,
      "Level": 0,
      "Task": 13313,
      "Opcode": 0,
      "Keywords": "0x8020000000000000",
      "TimeCreated": {
        "#attributes": {
          "SystemTime": "2024-09-24T21:06:25.575521Z"
        }
      },
      "EventRecordID": 233970,
      "Correlation": null,
      "Execution": {
        "#attributes": {
          "ProcessID": 4,
          "ThreadID": 236
        }
      },
      "Channel": "Security",
      "Computer": "EC2AMAZ-0TD157D",
      "Security": null
    },
    "EventData": {
      "SubjectUserSid": "S-1-5-18",
      "SubjectUserName": "EC2AMAZ-0TD157D$",
      "SubjectDomainName": "WORKGROUP",
      "SubjectLogonId": "0x3e7",
      "Status": "0x0",
      "ProcessId": "0x120",
      "ProcessName": "C:\\Windows\\Microsoft.NET\\Framework\\v4.0.30319\\mscorsvw.exe"
    }
  }
}
Record 233971
{
  "Event": {
    "#attributes": {
      "xmlns": "http://schemas.microsoft.com/win/2004/08/events/event"
    },
    "System": {
      "Provider": {
        "#attributes": {
          "Name": "Microsoft-Windows-Security-Auditing",
          "Guid": "54849625-5478-4994-A5BA-3E3B0328C30D"
        }
      },
      "EventID": 4688,
      "Version": 2,
      "Level": 0,
      "Task": 13312,
      "Opcode": 0,
      "Keywords": "0x8020000000000000",
      "TimeCreated": {
        "#attributes": {
          "SystemTime": "2024-09-24T21:06:25.576107Z"
        }
      },
      "EventRecordID": 233971,
      "Correlation": null,
      "Execution": {
        "#attributes": {
          "ProcessID": 4,
          "ThreadID": 236
        }
      },
      "Channel": "Security",
      "Computer": "EC2AMAZ-0TD157D",
      "Security": null
    },
    "EventData": {
      "SubjectUserSid": "S-1-5-18",
      "SubjectUserName": "EC2AMAZ-0TD157D$",
      "SubjectDomainName": "WORKGROUP",
      "SubjectLogonId": "0x3e7",
      "NewProcessId": "0xa1c",
      "NewProcessName": "C:\\Windows\\Microsoft.NET\\Framework\\v4.0.30319\\mscorsvw.exe",
      "TokenElevationType": "%%1936",
      "ProcessId": "0x900",
      "CommandLine": "C:\\Windows\\Microsoft.NET\\Framework\\v4.0.30319\\mscorsvw.exe -StartupEvent 420 -InterruptEvent 0 -NGENProcess 638 -Pipe 360 -Comment \"NGen Worker Process\"",
      "TargetUserSid": "S-1-0-0",
      "TargetUserName": "-",
      "TargetDomainName": "-",
      "TargetLogonId": "0x0",
      "ParentProcessName": "C:\\Windows\\Microsoft.NET\\Framework\\v4.0.30319\\ngen.exe",
      "MandatoryLabel": "S-1-16-16384"
    }
  }
}
Record 233972
{
  "Event": {
    "#attributes": {
      "xmlns": "http://schemas.microsoft.com/win/2004/08/events/event"
    },
    "System": {
      "Provider": {
        "#attributes": {
          "Name": "Microsoft-Windows-Security-Auditing",
          "Guid": "54849625-5478-4994-A5BA-3E3B0328C30D"
        }
      },
      "EventID": 4689,
      "Version": 0,
      "Level": 0,
      "Task": 13313,
      "Opcode": 0,
      "Keywords": "0x8020000000000000",
      "TimeCreated": {
        "#attributes": {
          "SystemTime": "2024-09-24T21:06:25.649380Z"
        }
      },
      "EventRecordID": 233972,
      "Correlation": null,
      "Execution": {
        "#attributes": {
          "ProcessID": 4,
          "ThreadID": 236
        }
      },
      "Channel": "Security",
      "Computer": "EC2AMAZ-0TD157D",
      "Security": null
    },
    "EventData": {
      "SubjectUserSid": "S-1-5-18",
      "SubjectUserName": "EC2AMAZ-0TD157D$",
      "SubjectDomainName": "WORKGROUP",
      "SubjectLogonId": "0x3e7",
      "Status": "0x0",
      "ProcessId": "0xa1c",
      "ProcessName": "C:\\Windows\\Microsoft.NET\\Framework\\v4.0.30319\\mscorsvw.exe"
    }
  }
}
Record 233973
{
  "Event": {
    "#attributes": {
      "xmlns": "http://schemas.microsoft.com/win/2004/08/events/event"
    },
    "System": {
      "Provider": {
        "#attributes": {
          "Name": "Microsoft-Windows-Security-Auditing",
          "Guid": "54849625-5478-4994-A5BA-3E3B0328C30D"
        }
      },
      "EventID": 4688,
      "Version": 2,
      "Level": 0,
      "Task": 13312,
      "Opcode": 0,
      "Keywords": "0x8020000000000000",
      "TimeCreated": {
        "#attributes": {
          "SystemTime": "2024-09-24T21:06:25.650004Z"
        }
      },
      "EventRecordID": 233973,
      "Correlation": null,
      "Execution": {
        "#attributes": {
          "ProcessID": 4,
          "ThreadID": 236
        }
      },
      "Channel": "Security",
      "Computer": "EC2AMAZ-0TD157D",
      "Security": null
    },
    "EventData": {
      "SubjectUserSid": "S-1-5-18",
      "SubjectUserName": "EC2AMAZ-0TD157D$",
      "SubjectDomainName": "WORKGROUP",
      "SubjectLogonId": "0x3e7",
      "NewProcessId": "0x26c",
      "NewProcessName": "C:\\Windows\\Microsoft.NET\\Framework\\v4.0.30319\\mscorsvw.exe",
      "TokenElevationType": "%%1936",
      "ProcessId": "0x900",
      "CommandLine": "C:\\Windows\\Microsoft.NET\\Framework\\v4.0.30319\\mscorsvw.exe -StartupEvent 444 -InterruptEvent 0 -NGENProcess 220 -Pipe 74c -Comment \"NGen Worker Process\"",
      "TargetUserSid": "S-1-0-0",
      "TargetUserName": "-",
      "TargetDomainName": "-",
      "TargetLogonId": "0x0",
      "ParentProcessName": "C:\\Windows\\Microsoft.NET\\Framework\\v4.0.30319\\ngen.exe",
      "MandatoryLabel": "S-1-16-16384"
    }
  }
}
Record 233974
{
  "Event": {
    "#attributes": {
      "xmlns": "http://schemas.microsoft.com/win/2004/08/events/event"
    },
    "System": {
      "Provider": {
        "#attributes": {
          "Name": "Microsoft-Windows-Security-Auditing",
          "Guid": "54849625-5478-4994-A5BA-3E3B0328C30D"
        }
      },
      "EventID": 4689,
      "Version": 0,
      "Level": 0,
      "Task": 13313,
      "Opcode": 0,
      "Keywords": "0x8020000000000000",
      "TimeCreated": {
        "#attributes": {
          "SystemTime": "2024-09-24T21:06:25.696476Z"
        }
      },
      "EventRecordID": 233974,
      "Correlation": null,
      "Execution": {
        "#attributes": {
          "ProcessID": 4,
          "ThreadID": 2360
        }
      },
      "Channel": "Security",
      "Computer": "EC2AMAZ-0TD157D",
      "Security": null
    },
    "EventData": {
      "SubjectUserSid": "S-1-5-18",
      "SubjectUserName": "EC2AMAZ-0TD157D$",
      "SubjectDomainName": "WORKGROUP",
      "SubjectLogonId": "0x3e7",
      "Status": "0x0",
      "ProcessId": "0x26c",
      "ProcessName": "C:\\Windows\\Microsoft.NET\\Framework\\v4.0.30319\\mscorsvw.exe"
    }
  }
}
Record 233975
{
  "Event": {
    "#attributes": {
      "xmlns": "http://schemas.microsoft.com/win/2004/08/events/event"
    },
    "System": {
      "Provider": {
        "#attributes": {
          "Name": "Microsoft-Windows-Security-Auditing",
          "Guid": "54849625-5478-4994-A5BA-3E3B0328C30D"
        }
      },
      "EventID": 4688,
      "Version": 2,
      "Level": 0,
      "Task": 13312,
      "Opcode": 0,
      "Keywords": "0x8020000000000000",
      "TimeCreated": {
        "#attributes": {
          "SystemTime": "2024-09-24T21:06:25.696967Z"
        }
      },
      "EventRecordID": 233975,
      "Correlation": null,
      "Execution": {
        "#attributes": {
          "ProcessID": 4,
          "ThreadID": 2360
        }
      },
      "Channel": "Security",
      "Computer": "EC2AMAZ-0TD157D",
      "Security": null
    },
    "EventData": {
      "SubjectUserSid": "S-1-5-18",
      "SubjectUserName": "EC2AMAZ-0TD157D$",
      "SubjectDomainName": "WORKGROUP",
      "SubjectLogonId": "0x3e7",
      "NewProcessId": "0xe2c",
      "NewProcessName": "C:\\Windows\\Microsoft.NET\\Framework\\v4.0.30319\\mscorsvw.exe",
      "TokenElevationType": "%%1936",
      "ProcessId": "0x900",
      "CommandLine": "C:\\Windows\\Microsoft.NET\\Framework\\v4.0.30319\\mscorsvw.exe -StartupEvent 4a4 -InterruptEvent 0 -NGENProcess 478 -Pipe 438 -Comment \"NGen Worker Process\"",
      "TargetUserSid": "S-1-0-0",
      "TargetUserName": "-",
      "TargetDomainName": "-",
      "TargetLogonId": "0x0",
      "ParentProcessName": "C:\\Windows\\Microsoft.NET\\Framework\\v4.0.30319\\ngen.exe",
      "MandatoryLabel": "S-1-16-16384"
    }
  }
}
