Record 234253
{
  "Event": {
    "#attributes": {
      "xmlns": "http://schemas.microsoft.com/win/2004/08/events/event"
    },
    "System": {
      "Provider": {
        "#attributes": {
          "Name": "Microsoft-Windows-Security-Auditing",
          "Guid": "54849625-5478-4994-A5BA-3E3B0328C30D"
        }
      },
      "EventID": 4689,
      "Version": 0,
      "Level": 0,
      "Task": 13313,
      "Opcode": 0,
      "Keywords": "0x8020000000000000",
      "TimeCreated": {
        "#attributes": {
          "SystemTime": "2024-09-24T21:06:31.137626Z"
        }
      },
      "EventRecordID": 234253,
      "Correlation": null,
      "Execution": {
        "#attributes": {
          "ProcessID": 4,
          "ThreadID": 304
        }
      },
      "Channel": "Security",
      "Computer": "EC2AMAZ-0TD157D",
      "Security": null
    },
    "EventData": {
      "SubjectUserSid": "S-1-5-18",
      "SubjectUserName": "EC2AMAZ-0TD157D$",
      "SubjectDomainName": "WORKGROUP",
      "SubjectLogonId": "0x3e7",
      "Status": "0x0",
      "ProcessId": "0x1870",
      "ProcessName": "C:\\Windows\\Microsoft.NET\\Framework\\v4.0.30319\\mscorsvw.exe"
    }
  }
}
Record 234254
{
  "Event": {
    "#attributes": {
      "xmlns": "http://schemas.microsoft.com/win/2004/08/events/event"
    },
    "System": {
      "Provider": {
        "#attributes": {
          "Name": "Microsoft-Windows-Security-Auditing",
          "Guid": "54849625-5478-4994-A5BA-3E3B0328C30D"
        }
      },
      "EventID": 4688,
      "Version": 2,
      "Level": 0,
      "Task": 13312,
      "Opcode": 0,
      "Keywords": "0x8020000000000000",
      "TimeCreated": {
        "#attributes": {
          "SystemTime": "2024-09-24T21:06:31.159469Z"
        }
      },
      "EventRecordID": 234254,
      "Correlation": null,
      "Execution": {
        "#attributes": {
          "ProcessID": 4,
          "ThreadID": 236
        }
      },
      "Channel": "Security",
      "Computer": "EC2AMAZ-0TD157D",
      "Security": null
    },
    "EventData": {
      "SubjectUserSid": "S-1-5-18",
      "SubjectUserName": "EC2AMAZ-0TD157D$",
      "SubjectDomainName": "WORKGROUP",
      "SubjectLogonId": "0x3e7",
      "NewProcessId": "0xcfc",
      "NewProcessName": "C:\\Windows\\Microsoft.NET\\Framework\\v4.0.30319\\mscorsvw.exe",
      "TokenElevationType": "%%1936",
      "ProcessId": "0x900",
      "CommandLine": "C:\\Windows\\Microsoft.NET\\Framework\\v4.0.30319\\mscorsvw.exe -StartupEvent 968 -InterruptEvent 0 -NGENProcess 9c0 -Pipe 9b4 -Comment \"NGen Worker Process\"",
      "TargetUserSid": "S-1-0-0",
      "TargetUserName": "-",
      "TargetDomainName": "-",
      "TargetLogonId": "0x0",
      "ParentProcessName": "C:\\Windows\\Microsoft.NET\\Framework\\v4.0.30319\\ngen.exe",
      "MandatoryLabel": "S-1-16-16384"
    }
  }
}
Record 234255
{
  "Event": {
    "#attributes": {
      "xmlns": "http://schemas.microsoft.com/win/2004/08/events/event"
    },
    "System": {
      "Provider": {
        "#attributes": {
          "Name": "Microsoft-Windows-Security-Auditing",
          "Guid": "54849625-5478-4994-A5BA-3E3B0328C30D"
        }
      },
      "EventID": 4689,
      "Version": 0,
      "Level": 0,
      "Task": 13313,
      "Opcode": 0,
      "Keywords": "0x8020000000000000",
      "TimeCreated": {
        "#attributes": {
          "SystemTime": "2024-09-24T21:06:31.182961Z"
        }
      },
      "EventRecordID": 234255,
      "Correlation": null,
      "Execution": {
        "#attributes": {
          "ProcessID": 4,
          "ThreadID": 304
        }
      },
      "Channel": "Security",
      "Computer": "EC2AMAZ-0TD157D",
      "Security": null
    },
    "EventData": {
      "SubjectUserSid": "S-1-5-18",
      "SubjectUserName": "EC2AMAZ-0TD157D$",
      "SubjectDomainName": "WORKGROUP",
      "SubjectLogonId": "0x3e7",
      "Status": "0x0",
      "ProcessId": "0x1428",
      "ProcessName": "C:\\Windows\\Microsoft.NET\\Framework\\v4.0.30319\\mscorsvw.exe"
    }
  }
}
Record 234256
{
  "Event": {
    "#attributes": {
      "xmlns": "http://schemas.microsoft.com/win/2004/08/events/event"
    },
    "System": {
      "Provider": {
        "#attributes": {
          "Name": "Microsoft-Windows-Security-Auditing",
          "Guid": "54849625-5478-4994-A5BA-3E3B0328C30D"
        }
      },
      "EventID": 4689,
      "Version": 0,
      "Level": 0,
      "Task": 13313,
      "Opcode": 0,
      "Keywords": "0x8020000000000000",
      "TimeCreated": {
        "#attributes": {
          "SystemTime": "2024-09-24T21:06:31.202068Z"
        }
      },
      "EventRecordID": 234256,
      "Correlation": null,
      "Execution": {
        "#attributes": {
          "ProcessID": 4,
          "ThreadID": 304
        }
      },
      "Channel": "Security",
      "Computer": "EC2AMAZ-0TD157D",
      "Security": null
    },
    "EventData": {
      "SubjectUserSid": "S-1-5-18",
      "SubjectUserName": "EC2AMAZ-0TD157D$",
      "SubjectDomainName": "WORKGROUP",
      "SubjectLogonId": "0x3e7",
      "Status": "0x0",
      "ProcessId": "0xcfc",
      "ProcessName": "C:\\Windows\\Microsoft.NET\\Framework\\v4.0.30319\\mscorsvw.exe"
    }
  }
}
Record 234257
{
  "Event": {
    "#attributes": {
      "xmlns": "http://schemas.microsoft.com/win/2004/08/events/event"
    },
    "System": {
      "Provider": {
        "#attributes": {
          "Name": "Microsoft-Windows-Security-Auditing",
          "Guid": "54849625-5478-4994-A5BA-3E3B0328C30D"
        }
      },
      "EventID": 4688,
      "Version": 2,
      "Level": 0,
      "Task": 13312,
      "Opcode": 0,
      "Keywords": "0x8020000000000000",
      "TimeCreated": {
        "#attributes": {
          "SystemTime": "2024-09-24T21:06:31.202975Z"
        }
      },
      "EventRecordID": 234257,
      "Correlation": null,
      "Execution": {
        "#attributes": {
          "ProcessID": 4,
          "ThreadID": 304
        }
      },
      "Channel": "Security",
      "Computer": "EC2AMAZ-0TD157D",
      "Security": null
    },
    "EventData": {
      "SubjectUserSid": "S-1-5-18",
      "SubjectUserName": "EC2AMAZ-0TD157D$",
      "SubjectDomainName": "WORKGROUP",
      "SubjectLogonId": "0x3e7",
      "NewProcessId": "0xbd4",
      "NewProcessName": "C:\\Windows\\Microsoft.NET\\Framework\\v4.0.30319\\mscorsvw.exe",
      "TokenElevationType": "%%1936",
      "ProcessId": "0x900",
      "CommandLine": "C:\\Windows\\Microsoft.NET\\Framework\\v4.0.30319\\mscorsvw.exe -StartupEvent 9c4 -InterruptEvent 0 -NGENProcess 968 -Pipe 9c8 -Comment \"NGen Worker Process\"",
      "TargetUserSid": "S-1-0-0",
      "TargetUserName": "-",
      "TargetDomainName": "-",
      "TargetLogonId": "0x0",
      "ParentProcessName": "C:\\Windows\\Microsoft.NET\\Framework\\v4.0.30319\\ngen.exe",
      "MandatoryLabel": "S-1-16-16384"
    }
  }
}
Record 234258
{
  "Event": {
    "#attributes": {
      "xmlns": "http://schemas.microsoft.com/win/2004/08/events/event"
    },
    "System": {
      "Provider": {
        "#attributes": {
          "Name": "Microsoft-Windows-Security-Auditing",
          "Guid": "54849625-5478-4994-A5BA-3E3B0328C30D"
        }
      },
      "EventID": 4689,
      "Version": 0,
      "Level": 0,
      "Task": 13313,
      "Opcode": 0,
      "Keywords": "0x8020000000000000",
      "TimeCreated": {
        "#attributes": {
          "SystemTime": "2024-09-24T21:06:31.248307Z"
        }
      },
      "EventRecordID": 234258,
      "Correlation": null,
      "Execution": {
        "#attributes": {
          "ProcessID": 4,
          "ThreadID": 304
        }
      },
      "Channel": "Security",
      "Computer": "EC2AMAZ-0TD157D",
      "Security": null
    },
    "EventData": {
      "SubjectUserSid": "S-1-5-18",
      "SubjectUserName": "EC2AMAZ-0TD157D$",
      "SubjectDomainName": "WORKGROUP",
      "SubjectLogonId": "0x3e7",
      "Status": "0x0",
      "ProcessId": "0xbd4",
      "ProcessName": "C:\\Windows\\Microsoft.NET\\Framework\\v4.0.30319\\mscorsvw.exe"
    }
  }
}
Record 234259
{
  "Event": {
    "#attributes": {
      "xmlns": "http://schemas.microsoft.com/win/2004/08/events/event"
    },
    "System": {
      "Provider": {
        "#attributes": {
          "Name": "Microsoft-Windows-Security-Auditing",
          "Guid": "54849625-5478-4994-A5BA-3E3B0328C30D"
        }
      },
      "EventID": 4688,
      "Version": 2,
      "Level": 0,
      "Task": 13312,
      "Opcode": 0,
      "Keywords": "0x8020000000000000",
      "TimeCreated": {
        "#attributes": {
          "SystemTime": "2024-09-24T21:06:31.248867Z"
        }
      },
      "EventRecordID": 234259,
      "Correlation": null,
      "Execution": {
        "#attributes": {
          "ProcessID": 4,
          "ThreadID": 304
        }
      },
      "Channel": "Security",
      "Computer": "EC2AMAZ-0TD157D",
      "Security": null
    },
    "EventData": {
      "SubjectUserSid": "S-1-5-18",
      "SubjectUserName": "EC2AMAZ-0TD157D$",
      "SubjectDomainName": "WORKGROUP",
      "SubjectLogonId": "0x3e7",
      "NewProcessId": "0x554",
      "NewProcessName": "C:\\Windows\\Microsoft.NET\\Framework\\v4.0.30319\\mscorsvw.exe",
      "TokenElevationType": "%%1936",
      "ProcessId": "0x900",
      "CommandLine": "C:\\Windows\\Microsoft.NET\\Framework\\v4.0.30319\\mscorsvw.exe -StartupEvent 9b0 -InterruptEvent 0 -NGENProcess 9a0 -Pipe 9a8 -Comment \"NGen Worker Process\"",
      "TargetUserSid": "S-1-0-0",
      "TargetUserName": "-",
      "TargetDomainName": "-",
      "TargetLogonId": "0x0",
      "ParentProcessName": "C:\\Windows\\Microsoft.NET\\Framework\\v4.0.30319\\ngen.exe",
      "MandatoryLabel": "S-1-16-16384"
    }
  }
}
Record 234260
{
  "Event": {
    "#attributes": {
      "xmlns": "http://schemas.microsoft.com/win/2004/08/events/event"
    },
    "System": {
      "Provider": {
        "#attributes": {
          "Name": "Microsoft-Windows-Security-Auditing",
          "Guid": "54849625-5478-4994-A5BA-3E3B0328C30D"
        }
      },
      "EventID": 4688,
      "Version": 2,
      "Level": 0,
      "Task": 13312,
      "Opcode": 0,
      "Keywords": "0x8020000000000000",
      "TimeCreated": {
        "#attributes": {
          "SystemTime": "2024-09-24T21:06:31.291414Z"
        }
      },
      "EventRecordID": 234260,
      "Correlation": null,
      "Execution": {
        "#attributes": {
          "ProcessID": 4,
          "ThreadID": 5340
        }
      },
      "Channel": "Security",
      "Computer": "EC2AMAZ-0TD157D",
      "Security": null
    },
    "EventData": {
      "SubjectUserSid": "S-1-5-18",
      "SubjectUserName": "EC2AMAZ-0TD157D$",
      "SubjectDomainName": "WORKGROUP",
      "SubjectLogonId": "0x3e7",
      "NewProcessId": "0x874",
      "NewProcessName": "C:\\Windows\\Microsoft.NET\\Framework\\v4.0.30319\\mscorsvw.exe",
      "TokenElevationType": "%%1936",
      "ProcessId": "0x900",
      "CommandLine": "C:\\Windows\\Microsoft.NET\\Framework\\v4.0.30319\\mscorsvw.exe -StartupEvent 9a4 -InterruptEvent 0 -NGENProcess 98c -Pipe 994 -Comment \"NGen Worker Process\"",
      "TargetUserSid": "S-1-0-0",
      "TargetUserName": "-",
      "TargetDomainName": "-",
      "TargetLogonId": "0x0",
      "ParentProcessName": "C:\\Windows\\Microsoft.NET\\Framework\\v4.0.30319\\ngen.exe",
      "MandatoryLabel": "S-1-16-16384"
    }
  }
}
Record 234261
{
  "Event": {
    "#attributes": {
      "xmlns": "http://schemas.microsoft.com/win/2004/08/events/event"
    },
    "System": {
      "Provider": {
        "#attributes": {
          "Name": "Microsoft-Windows-Security-Auditing",
          "Guid": "54849625-5478-4994-A5BA-3E3B0328C30D"
        }
      },
      "EventID": 4689,
      "Version": 0,
      "Level": 0,
      "Task": 13313,
      "Opcode": 0,
      "Keywords": "0x8020000000000000",
      "TimeCreated": {
        "#attributes": {
          "SystemTime": "2024-09-24T21:06:31.307909Z"
        }
      },
      "EventRecordID": 234261,
      "Correlation": null,
      "Execution": {
        "#attributes": {
          "ProcessID": 4,
          "ThreadID": 5340
        }
      },
      "Channel": "Security",
      "Computer": "EC2AMAZ-0TD157D",
      "Security": null
    },
    "EventData": {
      "SubjectUserSid": "S-1-5-18",
      "SubjectUserName": "EC2AMAZ-0TD157D$",
      "SubjectDomainName": "WORKGROUP",
      "SubjectLogonId": "0x3e7",
      "Status": "0x0",
      "ProcessId": "0x554",
      "ProcessName": "C:\\Windows\\Microsoft.NET\\Framework\\v4.0.30319\\mscorsvw.exe"
    }
  }
}
Record 234262
{
  "Event": {
    "#attributes": {
      "xmlns": "http://schemas.microsoft.com/win/2004/08/events/event"
    },
    "System": {
      "Provider": {
        "#attributes": {
          "Name": "Microsoft-Windows-Security-Auditing",
          "Guid": "54849625-5478-4994-A5BA-3E3B0328C30D"
        }
      },
      "EventID": 4689,
      "Version": 0,
      "Level": 0,
      "Task": 13313,
      "Opcode": 0,
      "Keywords": "0x8020000000000000",
      "TimeCreated": {
        "#attributes": {
          "SystemTime": "2024-09-24T21:06:31.332297Z"
        }
      },
      "EventRecordID": 234262,
      "Correlation": null,
      "Execution": {
        "#attributes": {
          "ProcessID": 4,
          "ThreadID": 304
        }
      },
      "Channel": "Security",
      "Computer": "EC2AMAZ-0TD157D",
      "Security": null
    },
    "EventData": {
      "SubjectUserSid": "S-1-5-18",
      "SubjectUserName": "EC2AMAZ-0TD157D$",
      "SubjectDomainName": "WORKGROUP",
      "SubjectLogonId": "0x3e7",
      "Status": "0x0",
      "ProcessId": "0x874",
      "ProcessName": "C:\\Windows\\Microsoft.NET\\Framework\\v4.0.30319\\mscorsvw.exe"
    }
  }
}
Record 234263
{
  "Event": {
    "#attributes": {
      "xmlns": "http://schemas.microsoft.com/win/2004/08/events/event"
    },
    "System": {
      "Provider": {
        "#attributes": {
          "Name": "Microsoft-Windows-Security-Auditing",
          "Guid": "54849625-5478-4994-A5BA-3E3B0328C30D"
        }
      },
      "EventID": 4688,
      "Version": 2,
      "Level": 0,
      "Task": 13312,
      "Opcode": 0,
      "Keywords": "0x8020000000000000",
      "TimeCreated": {
        "#attributes": {
          "SystemTime": "2024-09-24T21:06:31.333573Z"
        }
      },
      "EventRecordID": 234263,
      "Correlation": null,
      "Execution": {
        "#attributes": {
          "ProcessID": 4,
          "ThreadID": 304
        }
      },
      "Channel": "Security",
      "Computer": "EC2AMAZ-0TD157D",
      "Security": null
    },
    "EventData": {
      "SubjectUserSid": "S-1-5-18",
      "SubjectUserName": "EC2AMAZ-0TD157D$",
      "SubjectDomainName": "WORKGROUP",
      "SubjectLogonId": "0x3e7",
      "NewProcessId": "0x1a14",
      "NewProcessName": "C:\\Windows\\Microsoft.NET\\Framework\\v4.0.30319\\mscorsvw.exe",
      "TokenElevationType": "%%1936",
      "ProcessId": "0x900",
      "CommandLine": "C:\\Windows\\Microsoft.NET\\Framework\\v4.0.30319\\mscorsvw.exe -StartupEvent 9c4 -InterruptEvent 0 -NGENProcess 9a0 -Pipe 958 -Comment \"NGen Worker Process\"",
      "TargetUserSid": "S-1-0-0",
      "TargetUserName": "-",
      "TargetDomainName": "-",
      "TargetLogonId": "0x0",
      "ParentProcessName": "C:\\Windows\\Microsoft.NET\\Framework\\v4.0.30319\\ngen.exe",
      "MandatoryLabel": "S-1-16-16384"
    }
  }
}
Record 234264
{
  "Event": {
    "#attributes": {
      "xmlns": "http://schemas.microsoft.com/win/2004/08/events/event"
    },
    "System": {
      "Provider": {
        "#attributes": {
          "Name": "Microsoft-Windows-Security-Auditing",
          "Guid": "54849625-5478-4994-A5BA-3E3B0328C30D"
        }
      },
      "EventID": 4689,
      "Version": 0,
      "Level": 0,
      "Task": 13313,
      "Opcode": 0,
      "Keywords": "0x8020000000000000",
      "TimeCreated": {
        "#attributes": {
          "SystemTime": "2024-09-24T21:06:31.379088Z"
        }
      },
      "EventRecordID": 234264,
      "Correlation": null,
      "Execution": {
        "#attributes": {
          "ProcessID": 4,
          "ThreadID": 5340
        }
      },
      "Channel": "Security",
      "Computer": "EC2AMAZ-0TD157D",
      "Security": null
    },
    "EventData": {
      "SubjectUserSid": "S-1-5-18",
      "SubjectUserName": "EC2AMAZ-0TD157D$",
      "SubjectDomainName": "WORKGROUP",
      "SubjectLogonId": "0x3e7",
      "Status": "0x0",
      "ProcessId": "0x1a14",
      "ProcessName": "C:\\Windows\\Microsoft.NET\\Framework\\v4.0.30319\\mscorsvw.exe"
    }
  }
}
Record 234265
{
  "Event": {
    "#attributes": {
      "xmlns": "http://schemas.microsoft.com/win/2004/08/events/event"
    },
    "System": {
      "Provider": {
        "#attributes": {
          "Name": "Microsoft-Windows-Security-Auditing",
          "Guid": "54849625-5478-4994-A5BA-3E3B0328C30D"
        }
      },
      "EventID": 4688,
      "Version": 2,
      "Level": 0,
      "Task": 13312,
      "Opcode": 0,
      "Keywords": "0x8020000000000000",
      "TimeCreated": {
        "#attributes": {
          "SystemTime": "2024-09-24T21:06:31.379777Z"
        }
      },
      "EventRecordID": 234265,
      "Correlation": null,
      "Execution": {
        "#attributes": {
          "ProcessID": 4,
          "ThreadID": 5340
        }
      },
      "Channel": "Security",
      "Computer": "EC2AMAZ-0TD157D",
      "Security": null
    },
    "EventData": {
      "SubjectUserSid": "S-1-5-18",
      "SubjectUserName": "EC2AMAZ-0TD157D$",
      "SubjectDomainName": "WORKGROUP",
      "SubjectLogonId": "0x3e7",
      "NewProcessId": "0x13f0",
      "NewProcessName": "C:\\Windows\\Microsoft.NET\\Framework\\v4.0.30319\\mscorsvw.exe",
      "TokenElevationType": "%%1936",
      "ProcessId": "0x900",
      "CommandLine": "C:\\Windows\\Microsoft.NET\\Framework\\v4.0.30319\\mscorsvw.exe -StartupEvent 9bc -InterruptEvent 0 -NGENProcess 9c4 -Pipe 9a4 -Comment \"NGen Worker Process\"",
      "TargetUserSid": "S-1-0-0",
      "TargetUserName": "-",
      "TargetDomainName": "-",
      "TargetLogonId": "0x0",
      "ParentProcessName": "C:\\Windows\\Microsoft.NET\\Framework\\v4.0.30319\\ngen.exe",
      "MandatoryLabel": "S-1-16-16384"
    }
  }
}
Record 234266
{
  "Event": {
    "#attributes": {
      "xmlns": "http://schemas.microsoft.com/win/2004/08/events/event"
    },
    "System": {
      "Provider": {
        "#attributes": {
          "Name": "Microsoft-Windows-Security-Auditing",
          "Guid": "54849625-5478-4994-A5BA-3E3B0328C30D"
        }
      },
      "EventID": 4688,
      "Version": 2,
      "Level": 0,
      "Task": 13312,
      "Opcode": 0,
      "Keywords": "0x8020000000000000",
      "TimeCreated": {
        "#attributes": {
          "SystemTime": "2024-09-24T21:06:31.416542Z"
        }
      },
      "EventRecordID": 234266,
      "Correlation": null,
      "Execution": {
        "#attributes": {
          "ProcessID": 4,
          "ThreadID": 2360
        }
      },
      "Channel": "Security",
      "Computer": "EC2AMAZ-0TD157D",
      "Security": null
    },
    "EventData": {
      "SubjectUserSid": "S-1-5-18",
      "SubjectUserName": "EC2AMAZ-0TD157D$",
      "SubjectDomainName": "WORKGROUP",
      "SubjectLogonId": "0x3e7",
      "NewProcessId": "0x179c",
      "NewProcessName": "C:\\Windows\\Microsoft.NET\\Framework\\v4.0.30319\\mscorsvw.exe",
      "TokenElevationType": "%%1936",
      "ProcessId": "0x900",
      "CommandLine": "C:\\Windows\\Microsoft.NET\\Framework\\v4.0.30319\\mscorsvw.exe -StartupEvent 9d0 -InterruptEvent 0 -NGENProcess 9b0 -Pipe 9c8 -Comment \"NGen Worker Process\"",
      "TargetUserSid": "S-1-0-0",
      "TargetUserName": "-",
      "TargetDomainName": "-",
      "TargetLogonId": "0x0",
      "ParentProcessName": "C:\\Windows\\Microsoft.NET\\Framework\\v4.0.30319\\ngen.exe",
      "MandatoryLabel": "S-1-16-16384"
    }
  }
}
Record 234267
{
  "Event": {
    "#attributes": {
      "xmlns": "http://schemas.microsoft.com/win/2004/08/events/event"
    },
    "System": {
      "Provider": {
        "#attributes": {
          "Name": "Microsoft-Windows-Security-Auditing",
          "Guid": "54849625-5478-4994-A5BA-3E3B0328C30D"
        }
      },
      "EventID": 4689,
      "Version": 0,
      "Level": 0,
      "Task": 13313,
      "Opcode": 0,
      "Keywords": "0x8020000000000000",
      "TimeCreated": {
        "#attributes": {
          "SystemTime": "2024-09-24T21:06:31.435185Z"
        }
      },
      "EventRecordID": 234267,
      "Correlation": null,
      "Execution": {
        "#attributes": {
          "ProcessID": 4,
          "ThreadID": 5340
        }
      },
      "Channel": "Security",
      "Computer": "EC2AMAZ-0TD157D",
      "Security": null
    },
    "EventData": {
      "SubjectUserSid": "S-1-5-18",
      "SubjectUserName": "EC2AMAZ-0TD157D$",
      "SubjectDomainName": "WORKGROUP",
      "SubjectLogonId": "0x3e7",
      "Status": "0x0",
      "ProcessId": "0x13f0",
      "ProcessName": "C:\\Windows\\Microsoft.NET\\Framework\\v4.0.30319\\mscorsvw.exe"
    }
  }
}
Record 234268
{
  "Event": {
    "#attributes": {
      "xmlns": "http://schemas.microsoft.com/win/2004/08/events/event"
    },
    "System": {
      "Provider": {
        "#attributes": {
          "Name": "Microsoft-Windows-Security-Auditing",
          "Guid": "54849625-5478-4994-A5BA-3E3B0328C30D"
        }
      },
      "EventID": 4689,
      "Version": 0,
      "Level": 0,
      "Task": 13313,
      "Opcode": 0,
      "Keywords": "0x8020000000000000",
      "TimeCreated": {
        "#attributes": {
          "SystemTime": "2024-09-24T21:06:31.456500Z"
        }
      },
      "EventRecordID": 234268,
      "Correlation": null,
      "Execution": {
        "#attributes": {
          "ProcessID": 4,
          "ThreadID": 5340
        }
      },
      "Channel": "Security",
      "Computer": "EC2AMAZ-0TD157D",
      "Security": null
    },
    "EventData": {
      "SubjectUserSid": "S-1-5-18",
      "SubjectUserName": "EC2AMAZ-0TD157D$",
      "SubjectDomainName": "WORKGROUP",
      "SubjectLogonId": "0x3e7",
      "Status": "0x0",
      "ProcessId": "0x179c",
      "ProcessName": "C:\\Windows\\Microsoft.NET\\Framework\\v4.0.30319\\mscorsvw.exe"
    }
  }
}
Record 234269
{
  "Event": {
    "#attributes": {
      "xmlns": "http://schemas.microsoft.com/win/2004/08/events/event"
    },
    "System": {
      "Provider": {
        "#attributes": {
          "Name": "Microsoft-Windows-Security-Auditing",
          "Guid": "54849625-5478-4994-A5BA-3E3B0328C30D"
        }
      },
      "EventID": 4688,
      "Version": 2,
      "Level": 0,
      "Task": 13312,
      "Opcode": 0,
      "Keywords": "0x8020000000000000",
      "TimeCreated": {
        "#attributes": {
          "SystemTime": "2024-09-24T21:06:31.457165Z"
        }
      },
      "EventRecordID": 234269,
      "Correlation": null,
      "Execution": {
        "#attributes": {
          "ProcessID": 4,
          "ThreadID": 5340
        }
      },
      "Channel": "Security",
      "Computer": "EC2AMAZ-0TD157D",
      "Security": null
    },
    "EventData": {
      "SubjectUserSid": "S-1-5-18",
      "SubjectUserName": "EC2AMAZ-0TD157D$",
      "SubjectDomainName": "WORKGROUP",
      "SubjectLogonId": "0x3e7",
      "NewProcessId": "0x11b4",
      "NewProcessName": "C:\\Windows\\Microsoft.NET\\Framework\\v4.0.30319\\mscorsvw.exe",
      "TokenElevationType": "%%1936",
      "ProcessId": "0x900",
      "CommandLine": "C:\\Windows\\Microsoft.NET\\Framework\\v4.0.30319\\mscorsvw.exe -StartupEvent 9b8 -InterruptEvent 0 -NGENProcess 9bc -Pipe 9c4 -Comment \"NGen Worker Process\"",
      "TargetUserSid": "S-1-0-0",
      "TargetUserName": "-",
      "TargetDomainName": "-",
      "TargetLogonId": "0x0",
      "ParentProcessName": "C:\\Windows\\Microsoft.NET\\Framework\\v4.0.30319\\ngen.exe",
      "MandatoryLabel": "S-1-16-16384"
    }
  }
}
Record 234270
{
  "Event": {
    "#attributes": {
      "xmlns": "http://schemas.microsoft.com/win/2004/08/events/event"
    },
    "System": {
      "Provider": {
        "#attributes": {
          "Name": "Microsoft-Windows-Security-Auditing",
          "Guid": "54849625-5478-4994-A5BA-3E3B0328C30D"
        }
      },
      "EventID": 4689,
      "Version": 0,
      "Level": 0,
      "Task": 13313,
      "Opcode": 0,
      "Keywords": "0x8020000000000000",
      "TimeCreated": {
        "#attributes": {
          "SystemTime": "2024-09-24T21:06:31.492265Z"
        }
      },
      "EventRecordID": 234270,
      "Correlation": null,
      "Execution": {
        "#attributes": {
          "ProcessID": 4,
          "ThreadID": 5340
        }
      },
      "Channel": "Security",
      "Computer": "EC2AMAZ-0TD157D",
      "Security": null
    },
    "EventData": {
      "SubjectUserSid": "S-1-5-18",
      "SubjectUserName": "EC2AMAZ-0TD157D$",
      "SubjectDomainName": "WORKGROUP",
      "SubjectLogonId": "0x3e7",
      "Status": "0x0",
      "ProcessId": "0x11b4",
      "ProcessName": "C:\\Windows\\Microsoft.NET\\Framework\\v4.0.30319\\mscorsvw.exe"
    }
  }
}
Record 234271
{
  "Event": {
    "#attributes": {
      "xmlns": "http://schemas.microsoft.com/win/2004/08/events/event"
    },
    "System": {
      "Provider": {
        "#attributes": {
          "Name": "Microsoft-Windows-Security-Auditing",
          "Guid": "54849625-5478-4994-A5BA-3E3B0328C30D"
        }
      },
      "EventID": 4688,
      "Version": 2,
      "Level": 0,
      "Task": 13312,
      "Opcode": 0,
      "Keywords": "0x8020000000000000",
      "TimeCreated": {
        "#attributes": {
          "SystemTime": "2024-09-24T21:06:31.492407Z"
        }
      },
      "EventRecordID": 234271,
      "Correlation": null,
      "Execution": {
        "#attributes": {
          "ProcessID": 4,
          "ThreadID": 5340
        }
      },
      "Channel": "Security",
      "Computer": "EC2AMAZ-0TD157D",
      "Security": null
    },
    "EventData": {
      "SubjectUserSid": "S-1-5-18",
      "SubjectUserName": "EC2AMAZ-0TD157D$",
      "SubjectDomainName": "WORKGROUP",
      "SubjectLogonId": "0x3e7",
      "NewProcessId": "0x5a0",
      "NewProcessName": "C:\\Windows\\Microsoft.NET\\Framework\\v4.0.30319\\mscorsvw.exe",
      "TokenElevationType": "%%1936",
      "ProcessId": "0x900",
      "CommandLine": "C:\\Windows\\Microsoft.NET\\Framework\\v4.0.30319\\mscorsvw.exe -StartupEvent 9bc -InterruptEvent 0 -NGENProcess 9e4 -Pipe 9b8 -Comment \"NGen Worker Process\"",
      "TargetUserSid": "S-1-0-0",
      "TargetUserName": "-",
      "TargetDomainName": "-",
      "TargetLogonId": "0x0",
      "ParentProcessName": "C:\\Windows\\Microsoft.NET\\Framework\\v4.0.30319\\ngen.exe",
      "MandatoryLabel": "S-1-16-16384"
    }
  }
}
Record 234272
{
  "Event": {
    "#attributes": {
      "xmlns": "http://schemas.microsoft.com/win/2004/08/events/event"
    },
    "System": {
      "Provider": {
        "#attributes": {
          "Name": "Microsoft-Windows-Security-Auditing",
          "Guid": "54849625-5478-4994-A5BA-3E3B0328C30D"
        }
      },
      "EventID": 4688,
      "Version": 2,
      "Level": 0,
      "Task": 13312,
      "Opcode": 0,
      "Keywords": "0x8020000000000000",
      "TimeCreated": {
        "#attributes": {
          "SystemTime": "2024-09-24T21:06:31.562599Z"
        }
      },
      "EventRecordID": 234272,
      "Correlation": null,
      "Execution": {
        "#attributes": {
          "ProcessID": 4,
          "ThreadID": 304
        }
      },
      "Channel": "Security",
      "Computer": "EC2AMAZ-0TD157D",
      "Security": null
    },
    "EventData": {
      "SubjectUserSid": "S-1-5-18",
      "SubjectUserName": "EC2AMAZ-0TD157D$",
      "SubjectDomainName": "WORKGROUP",
      "SubjectLogonId": "0x3e7",
      "NewProcessId": "0x1af4",
      "NewProcessName": "C:\\Windows\\Microsoft.NET\\Framework\\v4.0.30319\\mscorsvw.exe",
      "TokenElevationType": "%%1936",
      "ProcessId": "0x900",
      "CommandLine": "C:\\Windows\\Microsoft.NET\\Framework\\v4.0.30319\\mscorsvw.exe -StartupEvent 9a8 -InterruptEvent 0 -NGENProcess 9cc -Pipe 9e4 -Comment \"NGen Worker Process\"",
      "TargetUserSid": "S-1-0-0",
      "TargetUserName": "-",
      "TargetDomainName": "-",
      "TargetLogonId": "0x0",
      "ParentProcessName": "C:\\Windows\\Microsoft.NET\\Framework\\v4.0.30319\\ngen.exe",
      "MandatoryLabel": "S-1-16-16384"
    }
  }
}
Record 234273
{
  "Event": {
    "#attributes": {
      "xmlns": "http://schemas.microsoft.com/win/2004/08/events/event"
    },
    "System": {
      "Provider": {
        "#attributes": {
          "Name": "Microsoft-Windows-Security-Auditing",
          "Guid": "54849625-5478-4994-A5BA-3E3B0328C30D"
        }
      },
      "EventID": 4689,
      "Version": 0,
      "Level": 0,
      "Task": 13313,
      "Opcode": 0,
      "Keywords": "0x8020000000000000",
      "TimeCreated": {
        "#attributes": {
          "SystemTime": "2024-09-24T21:06:31.562988Z"
        }
      },
      "EventRecordID": 234273,
      "Correlation": null,
      "Execution": {
        "#attributes": {
          "ProcessID": 4,
          "ThreadID": 304
        }
      },
      "Channel": "Security",
      "Computer": "EC2AMAZ-0TD157D",
      "Security": null
    },
    "EventData": {
      "SubjectUserSid": "S-1-5-18",
      "SubjectUserName": "EC2AMAZ-0TD157D$",
      "SubjectDomainName": "WORKGROUP",
      "SubjectLogonId": "0x3e7",
      "Status": "0x0",
      "ProcessId": "0x5a0",
      "ProcessName": "C:\\Windows\\Microsoft.NET\\Framework\\v4.0.30319\\mscorsvw.exe"
    }
  }
}
Record 234274
{
  "Event": {
    "#attributes": {
      "xmlns": "http://schemas.microsoft.com/win/2004/08/events/event"
    },
    "System": {
      "Provider": {
        "#attributes": {
          "Name": "Microsoft-Windows-Security-Auditing",
          "Guid": "54849625-5478-4994-A5BA-3E3B0328C30D"
        }
      },
      "EventID": 4688,
      "Version": 2,
      "Level": 0,
      "Task": 13312,
      "Opcode": 0,
      "Keywords": "0x8020000000000000",
      "TimeCreated": {
        "#attributes": {
          "SystemTime": "2024-09-24T21:06:31.602358Z"
        }
      },
      "EventRecordID": 234274,
      "Correlation": null,
      "Execution": {
        "#attributes": {
          "ProcessID": 4,
          "ThreadID": 5340
        }
      },
      "Channel": "Security",
      "Computer": "EC2AMAZ-0TD157D",
      "Security": null
    },
    "EventData": {
      "SubjectUserSid": "S-1-5-18",
      "SubjectUserName": "EC2AMAZ-0TD157D$",
      "SubjectDomainName": "WORKGROUP",
      "SubjectLogonId": "0x3e7",
      "NewProcessId": "0x1b04",
      "NewProcessName": "C:\\Windows\\Microsoft.NET\\Framework\\v4.0.30319\\mscorsvw.exe",
      "TokenElevationType": "%%1936",
      "ProcessId": "0x900",
      "CommandLine": "C:\\Windows\\Microsoft.NET\\Framework\\v4.0.30319\\mscorsvw.exe -StartupEvent 9a8 -InterruptEvent 0 -NGENProcess 9e0 -Pipe 9ec -Comment \"NGen Worker Process\"",
      "TargetUserSid": "S-1-0-0",
      "TargetUserName": "-",
      "TargetDomainName": "-",
      "TargetLogonId": "0x0",
      "ParentProcessName": "C:\\Windows\\Microsoft.NET\\Framework\\v4.0.30319\\ngen.exe",
      "MandatoryLabel": "S-1-16-16384"
    }
  }
}
Record 234275
{
  "Event": {
    "#attributes": {
      "xmlns": "http://schemas.microsoft.com/win/2004/08/events/event"
    },
    "System": {
      "Provider": {
        "#attributes": {
          "Name": "Microsoft-Windows-Security-Auditing",
          "Guid": "54849625-5478-4994-A5BA-3E3B0328C30D"
        }
      },
      "EventID": 4689,
      "Version": 0,
      "Level": 0,
      "Task": 13313,
      "Opcode": 0,
      "Keywords": "0x8020000000000000",
      "TimeCreated": {
        "#attributes": {
          "SystemTime": "2024-09-24T21:06:31.632898Z"
        }
      },
      "EventRecordID": 234275,
      "Correlation": null,
      "Execution": {
        "#attributes": {
          "ProcessID": 4,
          "ThreadID": 236
        }
      },
      "Channel": "Security",
      "Computer": "EC2AMAZ-0TD157D",
      "Security": null
    },
    "EventData": {
      "SubjectUserSid": "S-1-5-18",
      "SubjectUserName": "EC2AMAZ-0TD157D$",
      "SubjectDomainName": "WORKGROUP",
      "SubjectLogonId": "0x3e7",
      "Status": "0x0",
      "ProcessId": "0x1af4",
      "ProcessName": "C:\\Windows\\Microsoft.NET\\Framework\\v4.0.30319\\mscorsvw.exe"
    }
  }
}
Record 234276
{
  "Event": {
    "#attributes": {
      "xmlns": "http://schemas.microsoft.com/win/2004/08/events/event"
    },
    "System": {
      "Provider": {
        "#attributes": {
          "Name": "Microsoft-Windows-Security-Auditing",
          "Guid": "54849625-5478-4994-A5BA-3E3B0328C30D"
        }
      },
      "EventID": 4688,
      "Version": 2,
      "Level": 0,
      "Task": 13312,
      "Opcode": 0,
      "Keywords": "0x8020000000000000",
      "TimeCreated": {
        "#attributes": {
          "SystemTime": "2024-09-24T21:06:31.647303Z"
        }
      },
      "EventRecordID": 234276,
      "Correlation": null,
      "Execution": {
        "#attributes": {
          "ProcessID": 4,
          "ThreadID": 236
        }
      },
      "Channel": "Security",
      "Computer": "EC2AMAZ-0TD157D",
      "Security": null
    },
    "EventData": {
      "SubjectUserSid": "S-1-5-18",
      "SubjectUserName": "EC2AMAZ-0TD157D$",
      "SubjectDomainName": "WORKGROUP",
      "SubjectLogonId": "0x3e7",
      "NewProcessId": "0x60c",
      "NewProcessName": "C:\\Windows\\Microsoft.NET\\Framework\\v4.0.30319\\mscorsvw.exe",
      "TokenElevationType": "%%1936",
      "ProcessId": "0x900",
      "CommandLine": "C:\\Windows\\Microsoft.NET\\Framework\\v4.0.30319\\mscorsvw.exe -StartupEvent 9b0 -InterruptEvent 0 -NGENProcess 9d0 -Pipe 98c -Comment \"NGen Worker Process\"",
      "TargetUserSid": "S-1-0-0",
      "TargetUserName": "-",
      "TargetDomainName": "-",
      "TargetLogonId": "0x0",
      "ParentProcessName": "C:\\Windows\\Microsoft.NET\\Framework\\v4.0.30319\\ngen.exe",
      "MandatoryLabel": "S-1-16-16384"
    }
  }
}
Record 234277
{
  "Event": {
    "#attributes": {
      "xmlns": "http://schemas.microsoft.com/win/2004/08/events/event"
    },
    "System": {
      "Provider": {
        "#attributes": {
          "Name": "Microsoft-Windows-Security-Auditing",
          "Guid": "54849625-5478-4994-A5BA-3E3B0328C30D"
        }
      },
      "EventID": 4689,
      "Version": 0,
      "Level": 0,
      "Task": 13313,
      "Opcode": 0,
      "Keywords": "0x8020000000000000",
      "TimeCreated": {
        "#attributes": {
          "SystemTime": "2024-09-24T21:06:31.647728Z"
        }
      },
      "EventRecordID": 234277,
      "Correlation": null,
      "Execution": {
        "#attributes": {
          "ProcessID": 4,
          "ThreadID": 236
        }
      },
      "Channel": "Security",
      "Computer": "EC2AMAZ-0TD157D",
      "Security": null
    },
    "EventData": {
      "SubjectUserSid": "S-1-5-18",
      "SubjectUserName": "EC2AMAZ-0TD157D$",
      "SubjectDomainName": "WORKGROUP",
      "SubjectLogonId": "0x3e7",
      "Status": "0x0",
      "ProcessId": "0x1b04",
      "ProcessName": "C:\\Windows\\Microsoft.NET\\Framework\\v4.0.30319\\mscorsvw.exe"
    }
  }
}
Record 234278
{
  "Event": {
    "#attributes": {
      "xmlns": "http://schemas.microsoft.com/win/2004/08/events/event"
    },
    "System": {
      "Provider": {
        "#attributes": {
          "Name": "Microsoft-Windows-Security-Auditing",
          "Guid": "54849625-5478-4994-A5BA-3E3B0328C30D"
        }
      },
      "EventID": 4689,
      "Version": 0,
      "Level": 0,
      "Task": 13313,
      "Opcode": 0,
      "Keywords": "0x8020000000000000",
      "TimeCreated": {
        "#attributes": {
          "SystemTime": "2024-09-24T21:06:31.700262Z"
        }
      },
      "EventRecordID": 234278,
      "Correlation": null,
      "Execution": {
        "#attributes": {
          "ProcessID": 4,
          "ThreadID": 5340
        }
      },
      "Channel": "Security",
      "Computer": "EC2AMAZ-0TD157D",
      "Security": null
    },
    "EventData": {
      "SubjectUserSid": "S-1-5-18",
      "SubjectUserName": "EC2AMAZ-0TD157D$",
      "SubjectDomainName": "WORKGROUP",
      "SubjectLogonId": "0x3e7",
      "Status": "0x0",
      "ProcessId": "0x60c",
      "ProcessName": "C:\\Windows\\Microsoft.NET\\Framework\\v4.0.30319\\mscorsvw.exe"
    }
  }
}
Record 234279
{
  "Event": {
    "#attributes": {
      "xmlns": "http://schemas.microsoft.com/win/2004/08/events/event"
    },
    "System": {
      "Provider": {
        "#attributes": {
          "Name": "Microsoft-Windows-Security-Auditing",
          "Guid": "54849625-5478-4994-A5BA-3E3B0328C30D"
        }
      },
      "EventID": 4689,
      "Version": 0,
      "Level": 0,
      "Task": 13313,
      "Opcode": 0,
      "Keywords": "0x8020000000000000",
      "TimeCreated": {
        "#attributes": {
          "SystemTime": "2024-09-24T21:06:31.728019Z"
        }
      },
      "EventRecordID": 234279,
      "Correlation": null,
      "Execution": {
        "#attributes": {
          "ProcessID": 4,
          "ThreadID": 2360
        }
      },
      "Channel": "Security",
      "Computer": "EC2AMAZ-0TD157D",
      "Security": null
    },
    "EventData": {
      "SubjectUserSid": "S-1-5-18",
      "SubjectUserName": "EC2AMAZ-0TD157D$",
      "SubjectDomainName": "WORKGROUP",
      "SubjectLogonId": "0x3e7",
      "Status": "0x0",
      "ProcessId": "0x900",
      "ProcessName": "C:\\Windows\\Microsoft.NET\\Framework\\v4.0.30319\\ngen.exe"
    }
  }
}
Record 234280
{
  "Event": {
    "#attributes": {
      "xmlns": "http://schemas.microsoft.com/win/2004/08/events/event"
    },
    "System": {
      "Provider": {
        "#attributes": {
          "Name": "Microsoft-Windows-Security-Auditing",
          "Guid": "54849625-5478-4994-A5BA-3E3B0328C30D"
        }
      },
      "EventID": 4688,
      "Version": 2,
      "Level": 0,
      "Task": 13312,
      "Opcode": 0,
      "Keywords": "0x8020000000000000",
      "TimeCreated": {
        "#attributes": {
          "SystemTime": "2024-09-24T21:06:31.751656Z"
        }
      },
      "EventRecordID": 234280,
      "Correlation": null,
      "Execution": {
        "#attributes": {
          "ProcessID": 4,
          "ThreadID": 5340
        }
      },
      "Channel": "Security",
      "Computer": "EC2AMAZ-0TD157D",
      "Security": null
    },
    "EventData": {
      "SubjectUserSid": "S-1-5-18",
      "SubjectUserName": "EC2AMAZ-0TD157D$",
      "SubjectDomainName": "WORKGROUP",
      "SubjectLogonId": "0x3e7",
      "NewProcessId": "0x1408",
      "NewProcessName": "C:\\Windows\\Microsoft.NET\\Framework\\v4.0.30319\\ngen.exe",
      "TokenElevationType": "%%1936",
      "ProcessId": "0x1170",
      "CommandLine": "\"C:\\Windows\\Microsoft.NET\\Framework\\v4.0.30319\\ngen.exe\" RemoveTaskBootTrigger /LegacyServiceBehavior",
      "TargetUserSid": "S-1-0-0",
      "TargetUserName": "-",
      "TargetDomainName": "-",
      "TargetLogonId": "0x0",
      "ParentProcessName": "C:\\Windows\\Microsoft.NET\\Framework\\v4.0.30319\\ngentask.exe",
      "MandatoryLabel": "S-1-16-16384"
    }
  }
}
Record 234281
{
  "Event": {
    "#attributes": {
      "xmlns": "http://schemas.microsoft.com/win/2004/08/events/event"
    },
    "System": {
      "Provider": {
        "#attributes": {
          "Name": "Microsoft-Windows-Security-Auditing",
          "Guid": "54849625-5478-4994-A5BA-3E3B0328C30D"
        }
      },
      "EventID": 4689,
      "Version": 0,
      "Level": 0,
      "Task": 13313,
      "Opcode": 0,
      "Keywords": "0x8020000000000000",
      "TimeCreated": {
        "#attributes": {
          "SystemTime": "2024-09-24T21:06:31.825771Z"
        }
      },
      "EventRecordID": 234281,
      "Correlation": null,
      "Execution": {
        "#attributes": {
          "ProcessID": 4,
          "ThreadID": 2360
        }
      },
      "Channel": "Security",
      "Computer": "EC2AMAZ-0TD157D",
      "Security": null
    },
    "EventData": {
      "SubjectUserSid": "S-1-5-18",
      "SubjectUserName": "EC2AMAZ-0TD157D$",
      "SubjectDomainName": "WORKGROUP",
      "SubjectLogonId": "0x3e7",
      "Status": "0x0",
      "ProcessId": "0xa18",
      "ProcessName": "C:\\Windows\\Microsoft.NET\\Framework64\\v4.0.30319\\ngen.exe"
    }
  }
}
Record 234282
{
  "Event": {
    "#attributes": {
      "xmlns": "http://schemas.microsoft.com/win/2004/08/events/event"
    },
    "System": {
      "Provider": {
        "#attributes": {
          "Name": "Microsoft-Windows-Security-Auditing",
          "Guid": "54849625-5478-4994-A5BA-3E3B0328C30D"
        }
      },
      "EventID": 4689,
      "Version": 0,
      "Level": 0,
      "Task": 13313,
      "Opcode": 0,
      "Keywords": "0x8020000000000000",
      "TimeCreated": {
        "#attributes": {
          "SystemTime": "2024-09-24T21:06:31.827773Z"
        }
      },
      "EventRecordID": 234282,
      "Correlation": null,
      "Execution": {
        "#attributes": {
          "ProcessID": 4,
          "ThreadID": 5340
        }
      },
      "Channel": "Security",
      "Computer": "EC2AMAZ-0TD157D",
      "Security": null
    },
    "EventData": {
      "SubjectUserSid": "S-1-5-18",
      "SubjectUserName": "EC2AMAZ-0TD157D$",
      "SubjectDomainName": "WORKGROUP",
      "SubjectLogonId": "0x3e7",
      "Status": "0x0",
      "ProcessId": "0x1408",
      "ProcessName": "C:\\Windows\\Microsoft.NET\\Framework\\v4.0.30319\\ngen.exe"
    }
  }
}
Record 234283
{
  "Event": {
    "#attributes": {
      "xmlns": "http://schemas.microsoft.com/win/2004/08/events/event"
    },
    "System": {
      "Provider": {
        "#attributes": {
          "Name": "Microsoft-Windows-Security-Auditing",
          "Guid": "54849625-5478-4994-A5BA-3E3B0328C30D"
        }
      },
      "EventID": 4689,
      "Version": 0,
      "Level": 0,
      "Task": 13313,
      "Opcode": 0,
      "Keywords": "0x8020000000000000",
      "TimeCreated": {
        "#attributes": {
          "SystemTime": "2024-09-24T21:06:31.851174Z"
        }
      },
      "EventRecordID": 234283,
      "Correlation": null,
      "Execution": {
        "#attributes": {
          "ProcessID": 4,
          "ThreadID": 236
        }
      },
      "Channel": "Security",
      "Computer": "EC2AMAZ-0TD157D",
      "Security": null
    },
    "EventData": {
      "SubjectUserSid": "S-1-5-18",
      "SubjectUserName": "EC2AMAZ-0TD157D$",
      "SubjectDomainName": "WORKGROUP",
      "SubjectLogonId": "0x3e7",
      "Status": "0x800710e0",
      "ProcessId": "0x1170",
      "ProcessName": "C:\\Windows\\Microsoft.NET\\Framework\\v4.0.30319\\ngentask.exe"
    }
  }
}
Record 234284
{
  "Event": {
    "#attributes": {
      "xmlns": "http://schemas.microsoft.com/win/2004/08/events/event"
    },
    "System": {
      "Provider": {
        "#attributes": {
          "Name": "Microsoft-Windows-Security-Auditing",
          "Guid": "54849625-5478-4994-A5BA-3E3B0328C30D"
        }
      },
      "EventID": 4689,
      "Version": 0,
      "Level": 0,
      "Task": 13313,
      "Opcode": 0,
      "Keywords": "0x8020000000000000",
      "TimeCreated": {
        "#attributes": {
          "SystemTime": "2024-09-24T21:06:31.860124Z"
        }
      },
      "EventRecordID": 234284,
      "Correlation": null,
      "Execution": {
        "#attributes": {
          "ProcessID": 4,
          "ThreadID": 236
        }
      },
      "Channel": "Security",
      "Computer": "EC2AMAZ-0TD157D",
      "Security": null
    },
    "EventData": {
      "SubjectUserSid": "S-1-5-18",
      "SubjectUserName": "EC2AMAZ-0TD157D$",
      "SubjectDomainName": "WORKGROUP",
      "SubjectLogonId": "0x3e7",
      "Status": "0x0",
      "ProcessId": "0x288",
      "ProcessName": "C:\\Windows\\System32\\conhost.exe"
    }
  }
}
Record 234285
{
  "Event": {
    "#attributes": {
      "xmlns": "http://schemas.microsoft.com/win/2004/08/events/event"
    },
    "System": {
      "Provider": {
        "#attributes": {
          "Name": "Microsoft-Windows-Security-Auditing",
          "Guid": "54849625-5478-4994-A5BA-3E3B0328C30D"
        }
      },
      "EventID": 4689,
      "Version": 0,
      "Level": 0,
      "Task": 13313,
      "Opcode": 0,
      "Keywords": "0x8020000000000000",
      "TimeCreated": {
        "#attributes": {
          "SystemTime": "2024-09-24T21:06:31.899612Z"
        }
      },
      "EventRecordID": 234285,
      "Correlation": null,
      "Execution": {
        "#attributes": {
          "ProcessID": 4,
          "ThreadID": 236
        }
      },
      "Channel": "Security",
      "Computer": "EC2AMAZ-0TD157D",
      "Security": null
    },
    "EventData": {
      "SubjectUserSid": "S-1-5-18",
      "SubjectUserName": "EC2AMAZ-0TD157D$",
      "SubjectDomainName": "WORKGROUP",
      "SubjectLogonId": "0x3e7",
      "Status": "0x0",
      "ProcessId": "0x1808",
      "ProcessName": "C:\\Windows\\Microsoft.NET\\Framework64\\v4.0.30319\\ngentask.exe"
    }
  }
}
Record 234286
{
  "Event": {
    "#attributes": {
      "xmlns": "http://schemas.microsoft.com/win/2004/08/events/event"
    },
    "System": {
      "Provider": {
        "#attributes": {
          "Name": "Microsoft-Windows-Security-Auditing",
          "Guid": "54849625-5478-4994-A5BA-3E3B0328C30D"
        }
      },
      "EventID": 4689,
      "Version": 0,
      "Level": 0,
      "Task": 13313,
      "Opcode": 0,
      "Keywords": "0x8020000000000000",
      "TimeCreated": {
        "#attributes": {
          "SystemTime": "2024-09-24T21:06:31.900988Z"
        }
      },
      "EventRecordID": 234286,
      "Correlation": null,
      "Execution": {
        "#attributes": {
          "ProcessID": 4,
          "ThreadID": 236
        }
      },
      "Channel": "Security",
      "Computer": "EC2AMAZ-0TD157D",
      "Security": null
    },
    "EventData": {
      "SubjectUserSid": "S-1-5-18",
      "SubjectUserName": "EC2AMAZ-0TD157D$",
      "SubjectDomainName": "WORKGROUP",
      "SubjectLogonId": "0x3e7",
      "Status": "0x0",
      "ProcessId": "0x1510",
      "ProcessName": "C:\\Windows\\System32\\conhost.exe"
    }
  }
}
Record 234287
{
  "Event": {
    "#attributes": {
      "xmlns": "http://schemas.microsoft.com/win/2004/08/events/event"
    },
    "System": {
      "Provider": {
        "#attributes": {
          "Name": "Microsoft-Windows-Security-Auditing",
          "Guid": "54849625-5478-4994-A5BA-3E3B0328C30D"
        }
      },
      "EventID": 4689,
      "Version": 0,
      "Level": 0,
      "Task": 13313,
      "Opcode": 0,
      "Keywords": "0x8020000000000000",
      "TimeCreated": {
        "#attributes": {
          "SystemTime": "2024-09-24T21:06:31.919928Z"
        }
      },
      "EventRecordID": 234287,
      "Correlation": null,
      "Execution": {
        "#attributes": {
          "ProcessID": 4,
          "ThreadID": 236
        }
      },
      "Channel": "Security",
      "Computer": "EC2AMAZ-0TD157D",
      "Security": null
    },
    "EventData": {
      "SubjectUserSid": "S-1-5-18",
      "SubjectUserName": "EC2AMAZ-0TD157D$",
      "SubjectDomainName": "WORKGROUP",
      "SubjectLogonId": "0x3e7",
      "Status": "0x0",
      "ProcessId": "0xf5c",
      "ProcessName": "C:\\Windows\\System32\\taskhostw.exe"
    }
  }
}
Record 234288
{
  "Event": {
    "#attributes": {
      "xmlns": "http://schemas.microsoft.com/win/2004/08/events/event"
    },
    "System": {
      "Provider": {
        "#attributes": {
          "Name": "Microsoft-Windows-Security-Auditing",
          "Guid": "54849625-5478-4994-A5BA-3E3B0328C30D"
        }
      },
      "EventID": 4688,
      "Version": 2,
      "Level": 0,
      "Task": 13312,
      "Opcode": 0,
      "Keywords": "0x8020000000000000",
      "TimeCreated": {
        "#attributes": {
          "SystemTime": "2024-09-24T21:06:32.837392Z"
        }
      },
      "EventRecordID": 234288,
      "Correlation": null,
      "Execution": {
        "#attributes": {
          "ProcessID": 4,
          "ThreadID": 404
        }
      },
      "Channel": "Security",
      "Computer": "EC2AMAZ-0TD157D",
      "Security": null
    },
    "EventData": {
      "SubjectUserSid": "S-1-5-18",
      "SubjectUserName": "EC2AMAZ-0TD157D$",
      "SubjectDomainName": "WORKGROUP",
      "SubjectLogonId": "0x3e7",
      "NewProcessId": "0x1af8",
      "NewProcessName": "C:\\Windows\\System32\\taskhostw.exe",
      "TokenElevationType": "%%1936",
      "ProcessId": "0x540",
      "CommandLine": "taskhostw.exe /RuntimeWide",
      "TargetUserSid": "S-1-0-0",
      "TargetUserName": "-",
      "TargetDomainName": "-",
      "TargetLogonId": "0x0",
      "ParentProcessName": "C:\\Windows\\System32\\svchost.exe",
      "MandatoryLabel": "S-1-16-16384"
    }
  }
}
