Record 233561
{
  "Event": {
    "#attributes": {
      "xmlns": "http://schemas.microsoft.com/win/2004/08/events/event"
    },
    "System": {
      "Provider": {
        "#attributes": {
          "Name": "Microsoft-Windows-Security-Auditing",
          "Guid": "54849625-5478-4994-A5BA-3E3B0328C30D"
        }
      },
      "EventID": 4689,
      "Version": 0,
      "Level": 0,
      "Task": 13313,
      "Opcode": 0,
      "Keywords": "0x8020000000000000",
      "TimeCreated": {
        "#attributes": {
          "SystemTime": "2024-09-24T21:05:05.852036Z"
        }
      },
      "EventRecordID": 233561,
      "Correlation": null,
      "Execution": {
        "#attributes": {
          "ProcessID": 4,
          "ThreadID": 204
        }
      },
      "Channel": "Security",
      "Computer": "EC2AMAZ-0TD157D",
      "Security": null
    },
    "EventData": {
      "SubjectUserSid": "S-1-5-18",
      "SubjectUserName": "EC2AMAZ-0TD157D$",
      "SubjectDomainName": "WORKGROUP",
      "SubjectLogonId": "0x3e7",
      "Status": "0x0",
      "ProcessId": "0x9a8",
      "ProcessName": "C:\\Windows\\SysWOW64\\wevtutil.exe"
    }
  }
}
Record 233562
{
  "Event": {
    "#attributes": {
      "xmlns": "http://schemas.microsoft.com/win/2004/08/events/event"
    },
    "System": {
      "Provider": {
        "#attributes": {
          "Name": "Microsoft-Windows-Security-Auditing",
          "Guid": "54849625-5478-4994-A5BA-3E3B0328C30D"
        }
      },
      "EventID": 4688,
      "Version": 2,
      "Level": 0,
      "Task": 13312,
      "Opcode": 0,
      "Keywords": "0x8020000000000000",
      "TimeCreated": {
        "#attributes": {
          "SystemTime": "2024-09-24T21:05:05.855486Z"
        }
      },
      "EventRecordID": 233562,
      "Correlation": null,
      "Execution": {
        "#attributes": {
          "ProcessID": 4,
          "ThreadID": 404
        }
      },
      "Channel": "Security",
      "Computer": "EC2AMAZ-0TD157D",
      "Security": null
    },
    "EventData": {
      "SubjectUserSid": "S-1-5-18",
      "SubjectUserName": "EC2AMAZ-0TD157D$",
      "SubjectDomainName": "WORKGROUP",
      "SubjectLogonId": "0x3e7",
      "NewProcessId": "0x1a98",
      "NewProcessName": "C:\\Windows\\SysWOW64\\wevtutil.exe",
      "TokenElevationType": "%%1936",
      "ProcessId": "0x18c8",
      "CommandLine": "\"C:\\Windows\\system32\\wevtutil.exe\" cl muxencode",
      "TargetUserSid": "S-1-0-0",
      "TargetUserName": "-",
      "TargetDomainName": "-",
      "TargetLogonId": "0x0",
      "ParentProcessName": "C:\\Windows\\SysWOW64\\WindowsPowerShell\\v1.0\\powershell.exe",
      "MandatoryLabel": "S-1-16-16384"
    }
  }
}
Record 233563
{
  "Event": {
    "#attributes": {
      "xmlns": "http://schemas.microsoft.com/win/2004/08/events/event"
    },
    "System": {
      "Provider": {
        "#attributes": {
          "Name": "Microsoft-Windows-Security-Auditing",
          "Guid": "54849625-5478-4994-A5BA-3E3B0328C30D"
        }
      },
      "EventID": 4703,
      "Version": 0,
      "Level": 0,
      "Task": 13317,
      "Opcode": 0,
      "Keywords": "0x8020000000000000",
      "TimeCreated": {
        "#attributes": {
          "SystemTime": "2024-09-24T21:05:05.867431Z"
        }
      },
      "EventRecordID": 233563,
      "Correlation": null,
      "Execution": {
        "#attributes": {
          "ProcessID": 4,
          "ThreadID": 404
        }
      },
      "Channel": "Security",
      "Computer": "EC2AMAZ-0TD157D",
      "Security": null
    },
    "EventData": {
      "SubjectUserSid": "S-1-5-18",
      "SubjectUserName": "EC2AMAZ-0TD157D$",
      "SubjectDomainName": "WORKGROUP",
      "SubjectLogonId": "0x3e7",
      "TargetUserSid": "S-1-0-0",
      "TargetUserName": "EC2AMAZ-0TD157D$",
      "TargetDomainName": "WORKGROUP",
      "TargetLogonId": "0x3e7",
      "ProcessName": "C:\\Windows\\SysWOW64\\wevtutil.exe",
      "ProcessId": "0x1a98",
      "EnabledPrivilegeList": "SeSecurityPrivilege",
      "DisabledPrivilegeList": "-"
    }
  }
}
Record 233564
{
  "Event": {
    "#attributes": {
      "xmlns": "http://schemas.microsoft.com/win/2004/08/events/event"
    },
    "System": {
      "Provider": {
        "#attributes": {
          "Name": "Microsoft-Windows-Security-Auditing",
          "Guid": "54849625-5478-4994-A5BA-3E3B0328C30D"
        }
      },
      "EventID": 4703,
      "Version": 0,
      "Level": 0,
      "Task": 13317,
      "Opcode": 0,
      "Keywords": "0x8020000000000000",
      "TimeCreated": {
        "#attributes": {
          "SystemTime": "2024-09-24T21:05:05.867437Z"
        }
      },
      "EventRecordID": 233564,
      "Correlation": null,
      "Execution": {
        "#attributes": {
          "ProcessID": 4,
          "ThreadID": 404
        }
      },
      "Channel": "Security",
      "Computer": "EC2AMAZ-0TD157D",
      "Security": null
    },
    "EventData": {
      "SubjectUserSid": "S-1-5-18",
      "SubjectUserName": "EC2AMAZ-0TD157D$",
      "SubjectDomainName": "WORKGROUP",
      "SubjectLogonId": "0x3e7",
      "TargetUserSid": "S-1-0-0",
      "TargetUserName": "EC2AMAZ-0TD157D$",
      "TargetDomainName": "WORKGROUP",
      "TargetLogonId": "0x3e7",
      "ProcessName": "C:\\Windows\\SysWOW64\\wevtutil.exe",
      "ProcessId": "0x1a98",
      "EnabledPrivilegeList": "SeBackupPrivilege",
      "DisabledPrivilegeList": "-"
    }
  }
}
Record 233565
{
  "Event": {
    "#attributes": {
      "xmlns": "http://schemas.microsoft.com/win/2004/08/events/event"
    },
    "System": {
      "Provider": {
        "#attributes": {
          "Name": "Microsoft-Windows-Security-Auditing",
          "Guid": "54849625-5478-4994-A5BA-3E3B0328C30D"
        }
      },
      "EventID": 4703,
      "Version": 0,
      "Level": 0,
      "Task": 13317,
      "Opcode": 0,
      "Keywords": "0x8020000000000000",
      "TimeCreated": {
        "#attributes": {
          "SystemTime": "2024-09-24T21:05:05.870625Z"
        }
      },
      "EventRecordID": 233565,
      "Correlation": null,
      "Execution": {
        "#attributes": {
          "ProcessID": 4,
          "ThreadID": 404
        }
      },
      "Channel": "Security",
      "Computer": "EC2AMAZ-0TD157D",
      "Security": null
    },
    "EventData": {
      "SubjectUserSid": "S-1-5-18",
      "SubjectUserName": "EC2AMAZ-0TD157D$",
      "SubjectDomainName": "WORKGROUP",
      "SubjectLogonId": "0x3e7",
      "TargetUserSid": "S-1-0-0",
      "TargetUserName": "EC2AMAZ-0TD157D$",
      "TargetDomainName": "WORKGROUP",
      "TargetLogonId": "0x3e7",
      "ProcessName": "C:\\Windows\\SysWOW64\\wevtutil.exe",
      "ProcessId": "0x1a98",
      "EnabledPrivilegeList": "-",
      "DisabledPrivilegeList": "SeBackupPrivilege"
    }
  }
}
Record 233566
{
  "Event": {
    "#attributes": {
      "xmlns": "http://schemas.microsoft.com/win/2004/08/events/event"
    },
    "System": {
      "Provider": {
        "#attributes": {
          "Name": "Microsoft-Windows-Security-Auditing",
          "Guid": "54849625-5478-4994-A5BA-3E3B0328C30D"
        }
      },
      "EventID": 4703,
      "Version": 0,
      "Level": 0,
      "Task": 13317,
      "Opcode": 0,
      "Keywords": "0x8020000000000000",
      "TimeCreated": {
        "#attributes": {
          "SystemTime": "2024-09-24T21:05:05.870646Z"
        }
      },
      "EventRecordID": 233566,
      "Correlation": null,
      "Execution": {
        "#attributes": {
          "ProcessID": 4,
          "ThreadID": 404
        }
      },
      "Channel": "Security",
      "Computer": "EC2AMAZ-0TD157D",
      "Security": null
    },
    "EventData": {
      "SubjectUserSid": "S-1-5-18",
      "SubjectUserName": "EC2AMAZ-0TD157D$",
      "SubjectDomainName": "WORKGROUP",
      "SubjectLogonId": "0x3e7",
      "TargetUserSid": "S-1-0-0",
      "TargetUserName": "EC2AMAZ-0TD157D$",
      "TargetDomainName": "WORKGROUP",
      "TargetLogonId": "0x3e7",
      "ProcessName": "C:\\Windows\\SysWOW64\\wevtutil.exe",
      "ProcessId": "0x1a98",
      "EnabledPrivilegeList": "-",
      "DisabledPrivilegeList": "SeSecurityPrivilege"
    }
  }
}
Record 233567
{
  "Event": {
    "#attributes": {
      "xmlns": "http://schemas.microsoft.com/win/2004/08/events/event"
    },
    "System": {
      "Provider": {
        "#attributes": {
          "Name": "Microsoft-Windows-Security-Auditing",
          "Guid": "54849625-5478-4994-A5BA-3E3B0328C30D"
        }
      },
      "EventID": 4689,
      "Version": 0,
      "Level": 0,
      "Task": 13313,
      "Opcode": 0,
      "Keywords": "0x8020000000000000",
      "TimeCreated": {
        "#attributes": {
          "SystemTime": "2024-09-24T21:05:05.871718Z"
        }
      },
      "EventRecordID": 233567,
      "Correlation": null,
      "Execution": {
        "#attributes": {
          "ProcessID": 4,
          "ThreadID": 404
        }
      },
      "Channel": "Security",
      "Computer": "EC2AMAZ-0TD157D",
      "Security": null
    },
    "EventData": {
      "SubjectUserSid": "S-1-5-18",
      "SubjectUserName": "EC2AMAZ-0TD157D$",
      "SubjectDomainName": "WORKGROUP",
      "SubjectLogonId": "0x3e7",
      "Status": "0x0",
      "ProcessId": "0x1a98",
      "ProcessName": "C:\\Windows\\SysWOW64\\wevtutil.exe"
    }
  }
}
Record 233568
{
  "Event": {
    "#attributes": {
      "xmlns": "http://schemas.microsoft.com/win/2004/08/events/event"
    },
    "System": {
      "Provider": {
        "#attributes": {
          "Name": "Microsoft-Windows-Security-Auditing",
          "Guid": "54849625-5478-4994-A5BA-3E3B0328C30D"
        }
      },
      "EventID": 4688,
      "Version": 2,
      "Level": 0,
      "Task": 13312,
      "Opcode": 0,
      "Keywords": "0x8020000000000000",
      "TimeCreated": {
        "#attributes": {
          "SystemTime": "2024-09-24T21:05:15.726379Z"
        }
      },
      "EventRecordID": 233568,
      "Correlation": null,
      "Execution": {
        "#attributes": {
          "ProcessID": 4,
          "ThreadID": 204
        }
      },
      "Channel": "Security",
      "Computer": "EC2AMAZ-0TD157D",
      "Security": null
    },
    "EventData": {
      "SubjectUserSid": "S-1-5-18",
      "SubjectUserName": "EC2AMAZ-0TD157D$",
      "SubjectDomainName": "WORKGROUP",
      "SubjectLogonId": "0x3e7",
      "NewProcessId": "0xe90",
      "NewProcessName": "C:\\Windows\\Microsoft.NET\\Framework\\v4.0.30319\\mscorsvw.exe",
      "TokenElevationType": "%%1936",
      "ProcessId": "0x900",
      "CommandLine": "C:\\Windows\\Microsoft.NET\\Framework\\v4.0.30319\\mscorsvw.exe -StartupEvent 554 -InterruptEvent 0 -NGENProcess 654 -Pipe 660 -Comment \"NGen Worker Process\"",
      "TargetUserSid": "S-1-0-0",
      "TargetUserName": "-",
      "TargetDomainName": "-",
      "TargetLogonId": "0x0",
      "ParentProcessName": "C:\\Windows\\Microsoft.NET\\Framework\\v4.0.30319\\ngen.exe",
      "MandatoryLabel": "S-1-16-16384"
    }
  }
}
Record 233569
{
  "Event": {
    "#attributes": {
      "xmlns": "http://schemas.microsoft.com/win/2004/08/events/event"
    },
    "System": {
      "Provider": {
        "#attributes": {
          "Name": "Microsoft-Windows-Security-Auditing",
          "Guid": "54849625-5478-4994-A5BA-3E3B0328C30D"
        }
      },
      "EventID": 4689,
      "Version": 0,
      "Level": 0,
      "Task": 13313,
      "Opcode": 0,
      "Keywords": "0x8020000000000000",
      "TimeCreated": {
        "#attributes": {
          "SystemTime": "2024-09-24T21:05:15.764813Z"
        }
      },
      "EventRecordID": 233569,
      "Correlation": null,
      "Execution": {
        "#attributes": {
          "ProcessID": 4,
          "ThreadID": 304
        }
      },
      "Channel": "Security",
      "Computer": "EC2AMAZ-0TD157D",
      "Security": null
    },
    "EventData": {
      "SubjectUserSid": "S-1-5-18",
      "SubjectUserName": "EC2AMAZ-0TD157D$",
      "SubjectDomainName": "WORKGROUP",
      "SubjectLogonId": "0x3e7",
      "Status": "0x0",
      "ProcessId": "0x1608",
      "ProcessName": "C:\\Windows\\Microsoft.NET\\Framework\\v4.0.30319\\mscorsvw.exe"
    }
  }
}
Record 233570
{
  "Event": {
    "#attributes": {
      "xmlns": "http://schemas.microsoft.com/win/2004/08/events/event"
    },
    "System": {
      "Provider": {
        "#attributes": {
          "Name": "Microsoft-Windows-Security-Auditing",
          "Guid": "54849625-5478-4994-A5BA-3E3B0328C30D"
        }
      },
      "EventID": 4688,
      "Version": 2,
      "Level": 0,
      "Task": 13312,
      "Opcode": 0,
      "Keywords": "0x8020000000000000",
      "TimeCreated": {
        "#attributes": {
          "SystemTime": "2024-09-24T21:05:15.855735Z"
        }
      },
      "EventRecordID": 233570,
      "Correlation": null,
      "Execution": {
        "#attributes": {
          "ProcessID": 4,
          "ThreadID": 204
        }
      },
      "Channel": "Security",
      "Computer": "EC2AMAZ-0TD157D",
      "Security": null
    },
    "EventData": {
      "SubjectUserSid": "S-1-5-18",
      "SubjectUserName": "EC2AMAZ-0TD157D$",
      "SubjectDomainName": "WORKGROUP",
      "SubjectLogonId": "0x3e7",
      "NewProcessId": "0x185c",
      "NewProcessName": "C:\\Windows\\Microsoft.NET\\Framework\\v4.0.30319\\mscorsvw.exe",
      "TokenElevationType": "%%1936",
      "ProcessId": "0x900",
      "CommandLine": "C:\\Windows\\Microsoft.NET\\Framework\\v4.0.30319\\mscorsvw.exe -StartupEvent 644 -InterruptEvent 0 -NGENProcess 65c -Pipe 650 -Comment \"NGen Worker Process\"",
      "TargetUserSid": "S-1-0-0",
      "TargetUserName": "-",
      "TargetDomainName": "-",
      "TargetLogonId": "0x0",
      "ParentProcessName": "C:\\Windows\\Microsoft.NET\\Framework\\v4.0.30319\\ngen.exe",
      "MandatoryLabel": "S-1-16-16384"
    }
  }
}
Record 233571
{
  "Event": {
    "#attributes": {
      "xmlns": "http://schemas.microsoft.com/win/2004/08/events/event"
    },
    "System": {
      "Provider": {
        "#attributes": {
          "Name": "Microsoft-Windows-Security-Auditing",
          "Guid": "54849625-5478-4994-A5BA-3E3B0328C30D"
        }
      },
      "EventID": 4689,
      "Version": 0,
      "Level": 0,
      "Task": 13313,
      "Opcode": 0,
      "Keywords": "0x8020000000000000",
      "TimeCreated": {
        "#attributes": {
          "SystemTime": "2024-09-24T21:05:15.858419Z"
        }
      },
      "EventRecordID": 233571,
      "Correlation": null,
      "Execution": {
        "#attributes": {
          "ProcessID": 4,
          "ThreadID": 236
        }
      },
      "Channel": "Security",
      "Computer": "EC2AMAZ-0TD157D",
      "Security": null
    },
    "EventData": {
      "SubjectUserSid": "S-1-5-18",
      "SubjectUserName": "EC2AMAZ-0TD157D$",
      "SubjectDomainName": "WORKGROUP",
      "SubjectLogonId": "0x3e7",
      "Status": "0x0",
      "ProcessId": "0xe90",
      "ProcessName": "C:\\Windows\\Microsoft.NET\\Framework\\v4.0.30319\\mscorsvw.exe"
    }
  }
}
Record 233572
{
  "Event": {
    "#attributes": {
      "xmlns": "http://schemas.microsoft.com/win/2004/08/events/event"
    },
    "System": {
      "Provider": {
        "#attributes": {
          "Name": "Microsoft-Windows-Security-Auditing",
          "Guid": "54849625-5478-4994-A5BA-3E3B0328C30D"
        }
      },
      "EventID": 4689,
      "Version": 0,
      "Level": 0,
      "Task": 13313,
      "Opcode": 0,
      "Keywords": "0x8020000000000000",
      "TimeCreated": {
        "#attributes": {
          "SystemTime": "2024-09-24T21:05:16.258693Z"
        }
      },
      "EventRecordID": 233572,
      "Correlation": null,
      "Execution": {
        "#attributes": {
          "ProcessID": 4,
          "ThreadID": 204
        }
      },
      "Channel": "Security",
      "Computer": "EC2AMAZ-0TD157D",
      "Security": null
    },
    "EventData": {
      "SubjectUserSid": "S-1-5-18",
      "SubjectUserName": "EC2AMAZ-0TD157D$",
      "SubjectDomainName": "WORKGROUP",
      "SubjectLogonId": "0x3e7",
      "Status": "0x0",
      "ProcessId": "0x185c",
      "ProcessName": "C:\\Windows\\Microsoft.NET\\Framework\\v4.0.30319\\mscorsvw.exe"
    }
  }
}
Record 233573
{
  "Event": {
    "#attributes": {
      "xmlns": "http://schemas.microsoft.com/win/2004/08/events/event"
    },
    "System": {
      "Provider": {
        "#attributes": {
          "Name": "Microsoft-Windows-Security-Auditing",
          "Guid": "54849625-5478-4994-A5BA-3E3B0328C30D"
        }
      },
      "EventID": 4688,
      "Version": 2,
      "Level": 0,
      "Task": 13312,
      "Opcode": 0,
      "Keywords": "0x8020000000000000",
      "TimeCreated": {
        "#attributes": {
          "SystemTime": "2024-09-24T21:05:16.259316Z"
        }
      },
      "EventRecordID": 233573,
      "Correlation": null,
      "Execution": {
        "#attributes": {
          "ProcessID": 4,
          "ThreadID": 204
        }
      },
      "Channel": "Security",
      "Computer": "EC2AMAZ-0TD157D",
      "Security": null
    },
    "EventData": {
      "SubjectUserSid": "S-1-5-18",
      "SubjectUserName": "EC2AMAZ-0TD157D$",
      "SubjectDomainName": "WORKGROUP",
      "SubjectLogonId": "0x3e7",
      "NewProcessId": "0xe84",
      "NewProcessName": "C:\\Windows\\Microsoft.NET\\Framework\\v4.0.30319\\mscorsvw.exe",
      "TokenElevationType": "%%1936",
      "ProcessId": "0x900",
      "CommandLine": "C:\\Windows\\Microsoft.NET\\Framework\\v4.0.30319\\mscorsvw.exe -StartupEvent 66c -InterruptEvent 0 -NGENProcess 628 -Pipe 630 -Comment \"NGen Worker Process\"",
      "TargetUserSid": "S-1-0-0",
      "TargetUserName": "-",
      "TargetDomainName": "-",
      "TargetLogonId": "0x0",
      "ParentProcessName": "C:\\Windows\\Microsoft.NET\\Framework\\v4.0.30319\\ngen.exe",
      "MandatoryLabel": "S-1-16-16384"
    }
  }
}
Record 233574
{
  "Event": {
    "#attributes": {
      "xmlns": "http://schemas.microsoft.com/win/2004/08/events/event"
    },
    "System": {
      "Provider": {
        "#attributes": {
          "Name": "Microsoft-Windows-Security-Auditing",
          "Guid": "54849625-5478-4994-A5BA-3E3B0328C30D"
        }
      },
      "EventID": 4688,
      "Version": 2,
      "Level": 0,
      "Task": 13312,
      "Opcode": 0,
      "Keywords": "0x8020000000000000",
      "TimeCreated": {
        "#attributes": {
          "SystemTime": "2024-09-24T21:05:16.479733Z"
        }
      },
      "EventRecordID": 233574,
      "Correlation": null,
      "Execution": {
        "#attributes": {
          "ProcessID": 4,
          "ThreadID": 204
        }
      },
      "Channel": "Security",
      "Computer": "EC2AMAZ-0TD157D",
      "Security": null
    },
    "EventData": {
      "SubjectUserSid": "S-1-5-18",
      "SubjectUserName": "EC2AMAZ-0TD157D$",
      "SubjectDomainName": "WORKGROUP",
      "SubjectLogonId": "0x3e7",
      "NewProcessId": "0x113c",
      "NewProcessName": "C:\\Windows\\Microsoft.NET\\Framework\\v4.0.30319\\mscorsvw.exe",
      "TokenElevationType": "%%1936",
      "ProcessId": "0x900",
      "CommandLine": "C:\\Windows\\Microsoft.NET\\Framework\\v4.0.30319\\mscorsvw.exe -StartupEvent 554 -InterruptEvent 0 -NGENProcess 668 -Pipe 654 -Comment \"NGen Worker Process\"",
      "TargetUserSid": "S-1-0-0",
      "TargetUserName": "-",
      "TargetDomainName": "-",
      "TargetLogonId": "0x0",
      "ParentProcessName": "C:\\Windows\\Microsoft.NET\\Framework\\v4.0.30319\\ngen.exe",
      "MandatoryLabel": "S-1-16-16384"
    }
  }
}
Record 233575
{
  "Event": {
    "#attributes": {
      "xmlns": "http://schemas.microsoft.com/win/2004/08/events/event"
    },
    "System": {
      "Provider": {
        "#attributes": {
          "Name": "Microsoft-Windows-Security-Auditing",
          "Guid": "54849625-5478-4994-A5BA-3E3B0328C30D"
        }
      },
      "EventID": 4689,
      "Version": 0,
      "Level": 0,
      "Task": 13313,
      "Opcode": 0,
      "Keywords": "0x8020000000000000",
      "TimeCreated": {
        "#attributes": {
          "SystemTime": "2024-09-24T21:05:16.487757Z"
        }
      },
      "EventRecordID": 233575,
      "Correlation": null,
      "Execution": {
        "#attributes": {
          "ProcessID": 4,
          "ThreadID": 204
        }
      },
      "Channel": "Security",
      "Computer": "EC2AMAZ-0TD157D",
      "Security": null
    },
    "EventData": {
      "SubjectUserSid": "S-1-5-18",
      "SubjectUserName": "EC2AMAZ-0TD157D$",
      "SubjectDomainName": "WORKGROUP",
      "SubjectLogonId": "0x3e7",
      "Status": "0x0",
      "ProcessId": "0xe84",
      "ProcessName": "C:\\Windows\\Microsoft.NET\\Framework\\v4.0.30319\\mscorsvw.exe"
    }
  }
}
Record 233576
{
  "Event": {
    "#attributes": {
      "xmlns": "http://schemas.microsoft.com/win/2004/08/events/event"
    },
    "System": {
      "Provider": {
        "#attributes": {
          "Name": "Microsoft-Windows-Security-Auditing",
          "Guid": "54849625-5478-4994-A5BA-3E3B0328C30D"
        }
      },
      "EventID": 4688,
      "Version": 2,
      "Level": 0,
      "Task": 13312,
      "Opcode": 0,
      "Keywords": "0x8020000000000000",
      "TimeCreated": {
        "#attributes": {
          "SystemTime": "2024-09-24T21:05:17.063960Z"
        }
      },
      "EventRecordID": 233576,
      "Correlation": null,
      "Execution": {
        "#attributes": {
          "ProcessID": 4,
          "ThreadID": 204
        }
      },
      "Channel": "Security",
      "Computer": "EC2AMAZ-0TD157D",
      "Security": null
    },
    "EventData": {
      "SubjectUserSid": "S-1-5-18",
      "SubjectUserName": "EC2AMAZ-0TD157D$",
      "SubjectDomainName": "WORKGROUP",
      "SubjectLogonId": "0x3e7",
      "NewProcessId": "0xbf8",
      "NewProcessName": "C:\\Windows\\Microsoft.NET\\Framework\\v4.0.30319\\mscorsvw.exe",
      "TokenElevationType": "%%1936",
      "ProcessId": "0x900",
      "CommandLine": "C:\\Windows\\Microsoft.NET\\Framework\\v4.0.30319\\mscorsvw.exe -StartupEvent 644 -InterruptEvent 0 -NGENProcess 51c -Pipe 554 -Comment \"NGen Worker Process\"",
      "TargetUserSid": "S-1-0-0",
      "TargetUserName": "-",
      "TargetDomainName": "-",
      "TargetLogonId": "0x0",
      "ParentProcessName": "C:\\Windows\\Microsoft.NET\\Framework\\v4.0.30319\\ngen.exe",
      "MandatoryLabel": "S-1-16-16384"
    }
  }
}
Record 233577
{
  "Event": {
    "#attributes": {
      "xmlns": "http://schemas.microsoft.com/win/2004/08/events/event"
    },
    "System": {
      "Provider": {
        "#attributes": {
          "Name": "Microsoft-Windows-Security-Auditing",
          "Guid": "54849625-5478-4994-A5BA-3E3B0328C30D"
        }
      },
      "EventID": 4689,
      "Version": 0,
      "Level": 0,
      "Task": 13313,
      "Opcode": 0,
      "Keywords": "0x8020000000000000",
      "TimeCreated": {
        "#attributes": {
          "SystemTime": "2024-09-24T21:05:17.066552Z"
        }
      },
      "EventRecordID": 233577,
      "Correlation": null,
      "Execution": {
        "#attributes": {
          "ProcessID": 4,
          "ThreadID": 236
        }
      },
      "Channel": "Security",
      "Computer": "EC2AMAZ-0TD157D",
      "Security": null
    },
    "EventData": {
      "SubjectUserSid": "S-1-5-18",
      "SubjectUserName": "EC2AMAZ-0TD157D$",
      "SubjectDomainName": "WORKGROUP",
      "SubjectLogonId": "0x3e7",
      "Status": "0x0",
      "ProcessId": "0x113c",
      "ProcessName": "C:\\Windows\\Microsoft.NET\\Framework\\v4.0.30319\\mscorsvw.exe"
    }
  }
}
Record 233578
{
  "Event": {
    "#attributes": {
      "xmlns": "http://schemas.microsoft.com/win/2004/08/events/event"
    },
    "System": {
      "Provider": {
        "#attributes": {
          "Name": "Microsoft-Windows-Security-Auditing",
          "Guid": "54849625-5478-4994-A5BA-3E3B0328C30D"
        }
      },
      "EventID": 4688,
      "Version": 2,
      "Level": 0,
      "Task": 13312,
      "Opcode": 0,
      "Keywords": "0x8020000000000000",
      "TimeCreated": {
        "#attributes": {
          "SystemTime": "2024-09-24T21:05:17.155634Z"
        }
      },
      "EventRecordID": 233578,
      "Correlation": null,
      "Execution": {
        "#attributes": {
          "ProcessID": 4,
          "ThreadID": 236
        }
      },
      "Channel": "Security",
      "Computer": "EC2AMAZ-0TD157D",
      "Security": null
    },
    "EventData": {
      "SubjectUserSid": "S-1-5-18",
      "SubjectUserName": "EC2AMAZ-0TD157D$",
      "SubjectDomainName": "WORKGROUP",
      "SubjectLogonId": "0x3e7",
      "NewProcessId": "0x14f0",
      "NewProcessName": "C:\\Windows\\Microsoft.NET\\Framework\\v4.0.30319\\mscorsvw.exe",
      "TokenElevationType": "%%1936",
      "ProcessId": "0x900",
      "CommandLine": "C:\\Windows\\Microsoft.NET\\Framework\\v4.0.30319\\mscorsvw.exe -StartupEvent 66c -InterruptEvent 0 -NGENProcess 644 -Pipe 62c -Comment \"NGen Worker Process\"",
      "TargetUserSid": "S-1-0-0",
      "TargetUserName": "-",
      "TargetDomainName": "-",
      "TargetLogonId": "0x0",
      "ParentProcessName": "C:\\Windows\\Microsoft.NET\\Framework\\v4.0.30319\\ngen.exe",
      "MandatoryLabel": "S-1-16-16384"
    }
  }
}
Record 233579
{
  "Event": {
    "#attributes": {
      "xmlns": "http://schemas.microsoft.com/win/2004/08/events/event"
    },
    "System": {
      "Provider": {
        "#attributes": {
          "Name": "Microsoft-Windows-Security-Auditing",
          "Guid": "54849625-5478-4994-A5BA-3E3B0328C30D"
        }
      },
      "EventID": 4689,
      "Version": 0,
      "Level": 0,
      "Task": 13313,
      "Opcode": 0,
      "Keywords": "0x8020000000000000",
      "TimeCreated": {
        "#attributes": {
          "SystemTime": "2024-09-24T21:05:17.159193Z"
        }
      },
      "EventRecordID": 233579,
      "Correlation": null,
      "Execution": {
        "#attributes": {
          "ProcessID": 4,
          "ThreadID": 2360
        }
      },
      "Channel": "Security",
      "Computer": "EC2AMAZ-0TD157D",
      "Security": null
    },
    "EventData": {
      "SubjectUserSid": "S-1-5-18",
      "SubjectUserName": "EC2AMAZ-0TD157D$",
      "SubjectDomainName": "WORKGROUP",
      "SubjectLogonId": "0x3e7",
      "Status": "0x0",
      "ProcessId": "0xbf8",
      "ProcessName": "C:\\Windows\\Microsoft.NET\\Framework\\v4.0.30319\\mscorsvw.exe"
    }
  }
}
Record 233580
{
  "Event": {
    "#attributes": {
      "xmlns": "http://schemas.microsoft.com/win/2004/08/events/event"
    },
    "System": {
      "Provider": {
        "#attributes": {
          "Name": "Microsoft-Windows-Security-Auditing",
          "Guid": "54849625-5478-4994-A5BA-3E3B0328C30D"
        }
      },
      "EventID": 4688,
      "Version": 2,
      "Level": 0,
      "Task": 13312,
      "Opcode": 0,
      "Keywords": "0x8020000000000000",
      "TimeCreated": {
        "#attributes": {
          "SystemTime": "2024-09-24T21:05:17.550532Z"
        }
      },
      "EventRecordID": 233580,
      "Correlation": null,
      "Execution": {
        "#attributes": {
          "ProcessID": 4,
          "ThreadID": 2360
        }
      },
      "Channel": "Security",
      "Computer": "EC2AMAZ-0TD157D",
      "Security": null
    },
    "EventData": {
      "SubjectUserSid": "S-1-5-18",
      "SubjectUserName": "EC2AMAZ-0TD157D$",
      "SubjectDomainName": "WORKGROUP",
      "SubjectLogonId": "0x3e7",
      "NewProcessId": "0xd14",
      "NewProcessName": "C:\\Windows\\Microsoft.NET\\Framework\\v4.0.30319\\mscorsvw.exe",
      "TokenElevationType": "%%1936",
      "ProcessId": "0x900",
      "CommandLine": "C:\\Windows\\Microsoft.NET\\Framework\\v4.0.30319\\mscorsvw.exe -StartupEvent 51c -InterruptEvent 0 -NGENProcess 604 -Pipe 580 -Comment \"NGen Worker Process\"",
      "TargetUserSid": "S-1-0-0",
      "TargetUserName": "-",
      "TargetDomainName": "-",
      "TargetLogonId": "0x0",
      "ParentProcessName": "C:\\Windows\\Microsoft.NET\\Framework\\v4.0.30319\\ngen.exe",
      "MandatoryLabel": "S-1-16-16384"
    }
  }
}
Record 233581
{
  "Event": {
    "#attributes": {
      "xmlns": "http://schemas.microsoft.com/win/2004/08/events/event"
    },
    "System": {
      "Provider": {
        "#attributes": {
          "Name": "Microsoft-Windows-Security-Auditing",
          "Guid": "54849625-5478-4994-A5BA-3E3B0328C30D"
        }
      },
      "EventID": 4689,
      "Version": 0,
      "Level": 0,
      "Task": 13313,
      "Opcode": 0,
      "Keywords": "0x8020000000000000",
      "TimeCreated": {
        "#attributes": {
          "SystemTime": "2024-09-24T21:05:17.569657Z"
        }
      },
      "EventRecordID": 233581,
      "Correlation": null,
      "Execution": {
        "#attributes": {
          "ProcessID": 4,
          "ThreadID": 2360
        }
      },
      "Channel": "Security",
      "Computer": "EC2AMAZ-0TD157D",
      "Security": null
    },
    "EventData": {
      "SubjectUserSid": "S-1-5-18",
      "SubjectUserName": "EC2AMAZ-0TD157D$",
      "SubjectDomainName": "WORKGROUP",
      "SubjectLogonId": "0x3e7",
      "Status": "0x0",
      "ProcessId": "0x14f0",
      "ProcessName": "C:\\Windows\\Microsoft.NET\\Framework\\v4.0.30319\\mscorsvw.exe"
    }
  }
}
Record 233582
{
  "Event": {
    "#attributes": {
      "xmlns": "http://schemas.microsoft.com/win/2004/08/events/event"
    },
    "System": {
      "Provider": {
        "#attributes": {
          "Name": "Microsoft-Windows-Security-Auditing",
          "Guid": "54849625-5478-4994-A5BA-3E3B0328C30D"
        }
      },
      "EventID": 4688,
      "Version": 2,
      "Level": 0,
      "Task": 13312,
      "Opcode": 0,
      "Keywords": "0x8020000000000000",
      "TimeCreated": {
        "#attributes": {
          "SystemTime": "2024-09-24T21:05:17.695479Z"
        }
      },
      "EventRecordID": 233582,
      "Correlation": null,
      "Execution": {
        "#attributes": {
          "ProcessID": 4,
          "ThreadID": 236
        }
      },
      "Channel": "Security",
      "Computer": "EC2AMAZ-0TD157D",
      "Security": null
    },
    "EventData": {
      "SubjectUserSid": "S-1-5-18",
      "SubjectUserName": "EC2AMAZ-0TD157D$",
      "SubjectDomainName": "WORKGROUP",
      "SubjectLogonId": "0x3e7",
      "NewProcessId": "0x1a80",
      "NewProcessName": "C:\\Windows\\Microsoft.NET\\Framework\\v4.0.30319\\mscorsvw.exe",
      "TokenElevationType": "%%1936",
      "ProcessId": "0x900",
      "CommandLine": "C:\\Windows\\Microsoft.NET\\Framework\\v4.0.30319\\mscorsvw.exe -StartupEvent 51c -InterruptEvent 0 -NGENProcess 528 -Pipe 65c -Comment \"NGen Worker Process\"",
      "TargetUserSid": "S-1-0-0",
      "TargetUserName": "-",
      "TargetDomainName": "-",
      "TargetLogonId": "0x0",
      "ParentProcessName": "C:\\Windows\\Microsoft.NET\\Framework\\v4.0.30319\\ngen.exe",
      "MandatoryLabel": "S-1-16-16384"
    }
  }
}
Record 233583
{
  "Event": {
    "#attributes": {
      "xmlns": "http://schemas.microsoft.com/win/2004/08/events/event"
    },
    "System": {
      "Provider": {
        "#attributes": {
          "Name": "Microsoft-Windows-Security-Auditing",
          "Guid": "54849625-5478-4994-A5BA-3E3B0328C30D"
        }
      },
      "EventID": 4689,
      "Version": 0,
      "Level": 0,
      "Task": 13313,
      "Opcode": 0,
      "Keywords": "0x8020000000000000",
      "TimeCreated": {
        "#attributes": {
          "SystemTime": "2024-09-24T21:05:17.700092Z"
        }
      },
      "EventRecordID": 233583,
      "Correlation": null,
      "Execution": {
        "#attributes": {
          "ProcessID": 4,
          "ThreadID": 2360
        }
      },
      "Channel": "Security",
      "Computer": "EC2AMAZ-0TD157D",
      "Security": null
    },
    "EventData": {
      "SubjectUserSid": "S-1-5-18",
      "SubjectUserName": "EC2AMAZ-0TD157D$",
      "SubjectDomainName": "WORKGROUP",
      "SubjectLogonId": "0x3e7",
      "Status": "0x0",
      "ProcessId": "0xd14",
      "ProcessName": "C:\\Windows\\Microsoft.NET\\Framework\\v4.0.30319\\mscorsvw.exe"
    }
  }
}
Record 233584
{
  "Event": {
    "#attributes": {
      "xmlns": "http://schemas.microsoft.com/win/2004/08/events/event"
    },
    "System": {
      "Provider": {
        "#attributes": {
          "Name": "Microsoft-Windows-Security-Auditing",
          "Guid": "54849625-5478-4994-A5BA-3E3B0328C30D"
        }
      },
      "EventID": 4688,
      "Version": 2,
      "Level": 0,
      "Task": 13312,
      "Opcode": 0,
      "Keywords": "0x8020000000000000",
      "TimeCreated": {
        "#attributes": {
          "SystemTime": "2024-09-24T21:05:17.819819Z"
        }
      },
      "EventRecordID": 233584,
      "Correlation": null,
      "Execution": {
        "#attributes": {
          "ProcessID": 4,
          "ThreadID": 236
        }
      },
      "Channel": "Security",
      "Computer": "EC2AMAZ-0TD157D",
      "Security": null
    },
    "EventData": {
      "SubjectUserSid": "S-1-5-18",
      "SubjectUserName": "EC2AMAZ-0TD157D$",
      "SubjectDomainName": "WORKGROUP",
      "SubjectLogonId": "0x3e7",
      "NewProcessId": "0x1864",
      "NewProcessName": "C:\\Windows\\Microsoft.NET\\Framework\\v4.0.30319\\mscorsvw.exe",
      "TokenElevationType": "%%1936",
      "ProcessId": "0x900",
      "CommandLine": "C:\\Windows\\Microsoft.NET\\Framework\\v4.0.30319\\mscorsvw.exe -StartupEvent 644 -InterruptEvent 0 -NGENProcess 58c -Pipe 6a8 -Comment \"NGen Worker Process\"",
      "TargetUserSid": "S-1-0-0",
      "TargetUserName": "-",
      "TargetDomainName": "-",
      "TargetLogonId": "0x0",
      "ParentProcessName": "C:\\Windows\\Microsoft.NET\\Framework\\v4.0.30319\\ngen.exe",
      "MandatoryLabel": "S-1-16-16384"
    }
  }
}
Record 233585
{
  "Event": {
    "#attributes": {
      "xmlns": "http://schemas.microsoft.com/win/2004/08/events/event"
    },
    "System": {
      "Provider": {
        "#attributes": {
          "Name": "Microsoft-Windows-Security-Auditing",
          "Guid": "54849625-5478-4994-A5BA-3E3B0328C30D"
        }
      },
      "EventID": 4689,
      "Version": 0,
      "Level": 0,
      "Task": 13313,
      "Opcode": 0,
      "Keywords": "0x8020000000000000",
      "TimeCreated": {
        "#attributes": {
          "SystemTime": "2024-09-24T21:05:17.828326Z"
        }
      },
      "EventRecordID": 233585,
      "Correlation": null,
      "Execution": {
        "#attributes": {
          "ProcessID": 4,
          "ThreadID": 236
        }
      },
      "Channel": "Security",
      "Computer": "EC2AMAZ-0TD157D",
      "Security": null
    },
    "EventData": {
      "SubjectUserSid": "S-1-5-18",
      "SubjectUserName": "EC2AMAZ-0TD157D$",
      "SubjectDomainName": "WORKGROUP",
      "SubjectLogonId": "0x3e7",
      "Status": "0x0",
      "ProcessId": "0x1a80",
      "ProcessName": "C:\\Windows\\Microsoft.NET\\Framework\\v4.0.30319\\mscorsvw.exe"
    }
  }
}
Record 233586
{
  "Event": {
    "#attributes": {
      "xmlns": "http://schemas.microsoft.com/win/2004/08/events/event"
    },
    "System": {
      "Provider": {
        "#attributes": {
          "Name": "Microsoft-Windows-Security-Auditing",
          "Guid": "54849625-5478-4994-A5BA-3E3B0328C30D"
        }
      },
      "EventID": 4688,
      "Version": 2,
      "Level": 0,
      "Task": 13312,
      "Opcode": 0,
      "Keywords": "0x8020000000000000",
      "TimeCreated": {
        "#attributes": {
          "SystemTime": "2024-09-24T21:05:17.911636Z"
        }
      },
      "EventRecordID": 233586,
      "Correlation": null,
      "Execution": {
        "#attributes": {
          "ProcessID": 4,
          "ThreadID": 236
        }
      },
      "Channel": "Security",
      "Computer": "EC2AMAZ-0TD157D",
      "Security": null
    },
    "EventData": {
      "SubjectUserSid": "S-1-5-18",
      "SubjectUserName": "EC2AMAZ-0TD157D$",
      "SubjectDomainName": "WORKGROUP",
      "SubjectLogonId": "0x3e7",
      "NewProcessId": "0xe88",
      "NewProcessName": "C:\\Windows\\Microsoft.NET\\Framework\\v4.0.30319\\mscorsvw.exe",
      "TokenElevationType": "%%1936",
      "ProcessId": "0x900",
      "CommandLine": "C:\\Windows\\Microsoft.NET\\Framework\\v4.0.30319\\mscorsvw.exe -StartupEvent 51c -InterruptEvent 0 -NGENProcess 668 -Pipe 58c -Comment \"NGen Worker Process\"",
      "TargetUserSid": "S-1-0-0",
      "TargetUserName": "-",
      "TargetDomainName": "-",
      "TargetLogonId": "0x0",
      "ParentProcessName": "C:\\Windows\\Microsoft.NET\\Framework\\v4.0.30319\\ngen.exe",
      "MandatoryLabel": "S-1-16-16384"
    }
  }
}
Record 233587
{
  "Event": {
    "#attributes": {
      "xmlns": "http://schemas.microsoft.com/win/2004/08/events/event"
    },
    "System": {
      "Provider": {
        "#attributes": {
          "Name": "Microsoft-Windows-Security-Auditing",
          "Guid": "54849625-5478-4994-A5BA-3E3B0328C30D"
        }
      },
      "EventID": 4689,
      "Version": 0,
      "Level": 0,
      "Task": 13313,
      "Opcode": 0,
      "Keywords": "0x8020000000000000",
      "TimeCreated": {
        "#attributes": {
          "SystemTime": "2024-09-24T21:05:17.914386Z"
        }
      },
      "EventRecordID": 233587,
      "Correlation": null,
      "Execution": {
        "#attributes": {
          "ProcessID": 4,
          "ThreadID": 236
        }
      },
      "Channel": "Security",
      "Computer": "EC2AMAZ-0TD157D",
      "Security": null
    },
    "EventData": {
      "SubjectUserSid": "S-1-5-18",
      "SubjectUserName": "EC2AMAZ-0TD157D$",
      "SubjectDomainName": "WORKGROUP",
      "SubjectLogonId": "0x3e7",
      "Status": "0x0",
      "ProcessId": "0x1864",
      "ProcessName": "C:\\Windows\\Microsoft.NET\\Framework\\v4.0.30319\\mscorsvw.exe"
    }
  }
}
Record 233588
{
  "Event": {
    "#attributes": {
      "xmlns": "http://schemas.microsoft.com/win/2004/08/events/event"
    },
    "System": {
      "Provider": {
        "#attributes": {
          "Name": "Microsoft-Windows-Security-Auditing",
          "Guid": "54849625-5478-4994-A5BA-3E3B0328C30D"
        }
      },
      "EventID": 4688,
      "Version": 2,
      "Level": 0,
      "Task": 13312,
      "Opcode": 0,
      "Keywords": "0x8020000000000000",
      "TimeCreated": {
        "#attributes": {
          "SystemTime": "2024-09-24T21:05:18.279086Z"
        }
      },
      "EventRecordID": 233588,
      "Correlation": null,
      "Execution": {
        "#attributes": {
          "ProcessID": 4,
          "ThreadID": 2360
        }
      },
      "Channel": "Security",
      "Computer": "EC2AMAZ-0TD157D",
      "Security": null
    },
    "EventData": {
      "SubjectUserSid": "S-1-5-18",
      "SubjectUserName": "EC2AMAZ-0TD157D$",
      "SubjectDomainName": "WORKGROUP",
      "SubjectLogonId": "0x3e7",
      "NewProcessId": "0xed0",
      "NewProcessName": "C:\\Windows\\Microsoft.NET\\Framework\\v4.0.30319\\mscorsvw.exe",
      "TokenElevationType": "%%1936",
      "ProcessId": "0x900",
      "CommandLine": "C:\\Windows\\Microsoft.NET\\Framework\\v4.0.30319\\mscorsvw.exe -StartupEvent 528 -InterruptEvent 0 -NGENProcess 5ec -Pipe 538 -Comment \"NGen Worker Process\"",
      "TargetUserSid": "S-1-0-0",
      "TargetUserName": "-",
      "TargetDomainName": "-",
      "TargetLogonId": "0x0",
      "ParentProcessName": "C:\\Windows\\Microsoft.NET\\Framework\\v4.0.30319\\ngen.exe",
      "MandatoryLabel": "S-1-16-16384"
    }
  }
}
Record 233589
{
  "Event": {
    "#attributes": {
      "xmlns": "http://schemas.microsoft.com/win/2004/08/events/event"
    },
    "System": {
      "Provider": {
        "#attributes": {
          "Name": "Microsoft-Windows-Security-Auditing",
          "Guid": "54849625-5478-4994-A5BA-3E3B0328C30D"
        }
      },
      "EventID": 4689,
      "Version": 0,
      "Level": 0,
      "Task": 13313,
      "Opcode": 0,
      "Keywords": "0x8020000000000000",
      "TimeCreated": {
        "#attributes": {
          "SystemTime": "2024-09-24T21:05:18.286680Z"
        }
      },
      "EventRecordID": 233589,
      "Correlation": null,
      "Execution": {
        "#attributes": {
          "ProcessID": 4,
          "ThreadID": 2360
        }
      },
      "Channel": "Security",
      "Computer": "EC2AMAZ-0TD157D",
      "Security": null
    },
    "EventData": {
      "SubjectUserSid": "S-1-5-18",
      "SubjectUserName": "EC2AMAZ-0TD157D$",
      "SubjectDomainName": "WORKGROUP",
      "SubjectLogonId": "0x3e7",
      "Status": "0x0",
      "ProcessId": "0xe88",
      "ProcessName": "C:\\Windows\\Microsoft.NET\\Framework\\v4.0.30319\\mscorsvw.exe"
    }
  }
}
Record 233590
{
  "Event": {
    "#attributes": {
      "xmlns": "http://schemas.microsoft.com/win/2004/08/events/event"
    },
    "System": {
      "Provider": {
        "#attributes": {
          "Name": "Microsoft-Windows-Security-Auditing",
          "Guid": "54849625-5478-4994-A5BA-3E3B0328C30D"
        }
      },
      "EventID": 4688,
      "Version": 2,
      "Level": 0,
      "Task": 13312,
      "Opcode": 0,
      "Keywords": "0x8020000000000000",
      "TimeCreated": {
        "#attributes": {
          "SystemTime": "2024-09-24T21:05:18.363020Z"
        }
      },
      "EventRecordID": 233590,
      "Correlation": null,
      "Execution": {
        "#attributes": {
          "ProcessID": 4,
          "ThreadID": 2360
        }
      },
      "Channel": "Security",
      "Computer": "EC2AMAZ-0TD157D",
      "Security": null
    },
    "EventData": {
      "SubjectUserSid": "S-1-5-18",
      "SubjectUserName": "EC2AMAZ-0TD157D$",
      "SubjectDomainName": "WORKGROUP",
      "SubjectLogonId": "0x3e7",
      "NewProcessId": "0xd00",
      "NewProcessName": "C:\\Windows\\Microsoft.NET\\Framework\\v4.0.30319\\mscorsvw.exe",
      "TokenElevationType": "%%1936",
      "ProcessId": "0x900",
      "CommandLine": "C:\\Windows\\Microsoft.NET\\Framework\\v4.0.30319\\mscorsvw.exe -StartupEvent 604 -InterruptEvent 0 -NGENProcess 66c -Pipe 628 -Comment \"NGen Worker Process\"",
      "TargetUserSid": "S-1-0-0",
      "TargetUserName": "-",
      "TargetDomainName": "-",
      "TargetLogonId": "0x0",
      "ParentProcessName": "C:\\Windows\\Microsoft.NET\\Framework\\v4.0.30319\\ngen.exe",
      "MandatoryLabel": "S-1-16-16384"
    }
  }
}
Record 233591
{
  "Event": {
    "#attributes": {
      "xmlns": "http://schemas.microsoft.com/win/2004/08/events/event"
    },
    "System": {
      "Provider": {
        "#attributes": {
          "Name": "Microsoft-Windows-Security-Auditing",
          "Guid": "54849625-5478-4994-A5BA-3E3B0328C30D"
        }
      },
      "EventID": 4689,
      "Version": 0,
      "Level": 0,
      "Task": 13313,
      "Opcode": 0,
      "Keywords": "0x8020000000000000",
      "TimeCreated": {
        "#attributes": {
          "SystemTime": "2024-09-24T21:05:18.367815Z"
        }
      },
      "EventRecordID": 233591,
      "Correlation": null,
      "Execution": {
        "#attributes": {
          "ProcessID": 4,
          "ThreadID": 2360
        }
      },
      "Channel": "Security",
      "Computer": "EC2AMAZ-0TD157D",
      "Security": null
    },
    "EventData": {
      "SubjectUserSid": "S-1-5-18",
      "SubjectUserName": "EC2AMAZ-0TD157D$",
      "SubjectDomainName": "WORKGROUP",
      "SubjectLogonId": "0x3e7",
      "Status": "0x0",
      "ProcessId": "0xed0",
      "ProcessName": "C:\\Windows\\Microsoft.NET\\Framework\\v4.0.30319\\mscorsvw.exe"
    }
  }
}
Record 233592
{
  "Event": {
    "#attributes": {
      "xmlns": "http://schemas.microsoft.com/win/2004/08/events/event"
    },
    "System": {
      "Provider": {
        "#attributes": {
          "Name": "Microsoft-Windows-Security-Auditing",
          "Guid": "54849625-5478-4994-A5BA-3E3B0328C30D"
        }
      },
      "EventID": 4688,
      "Version": 2,
      "Level": 0,
      "Task": 13312,
      "Opcode": 0,
      "Keywords": "0x8020000000000000",
      "TimeCreated": {
        "#attributes": {
          "SystemTime": "2024-09-24T21:05:18.606693Z"
        }
      },
      "EventRecordID": 233592,
      "Correlation": null,
      "Execution": {
        "#attributes": {
          "ProcessID": 4,
          "ThreadID": 236
        }
      },
      "Channel": "Security",
      "Computer": "EC2AMAZ-0TD157D",
      "Security": null
    },
    "EventData": {
      "SubjectUserSid": "S-1-5-18",
      "SubjectUserName": "EC2AMAZ-0TD157D$",
      "SubjectDomainName": "WORKGROUP",
      "SubjectLogonId": "0x3e7",
      "NewProcessId": "0x109c",
      "NewProcessName": "C:\\Windows\\Microsoft.NET\\Framework\\v4.0.30319\\mscorsvw.exe",
      "TokenElevationType": "%%1936",
      "ProcessId": "0x900",
      "CommandLine": "C:\\Windows\\Microsoft.NET\\Framework\\v4.0.30319\\mscorsvw.exe -StartupEvent 55c -InterruptEvent 0 -NGENProcess 59c -Pipe 5bc -Comment \"NGen Worker Process\"",
      "TargetUserSid": "S-1-0-0",
      "TargetUserName": "-",
      "TargetDomainName": "-",
      "TargetLogonId": "0x0",
      "ParentProcessName": "C:\\Windows\\Microsoft.NET\\Framework\\v4.0.30319\\ngen.exe",
      "MandatoryLabel": "S-1-16-16384"
    }
  }
}
Record 233593
{
  "Event": {
    "#attributes": {
      "xmlns": "http://schemas.microsoft.com/win/2004/08/events/event"
    },
    "System": {
      "Provider": {
        "#attributes": {
          "Name": "Microsoft-Windows-Security-Auditing",
          "Guid": "54849625-5478-4994-A5BA-3E3B0328C30D"
        }
      },
      "EventID": 4689,
      "Version": 0,
      "Level": 0,
      "Task": 13313,
      "Opcode": 0,
      "Keywords": "0x8020000000000000",
      "TimeCreated": {
        "#attributes": {
          "SystemTime": "2024-09-24T21:05:18.631303Z"
        }
      },
      "EventRecordID": 233593,
      "Correlation": null,
      "Execution": {
        "#attributes": {
          "ProcessID": 4,
          "ThreadID": 236
        }
      },
      "Channel": "Security",
      "Computer": "EC2AMAZ-0TD157D",
      "Security": null
    },
    "EventData": {
      "SubjectUserSid": "S-1-5-18",
      "SubjectUserName": "EC2AMAZ-0TD157D$",
      "SubjectDomainName": "WORKGROUP",
      "SubjectLogonId": "0x3e7",
      "Status": "0x0",
      "ProcessId": "0xd00",
      "ProcessName": "C:\\Windows\\Microsoft.NET\\Framework\\v4.0.30319\\mscorsvw.exe"
    }
  }
}
Record 233594
{
  "Event": {
    "#attributes": {
      "xmlns": "http://schemas.microsoft.com/win/2004/08/events/event"
    },
    "System": {
      "Provider": {
        "#attributes": {
          "Name": "Microsoft-Windows-Security-Auditing",
          "Guid": "54849625-5478-4994-A5BA-3E3B0328C30D"
        }
      },
      "EventID": 4689,
      "Version": 0,
      "Level": 0,
      "Task": 13313,
      "Opcode": 0,
      "Keywords": "0x8020000000000000",
      "TimeCreated": {
        "#attributes": {
          "SystemTime": "2024-09-24T21:05:18.696991Z"
        }
      },
      "EventRecordID": 233594,
      "Correlation": null,
      "Execution": {
        "#attributes": {
          "ProcessID": 4,
          "ThreadID": 236
        }
      },
      "Channel": "Security",
      "Computer": "EC2AMAZ-0TD157D",
      "Security": null
    },
    "EventData": {
      "SubjectUserSid": "S-1-5-18",
      "SubjectUserName": "EC2AMAZ-0TD157D$",
      "SubjectDomainName": "WORKGROUP",
      "SubjectLogonId": "0x3e7",
      "Status": "0x0",
      "ProcessId": "0x109c",
      "ProcessName": "C:\\Windows\\Microsoft.NET\\Framework\\v4.0.30319\\mscorsvw.exe"
    }
  }
}
Record 233595
{
  "Event": {
    "#attributes": {
      "xmlns": "http://schemas.microsoft.com/win/2004/08/events/event"
    },
    "System": {
      "Provider": {
        "#attributes": {
          "Name": "Microsoft-Windows-Security-Auditing",
          "Guid": "54849625-5478-4994-A5BA-3E3B0328C30D"
        }
      },
      "EventID": 4688,
      "Version": 2,
      "Level": 0,
      "Task": 13312,
      "Opcode": 0,
      "Keywords": "0x8020000000000000",
      "TimeCreated": {
        "#attributes": {
          "SystemTime": "2024-09-24T21:05:18.697777Z"
        }
      },
      "EventRecordID": 233595,
      "Correlation": null,
      "Execution": {
        "#attributes": {
          "ProcessID": 4,
          "ThreadID": 204
        }
      },
      "Channel": "Security",
      "Computer": "EC2AMAZ-0TD157D",
      "Security": null
    },
    "EventData": {
      "SubjectUserSid": "S-1-5-18",
      "SubjectUserName": "EC2AMAZ-0TD157D$",
      "SubjectDomainName": "WORKGROUP",
      "SubjectLogonId": "0x3e7",
      "NewProcessId": "0x8fc",
      "NewProcessName": "C:\\Windows\\Microsoft.NET\\Framework\\v4.0.30319\\mscorsvw.exe",
      "TokenElevationType": "%%1936",
      "ProcessId": "0x900",
      "CommandLine": "C:\\Windows\\Microsoft.NET\\Framework\\v4.0.30319\\mscorsvw.exe -StartupEvent 5b0 -InterruptEvent 0 -NGENProcess 5e8 -Pipe 59c -Comment \"NGen Worker Process\"",
      "TargetUserSid": "S-1-0-0",
      "TargetUserName": "-",
      "TargetDomainName": "-",
      "TargetLogonId": "0x0",
      "ParentProcessName": "C:\\Windows\\Microsoft.NET\\Framework\\v4.0.30319\\ngen.exe",
      "MandatoryLabel": "S-1-16-16384"
    }
  }
}
