Record 234289
{
  "Event": {
    "#attributes": {
      "xmlns": "http://schemas.microsoft.com/win/2004/08/events/event"
    },
    "System": {
      "Provider": {
        "#attributes": {
          "Name": "Microsoft-Windows-Security-Auditing",
          "Guid": "54849625-5478-4994-A5BA-3E3B0328C30D"
        }
      },
      "EventID": 4688,
      "Version": 2,
      "Level": 0,
      "Task": 13312,
      "Opcode": 0,
      "Keywords": "0x8020000000000000",
      "TimeCreated": {
        "#attributes": {
          "SystemTime": "2024-09-24T21:06:32.932585Z"
        }
      },
      "EventRecordID": 234289,
      "Correlation": null,
      "Execution": {
        "#attributes": {
          "ProcessID": 4,
          "ThreadID": 204
        }
      },
      "Channel": "Security",
      "Computer": "EC2AMAZ-0TD157D",
      "Security": null
    },
    "EventData": {
      "SubjectUserSid": "S-1-5-18",
      "SubjectUserName": "EC2AMAZ-0TD157D$",
      "SubjectDomainName": "WORKGROUP",
      "SubjectLogonId": "0x3e7",
      "NewProcessId": "0x18f0",
      "NewProcessName": "C:\\Windows\\Microsoft.NET\\Framework\\v4.0.30319\\ngentask.exe",
      "TokenElevationType": "%%1936",
      "ProcessId": "0x1af8",
      "CommandLine": "\"C:\\Windows\\Microsoft.NET\\Framework\\v4.0.30319\\NGenTask.exe\" /RuntimeWide /StopEvent:524",
      "TargetUserSid": "S-1-0-0",
      "TargetUserName": "-",
      "TargetDomainName": "-",
      "TargetLogonId": "0x0",
      "ParentProcessName": "C:\\Windows\\System32\\taskhostw.exe",
      "MandatoryLabel": "S-1-16-16384"
    }
  }
}
Record 234290
{
  "Event": {
    "#attributes": {
      "xmlns": "http://schemas.microsoft.com/win/2004/08/events/event"
    },
    "System": {
      "Provider": {
        "#attributes": {
          "Name": "Microsoft-Windows-Security-Auditing",
          "Guid": "54849625-5478-4994-A5BA-3E3B0328C30D"
        }
      },
      "EventID": 4688,
      "Version": 2,
      "Level": 0,
      "Task": 13312,
      "Opcode": 0,
      "Keywords": "0x8020000000000000",
      "TimeCreated": {
        "#attributes": {
          "SystemTime": "2024-09-24T21:06:32.952379Z"
        }
      },
      "EventRecordID": 234290,
      "Correlation": null,
      "Execution": {
        "#attributes": {
          "ProcessID": 4,
          "ThreadID": 204
        }
      },
      "Channel": "Security",
      "Computer": "EC2AMAZ-0TD157D",
      "Security": null
    },
    "EventData": {
      "SubjectUserSid": "S-1-5-18",
      "SubjectUserName": "EC2AMAZ-0TD157D$",
      "SubjectDomainName": "WORKGROUP",
      "SubjectLogonId": "0x3e7",
      "NewProcessId": "0x1b28",
      "NewProcessName": "C:\\Windows\\System32\\conhost.exe",
      "TokenElevationType": "%%1936",
      "ProcessId": "0x18f0",
      "CommandLine": "\\??\\C:\\Windows\\system32\\conhost.exe 0xffffffff -ForceV1",
      "TargetUserSid": "S-1-0-0",
      "TargetUserName": "-",
      "TargetDomainName": "-",
      "TargetLogonId": "0x0",
      "ParentProcessName": "C:\\Windows\\Microsoft.NET\\Framework\\v4.0.30319\\ngentask.exe",
      "MandatoryLabel": "S-1-16-16384"
    }
  }
}
Record 234291
{
  "Event": {
    "#attributes": {
      "xmlns": "http://schemas.microsoft.com/win/2004/08/events/event"
    },
    "System": {
      "Provider": {
        "#attributes": {
          "Name": "Microsoft-Windows-Security-Auditing",
          "Guid": "54849625-5478-4994-A5BA-3E3B0328C30D"
        }
      },
      "EventID": 4688,
      "Version": 2,
      "Level": 0,
      "Task": 13312,
      "Opcode": 0,
      "Keywords": "0x8020000000000000",
      "TimeCreated": {
        "#attributes": {
          "SystemTime": "2024-09-24T21:06:33.091892Z"
        }
      },
      "EventRecordID": 234291,
      "Correlation": null,
      "Execution": {
        "#attributes": {
          "ProcessID": 4,
          "ThreadID": 404
        }
      },
      "Channel": "Security",
      "Computer": "EC2AMAZ-0TD157D",
      "Security": null
    },
    "EventData": {
      "SubjectUserSid": "S-1-5-18",
      "SubjectUserName": "EC2AMAZ-0TD157D$",
      "SubjectDomainName": "WORKGROUP",
      "SubjectLogonId": "0x3e7",
      "NewProcessId": "0x10e0",
      "NewProcessName": "C:\\Windows\\Microsoft.NET\\Framework\\v4.0.30319\\ngen.exe",
      "TokenElevationType": "%%1936",
      "ProcessId": "0x18f0",
      "CommandLine": "\"C:\\Windows\\Microsoft.NET\\Framework\\v4.0.30319\\ngen.exe\" RemoveTaskDelayStartTrigger /LegacyServiceBehavior",
      "TargetUserSid": "S-1-0-0",
      "TargetUserName": "-",
      "TargetDomainName": "-",
      "TargetLogonId": "0x0",
      "ParentProcessName": "C:\\Windows\\Microsoft.NET\\Framework\\v4.0.30319\\ngentask.exe",
      "MandatoryLabel": "S-1-16-16384"
    }
  }
}
Record 234292
{
  "Event": {
    "#attributes": {
      "xmlns": "http://schemas.microsoft.com/win/2004/08/events/event"
    },
    "System": {
      "Provider": {
        "#attributes": {
          "Name": "Microsoft-Windows-Security-Auditing",
          "Guid": "54849625-5478-4994-A5BA-3E3B0328C30D"
        }
      },
      "EventID": 4689,
      "Version": 0,
      "Level": 0,
      "Task": 13313,
      "Opcode": 0,
      "Keywords": "0x8020000000000000",
      "TimeCreated": {
        "#attributes": {
          "SystemTime": "2024-09-24T21:06:33.149293Z"
        }
      },
      "EventRecordID": 234292,
      "Correlation": null,
      "Execution": {
        "#attributes": {
          "ProcessID": 4,
          "ThreadID": 204
        }
      },
      "Channel": "Security",
      "Computer": "EC2AMAZ-0TD157D",
      "Security": null
    },
    "EventData": {
      "SubjectUserSid": "S-1-5-18",
      "SubjectUserName": "EC2AMAZ-0TD157D$",
      "SubjectDomainName": "WORKGROUP",
      "SubjectLogonId": "0x3e7",
      "Status": "0x0",
      "ProcessId": "0x10e0",
      "ProcessName": "C:\\Windows\\Microsoft.NET\\Framework\\v4.0.30319\\ngen.exe"
    }
  }
}
Record 234293
{
  "Event": {
    "#attributes": {
      "xmlns": "http://schemas.microsoft.com/win/2004/08/events/event"
    },
    "System": {
      "Provider": {
        "#attributes": {
          "Name": "Microsoft-Windows-Security-Auditing",
          "Guid": "54849625-5478-4994-A5BA-3E3B0328C30D"
        }
      },
      "EventID": 4688,
      "Version": 2,
      "Level": 0,
      "Task": 13312,
      "Opcode": 0,
      "Keywords": "0x8020000000000000",
      "TimeCreated": {
        "#attributes": {
          "SystemTime": "2024-09-24T21:06:33.168178Z"
        }
      },
      "EventRecordID": 234293,
      "Correlation": null,
      "Execution": {
        "#attributes": {
          "ProcessID": 4,
          "ThreadID": 204
        }
      },
      "Channel": "Security",
      "Computer": "EC2AMAZ-0TD157D",
      "Security": null
    },
    "EventData": {
      "SubjectUserSid": "S-1-5-18",
      "SubjectUserName": "EC2AMAZ-0TD157D$",
      "SubjectDomainName": "WORKGROUP",
      "SubjectLogonId": "0x3e7",
      "NewProcessId": "0x3d0",
      "NewProcessName": "C:\\Windows\\Microsoft.NET\\Framework\\v4.0.30319\\ngen.exe",
      "TokenElevationType": "%%1936",
      "ProcessId": "0x18f0",
      "CommandLine": "\"C:\\Windows\\Microsoft.NET\\Framework\\v4.0.30319\\ngen.exe\" ExecuteQueuedItems /LegacyServiceBehavior",
      "TargetUserSid": "S-1-0-0",
      "TargetUserName": "-",
      "TargetDomainName": "-",
      "TargetLogonId": "0x0",
      "ParentProcessName": "C:\\Windows\\Microsoft.NET\\Framework\\v4.0.30319\\ngentask.exe",
      "MandatoryLabel": "S-1-16-16384"
    }
  }
}
Record 234294
{
  "Event": {
    "#attributes": {
      "xmlns": "http://schemas.microsoft.com/win/2004/08/events/event"
    },
    "System": {
      "Provider": {
        "#attributes": {
          "Name": "Microsoft-Windows-Security-Auditing",
          "Guid": "54849625-5478-4994-A5BA-3E3B0328C30D"
        }
      },
      "EventID": 4689,
      "Version": 0,
      "Level": 0,
      "Task": 13313,
      "Opcode": 0,
      "Keywords": "0x8020000000000000",
      "TimeCreated": {
        "#attributes": {
          "SystemTime": "2024-09-24T21:06:33.262017Z"
        }
      },
      "EventRecordID": 234294,
      "Correlation": null,
      "Execution": {
        "#attributes": {
          "ProcessID": 4,
          "ThreadID": 404
        }
      },
      "Channel": "Security",
      "Computer": "EC2AMAZ-0TD157D",
      "Security": null
    },
    "EventData": {
      "SubjectUserSid": "S-1-5-18",
      "SubjectUserName": "EC2AMAZ-0TD157D$",
      "SubjectDomainName": "WORKGROUP",
      "SubjectLogonId": "0x3e7",
      "Status": "0x0",
      "ProcessId": "0x3d0",
      "ProcessName": "C:\\Windows\\Microsoft.NET\\Framework\\v4.0.30319\\ngen.exe"
    }
  }
}
Record 234295
{
  "Event": {
    "#attributes": {
      "xmlns": "http://schemas.microsoft.com/win/2004/08/events/event"
    },
    "System": {
      "Provider": {
        "#attributes": {
          "Name": "Microsoft-Windows-Security-Auditing",
          "Guid": "54849625-5478-4994-A5BA-3E3B0328C30D"
        }
      },
      "EventID": 4689,
      "Version": 0,
      "Level": 0,
      "Task": 13313,
      "Opcode": 0,
      "Keywords": "0x8020000000000000",
      "TimeCreated": {
        "#attributes": {
          "SystemTime": "2024-09-24T21:06:33.270685Z"
        }
      },
      "EventRecordID": 234295,
      "Correlation": null,
      "Execution": {
        "#attributes": {
          "ProcessID": 4,
          "ThreadID": 404
        }
      },
      "Channel": "Security",
      "Computer": "EC2AMAZ-0TD157D",
      "Security": null
    },
    "EventData": {
      "SubjectUserSid": "S-1-5-18",
      "SubjectUserName": "EC2AMAZ-0TD157D$",
      "SubjectDomainName": "WORKGROUP",
      "SubjectLogonId": "0x3e7",
      "Status": "0x0",
      "ProcessId": "0x18f0",
      "ProcessName": "C:\\Windows\\Microsoft.NET\\Framework\\v4.0.30319\\ngentask.exe"
    }
  }
}
Record 234296
{
  "Event": {
    "#attributes": {
      "xmlns": "http://schemas.microsoft.com/win/2004/08/events/event"
    },
    "System": {
      "Provider": {
        "#attributes": {
          "Name": "Microsoft-Windows-Security-Auditing",
          "Guid": "54849625-5478-4994-A5BA-3E3B0328C30D"
        }
      },
      "EventID": 4689,
      "Version": 0,
      "Level": 0,
      "Task": 13313,
      "Opcode": 0,
      "Keywords": "0x8020000000000000",
      "TimeCreated": {
        "#attributes": {
          "SystemTime": "2024-09-24T21:06:33.271915Z"
        }
      },
      "EventRecordID": 234296,
      "Correlation": null,
      "Execution": {
        "#attributes": {
          "ProcessID": 4,
          "ThreadID": 404
        }
      },
      "Channel": "Security",
      "Computer": "EC2AMAZ-0TD157D",
      "Security": null
    },
    "EventData": {
      "SubjectUserSid": "S-1-5-18",
      "SubjectUserName": "EC2AMAZ-0TD157D$",
      "SubjectDomainName": "WORKGROUP",
      "SubjectLogonId": "0x3e7",
      "Status": "0x0",
      "ProcessId": "0x1b28",
      "ProcessName": "C:\\Windows\\System32\\conhost.exe"
    }
  }
}
Record 234297
{
  "Event": {
    "#attributes": {
      "xmlns": "http://schemas.microsoft.com/win/2004/08/events/event"
    },
    "System": {
      "Provider": {
        "#attributes": {
          "Name": "Microsoft-Windows-Security-Auditing",
          "Guid": "54849625-5478-4994-A5BA-3E3B0328C30D"
        }
      },
      "EventID": 4689,
      "Version": 0,
      "Level": 0,
      "Task": 13313,
      "Opcode": 0,
      "Keywords": "0x8020000000000000",
      "TimeCreated": {
        "#attributes": {
          "SystemTime": "2024-09-24T21:06:33.278355Z"
        }
      },
      "EventRecordID": 234297,
      "Correlation": null,
      "Execution": {
        "#attributes": {
          "ProcessID": 4,
          "ThreadID": 404
        }
      },
      "Channel": "Security",
      "Computer": "EC2AMAZ-0TD157D",
      "Security": null
    },
    "EventData": {
      "SubjectUserSid": "S-1-5-18",
      "SubjectUserName": "EC2AMAZ-0TD157D$",
      "SubjectDomainName": "WORKGROUP",
      "SubjectLogonId": "0x3e7",
      "Status": "0x0",
      "ProcessId": "0x1af8",
      "ProcessName": "C:\\Windows\\System32\\taskhostw.exe"
    }
  }
}
Record 234298
{
  "Event": {
    "#attributes": {
      "xmlns": "http://schemas.microsoft.com/win/2004/08/events/event"
    },
    "System": {
      "Provider": {
        "#attributes": {
          "Name": "Microsoft-Windows-Security-Auditing",
          "Guid": "54849625-5478-4994-A5BA-3E3B0328C30D"
        }
      },
      "EventID": 4776,
      "Version": 0,
      "Level": 0,
      "Task": 14336,
      "Opcode": 0,
      "Keywords": "0x8010000000000000",
      "TimeCreated": {
        "#attributes": {
          "SystemTime": "2024-09-24T21:06:52.464120Z"
        }
      },
      "EventRecordID": 234298,
      "Correlation": {
        "#attributes": {
          "ActivityID": "1A7873A0-0EC0-0001-3174-781AC00EDB01"
        }
      },
      "Execution": {
        "#attributes": {
          "ProcessID": 660,
          "ThreadID": 760
        }
      },
      "Channel": "Security",
      "Computer": "EC2AMAZ-0TD157D",
      "Security": null
    },
    "EventData": {
      "PackageName": "MICROSOFT_AUTHENTICATION_PACKAGE_V1_0",
      "TargetUserName": "Jsmith",
      "Workstation": "KALI",
      "Status": "0xc000006a"
    }
  }
}
Record 234299
{
  "Event": {
    "#attributes": {
      "xmlns": "http://schemas.microsoft.com/win/2004/08/events/event"
    },
    "System": {
      "Provider": {
        "#attributes": {
          "Name": "Microsoft-Windows-Security-Auditing",
          "Guid": "54849625-5478-4994-A5BA-3E3B0328C30D"
        }
      },
      "EventID": 4625,
      "Version": 0,
      "Level": 0,
      "Task": 12544,
      "Opcode": 0,
      "Keywords": "0x8010000000000000",
      "TimeCreated": {
        "#attributes": {
          "SystemTime": "2024-09-24T21:06:52.464168Z"
        }
      },
      "EventRecordID": 234299,
      "Correlation": {
        "#attributes": {
          "ActivityID": "1A7873A0-0EC0-0001-3174-781AC00EDB01"
        }
      },
      "Execution": {
        "#attributes": {
          "ProcessID": 660,
          "ThreadID": 760
        }
      },
      "Channel": "Security",
      "Computer": "EC2AMAZ-0TD157D",
      "Security": null
    },
    "EventData": {
      "SubjectUserSid": "S-1-0-0",
      "SubjectUserName": "-",
      "SubjectDomainName": "-",
      "SubjectLogonId": "0x0",
      "TargetUserSid": "S-1-0-0",
      "TargetUserName": "Jsmith",
      "TargetDomainName": "EC2AMAZ-0TD157D",
      "Status": "0xc000006d",
      "FailureReason": "%%2313",
      "SubStatus": "0xc000006a",
      "LogonType": 3,
      "LogonProcessName": "NtLmSsp ",
      "AuthenticationPackageName": "NTLM",
      "WorkstationName": "KALI",
      "TransmittedServices": "-",
      "LmPackageName": "-",
      "KeyLength": 0,
      "ProcessId": "0x0",
      "ProcessName": "-",
      "IpAddress": "10.1.1.42",
      "IpPort": "44570"
    }
  }
}
Record 234300
{
  "Event": {
    "#attributes": {
      "xmlns": "http://schemas.microsoft.com/win/2004/08/events/event"
    },
    "System": {
      "Provider": {
        "#attributes": {
          "Name": "Microsoft-Windows-Security-Auditing",
          "Guid": "54849625-5478-4994-A5BA-3E3B0328C30D"
        }
      },
      "EventID": 4776,
      "Version": 0,
      "Level": 0,
      "Task": 14336,
      "Opcode": 0,
      "Keywords": "0x8010000000000000",
      "TimeCreated": {
        "#attributes": {
          "SystemTime": "2024-09-24T21:06:52.475700Z"
        }
      },
      "EventRecordID": 234300,
      "Correlation": {
        "#attributes": {
          "ActivityID": "1A7873A0-0EC0-0001-3174-781AC00EDB01"
        }
      },
      "Execution": {
        "#attributes": {
          "ProcessID": 660,
          "ThreadID": 760
        }
      },
      "Channel": "Security",
      "Computer": "EC2AMAZ-0TD157D",
      "Security": null
    },
    "EventData": {
      "PackageName": "MICROSOFT_AUTHENTICATION_PACKAGE_V1_0",
      "TargetUserName": "Jsmith",
      "Workstation": "KALI",
      "Status": "0xc000006a"
    }
  }
}
Record 234301
{
  "Event": {
    "#attributes": {
      "xmlns": "http://schemas.microsoft.com/win/2004/08/events/event"
    },
    "System": {
      "Provider": {
        "#attributes": {
          "Name": "Microsoft-Windows-Security-Auditing",
          "Guid": "54849625-5478-4994-A5BA-3E3B0328C30D"
        }
      },
      "EventID": 4625,
      "Version": 0,
      "Level": 0,
      "Task": 12544,
      "Opcode": 0,
      "Keywords": "0x8010000000000000",
      "TimeCreated": {
        "#attributes": {
          "SystemTime": "2024-09-24T21:06:52.475744Z"
        }
      },
      "EventRecordID": 234301,
      "Correlation": {
        "#attributes": {
          "ActivityID": "1A7873A0-0EC0-0001-3174-781AC00EDB01"
        }
      },
      "Execution": {
        "#attributes": {
          "ProcessID": 660,
          "ThreadID": 760
        }
      },
      "Channel": "Security",
      "Computer": "EC2AMAZ-0TD157D",
      "Security": null
    },
    "EventData": {
      "SubjectUserSid": "S-1-0-0",
      "SubjectUserName": "-",
      "SubjectDomainName": "-",
      "SubjectLogonId": "0x0",
      "TargetUserSid": "S-1-0-0",
      "TargetUserName": "Jsmith",
      "TargetDomainName": "EC2AMAZ-0TD157D",
      "Status": "0xc000006d",
      "FailureReason": "%%2313",
      "SubStatus": "0xc000006a",
      "LogonType": 3,
      "LogonProcessName": "NtLmSsp ",
      "AuthenticationPackageName": "NTLM",
      "WorkstationName": "KALI",
      "TransmittedServices": "-",
      "LmPackageName": "-",
      "KeyLength": 0,
      "ProcessId": "0x0",
      "ProcessName": "-",
      "IpAddress": "10.1.1.42",
      "IpPort": "44582"
    }
  }
}
Record 234302
{
  "Event": {
    "#attributes": {
      "xmlns": "http://schemas.microsoft.com/win/2004/08/events/event"
    },
    "System": {
      "Provider": {
        "#attributes": {
          "Name": "Microsoft-Windows-Security-Auditing",
          "Guid": "54849625-5478-4994-A5BA-3E3B0328C30D"
        }
      },
      "EventID": 4776,
      "Version": 0,
      "Level": 0,
      "Task": 14336,
      "Opcode": 0,
      "Keywords": "0x8010000000000000",
      "TimeCreated": {
        "#attributes": {
          "SystemTime": "2024-09-24T21:06:52.487474Z"
        }
      },
      "EventRecordID": 234302,
      "Correlation": {
        "#attributes": {
          "ActivityID": "1A7873A0-0EC0-0001-3174-781AC00EDB01"
        }
      },
      "Execution": {
        "#attributes": {
          "ProcessID": 660,
          "ThreadID": 760
        }
      },
      "Channel": "Security",
      "Computer": "EC2AMAZ-0TD157D",
      "Security": null
    },
    "EventData": {
      "PackageName": "MICROSOFT_AUTHENTICATION_PACKAGE_V1_0",
      "TargetUserName": "Jsmith",
      "Workstation": "KALI",
      "Status": "0xc000006a"
    }
  }
}
Record 234303
{
  "Event": {
    "#attributes": {
      "xmlns": "http://schemas.microsoft.com/win/2004/08/events/event"
    },
    "System": {
      "Provider": {
        "#attributes": {
          "Name": "Microsoft-Windows-Security-Auditing",
          "Guid": "54849625-5478-4994-A5BA-3E3B0328C30D"
        }
      },
      "EventID": 4625,
      "Version": 0,
      "Level": 0,
      "Task": 12544,
      "Opcode": 0,
      "Keywords": "0x8010000000000000",
      "TimeCreated": {
        "#attributes": {
          "SystemTime": "2024-09-24T21:06:52.487526Z"
        }
      },
      "EventRecordID": 234303,
      "Correlation": {
        "#attributes": {
          "ActivityID": "1A7873A0-0EC0-0001-3174-781AC00EDB01"
        }
      },
      "Execution": {
        "#attributes": {
          "ProcessID": 660,
          "ThreadID": 760
        }
      },
      "Channel": "Security",
      "Computer": "EC2AMAZ-0TD157D",
      "Security": null
    },
    "EventData": {
      "SubjectUserSid": "S-1-0-0",
      "SubjectUserName": "-",
      "SubjectDomainName": "-",
      "SubjectLogonId": "0x0",
      "TargetUserSid": "S-1-0-0",
      "TargetUserName": "Jsmith",
      "TargetDomainName": "EC2AMAZ-0TD157D",
      "Status": "0xc000006d",
      "FailureReason": "%%2313",
      "SubStatus": "0xc000006a",
      "LogonType": 3,
      "LogonProcessName": "NtLmSsp ",
      "AuthenticationPackageName": "NTLM",
      "WorkstationName": "KALI",
      "TransmittedServices": "-",
      "LmPackageName": "-",
      "KeyLength": 0,
      "ProcessId": "0x0",
      "ProcessName": "-",
      "IpAddress": "10.1.1.42",
      "IpPort": "44612"
    }
  }
}
Record 234304
{
  "Event": {
    "#attributes": {
      "xmlns": "http://schemas.microsoft.com/win/2004/08/events/event"
    },
    "System": {
      "Provider": {
        "#attributes": {
          "Name": "Microsoft-Windows-Security-Auditing",
          "Guid": "54849625-5478-4994-A5BA-3E3B0328C30D"
        }
      },
      "EventID": 4776,
      "Version": 0,
      "Level": 0,
      "Task": 14336,
      "Opcode": 0,
      "Keywords": "0x8010000000000000",
      "TimeCreated": {
        "#attributes": {
          "SystemTime": "2024-09-24T21:06:52.498606Z"
        }
      },
      "EventRecordID": 234304,
      "Correlation": {
        "#attributes": {
          "ActivityID": "1A7873A0-0EC0-0001-3174-781AC00EDB01"
        }
      },
      "Execution": {
        "#attributes": {
          "ProcessID": 660,
          "ThreadID": 760
        }
      },
      "Channel": "Security",
      "Computer": "EC2AMAZ-0TD157D",
      "Security": null
    },
    "EventData": {
      "PackageName": "MICROSOFT_AUTHENTICATION_PACKAGE_V1_0",
      "TargetUserName": "Jsmith",
      "Workstation": "KALI",
      "Status": "0xc000006a"
    }
  }
}
Record 234305
{
  "Event": {
    "#attributes": {
      "xmlns": "http://schemas.microsoft.com/win/2004/08/events/event"
    },
    "System": {
      "Provider": {
        "#attributes": {
          "Name": "Microsoft-Windows-Security-Auditing",
          "Guid": "54849625-5478-4994-A5BA-3E3B0328C30D"
        }
      },
      "EventID": 4625,
      "Version": 0,
      "Level": 0,
      "Task": 12544,
      "Opcode": 0,
      "Keywords": "0x8010000000000000",
      "TimeCreated": {
        "#attributes": {
          "SystemTime": "2024-09-24T21:06:52.498652Z"
        }
      },
      "EventRecordID": 234305,
      "Correlation": {
        "#attributes": {
          "ActivityID": "1A7873A0-0EC0-0001-3174-781AC00EDB01"
        }
      },
      "Execution": {
        "#attributes": {
          "ProcessID": 660,
          "ThreadID": 760
        }
      },
      "Channel": "Security",
      "Computer": "EC2AMAZ-0TD157D",
      "Security": null
    },
    "EventData": {
      "SubjectUserSid": "S-1-0-0",
      "SubjectUserName": "-",
      "SubjectDomainName": "-",
      "SubjectLogonId": "0x0",
      "TargetUserSid": "S-1-0-0",
      "TargetUserName": "Jsmith",
      "TargetDomainName": "EC2AMAZ-0TD157D",
      "Status": "0xc000006d",
      "FailureReason": "%%2313",
      "SubStatus": "0xc000006a",
      "LogonType": 3,
      "LogonProcessName": "NtLmSsp ",
      "AuthenticationPackageName": "NTLM",
      "WorkstationName": "KALI",
      "TransmittedServices": "-",
      "LmPackageName": "-",
      "KeyLength": 0,
      "ProcessId": "0x0",
      "ProcessName": "-",
      "IpAddress": "10.1.1.42",
      "IpPort": "44624"
    }
  }
}
Record 234306
{
  "Event": {
    "#attributes": {
      "xmlns": "http://schemas.microsoft.com/win/2004/08/events/event"
    },
    "System": {
      "Provider": {
        "#attributes": {
          "Name": "Microsoft-Windows-Security-Auditing",
          "Guid": "54849625-5478-4994-A5BA-3E3B0328C30D"
        }
      },
      "EventID": 4776,
      "Version": 0,
      "Level": 0,
      "Task": 14336,
      "Opcode": 0,
      "Keywords": "0x8010000000000000",
      "TimeCreated": {
        "#attributes": {
          "SystemTime": "2024-09-24T21:06:52.509597Z"
        }
      },
      "EventRecordID": 234306,
      "Correlation": {
        "#attributes": {
          "ActivityID": "1A7873A0-0EC0-0001-3174-781AC00EDB01"
        }
      },
      "Execution": {
        "#attributes": {
          "ProcessID": 660,
          "ThreadID": 760
        }
      },
      "Channel": "Security",
      "Computer": "EC2AMAZ-0TD157D",
      "Security": null
    },
    "EventData": {
      "PackageName": "MICROSOFT_AUTHENTICATION_PACKAGE_V1_0",
      "TargetUserName": "Jsmith",
      "Workstation": "KALI",
      "Status": "0xc000006a"
    }
  }
}
Record 234307
{
  "Event": {
    "#attributes": {
      "xmlns": "http://schemas.microsoft.com/win/2004/08/events/event"
    },
    "System": {
      "Provider": {
        "#attributes": {
          "Name": "Microsoft-Windows-Security-Auditing",
          "Guid": "54849625-5478-4994-A5BA-3E3B0328C30D"
        }
      },
      "EventID": 4625,
      "Version": 0,
      "Level": 0,
      "Task": 12544,
      "Opcode": 0,
      "Keywords": "0x8010000000000000",
      "TimeCreated": {
        "#attributes": {
          "SystemTime": "2024-09-24T21:06:52.509720Z"
        }
      },
      "EventRecordID": 234307,
      "Correlation": {
        "#attributes": {
          "ActivityID": "1A7873A0-0EC0-0001-3174-781AC00EDB01"
        }
      },
      "Execution": {
        "#attributes": {
          "ProcessID": 660,
          "ThreadID": 760
        }
      },
      "Channel": "Security",
      "Computer": "EC2AMAZ-0TD157D",
      "Security": null
    },
    "EventData": {
      "SubjectUserSid": "S-1-0-0",
      "SubjectUserName": "-",
      "SubjectDomainName": "-",
      "SubjectLogonId": "0x0",
      "TargetUserSid": "S-1-0-0",
      "TargetUserName": "Jsmith",
      "TargetDomainName": "EC2AMAZ-0TD157D",
      "Status": "0xc000006d",
      "FailureReason": "%%2313",
      "SubStatus": "0xc000006a",
      "LogonType": 3,
      "LogonProcessName": "NtLmSsp ",
      "AuthenticationPackageName": "NTLM",
      "WorkstationName": "KALI",
      "TransmittedServices": "-",
      "LmPackageName": "-",
      "KeyLength": 0,
      "ProcessId": "0x0",
      "ProcessName": "-",
      "IpAddress": "10.1.1.42",
      "IpPort": "44646"
    }
  }
}
Record 234308
{
  "Event": {
    "#attributes": {
      "xmlns": "http://schemas.microsoft.com/win/2004/08/events/event"
    },
    "System": {
      "Provider": {
        "#attributes": {
          "Name": "Microsoft-Windows-Security-Auditing",
          "Guid": "54849625-5478-4994-A5BA-3E3B0328C30D"
        }
      },
      "EventID": 4776,
      "Version": 0,
      "Level": 0,
      "Task": 14336,
      "Opcode": 0,
      "Keywords": "0x8010000000000000",
      "TimeCreated": {
        "#attributes": {
          "SystemTime": "2024-09-24T21:06:52.522782Z"
        }
      },
      "EventRecordID": 234308,
      "Correlation": {
        "#attributes": {
          "ActivityID": "1A7873A0-0EC0-0001-3174-781AC00EDB01"
        }
      },
      "Execution": {
        "#attributes": {
          "ProcessID": 660,
          "ThreadID": 760
        }
      },
      "Channel": "Security",
      "Computer": "EC2AMAZ-0TD157D",
      "Security": null
    },
    "EventData": {
      "PackageName": "MICROSOFT_AUTHENTICATION_PACKAGE_V1_0",
      "TargetUserName": "Jsmith",
      "Workstation": "KALI",
      "Status": "0xc000006a"
    }
  }
}
Record 234309
{
  "Event": {
    "#attributes": {
      "xmlns": "http://schemas.microsoft.com/win/2004/08/events/event"
    },
    "System": {
      "Provider": {
        "#attributes": {
          "Name": "Microsoft-Windows-Security-Auditing",
          "Guid": "54849625-5478-4994-A5BA-3E3B0328C30D"
        }
      },
      "EventID": 4625,
      "Version": 0,
      "Level": 0,
      "Task": 12544,
      "Opcode": 0,
      "Keywords": "0x8010000000000000",
      "TimeCreated": {
        "#attributes": {
          "SystemTime": "2024-09-24T21:06:52.522856Z"
        }
      },
      "EventRecordID": 234309,
      "Correlation": {
        "#attributes": {
          "ActivityID": "1A7873A0-0EC0-0001-3174-781AC00EDB01"
        }
      },
      "Execution": {
        "#attributes": {
          "ProcessID": 660,
          "ThreadID": 760
        }
      },
      "Channel": "Security",
      "Computer": "EC2AMAZ-0TD157D",
      "Security": null
    },
    "EventData": {
      "SubjectUserSid": "S-1-0-0",
      "SubjectUserName": "-",
      "SubjectDomainName": "-",
      "SubjectLogonId": "0x0",
      "TargetUserSid": "S-1-0-0",
      "TargetUserName": "Jsmith",
      "TargetDomainName": "EC2AMAZ-0TD157D",
      "Status": "0xc000006d",
      "FailureReason": "%%2313",
      "SubStatus": "0xc000006a",
      "LogonType": 3,
      "LogonProcessName": "NtLmSsp ",
      "AuthenticationPackageName": "NTLM",
      "WorkstationName": "KALI",
      "TransmittedServices": "-",
      "LmPackageName": "-",
      "KeyLength": 0,
      "ProcessId": "0x0",
      "ProcessName": "-",
      "IpAddress": "10.1.1.42",
      "IpPort": "44664"
    }
  }
}
Record 234310
{
  "Event": {
    "#attributes": {
      "xmlns": "http://schemas.microsoft.com/win/2004/08/events/event"
    },
    "System": {
      "Provider": {
        "#attributes": {
          "Name": "Microsoft-Windows-Security-Auditing",
          "Guid": "54849625-5478-4994-A5BA-3E3B0328C30D"
        }
      },
      "EventID": 4776,
      "Version": 0,
      "Level": 0,
      "Task": 14336,
      "Opcode": 0,
      "Keywords": "0x8010000000000000",
      "TimeCreated": {
        "#attributes": {
          "SystemTime": "2024-09-24T21:06:52.539523Z"
        }
      },
      "EventRecordID": 234310,
      "Correlation": {
        "#attributes": {
          "ActivityID": "1A7873A0-0EC0-0001-3174-781AC00EDB01"
        }
      },
      "Execution": {
        "#attributes": {
          "ProcessID": 660,
          "ThreadID": 760
        }
      },
      "Channel": "Security",
      "Computer": "EC2AMAZ-0TD157D",
      "Security": null
    },
    "EventData": {
      "PackageName": "MICROSOFT_AUTHENTICATION_PACKAGE_V1_0",
      "TargetUserName": "Jsmith",
      "Workstation": "KALI",
      "Status": "0xc000006a"
    }
  }
}
Record 234311
{
  "Event": {
    "#attributes": {
      "xmlns": "http://schemas.microsoft.com/win/2004/08/events/event"
    },
    "System": {
      "Provider": {
        "#attributes": {
          "Name": "Microsoft-Windows-Security-Auditing",
          "Guid": "54849625-5478-4994-A5BA-3E3B0328C30D"
        }
      },
      "EventID": 4625,
      "Version": 0,
      "Level": 0,
      "Task": 12544,
      "Opcode": 0,
      "Keywords": "0x8010000000000000",
      "TimeCreated": {
        "#attributes": {
          "SystemTime": "2024-09-24T21:06:52.539567Z"
        }
      },
      "EventRecordID": 234311,
      "Correlation": {
        "#attributes": {
          "ActivityID": "1A7873A0-0EC0-0001-3174-781AC00EDB01"
        }
      },
      "Execution": {
        "#attributes": {
          "ProcessID": 660,
          "ThreadID": 760
        }
      },
      "Channel": "Security",
      "Computer": "EC2AMAZ-0TD157D",
      "Security": null
    },
    "EventData": {
      "SubjectUserSid": "S-1-0-0",
      "SubjectUserName": "-",
      "SubjectDomainName": "-",
      "SubjectLogonId": "0x0",
      "TargetUserSid": "S-1-0-0",
      "TargetUserName": "Jsmith",
      "TargetDomainName": "EC2AMAZ-0TD157D",
      "Status": "0xc000006d",
      "FailureReason": "%%2313",
      "SubStatus": "0xc000006a",
      "LogonType": 3,
      "LogonProcessName": "NtLmSsp ",
      "AuthenticationPackageName": "NTLM",
      "WorkstationName": "KALI",
      "TransmittedServices": "-",
      "LmPackageName": "-",
      "KeyLength": 0,
      "ProcessId": "0x0",
      "ProcessName": "-",
      "IpAddress": "10.1.1.42",
      "IpPort": "44678"
    }
  }
}
Record 234312
{
  "Event": {
    "#attributes": {
      "xmlns": "http://schemas.microsoft.com/win/2004/08/events/event"
    },
    "System": {
      "Provider": {
        "#attributes": {
          "Name": "Microsoft-Windows-Security-Auditing",
          "Guid": "54849625-5478-4994-A5BA-3E3B0328C30D"
        }
      },
      "EventID": 4776,
      "Version": 0,
      "Level": 0,
      "Task": 14336,
      "Opcode": 0,
      "Keywords": "0x8010000000000000",
      "TimeCreated": {
        "#attributes": {
          "SystemTime": "2024-09-24T21:06:52.553165Z"
        }
      },
      "EventRecordID": 234312,
      "Correlation": {
        "#attributes": {
          "ActivityID": "1A7873A0-0EC0-0001-3174-781AC00EDB01"
        }
      },
      "Execution": {
        "#attributes": {
          "ProcessID": 660,
          "ThreadID": 760
        }
      },
      "Channel": "Security",
      "Computer": "EC2AMAZ-0TD157D",
      "Security": null
    },
    "EventData": {
      "PackageName": "MICROSOFT_AUTHENTICATION_PACKAGE_V1_0",
      "TargetUserName": "Jsmith",
      "Workstation": "KALI",
      "Status": "0xc000006a"
    }
  }
}
Record 234313
{
  "Event": {
    "#attributes": {
      "xmlns": "http://schemas.microsoft.com/win/2004/08/events/event"
    },
    "System": {
      "Provider": {
        "#attributes": {
          "Name": "Microsoft-Windows-Security-Auditing",
          "Guid": "54849625-5478-4994-A5BA-3E3B0328C30D"
        }
      },
      "EventID": 4625,
      "Version": 0,
      "Level": 0,
      "Task": 12544,
      "Opcode": 0,
      "Keywords": "0x8010000000000000",
      "TimeCreated": {
        "#attributes": {
          "SystemTime": "2024-09-24T21:06:52.553209Z"
        }
      },
      "EventRecordID": 234313,
      "Correlation": {
        "#attributes": {
          "ActivityID": "1A7873A0-0EC0-0001-3174-781AC00EDB01"
        }
      },
      "Execution": {
        "#attributes": {
          "ProcessID": 660,
          "ThreadID": 760
        }
      },
      "Channel": "Security",
      "Computer": "EC2AMAZ-0TD157D",
      "Security": null
    },
    "EventData": {
      "SubjectUserSid": "S-1-0-0",
      "SubjectUserName": "-",
      "SubjectDomainName": "-",
      "SubjectLogonId": "0x0",
      "TargetUserSid": "S-1-0-0",
      "TargetUserName": "Jsmith",
      "TargetDomainName": "EC2AMAZ-0TD157D",
      "Status": "0xc000006d",
      "FailureReason": "%%2313",
      "SubStatus": "0xc000006a",
      "LogonType": 3,
      "LogonProcessName": "NtLmSsp ",
      "AuthenticationPackageName": "NTLM",
      "WorkstationName": "KALI",
      "TransmittedServices": "-",
      "LmPackageName": "-",
      "KeyLength": 0,
      "ProcessId": "0x0",
      "ProcessName": "-",
      "IpAddress": "10.1.1.42",
      "IpPort": "44694"
    }
  }
}
Record 234314
{
  "Event": {
    "#attributes": {
      "xmlns": "http://schemas.microsoft.com/win/2004/08/events/event"
    },
    "System": {
      "Provider": {
        "#attributes": {
          "Name": "Microsoft-Windows-Security-Auditing",
          "Guid": "54849625-5478-4994-A5BA-3E3B0328C30D"
        }
      },
      "EventID": 4776,
      "Version": 0,
      "Level": 0,
      "Task": 14336,
      "Opcode": 0,
      "Keywords": "0x8010000000000000",
      "TimeCreated": {
        "#attributes": {
          "SystemTime": "2024-09-24T21:06:52.565313Z"
        }
      },
      "EventRecordID": 234314,
      "Correlation": {
        "#attributes": {
          "ActivityID": "1A7873A0-0EC0-0001-3174-781AC00EDB01"
        }
      },
      "Execution": {
        "#attributes": {
          "ProcessID": 660,
          "ThreadID": 760
        }
      },
      "Channel": "Security",
      "Computer": "EC2AMAZ-0TD157D",
      "Security": null
    },
    "EventData": {
      "PackageName": "MICROSOFT_AUTHENTICATION_PACKAGE_V1_0",
      "TargetUserName": "Jsmith",
      "Workstation": "KALI",
      "Status": "0xc000006a"
    }
  }
}
Record 234315
{
  "Event": {
    "#attributes": {
      "xmlns": "http://schemas.microsoft.com/win/2004/08/events/event"
    },
    "System": {
      "Provider": {
        "#attributes": {
          "Name": "Microsoft-Windows-Security-Auditing",
          "Guid": "54849625-5478-4994-A5BA-3E3B0328C30D"
        }
      },
      "EventID": 4625,
      "Version": 0,
      "Level": 0,
      "Task": 12544,
      "Opcode": 0,
      "Keywords": "0x8010000000000000",
      "TimeCreated": {
        "#attributes": {
          "SystemTime": "2024-09-24T21:06:52.565365Z"
        }
      },
      "EventRecordID": 234315,
      "Correlation": {
        "#attributes": {
          "ActivityID": "1A7873A0-0EC0-0001-3174-781AC00EDB01"
        }
      },
      "Execution": {
        "#attributes": {
          "ProcessID": 660,
          "ThreadID": 760
        }
      },
      "Channel": "Security",
      "Computer": "EC2AMAZ-0TD157D",
      "Security": null
    },
    "EventData": {
      "SubjectUserSid": "S-1-0-0",
      "SubjectUserName": "-",
      "SubjectDomainName": "-",
      "SubjectLogonId": "0x0",
      "TargetUserSid": "S-1-0-0",
      "TargetUserName": "Jsmith",
      "TargetDomainName": "EC2AMAZ-0TD157D",
      "Status": "0xc000006d",
      "FailureReason": "%%2313",
      "SubStatus": "0xc000006a",
      "LogonType": 3,
      "LogonProcessName": "NtLmSsp ",
      "AuthenticationPackageName": "NTLM",
      "WorkstationName": "KALI",
      "TransmittedServices": "-",
      "LmPackageName": "-",
      "KeyLength": 0,
      "ProcessId": "0x0",
      "ProcessName": "-",
      "IpAddress": "10.1.1.42",
      "IpPort": "44708"
    }
  }
}
Record 234316
{
  "Event": {
    "#attributes": {
      "xmlns": "http://schemas.microsoft.com/win/2004/08/events/event"
    },
    "System": {
      "Provider": {
        "#attributes": {
          "Name": "Microsoft-Windows-Security-Auditing",
          "Guid": "54849625-5478-4994-A5BA-3E3B0328C30D"
        }
      },
      "EventID": 4776,
      "Version": 0,
      "Level": 0,
      "Task": 14336,
      "Opcode": 0,
      "Keywords": "0x8010000000000000",
      "TimeCreated": {
        "#attributes": {
          "SystemTime": "2024-09-24T21:06:52.576241Z"
        }
      },
      "EventRecordID": 234316,
      "Correlation": {
        "#attributes": {
          "ActivityID": "1A7873A0-0EC0-0001-3174-781AC00EDB01"
        }
      },
      "Execution": {
        "#attributes": {
          "ProcessID": 660,
          "ThreadID": 760
        }
      },
      "Channel": "Security",
      "Computer": "EC2AMAZ-0TD157D",
      "Security": null
    },
    "EventData": {
      "PackageName": "MICROSOFT_AUTHENTICATION_PACKAGE_V1_0",
      "TargetUserName": "Jsmith",
      "Workstation": "KALI",
      "Status": "0xc000006a"
    }
  }
}
Record 234317
{
  "Event": {
    "#attributes": {
      "xmlns": "http://schemas.microsoft.com/win/2004/08/events/event"
    },
    "System": {
      "Provider": {
        "#attributes": {
          "Name": "Microsoft-Windows-Security-Auditing",
          "Guid": "54849625-5478-4994-A5BA-3E3B0328C30D"
        }
      },
      "EventID": 4625,
      "Version": 0,
      "Level": 0,
      "Task": 12544,
      "Opcode": 0,
      "Keywords": "0x8010000000000000",
      "TimeCreated": {
        "#attributes": {
          "SystemTime": "2024-09-24T21:06:52.576289Z"
        }
      },
      "EventRecordID": 234317,
      "Correlation": {
        "#attributes": {
          "ActivityID": "1A7873A0-0EC0-0001-3174-781AC00EDB01"
        }
      },
      "Execution": {
        "#attributes": {
          "ProcessID": 660,
          "ThreadID": 760
        }
      },
      "Channel": "Security",
      "Computer": "EC2AMAZ-0TD157D",
      "Security": null
    },
    "EventData": {
      "SubjectUserSid": "S-1-0-0",
      "SubjectUserName": "-",
      "SubjectDomainName": "-",
      "SubjectLogonId": "0x0",
      "TargetUserSid": "S-1-0-0",
      "TargetUserName": "Jsmith",
      "TargetDomainName": "EC2AMAZ-0TD157D",
      "Status": "0xc000006d",
      "FailureReason": "%%2313",
      "SubStatus": "0xc000006a",
      "LogonType": 3,
      "LogonProcessName": "NtLmSsp ",
      "AuthenticationPackageName": "NTLM",
      "WorkstationName": "KALI",
      "TransmittedServices": "-",
      "LmPackageName": "-",
      "KeyLength": 0,
      "ProcessId": "0x0",
      "ProcessName": "-",
      "IpAddress": "10.1.1.42",
      "IpPort": "44736"
    }
  }
}
Record 234318
{
  "Event": {
    "#attributes": {
      "xmlns": "http://schemas.microsoft.com/win/2004/08/events/event"
    },
    "System": {
      "Provider": {
        "#attributes": {
          "Name": "Microsoft-Windows-Security-Auditing",
          "Guid": "54849625-5478-4994-A5BA-3E3B0328C30D"
        }
      },
      "EventID": 4776,
      "Version": 0,
      "Level": 0,
      "Task": 14336,
      "Opcode": 0,
      "Keywords": "0x8010000000000000",
      "TimeCreated": {
        "#attributes": {
          "SystemTime": "2024-09-24T21:06:52.587784Z"
        }
      },
      "EventRecordID": 234318,
      "Correlation": {
        "#attributes": {
          "ActivityID": "1A7873A0-0EC0-0001-3174-781AC00EDB01"
        }
      },
      "Execution": {
        "#attributes": {
          "ProcessID": 660,
          "ThreadID": 760
        }
      },
      "Channel": "Security",
      "Computer": "EC2AMAZ-0TD157D",
      "Security": null
    },
    "EventData": {
      "PackageName": "MICROSOFT_AUTHENTICATION_PACKAGE_V1_0",
      "TargetUserName": "Jsmith",
      "Workstation": "KALI",
      "Status": "0xc000006a"
    }
  }
}
Record 234319
{
  "Event": {
    "#attributes": {
      "xmlns": "http://schemas.microsoft.com/win/2004/08/events/event"
    },
    "System": {
      "Provider": {
        "#attributes": {
          "Name": "Microsoft-Windows-Security-Auditing",
          "Guid": "54849625-5478-4994-A5BA-3E3B0328C30D"
        }
      },
      "EventID": 4625,
      "Version": 0,
      "Level": 0,
      "Task": 12544,
      "Opcode": 0,
      "Keywords": "0x8010000000000000",
      "TimeCreated": {
        "#attributes": {
          "SystemTime": "2024-09-24T21:06:52.587827Z"
        }
      },
      "EventRecordID": 234319,
      "Correlation": {
        "#attributes": {
          "ActivityID": "1A7873A0-0EC0-0001-3174-781AC00EDB01"
        }
      },
      "Execution": {
        "#attributes": {
          "ProcessID": 660,
          "ThreadID": 760
        }
      },
      "Channel": "Security",
      "Computer": "EC2AMAZ-0TD157D",
      "Security": null
    },
    "EventData": {
      "SubjectUserSid": "S-1-0-0",
      "SubjectUserName": "-",
      "SubjectDomainName": "-",
      "SubjectLogonId": "0x0",
      "TargetUserSid": "S-1-0-0",
      "TargetUserName": "Jsmith",
      "TargetDomainName": "EC2AMAZ-0TD157D",
      "Status": "0xc000006d",
      "FailureReason": "%%2313",
      "SubStatus": "0xc000006a",
      "LogonType": 3,
      "LogonProcessName": "NtLmSsp ",
      "AuthenticationPackageName": "NTLM",
      "WorkstationName": "KALI",
      "TransmittedServices": "-",
      "LmPackageName": "-",
      "KeyLength": 0,
      "ProcessId": "0x0",
      "ProcessName": "-",
      "IpAddress": "10.1.1.42",
      "IpPort": "44754"
    }
  }
}
Record 234320
{
  "Event": {
    "#attributes": {
      "xmlns": "http://schemas.microsoft.com/win/2004/08/events/event"
    },
    "System": {
      "Provider": {
        "#attributes": {
          "Name": "Microsoft-Windows-Security-Auditing",
          "Guid": "54849625-5478-4994-A5BA-3E3B0328C30D"
        }
      },
      "EventID": 4776,
      "Version": 0,
      "Level": 0,
      "Task": 14336,
      "Opcode": 0,
      "Keywords": "0x8010000000000000",
      "TimeCreated": {
        "#attributes": {
          "SystemTime": "2024-09-24T21:07:10.532788Z"
        }
      },
      "EventRecordID": 234320,
      "Correlation": {
        "#attributes": {
          "ActivityID": "1A7873A0-0EC0-0001-3174-781AC00EDB01"
        }
      },
      "Execution": {
        "#attributes": {
          "ProcessID": 660,
          "ThreadID": 760
        }
      },
      "Channel": "Security",
      "Computer": "EC2AMAZ-0TD157D",
      "Security": null
    },
    "EventData": {
      "PackageName": "MICROSOFT_AUTHENTICATION_PACKAGE_V1_0",
      "TargetUserName": "Jsmith",
      "Workstation": "KALI",
      "Status": "0xc000006a"
    }
  }
}
Record 234321
{
  "Event": {
    "#attributes": {
      "xmlns": "http://schemas.microsoft.com/win/2004/08/events/event"
    },
    "System": {
      "Provider": {
        "#attributes": {
          "Name": "Microsoft-Windows-Security-Auditing",
          "Guid": "54849625-5478-4994-A5BA-3E3B0328C30D"
        }
      },
      "EventID": 4625,
      "Version": 0,
      "Level": 0,
      "Task": 12544,
      "Opcode": 0,
      "Keywords": "0x8010000000000000",
      "TimeCreated": {
        "#attributes": {
          "SystemTime": "2024-09-24T21:07:10.532856Z"
        }
      },
      "EventRecordID": 234321,
      "Correlation": {
        "#attributes": {
          "ActivityID": "1A7873A0-0EC0-0001-3174-781AC00EDB01"
        }
      },
      "Execution": {
        "#attributes": {
          "ProcessID": 660,
          "ThreadID": 760
        }
      },
      "Channel": "Security",
      "Computer": "EC2AMAZ-0TD157D",
      "Security": null
    },
    "EventData": {
      "SubjectUserSid": "S-1-0-0",
      "SubjectUserName": "-",
      "SubjectDomainName": "-",
      "SubjectLogonId": "0x0",
      "TargetUserSid": "S-1-0-0",
      "TargetUserName": "Jsmith",
      "TargetDomainName": "EC2AMAZ-0TD157D",
      "Status": "0xc000006d",
      "FailureReason": "%%2313",
      "SubStatus": "0xc000006a",
      "LogonType": 3,
      "LogonProcessName": "NtLmSsp ",
      "AuthenticationPackageName": "NTLM",
      "WorkstationName": "KALI",
      "TransmittedServices": "-",
      "LmPackageName": "-",
      "KeyLength": 0,
      "ProcessId": "0x0",
      "ProcessName": "-",
      "IpAddress": "10.1.1.42",
      "IpPort": "43676"
    }
  }
}
Record 234322
{
  "Event": {
    "#attributes": {
      "xmlns": "http://schemas.microsoft.com/win/2004/08/events/event"
    },
    "System": {
      "Provider": {
        "#attributes": {
          "Name": "Microsoft-Windows-Security-Auditing",
          "Guid": "54849625-5478-4994-A5BA-3E3B0328C30D"
        }
      },
      "EventID": 4776,
      "Version": 0,
      "Level": 0,
      "Task": 14336,
      "Opcode": 0,
      "Keywords": "0x8010000000000000",
      "TimeCreated": {
        "#attributes": {
          "SystemTime": "2024-09-24T21:07:10.563787Z"
        }
      },
      "EventRecordID": 234322,
      "Correlation": {
        "#attributes": {
          "ActivityID": "1A7873A0-0EC0-0001-3174-781AC00EDB01"
        }
      },
      "Execution": {
        "#attributes": {
          "ProcessID": 660,
          "ThreadID": 1864
        }
      },
      "Channel": "Security",
      "Computer": "EC2AMAZ-0TD157D",
      "Security": null
    },
    "EventData": {
      "PackageName": "MICROSOFT_AUTHENTICATION_PACKAGE_V1_0",
      "TargetUserName": "Jsmith",
      "Workstation": "KALI",
      "Status": "0xc000006a"
    }
  }
}
Record 234323
{
  "Event": {
    "#attributes": {
      "xmlns": "http://schemas.microsoft.com/win/2004/08/events/event"
    },
    "System": {
      "Provider": {
        "#attributes": {
          "Name": "Microsoft-Windows-Security-Auditing",
          "Guid": "54849625-5478-4994-A5BA-3E3B0328C30D"
        }
      },
      "EventID": 4625,
      "Version": 0,
      "Level": 0,
      "Task": 12544,
      "Opcode": 0,
      "Keywords": "0x8010000000000000",
      "TimeCreated": {
        "#attributes": {
          "SystemTime": "2024-09-24T21:07:10.563834Z"
        }
      },
      "EventRecordID": 234323,
      "Correlation": {
        "#attributes": {
          "ActivityID": "1A7873A0-0EC0-0001-3174-781AC00EDB01"
        }
      },
      "Execution": {
        "#attributes": {
          "ProcessID": 660,
          "ThreadID": 1864
        }
      },
      "Channel": "Security",
      "Computer": "EC2AMAZ-0TD157D",
      "Security": null
    },
    "EventData": {
      "SubjectUserSid": "S-1-0-0",
      "SubjectUserName": "-",
      "SubjectDomainName": "-",
      "SubjectLogonId": "0x0",
      "TargetUserSid": "S-1-0-0",
      "TargetUserName": "Jsmith",
      "TargetDomainName": "EC2AMAZ-0TD157D",
      "Status": "0xc000006d",
      "FailureReason": "%%2313",
      "SubStatus": "0xc000006a",
      "LogonType": 3,
      "LogonProcessName": "NtLmSsp ",
      "AuthenticationPackageName": "NTLM",
      "WorkstationName": "KALI",
      "TransmittedServices": "-",
      "LmPackageName": "-",
      "KeyLength": 0,
      "ProcessId": "0x0",
      "ProcessName": "-",
      "IpAddress": "10.1.1.42",
      "IpPort": "43706"
    }
  }
}
Record 234324
{
  "Event": {
    "#attributes": {
      "xmlns": "http://schemas.microsoft.com/win/2004/08/events/event"
    },
    "System": {
      "Provider": {
        "#attributes": {
          "Name": "Microsoft-Windows-Security-Auditing",
          "Guid": "54849625-5478-4994-A5BA-3E3B0328C30D"
        }
      },
      "EventID": 4776,
      "Version": 0,
      "Level": 0,
      "Task": 14336,
      "Opcode": 0,
      "Keywords": "0x8010000000000000",
      "TimeCreated": {
        "#attributes": {
          "SystemTime": "2024-09-24T21:07:10.600092Z"
        }
      },
      "EventRecordID": 234324,
      "Correlation": {
        "#attributes": {
          "ActivityID": "1A7873A0-0EC0-0001-3174-781AC00EDB01"
        }
      },
      "Execution": {
        "#attributes": {
          "ProcessID": 660,
          "ThreadID": 1864
        }
      },
      "Channel": "Security",
      "Computer": "EC2AMAZ-0TD157D",
      "Security": null
    },
    "EventData": {
      "PackageName": "MICROSOFT_AUTHENTICATION_PACKAGE_V1_0",
      "TargetUserName": "Jsmith",
      "Workstation": "KALI",
      "Status": "0xc000006a"
    }
  }
}
