Record 234896
{
  "Event": {
    "#attributes": {
      "xmlns": "http://schemas.microsoft.com/win/2004/08/events/event"
    },
    "System": {
      "Provider": {
        "#attributes": {
          "Name": "Microsoft-Windows-Security-Auditing",
          "Guid": "54849625-5478-4994-A5BA-3E3B0328C30D"
        }
      },
      "EventID": 4703,
      "Version": 0,
      "Level": 0,
      "Task": 13317,
      "Opcode": 0,
      "Keywords": "0x8020000000000000",
      "TimeCreated": {
        "#attributes": {
          "SystemTime": "2024-10-01T20:23:07.149847Z"
        }
      },
      "EventRecordID": 234896,
      "Correlation": null,
      "Execution": {
        "#attributes": {
          "ProcessID": 4,
          "ThreadID": 6540
        }
      },
      "Channel": "Security",
      "Computer": "EC2AMAZ-DMS53EU",
      "Security": null
    },
    "EventData": {
      "SubjectUserSid": "S-1-5-21-1315585081-1223704089-1502122752-500",
      "SubjectUserName": "Administrator",
      "SubjectDomainName": "EC2AMAZ-DMS53EU",
      "SubjectLogonId": "0x3abe71",
      "TargetUserSid": "S-1-0-0",
      "TargetUserName": "Administrator",
      "TargetDomainName": "EC2AMAZ-DMS53EU",
      "TargetLogonId": "0x3abe71",
      "ProcessName": "C:\\Windows\\System32\\wevtutil.exe",
      "ProcessId": "0x460",
      "EnabledPrivilegeList": "-",
      "DisabledPrivilegeList": "SeSecurityPrivilege"
    }
  }
}
Record 234897
{
  "Event": {
    "#attributes": {
      "xmlns": "http://schemas.microsoft.com/win/2004/08/events/event"
    },
    "System": {
      "Provider": {
        "#attributes": {
          "Name": "Microsoft-Windows-Security-Auditing",
          "Guid": "54849625-5478-4994-A5BA-3E3B0328C30D"
        }
      },
      "EventID": 4689,
      "Version": 0,
      "Level": 0,
      "Task": 13313,
      "Opcode": 0,
      "Keywords": "0x8020000000000000",
      "TimeCreated": {
        "#attributes": {
          "SystemTime": "2024-10-01T20:23:07.150835Z"
        }
      },
      "EventRecordID": 234897,
      "Correlation": null,
      "Execution": {
        "#attributes": {
          "ProcessID": 4,
          "ThreadID": 6540
        }
      },
      "Channel": "Security",
      "Computer": "EC2AMAZ-DMS53EU",
      "Security": null
    },
    "EventData": {
      "SubjectUserSid": "S-1-5-21-1315585081-1223704089-1502122752-500",
      "SubjectUserName": "Administrator",
      "SubjectDomainName": "EC2AMAZ-DMS53EU",
      "SubjectLogonId": "0x3abe71",
      "Status": "0x0",
      "ProcessId": "0x460",
      "ProcessName": "C:\\Windows\\System32\\wevtutil.exe"
    }
  }
}
Record 234898
{
  "Event": {
    "#attributes": {
      "xmlns": "http://schemas.microsoft.com/win/2004/08/events/event"
    },
    "System": {
      "Provider": {
        "#attributes": {
          "Name": "Microsoft-Windows-Security-Auditing",
          "Guid": "54849625-5478-4994-A5BA-3E3B0328C30D"
        }
      },
      "EventID": 4689,
      "Version": 0,
      "Level": 0,
      "Task": 13313,
      "Opcode": 0,
      "Keywords": "0x8020000000000000",
      "TimeCreated": {
        "#attributes": {
          "SystemTime": "2024-10-01T20:23:07.151923Z"
        }
      },
      "EventRecordID": 234898,
      "Correlation": null,
      "Execution": {
        "#attributes": {
          "ProcessID": 4,
          "ThreadID": 6540
        }
      },
      "Channel": "Security",
      "Computer": "EC2AMAZ-DMS53EU",
      "Security": null
    },
    "EventData": {
      "SubjectUserSid": "S-1-5-21-1315585081-1223704089-1502122752-500",
      "SubjectUserName": "Administrator",
      "SubjectDomainName": "EC2AMAZ-DMS53EU",
      "SubjectLogonId": "0x3abe71",
      "Status": "0x0",
      "ProcessId": "0x8c0",
      "ProcessName": "C:\\Windows\\System32\\conhost.exe"
    }
  }
}
Record 234899
{
  "Event": {
    "#attributes": {
      "xmlns": "http://schemas.microsoft.com/win/2004/08/events/event"
    },
    "System": {
      "Provider": {
        "#attributes": {
          "Name": "Microsoft-Windows-Security-Auditing",
          "Guid": "54849625-5478-4994-A5BA-3E3B0328C30D"
        }
      },
      "EventID": 4688,
      "Version": 2,
      "Level": 0,
      "Task": 13312,
      "Opcode": 0,
      "Keywords": "0x8020000000000000",
      "TimeCreated": {
        "#attributes": {
          "SystemTime": "2024-10-01T20:23:07.154088Z"
        }
      },
      "EventRecordID": 234899,
      "Correlation": null,
      "Execution": {
        "#attributes": {
          "ProcessID": 4,
          "ThreadID": 6540
        }
      },
      "Channel": "Security",
      "Computer": "EC2AMAZ-DMS53EU",
      "Security": null
    },
    "EventData": {
      "SubjectUserSid": "S-1-5-21-1315585081-1223704089-1502122752-500",
      "SubjectUserName": "Administrator",
      "SubjectDomainName": "EC2AMAZ-DMS53EU",
      "SubjectLogonId": "0x3abe71",
      "NewProcessId": "0x12c8",
      "NewProcessName": "C:\\Windows\\System32\\wevtutil.exe",
      "TokenElevationType": "%%1936",
      "ProcessId": "0x1b48",
      "CommandLine": "\"C:\\Windows\\system32\\wevtutil.exe\" cl WINDOWS_VC1ENC_CHANNEL",
      "TargetUserSid": "S-1-0-0",
      "TargetUserName": "-",
      "TargetDomainName": "-",
      "TargetLogonId": "0x0",
      "ParentProcessName": "C:\\Windows\\System32\\wsmprovhost.exe",
      "MandatoryLabel": "S-1-16-12288"
    }
  }
}
Record 234900
{
  "Event": {
    "#attributes": {
      "xmlns": "http://schemas.microsoft.com/win/2004/08/events/event"
    },
    "System": {
      "Provider": {
        "#attributes": {
          "Name": "Microsoft-Windows-Security-Auditing",
          "Guid": "54849625-5478-4994-A5BA-3E3B0328C30D"
        }
      },
      "EventID": 4688,
      "Version": 2,
      "Level": 0,
      "Task": 13312,
      "Opcode": 0,
      "Keywords": "0x8020000000000000",
      "TimeCreated": {
        "#attributes": {
          "SystemTime": "2024-10-01T20:23:07.159976Z"
        }
      },
      "EventRecordID": 234900,
      "Correlation": null,
      "Execution": {
        "#attributes": {
          "ProcessID": 4,
          "ThreadID": 6540
        }
      },
      "Channel": "Security",
      "Computer": "EC2AMAZ-DMS53EU",
      "Security": null
    },
    "EventData": {
      "SubjectUserSid": "S-1-5-21-1315585081-1223704089-1502122752-500",
      "SubjectUserName": "Administrator",
      "SubjectDomainName": "EC2AMAZ-DMS53EU",
      "SubjectLogonId": "0x3abe71",
      "NewProcessId": "0xde0",
      "NewProcessName": "C:\\Windows\\System32\\conhost.exe",
      "TokenElevationType": "%%1936",
      "ProcessId": "0x12c8",
      "CommandLine": "\\??\\C:\\Windows\\system32\\conhost.exe 0xffffffff -ForceV1",
      "TargetUserSid": "S-1-0-0",
      "TargetUserName": "-",
      "TargetDomainName": "-",
      "TargetLogonId": "0x0",
      "ParentProcessName": "C:\\Windows\\System32\\wevtutil.exe",
      "MandatoryLabel": "S-1-16-12288"
    }
  }
}
Record 234901
{
  "Event": {
    "#attributes": {
      "xmlns": "http://schemas.microsoft.com/win/2004/08/events/event"
    },
    "System": {
      "Provider": {
        "#attributes": {
          "Name": "Microsoft-Windows-Security-Auditing",
          "Guid": "54849625-5478-4994-A5BA-3E3B0328C30D"
        }
      },
      "EventID": 4703,
      "Version": 0,
      "Level": 0,
      "Task": 13317,
      "Opcode": 0,
      "Keywords": "0x8020000000000000",
      "TimeCreated": {
        "#attributes": {
          "SystemTime": "2024-10-01T20:23:07.196839Z"
        }
      },
      "EventRecordID": 234901,
      "Correlation": null,
      "Execution": {
        "#attributes": {
          "ProcessID": 4,
          "ThreadID": 6540
        }
      },
      "Channel": "Security",
      "Computer": "EC2AMAZ-DMS53EU",
      "Security": null
    },
    "EventData": {
      "SubjectUserSid": "S-1-5-21-1315585081-1223704089-1502122752-500",
      "SubjectUserName": "Administrator",
      "SubjectDomainName": "EC2AMAZ-DMS53EU",
      "SubjectLogonId": "0x3abe71",
      "TargetUserSid": "S-1-0-0",
      "TargetUserName": "Administrator",
      "TargetDomainName": "EC2AMAZ-DMS53EU",
      "TargetLogonId": "0x3abe71",
      "ProcessName": "C:\\Windows\\System32\\wevtutil.exe",
      "ProcessId": "0x12c8",
      "EnabledPrivilegeList": "-",
      "DisabledPrivilegeList": "SeBackupPrivilege"
    }
  }
}
Record 234902
{
  "Event": {
    "#attributes": {
      "xmlns": "http://schemas.microsoft.com/win/2004/08/events/event"
    },
    "System": {
      "Provider": {
        "#attributes": {
          "Name": "Microsoft-Windows-Security-Auditing",
          "Guid": "54849625-5478-4994-A5BA-3E3B0328C30D"
        }
      },
      "EventID": 4703,
      "Version": 0,
      "Level": 0,
      "Task": 13317,
      "Opcode": 0,
      "Keywords": "0x8020000000000000",
      "TimeCreated": {
        "#attributes": {
          "SystemTime": "2024-10-01T20:23:07.196845Z"
        }
      },
      "EventRecordID": 234902,
      "Correlation": null,
      "Execution": {
        "#attributes": {
          "ProcessID": 4,
          "ThreadID": 6540
        }
      },
      "Channel": "Security",
      "Computer": "EC2AMAZ-DMS53EU",
      "Security": null
    },
    "EventData": {
      "SubjectUserSid": "S-1-5-21-1315585081-1223704089-1502122752-500",
      "SubjectUserName": "Administrator",
      "SubjectDomainName": "EC2AMAZ-DMS53EU",
      "SubjectLogonId": "0x3abe71",
      "TargetUserSid": "S-1-0-0",
      "TargetUserName": "Administrator",
      "TargetDomainName": "EC2AMAZ-DMS53EU",
      "TargetLogonId": "0x3abe71",
      "ProcessName": "C:\\Windows\\System32\\wevtutil.exe",
      "ProcessId": "0x12c8",
      "EnabledPrivilegeList": "-",
      "DisabledPrivilegeList": "SeSecurityPrivilege"
    }
  }
}
Record 234903
{
  "Event": {
    "#attributes": {
      "xmlns": "http://schemas.microsoft.com/win/2004/08/events/event"
    },
    "System": {
      "Provider": {
        "#attributes": {
          "Name": "Microsoft-Windows-Security-Auditing",
          "Guid": "54849625-5478-4994-A5BA-3E3B0328C30D"
        }
      },
      "EventID": 4689,
      "Version": 0,
      "Level": 0,
      "Task": 13313,
      "Opcode": 0,
      "Keywords": "0x8020000000000000",
      "TimeCreated": {
        "#attributes": {
          "SystemTime": "2024-10-01T20:23:07.198976Z"
        }
      },
      "EventRecordID": 234903,
      "Correlation": null,
      "Execution": {
        "#attributes": {
          "ProcessID": 4,
          "ThreadID": 6540
        }
      },
      "Channel": "Security",
      "Computer": "EC2AMAZ-DMS53EU",
      "Security": null
    },
    "EventData": {
      "SubjectUserSid": "S-1-5-21-1315585081-1223704089-1502122752-500",
      "SubjectUserName": "Administrator",
      "SubjectDomainName": "EC2AMAZ-DMS53EU",
      "SubjectLogonId": "0x3abe71",
      "Status": "0x0",
      "ProcessId": "0x12c8",
      "ProcessName": "C:\\Windows\\System32\\wevtutil.exe"
    }
  }
}
Record 234904
{
  "Event": {
    "#attributes": {
      "xmlns": "http://schemas.microsoft.com/win/2004/08/events/event"
    },
    "System": {
      "Provider": {
        "#attributes": {
          "Name": "Microsoft-Windows-Security-Auditing",
          "Guid": "54849625-5478-4994-A5BA-3E3B0328C30D"
        }
      },
      "EventID": 4689,
      "Version": 0,
      "Level": 0,
      "Task": 13313,
      "Opcode": 0,
      "Keywords": "0x8020000000000000",
      "TimeCreated": {
        "#attributes": {
          "SystemTime": "2024-10-01T20:23:07.199961Z"
        }
      },
      "EventRecordID": 234904,
      "Correlation": null,
      "Execution": {
        "#attributes": {
          "ProcessID": 4,
          "ThreadID": 6540
        }
      },
      "Channel": "Security",
      "Computer": "EC2AMAZ-DMS53EU",
      "Security": null
    },
    "EventData": {
      "SubjectUserSid": "S-1-5-21-1315585081-1223704089-1502122752-500",
      "SubjectUserName": "Administrator",
      "SubjectDomainName": "EC2AMAZ-DMS53EU",
      "SubjectLogonId": "0x3abe71",
      "Status": "0x0",
      "ProcessId": "0xde0",
      "ProcessName": "C:\\Windows\\System32\\conhost.exe"
    }
  }
}
Record 234905
{
  "Event": {
    "#attributes": {
      "xmlns": "http://schemas.microsoft.com/win/2004/08/events/event"
    },
    "System": {
      "Provider": {
        "#attributes": {
          "Name": "Microsoft-Windows-Security-Auditing",
          "Guid": "54849625-5478-4994-A5BA-3E3B0328C30D"
        }
      },
      "EventID": 4688,
      "Version": 2,
      "Level": 0,
      "Task": 13312,
      "Opcode": 0,
      "Keywords": "0x8020000000000000",
      "TimeCreated": {
        "#attributes": {
          "SystemTime": "2024-10-01T20:23:07.202587Z"
        }
      },
      "EventRecordID": 234905,
      "Correlation": null,
      "Execution": {
        "#attributes": {
          "ProcessID": 4,
          "ThreadID": 6540
        }
      },
      "Channel": "Security",
      "Computer": "EC2AMAZ-DMS53EU",
      "Security": null
    },
    "EventData": {
      "SubjectUserSid": "S-1-5-21-1315585081-1223704089-1502122752-500",
      "SubjectUserName": "Administrator",
      "SubjectDomainName": "EC2AMAZ-DMS53EU",
      "SubjectLogonId": "0x3abe71",
      "NewProcessId": "0x1be8",
      "NewProcessName": "C:\\Windows\\System32\\wevtutil.exe",
      "TokenElevationType": "%%1936",
      "ProcessId": "0x1b48",
      "CommandLine": "\"C:\\Windows\\system32\\wevtutil.exe\" cl WINDOWS_WMPHOTO_CHANNEL",
      "TargetUserSid": "S-1-0-0",
      "TargetUserName": "-",
      "TargetDomainName": "-",
      "TargetLogonId": "0x0",
      "ParentProcessName": "C:\\Windows\\System32\\wsmprovhost.exe",
      "MandatoryLabel": "S-1-16-12288"
    }
  }
}
Record 234906
{
  "Event": {
    "#attributes": {
      "xmlns": "http://schemas.microsoft.com/win/2004/08/events/event"
    },
    "System": {
      "Provider": {
        "#attributes": {
          "Name": "Microsoft-Windows-Security-Auditing",
          "Guid": "54849625-5478-4994-A5BA-3E3B0328C30D"
        }
      },
      "EventID": 4688,
      "Version": 2,
      "Level": 0,
      "Task": 13312,
      "Opcode": 0,
      "Keywords": "0x8020000000000000",
      "TimeCreated": {
        "#attributes": {
          "SystemTime": "2024-10-01T20:23:07.205587Z"
        }
      },
      "EventRecordID": 234906,
      "Correlation": null,
      "Execution": {
        "#attributes": {
          "ProcessID": 4,
          "ThreadID": 6540
        }
      },
      "Channel": "Security",
      "Computer": "EC2AMAZ-DMS53EU",
      "Security": null
    },
    "EventData": {
      "SubjectUserSid": "S-1-5-21-1315585081-1223704089-1502122752-500",
      "SubjectUserName": "Administrator",
      "SubjectDomainName": "EC2AMAZ-DMS53EU",
      "SubjectLogonId": "0x3abe71",
      "NewProcessId": "0x1444",
      "NewProcessName": "C:\\Windows\\System32\\conhost.exe",
      "TokenElevationType": "%%1936",
      "ProcessId": "0x1be8",
      "CommandLine": "\\??\\C:\\Windows\\system32\\conhost.exe 0xffffffff -ForceV1",
      "TargetUserSid": "S-1-0-0",
      "TargetUserName": "-",
      "TargetDomainName": "-",
      "TargetLogonId": "0x0",
      "ParentProcessName": "C:\\Windows\\System32\\wevtutil.exe",
      "MandatoryLabel": "S-1-16-12288"
    }
  }
}
Record 234907
{
  "Event": {
    "#attributes": {
      "xmlns": "http://schemas.microsoft.com/win/2004/08/events/event"
    },
    "System": {
      "Provider": {
        "#attributes": {
          "Name": "Microsoft-Windows-Security-Auditing",
          "Guid": "54849625-5478-4994-A5BA-3E3B0328C30D"
        }
      },
      "EventID": 4703,
      "Version": 0,
      "Level": 0,
      "Task": 13317,
      "Opcode": 0,
      "Keywords": "0x8020000000000000",
      "TimeCreated": {
        "#attributes": {
          "SystemTime": "2024-10-01T20:23:07.270971Z"
        }
      },
      "EventRecordID": 234907,
      "Correlation": null,
      "Execution": {
        "#attributes": {
          "ProcessID": 4,
          "ThreadID": 6540
        }
      },
      "Channel": "Security",
      "Computer": "EC2AMAZ-DMS53EU",
      "Security": null
    },
    "EventData": {
      "SubjectUserSid": "S-1-5-21-1315585081-1223704089-1502122752-500",
      "SubjectUserName": "Administrator",
      "SubjectDomainName": "EC2AMAZ-DMS53EU",
      "SubjectLogonId": "0x3abe71",
      "TargetUserSid": "S-1-0-0",
      "TargetUserName": "Administrator",
      "TargetDomainName": "EC2AMAZ-DMS53EU",
      "TargetLogonId": "0x3abe71",
      "ProcessName": "C:\\Windows\\System32\\wevtutil.exe",
      "ProcessId": "0x1be8",
      "EnabledPrivilegeList": "-",
      "DisabledPrivilegeList": "SeBackupPrivilege"
    }
  }
}
Record 234908
{
  "Event": {
    "#attributes": {
      "xmlns": "http://schemas.microsoft.com/win/2004/08/events/event"
    },
    "System": {
      "Provider": {
        "#attributes": {
          "Name": "Microsoft-Windows-Security-Auditing",
          "Guid": "54849625-5478-4994-A5BA-3E3B0328C30D"
        }
      },
      "EventID": 4703,
      "Version": 0,
      "Level": 0,
      "Task": 13317,
      "Opcode": 0,
      "Keywords": "0x8020000000000000",
      "TimeCreated": {
        "#attributes": {
          "SystemTime": "2024-10-01T20:23:07.270977Z"
        }
      },
      "EventRecordID": 234908,
      "Correlation": null,
      "Execution": {
        "#attributes": {
          "ProcessID": 4,
          "ThreadID": 6540
        }
      },
      "Channel": "Security",
      "Computer": "EC2AMAZ-DMS53EU",
      "Security": null
    },
    "EventData": {
      "SubjectUserSid": "S-1-5-21-1315585081-1223704089-1502122752-500",
      "SubjectUserName": "Administrator",
      "SubjectDomainName": "EC2AMAZ-DMS53EU",
      "SubjectLogonId": "0x3abe71",
      "TargetUserSid": "S-1-0-0",
      "TargetUserName": "Administrator",
      "TargetDomainName": "EC2AMAZ-DMS53EU",
      "TargetLogonId": "0x3abe71",
      "ProcessName": "C:\\Windows\\System32\\wevtutil.exe",
      "ProcessId": "0x1be8",
      "EnabledPrivilegeList": "-",
      "DisabledPrivilegeList": "SeSecurityPrivilege"
    }
  }
}
Record 234909
{
  "Event": {
    "#attributes": {
      "xmlns": "http://schemas.microsoft.com/win/2004/08/events/event"
    },
    "System": {
      "Provider": {
        "#attributes": {
          "Name": "Microsoft-Windows-Security-Auditing",
          "Guid": "54849625-5478-4994-A5BA-3E3B0328C30D"
        }
      },
      "EventID": 4689,
      "Version": 0,
      "Level": 0,
      "Task": 13313,
      "Opcode": 0,
      "Keywords": "0x8020000000000000",
      "TimeCreated": {
        "#attributes": {
          "SystemTime": "2024-10-01T20:23:07.271623Z"
        }
      },
      "EventRecordID": 234909,
      "Correlation": null,
      "Execution": {
        "#attributes": {
          "ProcessID": 4,
          "ThreadID": 6540
        }
      },
      "Channel": "Security",
      "Computer": "EC2AMAZ-DMS53EU",
      "Security": null
    },
    "EventData": {
      "SubjectUserSid": "S-1-5-21-1315585081-1223704089-1502122752-500",
      "SubjectUserName": "Administrator",
      "SubjectDomainName": "EC2AMAZ-DMS53EU",
      "SubjectLogonId": "0x3abe71",
      "Status": "0x0",
      "ProcessId": "0x1be8",
      "ProcessName": "C:\\Windows\\System32\\wevtutil.exe"
    }
  }
}
Record 234910
{
  "Event": {
    "#attributes": {
      "xmlns": "http://schemas.microsoft.com/win/2004/08/events/event"
    },
    "System": {
      "Provider": {
        "#attributes": {
          "Name": "Microsoft-Windows-Security-Auditing",
          "Guid": "54849625-5478-4994-A5BA-3E3B0328C30D"
        }
      },
      "EventID": 4689,
      "Version": 0,
      "Level": 0,
      "Task": 13313,
      "Opcode": 0,
      "Keywords": "0x8020000000000000",
      "TimeCreated": {
        "#attributes": {
          "SystemTime": "2024-10-01T20:23:07.272525Z"
        }
      },
      "EventRecordID": 234910,
      "Correlation": null,
      "Execution": {
        "#attributes": {
          "ProcessID": 4,
          "ThreadID": 6540
        }
      },
      "Channel": "Security",
      "Computer": "EC2AMAZ-DMS53EU",
      "Security": null
    },
    "EventData": {
      "SubjectUserSid": "S-1-5-21-1315585081-1223704089-1502122752-500",
      "SubjectUserName": "Administrator",
      "SubjectDomainName": "EC2AMAZ-DMS53EU",
      "SubjectLogonId": "0x3abe71",
      "Status": "0x0",
      "ProcessId": "0x1444",
      "ProcessName": "C:\\Windows\\System32\\conhost.exe"
    }
  }
}
Record 234911
{
  "Event": {
    "#attributes": {
      "xmlns": "http://schemas.microsoft.com/win/2004/08/events/event"
    },
    "System": {
      "Provider": {
        "#attributes": {
          "Name": "Microsoft-Windows-Security-Auditing",
          "Guid": "54849625-5478-4994-A5BA-3E3B0328C30D"
        }
      },
      "EventID": 4688,
      "Version": 2,
      "Level": 0,
      "Task": 13312,
      "Opcode": 0,
      "Keywords": "0x8020000000000000",
      "TimeCreated": {
        "#attributes": {
          "SystemTime": "2024-10-01T20:23:07.274861Z"
        }
      },
      "EventRecordID": 234911,
      "Correlation": null,
      "Execution": {
        "#attributes": {
          "ProcessID": 4,
          "ThreadID": 6540
        }
      },
      "Channel": "Security",
      "Computer": "EC2AMAZ-DMS53EU",
      "Security": null
    },
    "EventData": {
      "SubjectUserSid": "S-1-5-21-1315585081-1223704089-1502122752-500",
      "SubjectUserName": "Administrator",
      "SubjectDomainName": "EC2AMAZ-DMS53EU",
      "SubjectLogonId": "0x3abe71",
      "NewProcessId": "0x16bc",
      "NewProcessName": "C:\\Windows\\System32\\wevtutil.exe",
      "TokenElevationType": "%%1936",
      "ProcessId": "0x1b48",
      "CommandLine": "\"C:\\Windows\\system32\\wevtutil.exe\" cl WINDOWS_wmvdecod_CHANNEL",
      "TargetUserSid": "S-1-0-0",
      "TargetUserName": "-",
      "TargetDomainName": "-",
      "TargetLogonId": "0x0",
      "ParentProcessName": "C:\\Windows\\System32\\wsmprovhost.exe",
      "MandatoryLabel": "S-1-16-12288"
    }
  }
}
Record 234912
{
  "Event": {
    "#attributes": {
      "xmlns": "http://schemas.microsoft.com/win/2004/08/events/event"
    },
    "System": {
      "Provider": {
        "#attributes": {
          "Name": "Microsoft-Windows-Security-Auditing",
          "Guid": "54849625-5478-4994-A5BA-3E3B0328C30D"
        }
      },
      "EventID": 4688,
      "Version": 2,
      "Level": 0,
      "Task": 13312,
      "Opcode": 0,
      "Keywords": "0x8020000000000000",
      "TimeCreated": {
        "#attributes": {
          "SystemTime": "2024-10-01T20:23:07.277427Z"
        }
      },
      "EventRecordID": 234912,
      "Correlation": null,
      "Execution": {
        "#attributes": {
          "ProcessID": 4,
          "ThreadID": 6540
        }
      },
      "Channel": "Security",
      "Computer": "EC2AMAZ-DMS53EU",
      "Security": null
    },
    "EventData": {
      "SubjectUserSid": "S-1-5-21-1315585081-1223704089-1502122752-500",
      "SubjectUserName": "Administrator",
      "SubjectDomainName": "EC2AMAZ-DMS53EU",
      "SubjectLogonId": "0x3abe71",
      "NewProcessId": "0x1290",
      "NewProcessName": "C:\\Windows\\System32\\conhost.exe",
      "TokenElevationType": "%%1936",
      "ProcessId": "0x16bc",
      "CommandLine": "\\??\\C:\\Windows\\system32\\conhost.exe 0xffffffff -ForceV1",
      "TargetUserSid": "S-1-0-0",
      "TargetUserName": "-",
      "TargetDomainName": "-",
      "TargetLogonId": "0x0",
      "ParentProcessName": "C:\\Windows\\System32\\wevtutil.exe",
      "MandatoryLabel": "S-1-16-12288"
    }
  }
}
Record 234913
{
  "Event": {
    "#attributes": {
      "xmlns": "http://schemas.microsoft.com/win/2004/08/events/event"
    },
    "System": {
      "Provider": {
        "#attributes": {
          "Name": "Microsoft-Windows-Security-Auditing",
          "Guid": "54849625-5478-4994-A5BA-3E3B0328C30D"
        }
      },
      "EventID": 4703,
      "Version": 0,
      "Level": 0,
      "Task": 13317,
      "Opcode": 0,
      "Keywords": "0x8020000000000000",
      "TimeCreated": {
        "#attributes": {
          "SystemTime": "2024-10-01T20:23:07.313452Z"
        }
      },
      "EventRecordID": 234913,
      "Correlation": null,
      "Execution": {
        "#attributes": {
          "ProcessID": 4,
          "ThreadID": 6540
        }
      },
      "Channel": "Security",
      "Computer": "EC2AMAZ-DMS53EU",
      "Security": null
    },
    "EventData": {
      "SubjectUserSid": "S-1-5-21-1315585081-1223704089-1502122752-500",
      "SubjectUserName": "Administrator",
      "SubjectDomainName": "EC2AMAZ-DMS53EU",
      "SubjectLogonId": "0x3abe71",
      "TargetUserSid": "S-1-0-0",
      "TargetUserName": "Administrator",
      "TargetDomainName": "EC2AMAZ-DMS53EU",
      "TargetLogonId": "0x3abe71",
      "ProcessName": "C:\\Windows\\System32\\wevtutil.exe",
      "ProcessId": "0x16bc",
      "EnabledPrivilegeList": "-",
      "DisabledPrivilegeList": "SeBackupPrivilege"
    }
  }
}
Record 234914
{
  "Event": {
    "#attributes": {
      "xmlns": "http://schemas.microsoft.com/win/2004/08/events/event"
    },
    "System": {
      "Provider": {
        "#attributes": {
          "Name": "Microsoft-Windows-Security-Auditing",
          "Guid": "54849625-5478-4994-A5BA-3E3B0328C30D"
        }
      },
      "EventID": 4703,
      "Version": 0,
      "Level": 0,
      "Task": 13317,
      "Opcode": 0,
      "Keywords": "0x8020000000000000",
      "TimeCreated": {
        "#attributes": {
          "SystemTime": "2024-10-01T20:23:07.313458Z"
        }
      },
      "EventRecordID": 234914,
      "Correlation": null,
      "Execution": {
        "#attributes": {
          "ProcessID": 4,
          "ThreadID": 6540
        }
      },
      "Channel": "Security",
      "Computer": "EC2AMAZ-DMS53EU",
      "Security": null
    },
    "EventData": {
      "SubjectUserSid": "S-1-5-21-1315585081-1223704089-1502122752-500",
      "SubjectUserName": "Administrator",
      "SubjectDomainName": "EC2AMAZ-DMS53EU",
      "SubjectLogonId": "0x3abe71",
      "TargetUserSid": "S-1-0-0",
      "TargetUserName": "Administrator",
      "TargetDomainName": "EC2AMAZ-DMS53EU",
      "TargetLogonId": "0x3abe71",
      "ProcessName": "C:\\Windows\\System32\\wevtutil.exe",
      "ProcessId": "0x16bc",
      "EnabledPrivilegeList": "-",
      "DisabledPrivilegeList": "SeSecurityPrivilege"
    }
  }
}
Record 234915
{
  "Event": {
    "#attributes": {
      "xmlns": "http://schemas.microsoft.com/win/2004/08/events/event"
    },
    "System": {
      "Provider": {
        "#attributes": {
          "Name": "Microsoft-Windows-Security-Auditing",
          "Guid": "54849625-5478-4994-A5BA-3E3B0328C30D"
        }
      },
      "EventID": 4689,
      "Version": 0,
      "Level": 0,
      "Task": 13313,
      "Opcode": 0,
      "Keywords": "0x8020000000000000",
      "TimeCreated": {
        "#attributes": {
          "SystemTime": "2024-10-01T20:23:07.314414Z"
        }
      },
      "EventRecordID": 234915,
      "Correlation": null,
      "Execution": {
        "#attributes": {
          "ProcessID": 4,
          "ThreadID": 6540
        }
      },
      "Channel": "Security",
      "Computer": "EC2AMAZ-DMS53EU",
      "Security": null
    },
    "EventData": {
      "SubjectUserSid": "S-1-5-21-1315585081-1223704089-1502122752-500",
      "SubjectUserName": "Administrator",
      "SubjectDomainName": "EC2AMAZ-DMS53EU",
      "SubjectLogonId": "0x3abe71",
      "Status": "0x0",
      "ProcessId": "0x16bc",
      "ProcessName": "C:\\Windows\\System32\\wevtutil.exe"
    }
  }
}
Record 234916
{
  "Event": {
    "#attributes": {
      "xmlns": "http://schemas.microsoft.com/win/2004/08/events/event"
    },
    "System": {
      "Provider": {
        "#attributes": {
          "Name": "Microsoft-Windows-Security-Auditing",
          "Guid": "54849625-5478-4994-A5BA-3E3B0328C30D"
        }
      },
      "EventID": 4689,
      "Version": 0,
      "Level": 0,
      "Task": 13313,
      "Opcode": 0,
      "Keywords": "0x8020000000000000",
      "TimeCreated": {
        "#attributes": {
          "SystemTime": "2024-10-01T20:23:07.315998Z"
        }
      },
      "EventRecordID": 234916,
      "Correlation": null,
      "Execution": {
        "#attributes": {
          "ProcessID": 4,
          "ThreadID": 6540
        }
      },
      "Channel": "Security",
      "Computer": "EC2AMAZ-DMS53EU",
      "Security": null
    },
    "EventData": {
      "SubjectUserSid": "S-1-5-21-1315585081-1223704089-1502122752-500",
      "SubjectUserName": "Administrator",
      "SubjectDomainName": "EC2AMAZ-DMS53EU",
      "SubjectLogonId": "0x3abe71",
      "Status": "0x0",
      "ProcessId": "0x1290",
      "ProcessName": "C:\\Windows\\System32\\conhost.exe"
    }
  }
}
Record 234917
{
  "Event": {
    "#attributes": {
      "xmlns": "http://schemas.microsoft.com/win/2004/08/events/event"
    },
    "System": {
      "Provider": {
        "#attributes": {
          "Name": "Microsoft-Windows-Security-Auditing",
          "Guid": "54849625-5478-4994-A5BA-3E3B0328C30D"
        }
      },
      "EventID": 4688,
      "Version": 2,
      "Level": 0,
      "Task": 13312,
      "Opcode": 0,
      "Keywords": "0x8020000000000000",
      "TimeCreated": {
        "#attributes": {
          "SystemTime": "2024-10-01T20:23:07.326011Z"
        }
      },
      "EventRecordID": 234917,
      "Correlation": null,
      "Execution": {
        "#attributes": {
          "ProcessID": 4,
          "ThreadID": 6540
        }
      },
      "Channel": "Security",
      "Computer": "EC2AMAZ-DMS53EU",
      "Security": null
    },
    "EventData": {
      "SubjectUserSid": "S-1-5-21-1315585081-1223704089-1502122752-500",
      "SubjectUserName": "Administrator",
      "SubjectDomainName": "EC2AMAZ-DMS53EU",
      "SubjectLogonId": "0x3abe71",
      "NewProcessId": "0x1a10",
      "NewProcessName": "C:\\Windows\\System32\\wevtutil.exe",
      "TokenElevationType": "%%1936",
      "ProcessId": "0x1b48",
      "CommandLine": "\"C:\\Windows\\system32\\wevtutil.exe\" cl WMPSetup",
      "TargetUserSid": "S-1-0-0",
      "TargetUserName": "-",
      "TargetDomainName": "-",
      "TargetLogonId": "0x0",
      "ParentProcessName": "C:\\Windows\\System32\\wsmprovhost.exe",
      "MandatoryLabel": "S-1-16-12288"
    }
  }
}
Record 234918
{
  "Event": {
    "#attributes": {
      "xmlns": "http://schemas.microsoft.com/win/2004/08/events/event"
    },
    "System": {
      "Provider": {
        "#attributes": {
          "Name": "Microsoft-Windows-Security-Auditing",
          "Guid": "54849625-5478-4994-A5BA-3E3B0328C30D"
        }
      },
      "EventID": 4688,
      "Version": 2,
      "Level": 0,
      "Task": 13312,
      "Opcode": 0,
      "Keywords": "0x8020000000000000",
      "TimeCreated": {
        "#attributes": {
          "SystemTime": "2024-10-01T20:23:07.334154Z"
        }
      },
      "EventRecordID": 234918,
      "Correlation": null,
      "Execution": {
        "#attributes": {
          "ProcessID": 4,
          "ThreadID": 6540
        }
      },
      "Channel": "Security",
      "Computer": "EC2AMAZ-DMS53EU",
      "Security": null
    },
    "EventData": {
      "SubjectUserSid": "S-1-5-21-1315585081-1223704089-1502122752-500",
      "SubjectUserName": "Administrator",
      "SubjectDomainName": "EC2AMAZ-DMS53EU",
      "SubjectLogonId": "0x3abe71",
      "NewProcessId": "0x17b8",
      "NewProcessName": "C:\\Windows\\System32\\conhost.exe",
      "TokenElevationType": "%%1936",
      "ProcessId": "0x1a10",
      "CommandLine": "\\??\\C:\\Windows\\system32\\conhost.exe 0xffffffff -ForceV1",
      "TargetUserSid": "S-1-0-0",
      "TargetUserName": "-",
      "TargetDomainName": "-",
      "TargetLogonId": "0x0",
      "ParentProcessName": "C:\\Windows\\System32\\wevtutil.exe",
      "MandatoryLabel": "S-1-16-12288"
    }
  }
}
Record 234919
{
  "Event": {
    "#attributes": {
      "xmlns": "http://schemas.microsoft.com/win/2004/08/events/event"
    },
    "System": {
      "Provider": {
        "#attributes": {
          "Name": "Microsoft-Windows-Security-Auditing",
          "Guid": "54849625-5478-4994-A5BA-3E3B0328C30D"
        }
      },
      "EventID": 4703,
      "Version": 0,
      "Level": 0,
      "Task": 13317,
      "Opcode": 0,
      "Keywords": "0x8020000000000000",
      "TimeCreated": {
        "#attributes": {
          "SystemTime": "2024-10-01T20:23:07.416714Z"
        }
      },
      "EventRecordID": 234919,
      "Correlation": null,
      "Execution": {
        "#attributes": {
          "ProcessID": 4,
          "ThreadID": 1048
        }
      },
      "Channel": "Security",
      "Computer": "EC2AMAZ-DMS53EU",
      "Security": null
    },
    "EventData": {
      "SubjectUserSid": "S-1-5-21-1315585081-1223704089-1502122752-500",
      "SubjectUserName": "Administrator",
      "SubjectDomainName": "EC2AMAZ-DMS53EU",
      "SubjectLogonId": "0x3abe71",
      "TargetUserSid": "S-1-0-0",
      "TargetUserName": "Administrator",
      "TargetDomainName": "EC2AMAZ-DMS53EU",
      "TargetLogonId": "0x3abe71",
      "ProcessName": "C:\\Windows\\System32\\wevtutil.exe",
      "ProcessId": "0x1a10",
      "EnabledPrivilegeList": "-",
      "DisabledPrivilegeList": "SeBackupPrivilege"
    }
  }
}
Record 234920
{
  "Event": {
    "#attributes": {
      "xmlns": "http://schemas.microsoft.com/win/2004/08/events/event"
    },
    "System": {
      "Provider": {
        "#attributes": {
          "Name": "Microsoft-Windows-Security-Auditing",
          "Guid": "54849625-5478-4994-A5BA-3E3B0328C30D"
        }
      },
      "EventID": 4703,
      "Version": 0,
      "Level": 0,
      "Task": 13317,
      "Opcode": 0,
      "Keywords": "0x8020000000000000",
      "TimeCreated": {
        "#attributes": {
          "SystemTime": "2024-10-01T20:23:07.416720Z"
        }
      },
      "EventRecordID": 234920,
      "Correlation": null,
      "Execution": {
        "#attributes": {
          "ProcessID": 4,
          "ThreadID": 1048
        }
      },
      "Channel": "Security",
      "Computer": "EC2AMAZ-DMS53EU",
      "Security": null
    },
    "EventData": {
      "SubjectUserSid": "S-1-5-21-1315585081-1223704089-1502122752-500",
      "SubjectUserName": "Administrator",
      "SubjectDomainName": "EC2AMAZ-DMS53EU",
      "SubjectLogonId": "0x3abe71",
      "TargetUserSid": "S-1-0-0",
      "TargetUserName": "Administrator",
      "TargetDomainName": "EC2AMAZ-DMS53EU",
      "TargetLogonId": "0x3abe71",
      "ProcessName": "C:\\Windows\\System32\\wevtutil.exe",
      "ProcessId": "0x1a10",
      "EnabledPrivilegeList": "-",
      "DisabledPrivilegeList": "SeSecurityPrivilege"
    }
  }
}
Record 234921
{
  "Event": {
    "#attributes": {
      "xmlns": "http://schemas.microsoft.com/win/2004/08/events/event"
    },
    "System": {
      "Provider": {
        "#attributes": {
          "Name": "Microsoft-Windows-Security-Auditing",
          "Guid": "54849625-5478-4994-A5BA-3E3B0328C30D"
        }
      },
      "EventID": 4689,
      "Version": 0,
      "Level": 0,
      "Task": 13313,
      "Opcode": 0,
      "Keywords": "0x8020000000000000",
      "TimeCreated": {
        "#attributes": {
          "SystemTime": "2024-10-01T20:23:07.420270Z"
        }
      },
      "EventRecordID": 234921,
      "Correlation": null,
      "Execution": {
        "#attributes": {
          "ProcessID": 4,
          "ThreadID": 1048
        }
      },
      "Channel": "Security",
      "Computer": "EC2AMAZ-DMS53EU",
      "Security": null
    },
    "EventData": {
      "SubjectUserSid": "S-1-5-21-1315585081-1223704089-1502122752-500",
      "SubjectUserName": "Administrator",
      "SubjectDomainName": "EC2AMAZ-DMS53EU",
      "SubjectLogonId": "0x3abe71",
      "Status": "0x0",
      "ProcessId": "0x1a10",
      "ProcessName": "C:\\Windows\\System32\\wevtutil.exe"
    }
  }
}
Record 234922
{
  "Event": {
    "#attributes": {
      "xmlns": "http://schemas.microsoft.com/win/2004/08/events/event"
    },
    "System": {
      "Provider": {
        "#attributes": {
          "Name": "Microsoft-Windows-Security-Auditing",
          "Guid": "54849625-5478-4994-A5BA-3E3B0328C30D"
        }
      },
      "EventID": 4689,
      "Version": 0,
      "Level": 0,
      "Task": 13313,
      "Opcode": 0,
      "Keywords": "0x8020000000000000",
      "TimeCreated": {
        "#attributes": {
          "SystemTime": "2024-10-01T20:23:07.421195Z"
        }
      },
      "EventRecordID": 234922,
      "Correlation": null,
      "Execution": {
        "#attributes": {
          "ProcessID": 4,
          "ThreadID": 1048
        }
      },
      "Channel": "Security",
      "Computer": "EC2AMAZ-DMS53EU",
      "Security": null
    },
    "EventData": {
      "SubjectUserSid": "S-1-5-21-1315585081-1223704089-1502122752-500",
      "SubjectUserName": "Administrator",
      "SubjectDomainName": "EC2AMAZ-DMS53EU",
      "SubjectLogonId": "0x3abe71",
      "Status": "0x0",
      "ProcessId": "0x17b8",
      "ProcessName": "C:\\Windows\\System32\\conhost.exe"
    }
  }
}
Record 234923
{
  "Event": {
    "#attributes": {
      "xmlns": "http://schemas.microsoft.com/win/2004/08/events/event"
    },
    "System": {
      "Provider": {
        "#attributes": {
          "Name": "Microsoft-Windows-Security-Auditing",
          "Guid": "54849625-5478-4994-A5BA-3E3B0328C30D"
        }
      },
      "EventID": 4688,
      "Version": 2,
      "Level": 0,
      "Task": 13312,
      "Opcode": 0,
      "Keywords": "0x8020000000000000",
      "TimeCreated": {
        "#attributes": {
          "SystemTime": "2024-10-01T20:23:07.424064Z"
        }
      },
      "EventRecordID": 234923,
      "Correlation": null,
      "Execution": {
        "#attributes": {
          "ProcessID": 4,
          "ThreadID": 1048
        }
      },
      "Channel": "Security",
      "Computer": "EC2AMAZ-DMS53EU",
      "Security": null
    },
    "EventData": {
      "SubjectUserSid": "S-1-5-21-1315585081-1223704089-1502122752-500",
      "SubjectUserName": "Administrator",
      "SubjectDomainName": "EC2AMAZ-DMS53EU",
      "SubjectLogonId": "0x3abe71",
      "NewProcessId": "0x544",
      "NewProcessName": "C:\\Windows\\System32\\wevtutil.exe",
      "TokenElevationType": "%%1936",
      "ProcessId": "0x1b48",
      "CommandLine": "\"C:\\Windows\\system32\\wevtutil.exe\" cl WMPSyncEngine",
      "TargetUserSid": "S-1-0-0",
      "TargetUserName": "-",
      "TargetDomainName": "-",
      "TargetLogonId": "0x0",
      "ParentProcessName": "C:\\Windows\\System32\\wsmprovhost.exe",
      "MandatoryLabel": "S-1-16-12288"
    }
  }
}
Record 234924
{
  "Event": {
    "#attributes": {
      "xmlns": "http://schemas.microsoft.com/win/2004/08/events/event"
    },
    "System": {
      "Provider": {
        "#attributes": {
          "Name": "Microsoft-Windows-Security-Auditing",
          "Guid": "54849625-5478-4994-A5BA-3E3B0328C30D"
        }
      },
      "EventID": 4688,
      "Version": 2,
      "Level": 0,
      "Task": 13312,
      "Opcode": 0,
      "Keywords": "0x8020000000000000",
      "TimeCreated": {
        "#attributes": {
          "SystemTime": "2024-10-01T20:23:07.434868Z"
        }
      },
      "EventRecordID": 234924,
      "Correlation": null,
      "Execution": {
        "#attributes": {
          "ProcessID": 4,
          "ThreadID": 1048
        }
      },
      "Channel": "Security",
      "Computer": "EC2AMAZ-DMS53EU",
      "Security": null
    },
    "EventData": {
      "SubjectUserSid": "S-1-5-21-1315585081-1223704089-1502122752-500",
      "SubjectUserName": "Administrator",
      "SubjectDomainName": "EC2AMAZ-DMS53EU",
      "SubjectLogonId": "0x3abe71",
      "NewProcessId": "0xafc",
      "NewProcessName": "C:\\Windows\\System32\\conhost.exe",
      "TokenElevationType": "%%1936",
      "ProcessId": "0x544",
      "CommandLine": "\\??\\C:\\Windows\\system32\\conhost.exe 0xffffffff -ForceV1",
      "TargetUserSid": "S-1-0-0",
      "TargetUserName": "-",
      "TargetDomainName": "-",
      "TargetLogonId": "0x0",
      "ParentProcessName": "C:\\Windows\\System32\\wevtutil.exe",
      "MandatoryLabel": "S-1-16-12288"
    }
  }
}
Record 234925
{
  "Event": {
    "#attributes": {
      "xmlns": "http://schemas.microsoft.com/win/2004/08/events/event"
    },
    "System": {
      "Provider": {
        "#attributes": {
          "Name": "Microsoft-Windows-Security-Auditing",
          "Guid": "54849625-5478-4994-A5BA-3E3B0328C30D"
        }
      },
      "EventID": 4703,
      "Version": 0,
      "Level": 0,
      "Task": 13317,
      "Opcode": 0,
      "Keywords": "0x8020000000000000",
      "TimeCreated": {
        "#attributes": {
          "SystemTime": "2024-10-01T20:23:07.484494Z"
        }
      },
      "EventRecordID": 234925,
      "Correlation": null,
      "Execution": {
        "#attributes": {
          "ProcessID": 4,
          "ThreadID": 1048
        }
      },
      "Channel": "Security",
      "Computer": "EC2AMAZ-DMS53EU",
      "Security": null
    },
    "EventData": {
      "SubjectUserSid": "S-1-5-21-1315585081-1223704089-1502122752-500",
      "SubjectUserName": "Administrator",
      "SubjectDomainName": "EC2AMAZ-DMS53EU",
      "SubjectLogonId": "0x3abe71",
      "TargetUserSid": "S-1-0-0",
      "TargetUserName": "Administrator",
      "TargetDomainName": "EC2AMAZ-DMS53EU",
      "TargetLogonId": "0x3abe71",
      "ProcessName": "C:\\Windows\\System32\\wevtutil.exe",
      "ProcessId": "0x544",
      "EnabledPrivilegeList": "-",
      "DisabledPrivilegeList": "SeBackupPrivilege"
    }
  }
}
Record 234926
{
  "Event": {
    "#attributes": {
      "xmlns": "http://schemas.microsoft.com/win/2004/08/events/event"
    },
    "System": {
      "Provider": {
        "#attributes": {
          "Name": "Microsoft-Windows-Security-Auditing",
          "Guid": "54849625-5478-4994-A5BA-3E3B0328C30D"
        }
      },
      "EventID": 4703,
      "Version": 0,
      "Level": 0,
      "Task": 13317,
      "Opcode": 0,
      "Keywords": "0x8020000000000000",
      "TimeCreated": {
        "#attributes": {
          "SystemTime": "2024-10-01T20:23:07.484500Z"
        }
      },
      "EventRecordID": 234926,
      "Correlation": null,
      "Execution": {
        "#attributes": {
          "ProcessID": 4,
          "ThreadID": 1048
        }
      },
      "Channel": "Security",
      "Computer": "EC2AMAZ-DMS53EU",
      "Security": null
    },
    "EventData": {
      "SubjectUserSid": "S-1-5-21-1315585081-1223704089-1502122752-500",
      "SubjectUserName": "Administrator",
      "SubjectDomainName": "EC2AMAZ-DMS53EU",
      "SubjectLogonId": "0x3abe71",
      "TargetUserSid": "S-1-0-0",
      "TargetUserName": "Administrator",
      "TargetDomainName": "EC2AMAZ-DMS53EU",
      "TargetLogonId": "0x3abe71",
      "ProcessName": "C:\\Windows\\System32\\wevtutil.exe",
      "ProcessId": "0x544",
      "EnabledPrivilegeList": "-",
      "DisabledPrivilegeList": "SeSecurityPrivilege"
    }
  }
}
Record 234927
{
  "Event": {
    "#attributes": {
      "xmlns": "http://schemas.microsoft.com/win/2004/08/events/event"
    },
    "System": {
      "Provider": {
        "#attributes": {
          "Name": "Microsoft-Windows-Security-Auditing",
          "Guid": "54849625-5478-4994-A5BA-3E3B0328C30D"
        }
      },
      "EventID": 4689,
      "Version": 0,
      "Level": 0,
      "Task": 13313,
      "Opcode": 0,
      "Keywords": "0x8020000000000000",
      "TimeCreated": {
        "#attributes": {
          "SystemTime": "2024-10-01T20:23:07.485152Z"
        }
      },
      "EventRecordID": 234927,
      "Correlation": null,
      "Execution": {
        "#attributes": {
          "ProcessID": 4,
          "ThreadID": 1048
        }
      },
      "Channel": "Security",
      "Computer": "EC2AMAZ-DMS53EU",
      "Security": null
    },
    "EventData": {
      "SubjectUserSid": "S-1-5-21-1315585081-1223704089-1502122752-500",
      "SubjectUserName": "Administrator",
      "SubjectDomainName": "EC2AMAZ-DMS53EU",
      "SubjectLogonId": "0x3abe71",
      "Status": "0x0",
      "ProcessId": "0x544",
      "ProcessName": "C:\\Windows\\System32\\wevtutil.exe"
    }
  }
}
Record 234928
{
  "Event": {
    "#attributes": {
      "xmlns": "http://schemas.microsoft.com/win/2004/08/events/event"
    },
    "System": {
      "Provider": {
        "#attributes": {
          "Name": "Microsoft-Windows-Security-Auditing",
          "Guid": "54849625-5478-4994-A5BA-3E3B0328C30D"
        }
      },
      "EventID": 4689,
      "Version": 0,
      "Level": 0,
      "Task": 13313,
      "Opcode": 0,
      "Keywords": "0x8020000000000000",
      "TimeCreated": {
        "#attributes": {
          "SystemTime": "2024-10-01T20:23:07.486303Z"
        }
      },
      "EventRecordID": 234928,
      "Correlation": null,
      "Execution": {
        "#attributes": {
          "ProcessID": 4,
          "ThreadID": 1048
        }
      },
      "Channel": "Security",
      "Computer": "EC2AMAZ-DMS53EU",
      "Security": null
    },
    "EventData": {
      "SubjectUserSid": "S-1-5-21-1315585081-1223704089-1502122752-500",
      "SubjectUserName": "Administrator",
      "SubjectDomainName": "EC2AMAZ-DMS53EU",
      "SubjectLogonId": "0x3abe71",
      "Status": "0x0",
      "ProcessId": "0xafc",
      "ProcessName": "C:\\Windows\\System32\\conhost.exe"
    }
  }
}
Record 234929
{
  "Event": {
    "#attributes": {
      "xmlns": "http://schemas.microsoft.com/win/2004/08/events/event"
    },
    "System": {
      "Provider": {
        "#attributes": {
          "Name": "Microsoft-Windows-Security-Auditing",
          "Guid": "54849625-5478-4994-A5BA-3E3B0328C30D"
        }
      },
      "EventID": 4688,
      "Version": 2,
      "Level": 0,
      "Task": 13312,
      "Opcode": 0,
      "Keywords": "0x8020000000000000",
      "TimeCreated": {
        "#attributes": {
          "SystemTime": "2024-10-01T20:23:07.488430Z"
        }
      },
      "EventRecordID": 234929,
      "Correlation": null,
      "Execution": {
        "#attributes": {
          "ProcessID": 4,
          "ThreadID": 1048
        }
      },
      "Channel": "Security",
      "Computer": "EC2AMAZ-DMS53EU",
      "Security": null
    },
    "EventData": {
      "SubjectUserSid": "S-1-5-21-1315585081-1223704089-1502122752-500",
      "SubjectUserName": "Administrator",
      "SubjectDomainName": "EC2AMAZ-DMS53EU",
      "SubjectLogonId": "0x3abe71",
      "NewProcessId": "0x1ba0",
      "NewProcessName": "C:\\Windows\\System32\\wevtutil.exe",
      "TokenElevationType": "%%1936",
      "ProcessId": "0x1b48",
      "CommandLine": "\"C:\\Windows\\system32\\wevtutil.exe\" cl \"Windows Networking Vpn Plugin Platform/Operational\"",
      "TargetUserSid": "S-1-0-0",
      "TargetUserName": "-",
      "TargetDomainName": "-",
      "TargetLogonId": "0x0",
      "ParentProcessName": "C:\\Windows\\System32\\wsmprovhost.exe",
      "MandatoryLabel": "S-1-16-12288"
    }
  }
}
Record 234930
{
  "Event": {
    "#attributes": {
      "xmlns": "http://schemas.microsoft.com/win/2004/08/events/event"
    },
    "System": {
      "Provider": {
        "#attributes": {
          "Name": "Microsoft-Windows-Security-Auditing",
          "Guid": "54849625-5478-4994-A5BA-3E3B0328C30D"
        }
      },
      "EventID": 4688,
      "Version": 2,
      "Level": 0,
      "Task": 13312,
      "Opcode": 0,
      "Keywords": "0x8020000000000000",
      "TimeCreated": {
        "#attributes": {
          "SystemTime": "2024-10-01T20:23:07.490994Z"
        }
      },
      "EventRecordID": 234930,
      "Correlation": null,
      "Execution": {
        "#attributes": {
          "ProcessID": 4,
          "ThreadID": 1048
        }
      },
      "Channel": "Security",
      "Computer": "EC2AMAZ-DMS53EU",
      "Security": null
    },
    "EventData": {
      "SubjectUserSid": "S-1-5-21-1315585081-1223704089-1502122752-500",
      "SubjectUserName": "Administrator",
      "SubjectDomainName": "EC2AMAZ-DMS53EU",
      "SubjectLogonId": "0x3abe71",
      "NewProcessId": "0x184",
      "NewProcessName": "C:\\Windows\\System32\\conhost.exe",
      "TokenElevationType": "%%1936",
      "ProcessId": "0x1ba0",
      "CommandLine": "\\??\\C:\\Windows\\system32\\conhost.exe 0xffffffff -ForceV1",
      "TargetUserSid": "S-1-0-0",
      "TargetUserName": "-",
      "TargetDomainName": "-",
      "TargetLogonId": "0x0",
      "ParentProcessName": "C:\\Windows\\System32\\wevtutil.exe",
      "MandatoryLabel": "S-1-16-12288"
    }
  }
}
