Record 234720
{
  "Event": {
    "#attributes": {
      "xmlns": "http://schemas.microsoft.com/win/2004/08/events/event"
    },
    "System": {
      "Provider": {
        "#attributes": {
          "Name": "Microsoft-Windows-Eventlog",
          "Guid": "{fc65ddd8-d6ef-4962-83d5-6e5cfe9ce148}"
        }
      },
      "EventID": 1102,
      "Version": 1,
      "Level": 4,
      "Task": 104,
      "Opcode": 0,
      "Keywords": "0x4020000000000000",
      "TimeCreated": {
        "#attributes": {
          "SystemTime": "2024-10-01T20:23:06.607656Z"
        }
      },
      "EventRecordID": 234720,
      "Correlation": null,
      "Execution": {
        "#attributes": {
          "ProcessID": 1160,
          "ThreadID": 3484
        }
      },
      "Channel": "Security",
      "Computer": "EC2AMAZ-DMS53EU",
      "Security": null
    },
    "UserData": {
      "LogFileCleared": {
        "#attributes": {
          "xmlns": "http://manifests.microsoft.com/win/2004/08/windows/eventlog"
        },
        "SubjectUserSid": "S-1-5-21-1315585081-1223704089-1502122752-500",
        "SubjectUserName": "Administrator",
        "SubjectDomainName": "EC2AMAZ-DMS53EU",
        "SubjectLogonId": "0x3abe71",
        "ClientProcessId": 6420,
        "ClientProcessStartKey": 134545038867697744
      }
    }
  }
}
Record 234721
{
  "Event": {
    "#attributes": {
      "xmlns": "http://schemas.microsoft.com/win/2004/08/events/event"
    },
    "System": {
      "Provider": {
        "#attributes": {
          "Name": "Microsoft-Windows-Security-Auditing",
          "Guid": "54849625-5478-4994-A5BA-3E3B0328C30D"
        }
      },
      "EventID": 4703,
      "Version": 0,
      "Level": 0,
      "Task": 13317,
      "Opcode": 0,
      "Keywords": "0x8020000000000000",
      "TimeCreated": {
        "#attributes": {
          "SystemTime": "2024-10-01T20:23:05.847942Z"
        }
      },
      "EventRecordID": 234721,
      "Correlation": null,
      "Execution": {
        "#attributes": {
          "ProcessID": 4,
          "ThreadID": 6540
        }
      },
      "Channel": "Security",
      "Computer": "EC2AMAZ-DMS53EU",
      "Security": null
    },
    "EventData": {
      "SubjectUserSid": "S-1-5-21-1315585081-1223704089-1502122752-500",
      "SubjectUserName": "Administrator",
      "SubjectDomainName": "EC2AMAZ-DMS53EU",
      "SubjectLogonId": "0x3abe71",
      "TargetUserSid": "S-1-0-0",
      "TargetUserName": "Administrator",
      "TargetDomainName": "EC2AMAZ-DMS53EU",
      "TargetLogonId": "0x3abe71",
      "ProcessName": "C:\\Windows\\System32\\wevtutil.exe",
      "ProcessId": "0x1b14",
      "EnabledPrivilegeList": "-",
      "DisabledPrivilegeList": "SeBackupPrivilege"
    }
  }
}
Record 234722
{
  "Event": {
    "#attributes": {
      "xmlns": "http://schemas.microsoft.com/win/2004/08/events/event"
    },
    "System": {
      "Provider": {
        "#attributes": {
          "Name": "Microsoft-Windows-Security-Auditing",
          "Guid": "54849625-5478-4994-A5BA-3E3B0328C30D"
        }
      },
      "EventID": 4703,
      "Version": 0,
      "Level": 0,
      "Task": 13317,
      "Opcode": 0,
      "Keywords": "0x8020000000000000",
      "TimeCreated": {
        "#attributes": {
          "SystemTime": "2024-10-01T20:23:05.847948Z"
        }
      },
      "EventRecordID": 234722,
      "Correlation": null,
      "Execution": {
        "#attributes": {
          "ProcessID": 4,
          "ThreadID": 6540
        }
      },
      "Channel": "Security",
      "Computer": "EC2AMAZ-DMS53EU",
      "Security": null
    },
    "EventData": {
      "SubjectUserSid": "S-1-5-21-1315585081-1223704089-1502122752-500",
      "SubjectUserName": "Administrator",
      "SubjectDomainName": "EC2AMAZ-DMS53EU",
      "SubjectLogonId": "0x3abe71",
      "TargetUserSid": "S-1-0-0",
      "TargetUserName": "Administrator",
      "TargetDomainName": "EC2AMAZ-DMS53EU",
      "TargetLogonId": "0x3abe71",
      "ProcessName": "C:\\Windows\\System32\\wevtutil.exe",
      "ProcessId": "0x1b14",
      "EnabledPrivilegeList": "-",
      "DisabledPrivilegeList": "SeSecurityPrivilege"
    }
  }
}
Record 234723
{
  "Event": {
    "#attributes": {
      "xmlns": "http://schemas.microsoft.com/win/2004/08/events/event"
    },
    "System": {
      "Provider": {
        "#attributes": {
          "Name": "Microsoft-Windows-Security-Auditing",
          "Guid": "54849625-5478-4994-A5BA-3E3B0328C30D"
        }
      },
      "EventID": 4689,
      "Version": 0,
      "Level": 0,
      "Task": 13313,
      "Opcode": 0,
      "Keywords": "0x8020000000000000",
      "TimeCreated": {
        "#attributes": {
          "SystemTime": "2024-10-01T20:23:05.848591Z"
        }
      },
      "EventRecordID": 234723,
      "Correlation": null,
      "Execution": {
        "#attributes": {
          "ProcessID": 4,
          "ThreadID": 6540
        }
      },
      "Channel": "Security",
      "Computer": "EC2AMAZ-DMS53EU",
      "Security": null
    },
    "EventData": {
      "SubjectUserSid": "S-1-5-21-1315585081-1223704089-1502122752-500",
      "SubjectUserName": "Administrator",
      "SubjectDomainName": "EC2AMAZ-DMS53EU",
      "SubjectLogonId": "0x3abe71",
      "Status": "0x0",
      "ProcessId": "0x1b14",
      "ProcessName": "C:\\Windows\\System32\\wevtutil.exe"
    }
  }
}
Record 234724
{
  "Event": {
    "#attributes": {
      "xmlns": "http://schemas.microsoft.com/win/2004/08/events/event"
    },
    "System": {
      "Provider": {
        "#attributes": {
          "Name": "Microsoft-Windows-Security-Auditing",
          "Guid": "54849625-5478-4994-A5BA-3E3B0328C30D"
        }
      },
      "EventID": 4689,
      "Version": 0,
      "Level": 0,
      "Task": 13313,
      "Opcode": 0,
      "Keywords": "0x8020000000000000",
      "TimeCreated": {
        "#attributes": {
          "SystemTime": "2024-10-01T20:23:05.849714Z"
        }
      },
      "EventRecordID": 234724,
      "Correlation": null,
      "Execution": {
        "#attributes": {
          "ProcessID": 4,
          "ThreadID": 6540
        }
      },
      "Channel": "Security",
      "Computer": "EC2AMAZ-DMS53EU",
      "Security": null
    },
    "EventData": {
      "SubjectUserSid": "S-1-5-21-1315585081-1223704089-1502122752-500",
      "SubjectUserName": "Administrator",
      "SubjectDomainName": "EC2AMAZ-DMS53EU",
      "SubjectLogonId": "0x3abe71",
      "Status": "0x0",
      "ProcessId": "0x604",
      "ProcessName": "C:\\Windows\\System32\\conhost.exe"
    }
  }
}
Record 234725
{
  "Event": {
    "#attributes": {
      "xmlns": "http://schemas.microsoft.com/win/2004/08/events/event"
    },
    "System": {
      "Provider": {
        "#attributes": {
          "Name": "Microsoft-Windows-Security-Auditing",
          "Guid": "54849625-5478-4994-A5BA-3E3B0328C30D"
        }
      },
      "EventID": 4688,
      "Version": 2,
      "Level": 0,
      "Task": 13312,
      "Opcode": 0,
      "Keywords": "0x8020000000000000",
      "TimeCreated": {
        "#attributes": {
          "SystemTime": "2024-10-01T20:23:05.851646Z"
        }
      },
      "EventRecordID": 234725,
      "Correlation": null,
      "Execution": {
        "#attributes": {
          "ProcessID": 4,
          "ThreadID": 1048
        }
      },
      "Channel": "Security",
      "Computer": "EC2AMAZ-DMS53EU",
      "Security": null
    },
    "EventData": {
      "SubjectUserSid": "S-1-5-21-1315585081-1223704089-1502122752-500",
      "SubjectUserName": "Administrator",
      "SubjectDomainName": "EC2AMAZ-DMS53EU",
      "SubjectLogonId": "0x3abe71",
      "NewProcessId": "0x1420",
      "NewProcessName": "C:\\Windows\\System32\\wevtutil.exe",
      "TokenElevationType": "%%1936",
      "ProcessId": "0x1b48",
      "CommandLine": "\"C:\\Windows\\system32\\wevtutil.exe\" cl Microsoft-Windows-osk/Diagnostic",
      "TargetUserSid": "S-1-0-0",
      "TargetUserName": "-",
      "TargetDomainName": "-",
      "TargetLogonId": "0x0",
      "ParentProcessName": "C:\\Windows\\System32\\wsmprovhost.exe",
      "MandatoryLabel": "S-1-16-12288"
    }
  }
}
Record 234726
{
  "Event": {
    "#attributes": {
      "xmlns": "http://schemas.microsoft.com/win/2004/08/events/event"
    },
    "System": {
      "Provider": {
        "#attributes": {
          "Name": "Microsoft-Windows-Security-Auditing",
          "Guid": "54849625-5478-4994-A5BA-3E3B0328C30D"
        }
      },
      "EventID": 4688,
      "Version": 2,
      "Level": 0,
      "Task": 13312,
      "Opcode": 0,
      "Keywords": "0x8020000000000000",
      "TimeCreated": {
        "#attributes": {
          "SystemTime": "2024-10-01T20:23:05.854137Z"
        }
      },
      "EventRecordID": 234726,
      "Correlation": null,
      "Execution": {
        "#attributes": {
          "ProcessID": 4,
          "ThreadID": 1048
        }
      },
      "Channel": "Security",
      "Computer": "EC2AMAZ-DMS53EU",
      "Security": null
    },
    "EventData": {
      "SubjectUserSid": "S-1-5-21-1315585081-1223704089-1502122752-500",
      "SubjectUserName": "Administrator",
      "SubjectDomainName": "EC2AMAZ-DMS53EU",
      "SubjectLogonId": "0x3abe71",
      "NewProcessId": "0xf7c",
      "NewProcessName": "C:\\Windows\\System32\\conhost.exe",
      "TokenElevationType": "%%1936",
      "ProcessId": "0x1420",
      "CommandLine": "\\??\\C:\\Windows\\system32\\conhost.exe 0xffffffff -ForceV1",
      "TargetUserSid": "S-1-0-0",
      "TargetUserName": "-",
      "TargetDomainName": "-",
      "TargetLogonId": "0x0",
      "ParentProcessName": "C:\\Windows\\System32\\wevtutil.exe",
      "MandatoryLabel": "S-1-16-12288"
    }
  }
}
Record 234727
{
  "Event": {
    "#attributes": {
      "xmlns": "http://schemas.microsoft.com/win/2004/08/events/event"
    },
    "System": {
      "Provider": {
        "#attributes": {
          "Name": "Microsoft-Windows-Security-Auditing",
          "Guid": "54849625-5478-4994-A5BA-3E3B0328C30D"
        }
      },
      "EventID": 4703,
      "Version": 0,
      "Level": 0,
      "Task": 13317,
      "Opcode": 0,
      "Keywords": "0x8020000000000000",
      "TimeCreated": {
        "#attributes": {
          "SystemTime": "2024-10-01T20:23:05.882305Z"
        }
      },
      "EventRecordID": 234727,
      "Correlation": null,
      "Execution": {
        "#attributes": {
          "ProcessID": 4,
          "ThreadID": 1048
        }
      },
      "Channel": "Security",
      "Computer": "EC2AMAZ-DMS53EU",
      "Security": null
    },
    "EventData": {
      "SubjectUserSid": "S-1-5-21-1315585081-1223704089-1502122752-500",
      "SubjectUserName": "Administrator",
      "SubjectDomainName": "EC2AMAZ-DMS53EU",
      "SubjectLogonId": "0x3abe71",
      "TargetUserSid": "S-1-0-0",
      "TargetUserName": "Administrator",
      "TargetDomainName": "EC2AMAZ-DMS53EU",
      "TargetLogonId": "0x3abe71",
      "ProcessName": "C:\\Windows\\System32\\wevtutil.exe",
      "ProcessId": "0x1420",
      "EnabledPrivilegeList": "-",
      "DisabledPrivilegeList": "SeBackupPrivilege"
    }
  }
}
Record 234728
{
  "Event": {
    "#attributes": {
      "xmlns": "http://schemas.microsoft.com/win/2004/08/events/event"
    },
    "System": {
      "Provider": {
        "#attributes": {
          "Name": "Microsoft-Windows-Security-Auditing",
          "Guid": "54849625-5478-4994-A5BA-3E3B0328C30D"
        }
      },
      "EventID": 4703,
      "Version": 0,
      "Level": 0,
      "Task": 13317,
      "Opcode": 0,
      "Keywords": "0x8020000000000000",
      "TimeCreated": {
        "#attributes": {
          "SystemTime": "2024-10-01T20:23:05.882312Z"
        }
      },
      "EventRecordID": 234728,
      "Correlation": null,
      "Execution": {
        "#attributes": {
          "ProcessID": 4,
          "ThreadID": 1048
        }
      },
      "Channel": "Security",
      "Computer": "EC2AMAZ-DMS53EU",
      "Security": null
    },
    "EventData": {
      "SubjectUserSid": "S-1-5-21-1315585081-1223704089-1502122752-500",
      "SubjectUserName": "Administrator",
      "SubjectDomainName": "EC2AMAZ-DMS53EU",
      "SubjectLogonId": "0x3abe71",
      "TargetUserSid": "S-1-0-0",
      "TargetUserName": "Administrator",
      "TargetDomainName": "EC2AMAZ-DMS53EU",
      "TargetLogonId": "0x3abe71",
      "ProcessName": "C:\\Windows\\System32\\wevtutil.exe",
      "ProcessId": "0x1420",
      "EnabledPrivilegeList": "-",
      "DisabledPrivilegeList": "SeSecurityPrivilege"
    }
  }
}
Record 234729
{
  "Event": {
    "#attributes": {
      "xmlns": "http://schemas.microsoft.com/win/2004/08/events/event"
    },
    "System": {
      "Provider": {
        "#attributes": {
          "Name": "Microsoft-Windows-Security-Auditing",
          "Guid": "54849625-5478-4994-A5BA-3E3B0328C30D"
        }
      },
      "EventID": 4689,
      "Version": 0,
      "Level": 0,
      "Task": 13313,
      "Opcode": 0,
      "Keywords": "0x8020000000000000",
      "TimeCreated": {
        "#attributes": {
          "SystemTime": "2024-10-01T20:23:05.882935Z"
        }
      },
      "EventRecordID": 234729,
      "Correlation": null,
      "Execution": {
        "#attributes": {
          "ProcessID": 4,
          "ThreadID": 1048
        }
      },
      "Channel": "Security",
      "Computer": "EC2AMAZ-DMS53EU",
      "Security": null
    },
    "EventData": {
      "SubjectUserSid": "S-1-5-21-1315585081-1223704089-1502122752-500",
      "SubjectUserName": "Administrator",
      "SubjectDomainName": "EC2AMAZ-DMS53EU",
      "SubjectLogonId": "0x3abe71",
      "Status": "0x0",
      "ProcessId": "0x1420",
      "ProcessName": "C:\\Windows\\System32\\wevtutil.exe"
    }
  }
}
Record 234730
{
  "Event": {
    "#attributes": {
      "xmlns": "http://schemas.microsoft.com/win/2004/08/events/event"
    },
    "System": {
      "Provider": {
        "#attributes": {
          "Name": "Microsoft-Windows-Security-Auditing",
          "Guid": "54849625-5478-4994-A5BA-3E3B0328C30D"
        }
      },
      "EventID": 4689,
      "Version": 0,
      "Level": 0,
      "Task": 13313,
      "Opcode": 0,
      "Keywords": "0x8020000000000000",
      "TimeCreated": {
        "#attributes": {
          "SystemTime": "2024-10-01T20:23:05.884003Z"
        }
      },
      "EventRecordID": 234730,
      "Correlation": null,
      "Execution": {
        "#attributes": {
          "ProcessID": 4,
          "ThreadID": 6540
        }
      },
      "Channel": "Security",
      "Computer": "EC2AMAZ-DMS53EU",
      "Security": null
    },
    "EventData": {
      "SubjectUserSid": "S-1-5-21-1315585081-1223704089-1502122752-500",
      "SubjectUserName": "Administrator",
      "SubjectDomainName": "EC2AMAZ-DMS53EU",
      "SubjectLogonId": "0x3abe71",
      "Status": "0x0",
      "ProcessId": "0xf7c",
      "ProcessName": "C:\\Windows\\System32\\conhost.exe"
    }
  }
}
Record 234731
{
  "Event": {
    "#attributes": {
      "xmlns": "http://schemas.microsoft.com/win/2004/08/events/event"
    },
    "System": {
      "Provider": {
        "#attributes": {
          "Name": "Microsoft-Windows-Security-Auditing",
          "Guid": "54849625-5478-4994-A5BA-3E3B0328C30D"
        }
      },
      "EventID": 4688,
      "Version": 2,
      "Level": 0,
      "Task": 13312,
      "Opcode": 0,
      "Keywords": "0x8020000000000000",
      "TimeCreated": {
        "#attributes": {
          "SystemTime": "2024-10-01T20:23:05.885989Z"
        }
      },
      "EventRecordID": 234731,
      "Correlation": null,
      "Execution": {
        "#attributes": {
          "ProcessID": 4,
          "ThreadID": 6540
        }
      },
      "Channel": "Security",
      "Computer": "EC2AMAZ-DMS53EU",
      "Security": null
    },
    "EventData": {
      "SubjectUserSid": "S-1-5-21-1315585081-1223704089-1502122752-500",
      "SubjectUserName": "Administrator",
      "SubjectDomainName": "EC2AMAZ-DMS53EU",
      "SubjectLogonId": "0x3abe71",
      "NewProcessId": "0x188c",
      "NewProcessName": "C:\\Windows\\System32\\wevtutil.exe",
      "TokenElevationType": "%%1936",
      "ProcessId": "0x1b48",
      "CommandLine": "\"C:\\Windows\\system32\\wevtutil.exe\" cl Microsoft-Windows-stobject/Diagnostic",
      "TargetUserSid": "S-1-0-0",
      "TargetUserName": "-",
      "TargetDomainName": "-",
      "TargetLogonId": "0x0",
      "ParentProcessName": "C:\\Windows\\System32\\wsmprovhost.exe",
      "MandatoryLabel": "S-1-16-12288"
    }
  }
}
Record 234732
{
  "Event": {
    "#attributes": {
      "xmlns": "http://schemas.microsoft.com/win/2004/08/events/event"
    },
    "System": {
      "Provider": {
        "#attributes": {
          "Name": "Microsoft-Windows-Security-Auditing",
          "Guid": "54849625-5478-4994-A5BA-3E3B0328C30D"
        }
      },
      "EventID": 4688,
      "Version": 2,
      "Level": 0,
      "Task": 13312,
      "Opcode": 0,
      "Keywords": "0x8020000000000000",
      "TimeCreated": {
        "#attributes": {
          "SystemTime": "2024-10-01T20:23:05.888617Z"
        }
      },
      "EventRecordID": 234732,
      "Correlation": null,
      "Execution": {
        "#attributes": {
          "ProcessID": 4,
          "ThreadID": 6540
        }
      },
      "Channel": "Security",
      "Computer": "EC2AMAZ-DMS53EU",
      "Security": null
    },
    "EventData": {
      "SubjectUserSid": "S-1-5-21-1315585081-1223704089-1502122752-500",
      "SubjectUserName": "Administrator",
      "SubjectDomainName": "EC2AMAZ-DMS53EU",
      "SubjectLogonId": "0x3abe71",
      "NewProcessId": "0x13d0",
      "NewProcessName": "C:\\Windows\\System32\\conhost.exe",
      "TokenElevationType": "%%1936",
      "ProcessId": "0x188c",
      "CommandLine": "\\??\\C:\\Windows\\system32\\conhost.exe 0xffffffff -ForceV1",
      "TargetUserSid": "S-1-0-0",
      "TargetUserName": "-",
      "TargetDomainName": "-",
      "TargetLogonId": "0x0",
      "ParentProcessName": "C:\\Windows\\System32\\wevtutil.exe",
      "MandatoryLabel": "S-1-16-12288"
    }
  }
}
Record 234733
{
  "Event": {
    "#attributes": {
      "xmlns": "http://schemas.microsoft.com/win/2004/08/events/event"
    },
    "System": {
      "Provider": {
        "#attributes": {
          "Name": "Microsoft-Windows-Security-Auditing",
          "Guid": "54849625-5478-4994-A5BA-3E3B0328C30D"
        }
      },
      "EventID": 4703,
      "Version": 0,
      "Level": 0,
      "Task": 13317,
      "Opcode": 0,
      "Keywords": "0x8020000000000000",
      "TimeCreated": {
        "#attributes": {
          "SystemTime": "2024-10-01T20:23:05.915436Z"
        }
      },
      "EventRecordID": 234733,
      "Correlation": null,
      "Execution": {
        "#attributes": {
          "ProcessID": 4,
          "ThreadID": 6540
        }
      },
      "Channel": "Security",
      "Computer": "EC2AMAZ-DMS53EU",
      "Security": null
    },
    "EventData": {
      "SubjectUserSid": "S-1-5-21-1315585081-1223704089-1502122752-500",
      "SubjectUserName": "Administrator",
      "SubjectDomainName": "EC2AMAZ-DMS53EU",
      "SubjectLogonId": "0x3abe71",
      "TargetUserSid": "S-1-0-0",
      "TargetUserName": "Administrator",
      "TargetDomainName": "EC2AMAZ-DMS53EU",
      "TargetLogonId": "0x3abe71",
      "ProcessName": "C:\\Windows\\System32\\wevtutil.exe",
      "ProcessId": "0x188c",
      "EnabledPrivilegeList": "-",
      "DisabledPrivilegeList": "SeBackupPrivilege"
    }
  }
}
Record 234734
{
  "Event": {
    "#attributes": {
      "xmlns": "http://schemas.microsoft.com/win/2004/08/events/event"
    },
    "System": {
      "Provider": {
        "#attributes": {
          "Name": "Microsoft-Windows-Security-Auditing",
          "Guid": "54849625-5478-4994-A5BA-3E3B0328C30D"
        }
      },
      "EventID": 4703,
      "Version": 0,
      "Level": 0,
      "Task": 13317,
      "Opcode": 0,
      "Keywords": "0x8020000000000000",
      "TimeCreated": {
        "#attributes": {
          "SystemTime": "2024-10-01T20:23:05.915441Z"
        }
      },
      "EventRecordID": 234734,
      "Correlation": null,
      "Execution": {
        "#attributes": {
          "ProcessID": 4,
          "ThreadID": 6540
        }
      },
      "Channel": "Security",
      "Computer": "EC2AMAZ-DMS53EU",
      "Security": null
    },
    "EventData": {
      "SubjectUserSid": "S-1-5-21-1315585081-1223704089-1502122752-500",
      "SubjectUserName": "Administrator",
      "SubjectDomainName": "EC2AMAZ-DMS53EU",
      "SubjectLogonId": "0x3abe71",
      "TargetUserSid": "S-1-0-0",
      "TargetUserName": "Administrator",
      "TargetDomainName": "EC2AMAZ-DMS53EU",
      "TargetLogonId": "0x3abe71",
      "ProcessName": "C:\\Windows\\System32\\wevtutil.exe",
      "ProcessId": "0x188c",
      "EnabledPrivilegeList": "-",
      "DisabledPrivilegeList": "SeSecurityPrivilege"
    }
  }
}
Record 234735
{
  "Event": {
    "#attributes": {
      "xmlns": "http://schemas.microsoft.com/win/2004/08/events/event"
    },
    "System": {
      "Provider": {
        "#attributes": {
          "Name": "Microsoft-Windows-Security-Auditing",
          "Guid": "54849625-5478-4994-A5BA-3E3B0328C30D"
        }
      },
      "EventID": 4689,
      "Version": 0,
      "Level": 0,
      "Task": 13313,
      "Opcode": 0,
      "Keywords": "0x8020000000000000",
      "TimeCreated": {
        "#attributes": {
          "SystemTime": "2024-10-01T20:23:05.916077Z"
        }
      },
      "EventRecordID": 234735,
      "Correlation": null,
      "Execution": {
        "#attributes": {
          "ProcessID": 4,
          "ThreadID": 6540
        }
      },
      "Channel": "Security",
      "Computer": "EC2AMAZ-DMS53EU",
      "Security": null
    },
    "EventData": {
      "SubjectUserSid": "S-1-5-21-1315585081-1223704089-1502122752-500",
      "SubjectUserName": "Administrator",
      "SubjectDomainName": "EC2AMAZ-DMS53EU",
      "SubjectLogonId": "0x3abe71",
      "Status": "0x0",
      "ProcessId": "0x188c",
      "ProcessName": "C:\\Windows\\System32\\wevtutil.exe"
    }
  }
}
Record 234736
{
  "Event": {
    "#attributes": {
      "xmlns": "http://schemas.microsoft.com/win/2004/08/events/event"
    },
    "System": {
      "Provider": {
        "#attributes": {
          "Name": "Microsoft-Windows-Security-Auditing",
          "Guid": "54849625-5478-4994-A5BA-3E3B0328C30D"
        }
      },
      "EventID": 4689,
      "Version": 0,
      "Level": 0,
      "Task": 13313,
      "Opcode": 0,
      "Keywords": "0x8020000000000000",
      "TimeCreated": {
        "#attributes": {
          "SystemTime": "2024-10-01T20:23:05.917111Z"
        }
      },
      "EventRecordID": 234736,
      "Correlation": null,
      "Execution": {
        "#attributes": {
          "ProcessID": 4,
          "ThreadID": 6540
        }
      },
      "Channel": "Security",
      "Computer": "EC2AMAZ-DMS53EU",
      "Security": null
    },
    "EventData": {
      "SubjectUserSid": "S-1-5-21-1315585081-1223704089-1502122752-500",
      "SubjectUserName": "Administrator",
      "SubjectDomainName": "EC2AMAZ-DMS53EU",
      "SubjectLogonId": "0x3abe71",
      "Status": "0x0",
      "ProcessId": "0x13d0",
      "ProcessName": "C:\\Windows\\System32\\conhost.exe"
    }
  }
}
Record 234737
{
  "Event": {
    "#attributes": {
      "xmlns": "http://schemas.microsoft.com/win/2004/08/events/event"
    },
    "System": {
      "Provider": {
        "#attributes": {
          "Name": "Microsoft-Windows-Security-Auditing",
          "Guid": "54849625-5478-4994-A5BA-3E3B0328C30D"
        }
      },
      "EventID": 4688,
      "Version": 2,
      "Level": 0,
      "Task": 13312,
      "Opcode": 0,
      "Keywords": "0x8020000000000000",
      "TimeCreated": {
        "#attributes": {
          "SystemTime": "2024-10-01T20:23:05.919239Z"
        }
      },
      "EventRecordID": 234737,
      "Correlation": null,
      "Execution": {
        "#attributes": {
          "ProcessID": 4,
          "ThreadID": 6540
        }
      },
      "Channel": "Security",
      "Computer": "EC2AMAZ-DMS53EU",
      "Security": null
    },
    "EventData": {
      "SubjectUserSid": "S-1-5-21-1315585081-1223704089-1502122752-500",
      "SubjectUserName": "Administrator",
      "SubjectDomainName": "EC2AMAZ-DMS53EU",
      "SubjectLogonId": "0x3abe71",
      "NewProcessId": "0x79c",
      "NewProcessName": "C:\\Windows\\System32\\wevtutil.exe",
      "TokenElevationType": "%%1936",
      "ProcessId": "0x1b48",
      "CommandLine": "\"C:\\Windows\\system32\\wevtutil.exe\" cl Microsoft-WindowsPhone-LocationServiceProvider/Debug",
      "TargetUserSid": "S-1-0-0",
      "TargetUserName": "-",
      "TargetDomainName": "-",
      "TargetLogonId": "0x0",
      "ParentProcessName": "C:\\Windows\\System32\\wsmprovhost.exe",
      "MandatoryLabel": "S-1-16-12288"
    }
  }
}
Record 234738
{
  "Event": {
    "#attributes": {
      "xmlns": "http://schemas.microsoft.com/win/2004/08/events/event"
    },
    "System": {
      "Provider": {
        "#attributes": {
          "Name": "Microsoft-Windows-Security-Auditing",
          "Guid": "54849625-5478-4994-A5BA-3E3B0328C30D"
        }
      },
      "EventID": 4688,
      "Version": 2,
      "Level": 0,
      "Task": 13312,
      "Opcode": 0,
      "Keywords": "0x8020000000000000",
      "TimeCreated": {
        "#attributes": {
          "SystemTime": "2024-10-01T20:23:05.921820Z"
        }
      },
      "EventRecordID": 234738,
      "Correlation": null,
      "Execution": {
        "#attributes": {
          "ProcessID": 4,
          "ThreadID": 6540
        }
      },
      "Channel": "Security",
      "Computer": "EC2AMAZ-DMS53EU",
      "Security": null
    },
    "EventData": {
      "SubjectUserSid": "S-1-5-21-1315585081-1223704089-1502122752-500",
      "SubjectUserName": "Administrator",
      "SubjectDomainName": "EC2AMAZ-DMS53EU",
      "SubjectLogonId": "0x3abe71",
      "NewProcessId": "0x3cc",
      "NewProcessName": "C:\\Windows\\System32\\conhost.exe",
      "TokenElevationType": "%%1936",
      "ProcessId": "0x79c",
      "CommandLine": "\\??\\C:\\Windows\\system32\\conhost.exe 0xffffffff -ForceV1",
      "TargetUserSid": "S-1-0-0",
      "TargetUserName": "-",
      "TargetDomainName": "-",
      "TargetLogonId": "0x0",
      "ParentProcessName": "C:\\Windows\\System32\\wevtutil.exe",
      "MandatoryLabel": "S-1-16-12288"
    }
  }
}
Record 234739
{
  "Event": {
    "#attributes": {
      "xmlns": "http://schemas.microsoft.com/win/2004/08/events/event"
    },
    "System": {
      "Provider": {
        "#attributes": {
          "Name": "Microsoft-Windows-Security-Auditing",
          "Guid": "54849625-5478-4994-A5BA-3E3B0328C30D"
        }
      },
      "EventID": 4703,
      "Version": 0,
      "Level": 0,
      "Task": 13317,
      "Opcode": 0,
      "Keywords": "0x8020000000000000",
      "TimeCreated": {
        "#attributes": {
          "SystemTime": "2024-10-01T20:23:05.947948Z"
        }
      },
      "EventRecordID": 234739,
      "Correlation": null,
      "Execution": {
        "#attributes": {
          "ProcessID": 4,
          "ThreadID": 1048
        }
      },
      "Channel": "Security",
      "Computer": "EC2AMAZ-DMS53EU",
      "Security": null
    },
    "EventData": {
      "SubjectUserSid": "S-1-5-21-1315585081-1223704089-1502122752-500",
      "SubjectUserName": "Administrator",
      "SubjectDomainName": "EC2AMAZ-DMS53EU",
      "SubjectLogonId": "0x3abe71",
      "TargetUserSid": "S-1-0-0",
      "TargetUserName": "Administrator",
      "TargetDomainName": "EC2AMAZ-DMS53EU",
      "TargetLogonId": "0x3abe71",
      "ProcessName": "C:\\Windows\\System32\\wevtutil.exe",
      "ProcessId": "0x79c",
      "EnabledPrivilegeList": "-",
      "DisabledPrivilegeList": "SeBackupPrivilege"
    }
  }
}
Record 234740
{
  "Event": {
    "#attributes": {
      "xmlns": "http://schemas.microsoft.com/win/2004/08/events/event"
    },
    "System": {
      "Provider": {
        "#attributes": {
          "Name": "Microsoft-Windows-Security-Auditing",
          "Guid": "54849625-5478-4994-A5BA-3E3B0328C30D"
        }
      },
      "EventID": 4703,
      "Version": 0,
      "Level": 0,
      "Task": 13317,
      "Opcode": 0,
      "Keywords": "0x8020000000000000",
      "TimeCreated": {
        "#attributes": {
          "SystemTime": "2024-10-01T20:23:05.947954Z"
        }
      },
      "EventRecordID": 234740,
      "Correlation": null,
      "Execution": {
        "#attributes": {
          "ProcessID": 4,
          "ThreadID": 1048
        }
      },
      "Channel": "Security",
      "Computer": "EC2AMAZ-DMS53EU",
      "Security": null
    },
    "EventData": {
      "SubjectUserSid": "S-1-5-21-1315585081-1223704089-1502122752-500",
      "SubjectUserName": "Administrator",
      "SubjectDomainName": "EC2AMAZ-DMS53EU",
      "SubjectLogonId": "0x3abe71",
      "TargetUserSid": "S-1-0-0",
      "TargetUserName": "Administrator",
      "TargetDomainName": "EC2AMAZ-DMS53EU",
      "TargetLogonId": "0x3abe71",
      "ProcessName": "C:\\Windows\\System32\\wevtutil.exe",
      "ProcessId": "0x79c",
      "EnabledPrivilegeList": "-",
      "DisabledPrivilegeList": "SeSecurityPrivilege"
    }
  }
}
Record 234741
{
  "Event": {
    "#attributes": {
      "xmlns": "http://schemas.microsoft.com/win/2004/08/events/event"
    },
    "System": {
      "Provider": {
        "#attributes": {
          "Name": "Microsoft-Windows-Security-Auditing",
          "Guid": "54849625-5478-4994-A5BA-3E3B0328C30D"
        }
      },
      "EventID": 4689,
      "Version": 0,
      "Level": 0,
      "Task": 13313,
      "Opcode": 0,
      "Keywords": "0x8020000000000000",
      "TimeCreated": {
        "#attributes": {
          "SystemTime": "2024-10-01T20:23:05.948612Z"
        }
      },
      "EventRecordID": 234741,
      "Correlation": null,
      "Execution": {
        "#attributes": {
          "ProcessID": 4,
          "ThreadID": 1048
        }
      },
      "Channel": "Security",
      "Computer": "EC2AMAZ-DMS53EU",
      "Security": null
    },
    "EventData": {
      "SubjectUserSid": "S-1-5-21-1315585081-1223704089-1502122752-500",
      "SubjectUserName": "Administrator",
      "SubjectDomainName": "EC2AMAZ-DMS53EU",
      "SubjectLogonId": "0x3abe71",
      "Status": "0x0",
      "ProcessId": "0x79c",
      "ProcessName": "C:\\Windows\\System32\\wevtutil.exe"
    }
  }
}
Record 234742
{
  "Event": {
    "#attributes": {
      "xmlns": "http://schemas.microsoft.com/win/2004/08/events/event"
    },
    "System": {
      "Provider": {
        "#attributes": {
          "Name": "Microsoft-Windows-Security-Auditing",
          "Guid": "54849625-5478-4994-A5BA-3E3B0328C30D"
        }
      },
      "EventID": 4689,
      "Version": 0,
      "Level": 0,
      "Task": 13313,
      "Opcode": 0,
      "Keywords": "0x8020000000000000",
      "TimeCreated": {
        "#attributes": {
          "SystemTime": "2024-10-01T20:23:05.949532Z"
        }
      },
      "EventRecordID": 234742,
      "Correlation": null,
      "Execution": {
        "#attributes": {
          "ProcessID": 4,
          "ThreadID": 1048
        }
      },
      "Channel": "Security",
      "Computer": "EC2AMAZ-DMS53EU",
      "Security": null
    },
    "EventData": {
      "SubjectUserSid": "S-1-5-21-1315585081-1223704089-1502122752-500",
      "SubjectUserName": "Administrator",
      "SubjectDomainName": "EC2AMAZ-DMS53EU",
      "SubjectLogonId": "0x3abe71",
      "Status": "0x0",
      "ProcessId": "0x3cc",
      "ProcessName": "C:\\Windows\\System32\\conhost.exe"
    }
  }
}
Record 234743
{
  "Event": {
    "#attributes": {
      "xmlns": "http://schemas.microsoft.com/win/2004/08/events/event"
    },
    "System": {
      "Provider": {
        "#attributes": {
          "Name": "Microsoft-Windows-Security-Auditing",
          "Guid": "54849625-5478-4994-A5BA-3E3B0328C30D"
        }
      },
      "EventID": 4688,
      "Version": 2,
      "Level": 0,
      "Task": 13312,
      "Opcode": 0,
      "Keywords": "0x8020000000000000",
      "TimeCreated": {
        "#attributes": {
          "SystemTime": "2024-10-01T20:23:05.951950Z"
        }
      },
      "EventRecordID": 234743,
      "Correlation": null,
      "Execution": {
        "#attributes": {
          "ProcessID": 4,
          "ThreadID": 1048
        }
      },
      "Channel": "Security",
      "Computer": "EC2AMAZ-DMS53EU",
      "Security": null
    },
    "EventData": {
      "SubjectUserSid": "S-1-5-21-1315585081-1223704089-1502122752-500",
      "SubjectUserName": "Administrator",
      "SubjectDomainName": "EC2AMAZ-DMS53EU",
      "SubjectLogonId": "0x3abe71",
      "NewProcessId": "0x1438",
      "NewProcessName": "C:\\Windows\\System32\\wevtutil.exe",
      "TokenElevationType": "%%1936",
      "ProcessId": "0x1b48",
      "CommandLine": "\"C:\\Windows\\system32\\wevtutil.exe\" cl NIS-Driver-WFP/Diagnostic",
      "TargetUserSid": "S-1-0-0",
      "TargetUserName": "-",
      "TargetDomainName": "-",
      "TargetLogonId": "0x0",
      "ParentProcessName": "C:\\Windows\\System32\\wsmprovhost.exe",
      "MandatoryLabel": "S-1-16-12288"
    }
  }
}
Record 234744
{
  "Event": {
    "#attributes": {
      "xmlns": "http://schemas.microsoft.com/win/2004/08/events/event"
    },
    "System": {
      "Provider": {
        "#attributes": {
          "Name": "Microsoft-Windows-Security-Auditing",
          "Guid": "54849625-5478-4994-A5BA-3E3B0328C30D"
        }
      },
      "EventID": 4688,
      "Version": 2,
      "Level": 0,
      "Task": 13312,
      "Opcode": 0,
      "Keywords": "0x8020000000000000",
      "TimeCreated": {
        "#attributes": {
          "SystemTime": "2024-10-01T20:23:05.954515Z"
        }
      },
      "EventRecordID": 234744,
      "Correlation": null,
      "Execution": {
        "#attributes": {
          "ProcessID": 4,
          "ThreadID": 1048
        }
      },
      "Channel": "Security",
      "Computer": "EC2AMAZ-DMS53EU",
      "Security": null
    },
    "EventData": {
      "SubjectUserSid": "S-1-5-21-1315585081-1223704089-1502122752-500",
      "SubjectUserName": "Administrator",
      "SubjectDomainName": "EC2AMAZ-DMS53EU",
      "SubjectLogonId": "0x3abe71",
      "NewProcessId": "0xa44",
      "NewProcessName": "C:\\Windows\\System32\\conhost.exe",
      "TokenElevationType": "%%1936",
      "ProcessId": "0x1438",
      "CommandLine": "\\??\\C:\\Windows\\system32\\conhost.exe 0xffffffff -ForceV1",
      "TargetUserSid": "S-1-0-0",
      "TargetUserName": "-",
      "TargetDomainName": "-",
      "TargetLogonId": "0x0",
      "ParentProcessName": "C:\\Windows\\System32\\wevtutil.exe",
      "MandatoryLabel": "S-1-16-12288"
    }
  }
}
Record 234745
{
  "Event": {
    "#attributes": {
      "xmlns": "http://schemas.microsoft.com/win/2004/08/events/event"
    },
    "System": {
      "Provider": {
        "#attributes": {
          "Name": "Microsoft-Windows-Security-Auditing",
          "Guid": "54849625-5478-4994-A5BA-3E3B0328C30D"
        }
      },
      "EventID": 4703,
      "Version": 0,
      "Level": 0,
      "Task": 13317,
      "Opcode": 0,
      "Keywords": "0x8020000000000000",
      "TimeCreated": {
        "#attributes": {
          "SystemTime": "2024-10-01T20:23:05.980909Z"
        }
      },
      "EventRecordID": 234745,
      "Correlation": null,
      "Execution": {
        "#attributes": {
          "ProcessID": 4,
          "ThreadID": 6540
        }
      },
      "Channel": "Security",
      "Computer": "EC2AMAZ-DMS53EU",
      "Security": null
    },
    "EventData": {
      "SubjectUserSid": "S-1-5-21-1315585081-1223704089-1502122752-500",
      "SubjectUserName": "Administrator",
      "SubjectDomainName": "EC2AMAZ-DMS53EU",
      "SubjectLogonId": "0x3abe71",
      "TargetUserSid": "S-1-0-0",
      "TargetUserName": "Administrator",
      "TargetDomainName": "EC2AMAZ-DMS53EU",
      "TargetLogonId": "0x3abe71",
      "ProcessName": "C:\\Windows\\System32\\wevtutil.exe",
      "ProcessId": "0x1438",
      "EnabledPrivilegeList": "-",
      "DisabledPrivilegeList": "SeBackupPrivilege"
    }
  }
}
Record 234746
{
  "Event": {
    "#attributes": {
      "xmlns": "http://schemas.microsoft.com/win/2004/08/events/event"
    },
    "System": {
      "Provider": {
        "#attributes": {
          "Name": "Microsoft-Windows-Security-Auditing",
          "Guid": "54849625-5478-4994-A5BA-3E3B0328C30D"
        }
      },
      "EventID": 4703,
      "Version": 0,
      "Level": 0,
      "Task": 13317,
      "Opcode": 0,
      "Keywords": "0x8020000000000000",
      "TimeCreated": {
        "#attributes": {
          "SystemTime": "2024-10-01T20:23:05.980915Z"
        }
      },
      "EventRecordID": 234746,
      "Correlation": null,
      "Execution": {
        "#attributes": {
          "ProcessID": 4,
          "ThreadID": 6540
        }
      },
      "Channel": "Security",
      "Computer": "EC2AMAZ-DMS53EU",
      "Security": null
    },
    "EventData": {
      "SubjectUserSid": "S-1-5-21-1315585081-1223704089-1502122752-500",
      "SubjectUserName": "Administrator",
      "SubjectDomainName": "EC2AMAZ-DMS53EU",
      "SubjectLogonId": "0x3abe71",
      "TargetUserSid": "S-1-0-0",
      "TargetUserName": "Administrator",
      "TargetDomainName": "EC2AMAZ-DMS53EU",
      "TargetLogonId": "0x3abe71",
      "ProcessName": "C:\\Windows\\System32\\wevtutil.exe",
      "ProcessId": "0x1438",
      "EnabledPrivilegeList": "-",
      "DisabledPrivilegeList": "SeSecurityPrivilege"
    }
  }
}
Record 234747
{
  "Event": {
    "#attributes": {
      "xmlns": "http://schemas.microsoft.com/win/2004/08/events/event"
    },
    "System": {
      "Provider": {
        "#attributes": {
          "Name": "Microsoft-Windows-Security-Auditing",
          "Guid": "54849625-5478-4994-A5BA-3E3B0328C30D"
        }
      },
      "EventID": 4689,
      "Version": 0,
      "Level": 0,
      "Task": 13313,
      "Opcode": 0,
      "Keywords": "0x8020000000000000",
      "TimeCreated": {
        "#attributes": {
          "SystemTime": "2024-10-01T20:23:05.981596Z"
        }
      },
      "EventRecordID": 234747,
      "Correlation": null,
      "Execution": {
        "#attributes": {
          "ProcessID": 4,
          "ThreadID": 6540
        }
      },
      "Channel": "Security",
      "Computer": "EC2AMAZ-DMS53EU",
      "Security": null
    },
    "EventData": {
      "SubjectUserSid": "S-1-5-21-1315585081-1223704089-1502122752-500",
      "SubjectUserName": "Administrator",
      "SubjectDomainName": "EC2AMAZ-DMS53EU",
      "SubjectLogonId": "0x3abe71",
      "Status": "0x0",
      "ProcessId": "0x1438",
      "ProcessName": "C:\\Windows\\System32\\wevtutil.exe"
    }
  }
}
Record 234748
{
  "Event": {
    "#attributes": {
      "xmlns": "http://schemas.microsoft.com/win/2004/08/events/event"
    },
    "System": {
      "Provider": {
        "#attributes": {
          "Name": "Microsoft-Windows-Security-Auditing",
          "Guid": "54849625-5478-4994-A5BA-3E3B0328C30D"
        }
      },
      "EventID": 4689,
      "Version": 0,
      "Level": 0,
      "Task": 13313,
      "Opcode": 0,
      "Keywords": "0x8020000000000000",
      "TimeCreated": {
        "#attributes": {
          "SystemTime": "2024-10-01T20:23:05.982940Z"
        }
      },
      "EventRecordID": 234748,
      "Correlation": null,
      "Execution": {
        "#attributes": {
          "ProcessID": 4,
          "ThreadID": 6540
        }
      },
      "Channel": "Security",
      "Computer": "EC2AMAZ-DMS53EU",
      "Security": null
    },
    "EventData": {
      "SubjectUserSid": "S-1-5-21-1315585081-1223704089-1502122752-500",
      "SubjectUserName": "Administrator",
      "SubjectDomainName": "EC2AMAZ-DMS53EU",
      "SubjectLogonId": "0x3abe71",
      "Status": "0x0",
      "ProcessId": "0xa44",
      "ProcessName": "C:\\Windows\\System32\\conhost.exe"
    }
  }
}
Record 234749
{
  "Event": {
    "#attributes": {
      "xmlns": "http://schemas.microsoft.com/win/2004/08/events/event"
    },
    "System": {
      "Provider": {
        "#attributes": {
          "Name": "Microsoft-Windows-Security-Auditing",
          "Guid": "54849625-5478-4994-A5BA-3E3B0328C30D"
        }
      },
      "EventID": 4688,
      "Version": 2,
      "Level": 0,
      "Task": 13312,
      "Opcode": 0,
      "Keywords": "0x8020000000000000",
      "TimeCreated": {
        "#attributes": {
          "SystemTime": "2024-10-01T20:23:05.985869Z"
        }
      },
      "EventRecordID": 234749,
      "Correlation": null,
      "Execution": {
        "#attributes": {
          "ProcessID": 4,
          "ThreadID": 6540
        }
      },
      "Channel": "Security",
      "Computer": "EC2AMAZ-DMS53EU",
      "Security": null
    },
    "EventData": {
      "SubjectUserSid": "S-1-5-21-1315585081-1223704089-1502122752-500",
      "SubjectUserName": "Administrator",
      "SubjectDomainName": "EC2AMAZ-DMS53EU",
      "SubjectLogonId": "0x3abe71",
      "NewProcessId": "0xef0",
      "NewProcessName": "C:\\Windows\\System32\\wevtutil.exe",
      "TokenElevationType": "%%1936",
      "ProcessId": "0x1b48",
      "CommandLine": "\"C:\\Windows\\system32\\wevtutil.exe\" cl Navigator",
      "TargetUserSid": "S-1-0-0",
      "TargetUserName": "-",
      "TargetDomainName": "-",
      "TargetLogonId": "0x0",
      "ParentProcessName": "C:\\Windows\\System32\\wsmprovhost.exe",
      "MandatoryLabel": "S-1-16-12288"
    }
  }
}
Record 234750
{
  "Event": {
    "#attributes": {
      "xmlns": "http://schemas.microsoft.com/win/2004/08/events/event"
    },
    "System": {
      "Provider": {
        "#attributes": {
          "Name": "Microsoft-Windows-Security-Auditing",
          "Guid": "54849625-5478-4994-A5BA-3E3B0328C30D"
        }
      },
      "EventID": 4688,
      "Version": 2,
      "Level": 0,
      "Task": 13312,
      "Opcode": 0,
      "Keywords": "0x8020000000000000",
      "TimeCreated": {
        "#attributes": {
          "SystemTime": "2024-10-01T20:23:05.988667Z"
        }
      },
      "EventRecordID": 234750,
      "Correlation": null,
      "Execution": {
        "#attributes": {
          "ProcessID": 4,
          "ThreadID": 6540
        }
      },
      "Channel": "Security",
      "Computer": "EC2AMAZ-DMS53EU",
      "Security": null
    },
    "EventData": {
      "SubjectUserSid": "S-1-5-21-1315585081-1223704089-1502122752-500",
      "SubjectUserName": "Administrator",
      "SubjectDomainName": "EC2AMAZ-DMS53EU",
      "SubjectLogonId": "0x3abe71",
      "NewProcessId": "0x1afc",
      "NewProcessName": "C:\\Windows\\System32\\conhost.exe",
      "TokenElevationType": "%%1936",
      "ProcessId": "0xef0",
      "CommandLine": "\\??\\C:\\Windows\\system32\\conhost.exe 0xffffffff -ForceV1",
      "TargetUserSid": "S-1-0-0",
      "TargetUserName": "-",
      "TargetDomainName": "-",
      "TargetLogonId": "0x0",
      "ParentProcessName": "C:\\Windows\\System32\\wevtutil.exe",
      "MandatoryLabel": "S-1-16-12288"
    }
  }
}
Record 234751
{
  "Event": {
    "#attributes": {
      "xmlns": "http://schemas.microsoft.com/win/2004/08/events/event"
    },
    "System": {
      "Provider": {
        "#attributes": {
          "Name": "Microsoft-Windows-Security-Auditing",
          "Guid": "54849625-5478-4994-A5BA-3E3B0328C30D"
        }
      },
      "EventID": 4703,
      "Version": 0,
      "Level": 0,
      "Task": 13317,
      "Opcode": 0,
      "Keywords": "0x8020000000000000",
      "TimeCreated": {
        "#attributes": {
          "SystemTime": "2024-10-01T20:23:06.015511Z"
        }
      },
      "EventRecordID": 234751,
      "Correlation": null,
      "Execution": {
        "#attributes": {
          "ProcessID": 4,
          "ThreadID": 1048
        }
      },
      "Channel": "Security",
      "Computer": "EC2AMAZ-DMS53EU",
      "Security": null
    },
    "EventData": {
      "SubjectUserSid": "S-1-5-21-1315585081-1223704089-1502122752-500",
      "SubjectUserName": "Administrator",
      "SubjectDomainName": "EC2AMAZ-DMS53EU",
      "SubjectLogonId": "0x3abe71",
      "TargetUserSid": "S-1-0-0",
      "TargetUserName": "Administrator",
      "TargetDomainName": "EC2AMAZ-DMS53EU",
      "TargetLogonId": "0x3abe71",
      "ProcessName": "C:\\Windows\\System32\\wevtutil.exe",
      "ProcessId": "0xef0",
      "EnabledPrivilegeList": "-",
      "DisabledPrivilegeList": "SeBackupPrivilege"
    }
  }
}
Record 234752
{
  "Event": {
    "#attributes": {
      "xmlns": "http://schemas.microsoft.com/win/2004/08/events/event"
    },
    "System": {
      "Provider": {
        "#attributes": {
          "Name": "Microsoft-Windows-Security-Auditing",
          "Guid": "54849625-5478-4994-A5BA-3E3B0328C30D"
        }
      },
      "EventID": 4703,
      "Version": 0,
      "Level": 0,
      "Task": 13317,
      "Opcode": 0,
      "Keywords": "0x8020000000000000",
      "TimeCreated": {
        "#attributes": {
          "SystemTime": "2024-10-01T20:23:06.015518Z"
        }
      },
      "EventRecordID": 234752,
      "Correlation": null,
      "Execution": {
        "#attributes": {
          "ProcessID": 4,
          "ThreadID": 1048
        }
      },
      "Channel": "Security",
      "Computer": "EC2AMAZ-DMS53EU",
      "Security": null
    },
    "EventData": {
      "SubjectUserSid": "S-1-5-21-1315585081-1223704089-1502122752-500",
      "SubjectUserName": "Administrator",
      "SubjectDomainName": "EC2AMAZ-DMS53EU",
      "SubjectLogonId": "0x3abe71",
      "TargetUserSid": "S-1-0-0",
      "TargetUserName": "Administrator",
      "TargetDomainName": "EC2AMAZ-DMS53EU",
      "TargetLogonId": "0x3abe71",
      "ProcessName": "C:\\Windows\\System32\\wevtutil.exe",
      "ProcessId": "0xef0",
      "EnabledPrivilegeList": "-",
      "DisabledPrivilegeList": "SeSecurityPrivilege"
    }
  }
}
Record 234753
{
  "Event": {
    "#attributes": {
      "xmlns": "http://schemas.microsoft.com/win/2004/08/events/event"
    },
    "System": {
      "Provider": {
        "#attributes": {
          "Name": "Microsoft-Windows-Security-Auditing",
          "Guid": "54849625-5478-4994-A5BA-3E3B0328C30D"
        }
      },
      "EventID": 4689,
      "Version": 0,
      "Level": 0,
      "Task": 13313,
      "Opcode": 0,
      "Keywords": "0x8020000000000000",
      "TimeCreated": {
        "#attributes": {
          "SystemTime": "2024-10-01T20:23:06.016151Z"
        }
      },
      "EventRecordID": 234753,
      "Correlation": null,
      "Execution": {
        "#attributes": {
          "ProcessID": 4,
          "ThreadID": 1048
        }
      },
      "Channel": "Security",
      "Computer": "EC2AMAZ-DMS53EU",
      "Security": null
    },
    "EventData": {
      "SubjectUserSid": "S-1-5-21-1315585081-1223704089-1502122752-500",
      "SubjectUserName": "Administrator",
      "SubjectDomainName": "EC2AMAZ-DMS53EU",
      "SubjectLogonId": "0x3abe71",
      "Status": "0x0",
      "ProcessId": "0xef0",
      "ProcessName": "C:\\Windows\\System32\\wevtutil.exe"
    }
  }
}
Record 234754
{
  "Event": {
    "#attributes": {
      "xmlns": "http://schemas.microsoft.com/win/2004/08/events/event"
    },
    "System": {
      "Provider": {
        "#attributes": {
          "Name": "Microsoft-Windows-Security-Auditing",
          "Guid": "54849625-5478-4994-A5BA-3E3B0328C30D"
        }
      },
      "EventID": 4689,
      "Version": 0,
      "Level": 0,
      "Task": 13313,
      "Opcode": 0,
      "Keywords": "0x8020000000000000",
      "TimeCreated": {
        "#attributes": {
          "SystemTime": "2024-10-01T20:23:06.017032Z"
        }
      },
      "EventRecordID": 234754,
      "Correlation": null,
      "Execution": {
        "#attributes": {
          "ProcessID": 4,
          "ThreadID": 1048
        }
      },
      "Channel": "Security",
      "Computer": "EC2AMAZ-DMS53EU",
      "Security": null
    },
    "EventData": {
      "SubjectUserSid": "S-1-5-21-1315585081-1223704089-1502122752-500",
      "SubjectUserName": "Administrator",
      "SubjectDomainName": "EC2AMAZ-DMS53EU",
      "SubjectLogonId": "0x3abe71",
      "Status": "0x0",
      "ProcessId": "0x1afc",
      "ProcessName": "C:\\Windows\\System32\\conhost.exe"
    }
  }
}
Record 234755
{
  "Event": {
    "#attributes": {
      "xmlns": "http://schemas.microsoft.com/win/2004/08/events/event"
    },
    "System": {
      "Provider": {
        "#attributes": {
          "Name": "Microsoft-Windows-Security-Auditing",
          "Guid": "54849625-5478-4994-A5BA-3E3B0328C30D"
        }
      },
      "EventID": 4688,
      "Version": 2,
      "Level": 0,
      "Task": 13312,
      "Opcode": 0,
      "Keywords": "0x8020000000000000",
      "TimeCreated": {
        "#attributes": {
          "SystemTime": "2024-10-01T20:23:06.019360Z"
        }
      },
      "EventRecordID": 234755,
      "Correlation": null,
      "Execution": {
        "#attributes": {
          "ProcessID": 4,
          "ThreadID": 1048
        }
      },
      "Channel": "Security",
      "Computer": "EC2AMAZ-DMS53EU",
      "Security": null
    },
    "EventData": {
      "SubjectUserSid": "S-1-5-21-1315585081-1223704089-1502122752-500",
      "SubjectUserName": "Administrator",
      "SubjectDomainName": "EC2AMAZ-DMS53EU",
      "SubjectLogonId": "0x3abe71",
      "NewProcessId": "0x3e8",
      "NewProcessName": "C:\\Windows\\System32\\wevtutil.exe",
      "TokenElevationType": "%%1936",
      "ProcessId": "0x1b48",
      "CommandLine": "\"C:\\Windows\\system32\\wevtutil.exe\" cl \"Network Isolation Operational\"",
      "TargetUserSid": "S-1-0-0",
      "TargetUserName": "-",
      "TargetDomainName": "-",
      "TargetLogonId": "0x0",
      "ParentProcessName": "C:\\Windows\\System32\\wsmprovhost.exe",
      "MandatoryLabel": "S-1-16-12288"
    }
  }
}
