Record 233549
{
  "Event": {
    "#attributes": {
      "xmlns": "http://schemas.microsoft.com/win/2004/08/events/event"
    },
    "System": {
      "Provider": {
        "#attributes": {
          "Name": "Microsoft-Windows-Security-Auditing",
          "Guid": "54849625-5478-4994-A5BA-3E3B0328C30D"
        }
      },
      "EventID": 4672,
      "Version": 0,
      "Level": 0,
      "Task": 12548,
      "Opcode": 0,
      "Keywords": "0x8020000000000000",
      "TimeCreated": {
        "#attributes": {
          "SystemTime": "2024-10-01T20:50:03.396373Z"
        }
      },
      "EventRecordID": 233549,
      "Correlation": {
        "#attributes": {
          "ActivityID": "641A05AA-143A-0001-3606-1A643A14DB01"
        }
      },
      "Execution": {
        "#attributes": {
          "ProcessID": 652,
          "ThreadID": 6744
        }
      },
      "Channel": "Security",
      "Computer": "EC2AMAZ-3NV39E0",
      "Security": null
    },
    "EventData": {
      "SubjectUserSid": "S-1-5-21-312379445-3512834713-3133549549-1000",
      "SubjectUserName": "DeeDee",
      "SubjectDomainName": "EC2AMAZ-3NV39E0",
      "SubjectLogonId": "0x4dd373",
      "PrivilegeList": "SeSecurityPrivilege\r\n\t\t\tSeBackupPrivilege\r\n\t\t\tSeRestorePrivilege\r\n\t\t\tSeTakeOwnershipPrivilege\r\n\t\t\tSeDebugPrivilege\r\n\t\t\tSeSystemEnvironmentPrivilege\r\n\t\t\tSeLoadDriverPrivilege\r\n\t\t\tSeImpersonatePrivilege\r\n\t\t\tSeDelegateSessionUserImpersonatePrivilege"
    }
  }
}
Record 233550
{
  "Event": {
    "#attributes": {
      "xmlns": "http://schemas.microsoft.com/win/2004/08/events/event"
    },
    "System": {
      "Provider": {
        "#attributes": {
          "Name": "Microsoft-Windows-Security-Auditing",
          "Guid": "54849625-5478-4994-A5BA-3E3B0328C30D"
        }
      },
      "EventID": 4624,
      "Version": 2,
      "Level": 0,
      "Task": 12544,
      "Opcode": 0,
      "Keywords": "0x8020000000000000",
      "TimeCreated": {
        "#attributes": {
          "SystemTime": "2024-10-01T20:50:03.396444Z"
        }
      },
      "EventRecordID": 233550,
      "Correlation": {
        "#attributes": {
          "ActivityID": "641A05AA-143A-0001-3606-1A643A14DB01"
        }
      },
      "Execution": {
        "#attributes": {
          "ProcessID": 652,
          "ThreadID": 6744
        }
      },
      "Channel": "Security",
      "Computer": "EC2AMAZ-3NV39E0",
      "Security": null
    },
    "EventData": {
      "SubjectUserSid": "S-1-0-0",
      "SubjectUserName": "-",
      "SubjectDomainName": "-",
      "SubjectLogonId": "0x0",
      "TargetUserSid": "S-1-5-21-312379445-3512834713-3133549549-1000",
      "TargetUserName": "DeeDee",
      "TargetDomainName": "EC2AMAZ-3NV39E0",
      "TargetLogonId": "0x4dd373",
      "LogonType": 3,
      "LogonProcessName": "NtLmSsp ",
      "AuthenticationPackageName": "NTLM",
      "WorkstationName": "-",
      "LogonGuid": "00000000-0000-0000-0000-000000000000",
      "TransmittedServices": "-",
      "LmPackageName": "NTLM V2",
      "KeyLength": 128,
      "ProcessId": "0x0",
      "ProcessName": "-",
      "IpAddress": "10.1.1.42",
      "IpPort": "49276",
      "ImpersonationLevel": "%%1833",
      "RestrictedAdminMode": "-",
      "TargetOutboundUserName": "-",
      "TargetOutboundDomainName": "-",
      "VirtualAccount": "%%1843",
      "TargetLinkedLogonId": "0x0",
      "ElevatedToken": "%%1842"
    }
  }
}
Record 233551
{
  "Event": {
    "#attributes": {
      "xmlns": "http://schemas.microsoft.com/win/2004/08/events/event"
    },
    "System": {
      "Provider": {
        "#attributes": {
          "Name": "Microsoft-Windows-Security-Auditing",
          "Guid": "54849625-5478-4994-A5BA-3E3B0328C30D"
        }
      },
      "EventID": 4627,
      "Version": 0,
      "Level": 0,
      "Task": 12554,
      "Opcode": 0,
      "Keywords": "0x8020000000000000",
      "TimeCreated": {
        "#attributes": {
          "SystemTime": "2024-10-01T20:50:03.396471Z"
        }
      },
      "EventRecordID": 233551,
      "Correlation": {
        "#attributes": {
          "ActivityID": "641A05AA-143A-0001-3606-1A643A14DB01"
        }
      },
      "Execution": {
        "#attributes": {
          "ProcessID": 652,
          "ThreadID": 6744
        }
      },
      "Channel": "Security",
      "Computer": "EC2AMAZ-3NV39E0",
      "Security": null
    },
    "EventData": {
      "SubjectUserSid": "S-1-0-0",
      "SubjectUserName": "-",
      "SubjectDomainName": "-",
      "SubjectLogonId": "0x0",
      "TargetUserSid": "S-1-5-21-312379445-3512834713-3133549549-1000",
      "TargetUserName": "DeeDee",
      "TargetDomainName": "EC2AMAZ-3NV39E0",
      "TargetLogonId": "0x4dd373",
      "LogonType": 3,
      "EventIdx": 1,
      "EventCountTotal": 1,
      "GroupMembership": "\r\n\t\t%{S-1-5-21-312379445-3512834713-3133549549-513}\r\n\t\t%{S-1-1-0}\r\n\t\t%{S-1-5-114}\r\n\t\t%{S-1-5-32-544}\r\n\t\t%{S-1-5-32-545}\r\n\t\t%{S-1-5-2}\r\n\t\t%{S-1-5-11}\r\n\t\t%{S-1-5-15}\r\n\t\t%{S-1-5-113}\r\n\t\t%{S-1-5-64-10}\r\n\t\t%{S-1-16-12288}"
    }
  }
}
Record 233552
{
  "Event": {
    "#attributes": {
      "xmlns": "http://schemas.microsoft.com/win/2004/08/events/event"
    },
    "System": {
      "Provider": {
        "#attributes": {
          "Name": "Microsoft-Windows-Security-Auditing",
          "Guid": "54849625-5478-4994-A5BA-3E3B0328C30D"
        }
      },
      "EventID": 4689,
      "Version": 0,
      "Level": 0,
      "Task": 13313,
      "Opcode": 0,
      "Keywords": "0x8020000000000000",
      "TimeCreated": {
        "#attributes": {
          "SystemTime": "2024-10-01T20:50:25.302073Z"
        }
      },
      "EventRecordID": 233552,
      "Correlation": null,
      "Execution": {
        "#attributes": {
          "ProcessID": 4,
          "ThreadID": 404
        }
      },
      "Channel": "Security",
      "Computer": "EC2AMAZ-3NV39E0",
      "Security": null
    },
    "EventData": {
      "SubjectUserSid": "S-1-5-18",
      "SubjectUserName": "EC2AMAZ-3NV39E0$",
      "SubjectDomainName": "WORKGROUP",
      "SubjectLogonId": "0x3e7",
      "Status": "0x0",
      "ProcessId": "0x1f4",
      "ProcessName": "C:\\Windows\\System32\\svchost.exe"
    }
  }
}
Record 233553
{
  "Event": {
    "#attributes": {
      "xmlns": "http://schemas.microsoft.com/win/2004/08/events/event"
    },
    "System": {
      "Provider": {
        "#attributes": {
          "Name": "Microsoft-Windows-Security-Auditing",
          "Guid": "54849625-5478-4994-A5BA-3E3B0328C30D"
        }
      },
      "EventID": 4634,
      "Version": 0,
      "Level": 0,
      "Task": 12545,
      "Opcode": 0,
      "Keywords": "0x8020000000000000",
      "TimeCreated": {
        "#attributes": {
          "SystemTime": "2024-10-01T20:50:29.791138Z"
        }
      },
      "EventRecordID": 233553,
      "Correlation": null,
      "Execution": {
        "#attributes": {
          "ProcessID": 652,
          "ThreadID": 6744
        }
      },
      "Channel": "Security",
      "Computer": "EC2AMAZ-3NV39E0",
      "Security": null
    },
    "EventData": {
      "TargetUserSid": "S-1-5-21-312379445-3512834713-3133549549-1000",
      "TargetUserName": "DeeDee",
      "TargetDomainName": "EC2AMAZ-3NV39E0",
      "TargetLogonId": "0x4dd373",
      "LogonType": 3
    }
  }
}
Record 233554
{
  "Event": {
    "#attributes": {
      "xmlns": "http://schemas.microsoft.com/win/2004/08/events/event"
    },
    "System": {
      "Provider": {
        "#attributes": {
          "Name": "Microsoft-Windows-Security-Auditing",
          "Guid": "54849625-5478-4994-A5BA-3E3B0328C30D"
        }
      },
      "EventID": 4776,
      "Version": 0,
      "Level": 0,
      "Task": 14336,
      "Opcode": 0,
      "Keywords": "0x8020000000000000",
      "TimeCreated": {
        "#attributes": {
          "SystemTime": "2024-10-01T20:50:29.795509Z"
        }
      },
      "EventRecordID": 233554,
      "Correlation": {
        "#attributes": {
          "ActivityID": "641A05AA-143A-0001-3606-1A643A14DB01"
        }
      },
      "Execution": {
        "#attributes": {
          "ProcessID": 652,
          "ThreadID": 3316
        }
      },
      "Channel": "Security",
      "Computer": "EC2AMAZ-3NV39E0",
      "Security": null
    },
    "EventData": {
      "PackageName": "MICROSOFT_AUTHENTICATION_PACKAGE_V1_0",
      "TargetUserName": "DeeDee",
      "Workstation": "",
      "Status": "0x0"
    }
  }
}
Record 233555
{
  "Event": {
    "#attributes": {
      "xmlns": "http://schemas.microsoft.com/win/2004/08/events/event"
    },
    "System": {
      "Provider": {
        "#attributes": {
          "Name": "Microsoft-Windows-Security-Auditing",
          "Guid": "54849625-5478-4994-A5BA-3E3B0328C30D"
        }
      },
      "EventID": 4672,
      "Version": 0,
      "Level": 0,
      "Task": 12548,
      "Opcode": 0,
      "Keywords": "0x8020000000000000",
      "TimeCreated": {
        "#attributes": {
          "SystemTime": "2024-10-01T20:50:29.795608Z"
        }
      },
      "EventRecordID": 233555,
      "Correlation": {
        "#attributes": {
          "ActivityID": "641A05AA-143A-0001-3606-1A643A14DB01"
        }
      },
      "Execution": {
        "#attributes": {
          "ProcessID": 652,
          "ThreadID": 3316
        }
      },
      "Channel": "Security",
      "Computer": "EC2AMAZ-3NV39E0",
      "Security": null
    },
    "EventData": {
      "SubjectUserSid": "S-1-5-21-312379445-3512834713-3133549549-1000",
      "SubjectUserName": "DeeDee",
      "SubjectDomainName": "EC2AMAZ-3NV39E0",
      "SubjectLogonId": "0x4f25f7",
      "PrivilegeList": "SeSecurityPrivilege\r\n\t\t\tSeBackupPrivilege\r\n\t\t\tSeRestorePrivilege\r\n\t\t\tSeTakeOwnershipPrivilege\r\n\t\t\tSeDebugPrivilege\r\n\t\t\tSeSystemEnvironmentPrivilege\r\n\t\t\tSeLoadDriverPrivilege\r\n\t\t\tSeImpersonatePrivilege\r\n\t\t\tSeDelegateSessionUserImpersonatePrivilege"
    }
  }
}
Record 233556
{
  "Event": {
    "#attributes": {
      "xmlns": "http://schemas.microsoft.com/win/2004/08/events/event"
    },
    "System": {
      "Provider": {
        "#attributes": {
          "Name": "Microsoft-Windows-Security-Auditing",
          "Guid": "54849625-5478-4994-A5BA-3E3B0328C30D"
        }
      },
      "EventID": 4624,
      "Version": 2,
      "Level": 0,
      "Task": 12544,
      "Opcode": 0,
      "Keywords": "0x8020000000000000",
      "TimeCreated": {
        "#attributes": {
          "SystemTime": "2024-10-01T20:50:29.795658Z"
        }
      },
      "EventRecordID": 233556,
      "Correlation": {
        "#attributes": {
          "ActivityID": "641A05AA-143A-0001-3606-1A643A14DB01"
        }
      },
      "Execution": {
        "#attributes": {
          "ProcessID": 652,
          "ThreadID": 3316
        }
      },
      "Channel": "Security",
      "Computer": "EC2AMAZ-3NV39E0",
      "Security": null
    },
    "EventData": {
      "SubjectUserSid": "S-1-0-0",
      "SubjectUserName": "-",
      "SubjectDomainName": "-",
      "SubjectLogonId": "0x0",
      "TargetUserSid": "S-1-5-21-312379445-3512834713-3133549549-1000",
      "TargetUserName": "DeeDee",
      "TargetDomainName": "EC2AMAZ-3NV39E0",
      "TargetLogonId": "0x4f25f7",
      "LogonType": 3,
      "LogonProcessName": "NtLmSsp ",
      "AuthenticationPackageName": "NTLM",
      "WorkstationName": "-",
      "LogonGuid": "00000000-0000-0000-0000-000000000000",
      "TransmittedServices": "-",
      "LmPackageName": "NTLM V2",
      "KeyLength": 128,
      "ProcessId": "0x0",
      "ProcessName": "-",
      "IpAddress": "10.1.1.42",
      "IpPort": "42282",
      "ImpersonationLevel": "%%1833",
      "RestrictedAdminMode": "-",
      "TargetOutboundUserName": "-",
      "TargetOutboundDomainName": "-",
      "VirtualAccount": "%%1843",
      "TargetLinkedLogonId": "0x0",
      "ElevatedToken": "%%1842"
    }
  }
}
Record 233557
{
  "Event": {
    "#attributes": {
      "xmlns": "http://schemas.microsoft.com/win/2004/08/events/event"
    },
    "System": {
      "Provider": {
        "#attributes": {
          "Name": "Microsoft-Windows-Security-Auditing",
          "Guid": "54849625-5478-4994-A5BA-3E3B0328C30D"
        }
      },
      "EventID": 4627,
      "Version": 0,
      "Level": 0,
      "Task": 12554,
      "Opcode": 0,
      "Keywords": "0x8020000000000000",
      "TimeCreated": {
        "#attributes": {
          "SystemTime": "2024-10-01T20:50:29.795675Z"
        }
      },
      "EventRecordID": 233557,
      "Correlation": {
        "#attributes": {
          "ActivityID": "641A05AA-143A-0001-3606-1A643A14DB01"
        }
      },
      "Execution": {
        "#attributes": {
          "ProcessID": 652,
          "ThreadID": 3316
        }
      },
      "Channel": "Security",
      "Computer": "EC2AMAZ-3NV39E0",
      "Security": null
    },
    "EventData": {
      "SubjectUserSid": "S-1-0-0",
      "SubjectUserName": "-",
      "SubjectDomainName": "-",
      "SubjectLogonId": "0x0",
      "TargetUserSid": "S-1-5-21-312379445-3512834713-3133549549-1000",
      "TargetUserName": "DeeDee",
      "TargetDomainName": "EC2AMAZ-3NV39E0",
      "TargetLogonId": "0x4f25f7",
      "LogonType": 3,
      "EventIdx": 1,
      "EventCountTotal": 1,
      "GroupMembership": "\r\n\t\t%{S-1-5-21-312379445-3512834713-3133549549-513}\r\n\t\t%{S-1-1-0}\r\n\t\t%{S-1-5-114}\r\n\t\t%{S-1-5-32-544}\r\n\t\t%{S-1-5-32-545}\r\n\t\t%{S-1-5-2}\r\n\t\t%{S-1-5-11}\r\n\t\t%{S-1-5-15}\r\n\t\t%{S-1-5-113}\r\n\t\t%{S-1-5-64-10}\r\n\t\t%{S-1-16-12288}"
    }
  }
}
Record 233558
{
  "Event": {
    "#attributes": {
      "xmlns": "http://schemas.microsoft.com/win/2004/08/events/event"
    },
    "System": {
      "Provider": {
        "#attributes": {
          "Name": "Microsoft-Windows-Security-Auditing",
          "Guid": "54849625-5478-4994-A5BA-3E3B0328C30D"
        }
      },
      "EventID": 4776,
      "Version": 0,
      "Level": 0,
      "Task": 14336,
      "Opcode": 0,
      "Keywords": "0x8020000000000000",
      "TimeCreated": {
        "#attributes": {
          "SystemTime": "2024-10-01T20:50:44.314591Z"
        }
      },
      "EventRecordID": 233558,
      "Correlation": {
        "#attributes": {
          "ActivityID": "641A05AA-143A-0001-3606-1A643A14DB01"
        }
      },
      "Execution": {
        "#attributes": {
          "ProcessID": 652,
          "ThreadID": 3316
        }
      },
      "Channel": "Security",
      "Computer": "EC2AMAZ-3NV39E0",
      "Security": null
    },
    "EventData": {
      "PackageName": "MICROSOFT_AUTHENTICATION_PACKAGE_V1_0",
      "TargetUserName": "DeeDee",
      "Workstation": "",
      "Status": "0x0"
    }
  }
}
Record 233559
{
  "Event": {
    "#attributes": {
      "xmlns": "http://schemas.microsoft.com/win/2004/08/events/event"
    },
    "System": {
      "Provider": {
        "#attributes": {
          "Name": "Microsoft-Windows-Security-Auditing",
          "Guid": "54849625-5478-4994-A5BA-3E3B0328C30D"
        }
      },
      "EventID": 4672,
      "Version": 0,
      "Level": 0,
      "Task": 12548,
      "Opcode": 0,
      "Keywords": "0x8020000000000000",
      "TimeCreated": {
        "#attributes": {
          "SystemTime": "2024-10-01T20:50:44.314767Z"
        }
      },
      "EventRecordID": 233559,
      "Correlation": {
        "#attributes": {
          "ActivityID": "641A05AA-143A-0001-3606-1A643A14DB01"
        }
      },
      "Execution": {
        "#attributes": {
          "ProcessID": 652,
          "ThreadID": 3316
        }
      },
      "Channel": "Security",
      "Computer": "EC2AMAZ-3NV39E0",
      "Security": null
    },
    "EventData": {
      "SubjectUserSid": "S-1-5-21-312379445-3512834713-3133549549-1000",
      "SubjectUserName": "DeeDee",
      "SubjectDomainName": "EC2AMAZ-3NV39E0",
      "SubjectLogonId": "0x4f35fc",
      "PrivilegeList": "SeSecurityPrivilege\r\n\t\t\tSeBackupPrivilege\r\n\t\t\tSeRestorePrivilege\r\n\t\t\tSeTakeOwnershipPrivilege\r\n\t\t\tSeDebugPrivilege\r\n\t\t\tSeSystemEnvironmentPrivilege\r\n\t\t\tSeLoadDriverPrivilege\r\n\t\t\tSeImpersonatePrivilege\r\n\t\t\tSeDelegateSessionUserImpersonatePrivilege"
    }
  }
}
Record 233560
{
  "Event": {
    "#attributes": {
      "xmlns": "http://schemas.microsoft.com/win/2004/08/events/event"
    },
    "System": {
      "Provider": {
        "#attributes": {
          "Name": "Microsoft-Windows-Security-Auditing",
          "Guid": "54849625-5478-4994-A5BA-3E3B0328C30D"
        }
      },
      "EventID": 4624,
      "Version": 2,
      "Level": 0,
      "Task": 12544,
      "Opcode": 0,
      "Keywords": "0x8020000000000000",
      "TimeCreated": {
        "#attributes": {
          "SystemTime": "2024-10-01T20:50:44.314824Z"
        }
      },
      "EventRecordID": 233560,
      "Correlation": {
        "#attributes": {
          "ActivityID": "641A05AA-143A-0001-3606-1A643A14DB01"
        }
      },
      "Execution": {
        "#attributes": {
          "ProcessID": 652,
          "ThreadID": 3316
        }
      },
      "Channel": "Security",
      "Computer": "EC2AMAZ-3NV39E0",
      "Security": null
    },
    "EventData": {
      "SubjectUserSid": "S-1-0-0",
      "SubjectUserName": "-",
      "SubjectDomainName": "-",
      "SubjectLogonId": "0x0",
      "TargetUserSid": "S-1-5-21-312379445-3512834713-3133549549-1000",
      "TargetUserName": "DeeDee",
      "TargetDomainName": "EC2AMAZ-3NV39E0",
      "TargetLogonId": "0x4f35fc",
      "LogonType": 3,
      "LogonProcessName": "NtLmSsp ",
      "AuthenticationPackageName": "NTLM",
      "WorkstationName": "-",
      "LogonGuid": "00000000-0000-0000-0000-000000000000",
      "TransmittedServices": "-",
      "LmPackageName": "NTLM V2",
      "KeyLength": 128,
      "ProcessId": "0x0",
      "ProcessName": "-",
      "IpAddress": "10.1.1.42",
      "IpPort": "49270",
      "ImpersonationLevel": "%%1833",
      "RestrictedAdminMode": "-",
      "TargetOutboundUserName": "-",
      "TargetOutboundDomainName": "-",
      "VirtualAccount": "%%1843",
      "TargetLinkedLogonId": "0x0",
      "ElevatedToken": "%%1842"
    }
  }
}
Record 233561
{
  "Event": {
    "#attributes": {
      "xmlns": "http://schemas.microsoft.com/win/2004/08/events/event"
    },
    "System": {
      "Provider": {
        "#attributes": {
          "Name": "Microsoft-Windows-Security-Auditing",
          "Guid": "54849625-5478-4994-A5BA-3E3B0328C30D"
        }
      },
      "EventID": 4627,
      "Version": 0,
      "Level": 0,
      "Task": 12554,
      "Opcode": 0,
      "Keywords": "0x8020000000000000",
      "TimeCreated": {
        "#attributes": {
          "SystemTime": "2024-10-01T20:50:44.314840Z"
        }
      },
      "EventRecordID": 233561,
      "Correlation": {
        "#attributes": {
          "ActivityID": "641A05AA-143A-0001-3606-1A643A14DB01"
        }
      },
      "Execution": {
        "#attributes": {
          "ProcessID": 652,
          "ThreadID": 3316
        }
      },
      "Channel": "Security",
      "Computer": "EC2AMAZ-3NV39E0",
      "Security": null
    },
    "EventData": {
      "SubjectUserSid": "S-1-0-0",
      "SubjectUserName": "-",
      "SubjectDomainName": "-",
      "SubjectLogonId": "0x0",
      "TargetUserSid": "S-1-5-21-312379445-3512834713-3133549549-1000",
      "TargetUserName": "DeeDee",
      "TargetDomainName": "EC2AMAZ-3NV39E0",
      "TargetLogonId": "0x4f35fc",
      "LogonType": 3,
      "EventIdx": 1,
      "EventCountTotal": 1,
      "GroupMembership": "\r\n\t\t%{S-1-5-21-312379445-3512834713-3133549549-513}\r\n\t\t%{S-1-1-0}\r\n\t\t%{S-1-5-114}\r\n\t\t%{S-1-5-32-544}\r\n\t\t%{S-1-5-32-545}\r\n\t\t%{S-1-5-2}\r\n\t\t%{S-1-5-11}\r\n\t\t%{S-1-5-15}\r\n\t\t%{S-1-5-113}\r\n\t\t%{S-1-5-64-10}\r\n\t\t%{S-1-16-12288}"
    }
  }
}
Record 233562
{
  "Event": {
    "#attributes": {
      "xmlns": "http://schemas.microsoft.com/win/2004/08/events/event"
    },
    "System": {
      "Provider": {
        "#attributes": {
          "Name": "Microsoft-Windows-Security-Auditing",
          "Guid": "54849625-5478-4994-A5BA-3E3B0328C30D"
        }
      },
      "EventID": 4634,
      "Version": 0,
      "Level": 0,
      "Task": 12545,
      "Opcode": 0,
      "Keywords": "0x8020000000000000",
      "TimeCreated": {
        "#attributes": {
          "SystemTime": "2024-10-01T20:50:44.327769Z"
        }
      },
      "EventRecordID": 233562,
      "Correlation": null,
      "Execution": {
        "#attributes": {
          "ProcessID": 652,
          "ThreadID": 3316
        }
      },
      "Channel": "Security",
      "Computer": "EC2AMAZ-3NV39E0",
      "Security": null
    },
    "EventData": {
      "TargetUserSid": "S-1-5-21-312379445-3512834713-3133549549-1000",
      "TargetUserName": "DeeDee",
      "TargetDomainName": "EC2AMAZ-3NV39E0",
      "TargetLogonId": "0x4f25f7",
      "LogonType": 3
    }
  }
}
Record 233563
{
  "Event": {
    "#attributes": {
      "xmlns": "http://schemas.microsoft.com/win/2004/08/events/event"
    },
    "System": {
      "Provider": {
        "#attributes": {
          "Name": "Microsoft-Windows-Security-Auditing",
          "Guid": "54849625-5478-4994-A5BA-3E3B0328C30D"
        }
      },
      "EventID": 4634,
      "Version": 0,
      "Level": 0,
      "Task": 12545,
      "Opcode": 0,
      "Keywords": "0x8020000000000000",
      "TimeCreated": {
        "#attributes": {
          "SystemTime": "2024-10-01T20:50:44.328569Z"
        }
      },
      "EventRecordID": 233563,
      "Correlation": null,
      "Execution": {
        "#attributes": {
          "ProcessID": 652,
          "ThreadID": 3316
        }
      },
      "Channel": "Security",
      "Computer": "EC2AMAZ-3NV39E0",
      "Security": null
    },
    "EventData": {
      "TargetUserSid": "S-1-5-21-312379445-3512834713-3133549549-1000",
      "TargetUserName": "DeeDee",
      "TargetDomainName": "EC2AMAZ-3NV39E0",
      "TargetLogonId": "0x4f35fc",
      "LogonType": 3
    }
  }
}
Record 233564
{
  "Event": {
    "#attributes": {
      "xmlns": "http://schemas.microsoft.com/win/2004/08/events/event"
    },
    "System": {
      "Provider": {
        "#attributes": {
          "Name": "Microsoft-Windows-Security-Auditing",
          "Guid": "54849625-5478-4994-A5BA-3E3B0328C30D"
        }
      },
      "EventID": 4689,
      "Version": 0,
      "Level": 0,
      "Task": 13313,
      "Opcode": 0,
      "Keywords": "0x8020000000000000",
      "TimeCreated": {
        "#attributes": {
          "SystemTime": "2024-10-01T20:50:44.354257Z"
        }
      },
      "EventRecordID": 233564,
      "Correlation": null,
      "Execution": {
        "#attributes": {
          "ProcessID": 4,
          "ThreadID": 284
        }
      },
      "Channel": "Security",
      "Computer": "EC2AMAZ-3NV39E0",
      "Security": null
    },
    "EventData": {
      "SubjectUserSid": "S-1-5-21-312379445-3512834713-3133549549-1000",
      "SubjectUserName": "DeeDee",
      "SubjectDomainName": "EC2AMAZ-3NV39E0",
      "SubjectLogonId": "0x4c0d86",
      "Status": "0x0",
      "ProcessId": "0x1208",
      "ProcessName": "C:\\Windows\\System32\\wsmprovhost.exe"
    }
  }
}
Record 233565
{
  "Event": {
    "#attributes": {
      "xmlns": "http://schemas.microsoft.com/win/2004/08/events/event"
    },
    "System": {
      "Provider": {
        "#attributes": {
          "Name": "Microsoft-Windows-Security-Auditing",
          "Guid": "54849625-5478-4994-A5BA-3E3B0328C30D"
        }
      },
      "EventID": 4703,
      "Version": 0,
      "Level": 0,
      "Task": 13317,
      "Opcode": 0,
      "Keywords": "0x8020000000000000",
      "TimeCreated": {
        "#attributes": {
          "SystemTime": "2024-10-01T20:50:44.391877Z"
        }
      },
      "EventRecordID": 233565,
      "Correlation": null,
      "Execution": {
        "#attributes": {
          "ProcessID": 4,
          "ThreadID": 284
        }
      },
      "Channel": "Security",
      "Computer": "EC2AMAZ-3NV39E0",
      "Security": null
    },
    "EventData": {
      "SubjectUserSid": "S-1-5-18",
      "SubjectUserName": "EC2AMAZ-3NV39E0$",
      "SubjectDomainName": "WORKGROUP",
      "SubjectLogonId": "0x3e7",
      "TargetUserSid": "S-1-0-0",
      "TargetUserName": "EC2AMAZ-3NV39E0$",
      "TargetDomainName": "WORKGROUP",
      "TargetLogonId": "0x3e7",
      "ProcessName": "C:\\Windows\\System32\\svchost.exe",
      "ProcessId": "0x2f8",
      "EnabledPrivilegeList": "SeBackupPrivilege",
      "DisabledPrivilegeList": "-"
    }
  }
}
Record 233566
{
  "Event": {
    "#attributes": {
      "xmlns": "http://schemas.microsoft.com/win/2004/08/events/event"
    },
    "System": {
      "Provider": {
        "#attributes": {
          "Name": "Microsoft-Windows-Security-Auditing",
          "Guid": "54849625-5478-4994-A5BA-3E3B0328C30D"
        }
      },
      "EventID": 4703,
      "Version": 0,
      "Level": 0,
      "Task": 13317,
      "Opcode": 0,
      "Keywords": "0x8020000000000000",
      "TimeCreated": {
        "#attributes": {
          "SystemTime": "2024-10-01T20:50:44.391884Z"
        }
      },
      "EventRecordID": 233566,
      "Correlation": null,
      "Execution": {
        "#attributes": {
          "ProcessID": 4,
          "ThreadID": 284
        }
      },
      "Channel": "Security",
      "Computer": "EC2AMAZ-3NV39E0",
      "Security": null
    },
    "EventData": {
      "SubjectUserSid": "S-1-5-18",
      "SubjectUserName": "EC2AMAZ-3NV39E0$",
      "SubjectDomainName": "WORKGROUP",
      "SubjectLogonId": "0x3e7",
      "TargetUserSid": "S-1-0-0",
      "TargetUserName": "EC2AMAZ-3NV39E0$",
      "TargetDomainName": "WORKGROUP",
      "TargetLogonId": "0x3e7",
      "ProcessName": "C:\\Windows\\System32\\svchost.exe",
      "ProcessId": "0x2f8",
      "EnabledPrivilegeList": "SeRestorePrivilege",
      "DisabledPrivilegeList": "-"
    }
  }
}
Record 233567
{
  "Event": {
    "#attributes": {
      "xmlns": "http://schemas.microsoft.com/win/2004/08/events/event"
    },
    "System": {
      "Provider": {
        "#attributes": {
          "Name": "Microsoft-Windows-Security-Auditing",
          "Guid": "54849625-5478-4994-A5BA-3E3B0328C30D"
        }
      },
      "EventID": 4703,
      "Version": 0,
      "Level": 0,
      "Task": 13317,
      "Opcode": 0,
      "Keywords": "0x8020000000000000",
      "TimeCreated": {
        "#attributes": {
          "SystemTime": "2024-10-01T20:50:44.392729Z"
        }
      },
      "EventRecordID": 233567,
      "Correlation": null,
      "Execution": {
        "#attributes": {
          "ProcessID": 4,
          "ThreadID": 284
        }
      },
      "Channel": "Security",
      "Computer": "EC2AMAZ-3NV39E0",
      "Security": null
    },
    "EventData": {
      "SubjectUserSid": "S-1-5-18",
      "SubjectUserName": "EC2AMAZ-3NV39E0$",
      "SubjectDomainName": "WORKGROUP",
      "SubjectLogonId": "0x3e7",
      "TargetUserSid": "S-1-0-0",
      "TargetUserName": "EC2AMAZ-3NV39E0$",
      "TargetDomainName": "WORKGROUP",
      "TargetLogonId": "0x3e7",
      "ProcessName": "C:\\Windows\\System32\\svchost.exe",
      "ProcessId": "0x2f8",
      "EnabledPrivilegeList": "-",
      "DisabledPrivilegeList": "SeBackupPrivilege"
    }
  }
}
Record 233568
{
  "Event": {
    "#attributes": {
      "xmlns": "http://schemas.microsoft.com/win/2004/08/events/event"
    },
    "System": {
      "Provider": {
        "#attributes": {
          "Name": "Microsoft-Windows-Security-Auditing",
          "Guid": "54849625-5478-4994-A5BA-3E3B0328C30D"
        }
      },
      "EventID": 4703,
      "Version": 0,
      "Level": 0,
      "Task": 13317,
      "Opcode": 0,
      "Keywords": "0x8020000000000000",
      "TimeCreated": {
        "#attributes": {
          "SystemTime": "2024-10-01T20:50:44.392735Z"
        }
      },
      "EventRecordID": 233568,
      "Correlation": null,
      "Execution": {
        "#attributes": {
          "ProcessID": 4,
          "ThreadID": 284
        }
      },
      "Channel": "Security",
      "Computer": "EC2AMAZ-3NV39E0",
      "Security": null
    },
    "EventData": {
      "SubjectUserSid": "S-1-5-18",
      "SubjectUserName": "EC2AMAZ-3NV39E0$",
      "SubjectDomainName": "WORKGROUP",
      "SubjectLogonId": "0x3e7",
      "TargetUserSid": "S-1-0-0",
      "TargetUserName": "EC2AMAZ-3NV39E0$",
      "TargetDomainName": "WORKGROUP",
      "TargetLogonId": "0x3e7",
      "ProcessName": "C:\\Windows\\System32\\svchost.exe",
      "ProcessId": "0x2f8",
      "EnabledPrivilegeList": "-",
      "DisabledPrivilegeList": "SeRestorePrivilege"
    }
  }
}
Record 233569
{
  "Event": {
    "#attributes": {
      "xmlns": "http://schemas.microsoft.com/win/2004/08/events/event"
    },
    "System": {
      "Provider": {
        "#attributes": {
          "Name": "Microsoft-Windows-Security-Auditing",
          "Guid": "54849625-5478-4994-A5BA-3E3B0328C30D"
        }
      },
      "EventID": 4776,
      "Version": 0,
      "Level": 0,
      "Task": 14336,
      "Opcode": 0,
      "Keywords": "0x8020000000000000",
      "TimeCreated": {
        "#attributes": {
          "SystemTime": "2024-10-01T20:51:11.209889Z"
        }
      },
      "EventRecordID": 233569,
      "Correlation": {
        "#attributes": {
          "ActivityID": "641A05AA-143A-0001-3606-1A643A14DB01"
        }
      },
      "Execution": {
        "#attributes": {
          "ProcessID": 652,
          "ThreadID": 6744
        }
      },
      "Channel": "Security",
      "Computer": "EC2AMAZ-3NV39E0",
      "Security": null
    },
    "EventData": {
      "PackageName": "MICROSOFT_AUTHENTICATION_PACKAGE_V1_0",
      "TargetUserName": "Niko",
      "Workstation": "",
      "Status": "0x0"
    }
  }
}
Record 233570
{
  "Event": {
    "#attributes": {
      "xmlns": "http://schemas.microsoft.com/win/2004/08/events/event"
    },
    "System": {
      "Provider": {
        "#attributes": {
          "Name": "Microsoft-Windows-Security-Auditing",
          "Guid": "54849625-5478-4994-A5BA-3E3B0328C30D"
        }
      },
      "EventID": 4672,
      "Version": 0,
      "Level": 0,
      "Task": 12548,
      "Opcode": 0,
      "Keywords": "0x8020000000000000",
      "TimeCreated": {
        "#attributes": {
          "SystemTime": "2024-10-01T20:51:11.209982Z"
        }
      },
      "EventRecordID": 233570,
      "Correlation": {
        "#attributes": {
          "ActivityID": "641A05AA-143A-0001-3606-1A643A14DB01"
        }
      },
      "Execution": {
        "#attributes": {
          "ProcessID": 652,
          "ThreadID": 6744
        }
      },
      "Channel": "Security",
      "Computer": "EC2AMAZ-3NV39E0",
      "Security": null
    },
    "EventData": {
      "SubjectUserSid": "S-1-5-21-312379445-3512834713-3133549549-1002",
      "SubjectUserName": "Niko",
      "SubjectDomainName": "EC2AMAZ-3NV39E0",
      "SubjectLogonId": "0x4f3cd0",
      "PrivilegeList": "SeSecurityPrivilege\r\n\t\t\tSeBackupPrivilege\r\n\t\t\tSeRestorePrivilege\r\n\t\t\tSeTakeOwnershipPrivilege\r\n\t\t\tSeDebugPrivilege\r\n\t\t\tSeSystemEnvironmentPrivilege\r\n\t\t\tSeLoadDriverPrivilege\r\n\t\t\tSeImpersonatePrivilege\r\n\t\t\tSeDelegateSessionUserImpersonatePrivilege"
    }
  }
}
Record 233571
{
  "Event": {
    "#attributes": {
      "xmlns": "http://schemas.microsoft.com/win/2004/08/events/event"
    },
    "System": {
      "Provider": {
        "#attributes": {
          "Name": "Microsoft-Windows-Security-Auditing",
          "Guid": "54849625-5478-4994-A5BA-3E3B0328C30D"
        }
      },
      "EventID": 4624,
      "Version": 2,
      "Level": 0,
      "Task": 12544,
      "Opcode": 0,
      "Keywords": "0x8020000000000000",
      "TimeCreated": {
        "#attributes": {
          "SystemTime": "2024-10-01T20:51:11.210033Z"
        }
      },
      "EventRecordID": 233571,
      "Correlation": {
        "#attributes": {
          "ActivityID": "641A05AA-143A-0001-3606-1A643A14DB01"
        }
      },
      "Execution": {
        "#attributes": {
          "ProcessID": 652,
          "ThreadID": 6744
        }
      },
      "Channel": "Security",
      "Computer": "EC2AMAZ-3NV39E0",
      "Security": null
    },
    "EventData": {
      "SubjectUserSid": "S-1-0-0",
      "SubjectUserName": "-",
      "SubjectDomainName": "-",
      "SubjectLogonId": "0x0",
      "TargetUserSid": "S-1-5-21-312379445-3512834713-3133549549-1002",
      "TargetUserName": "Niko",
      "TargetDomainName": "EC2AMAZ-3NV39E0",
      "TargetLogonId": "0x4f3cd0",
      "LogonType": 3,
      "LogonProcessName": "NtLmSsp ",
      "AuthenticationPackageName": "NTLM",
      "WorkstationName": "-",
      "LogonGuid": "00000000-0000-0000-0000-000000000000",
      "TransmittedServices": "-",
      "LmPackageName": "NTLM V2",
      "KeyLength": 128,
      "ProcessId": "0x0",
      "ProcessName": "-",
      "IpAddress": "10.1.1.42",
      "IpPort": "48386",
      "ImpersonationLevel": "%%1833",
      "RestrictedAdminMode": "-",
      "TargetOutboundUserName": "-",
      "TargetOutboundDomainName": "-",
      "VirtualAccount": "%%1843",
      "TargetLinkedLogonId": "0x0",
      "ElevatedToken": "%%1842"
    }
  }
}
Record 233572
{
  "Event": {
    "#attributes": {
      "xmlns": "http://schemas.microsoft.com/win/2004/08/events/event"
    },
    "System": {
      "Provider": {
        "#attributes": {
          "Name": "Microsoft-Windows-Security-Auditing",
          "Guid": "54849625-5478-4994-A5BA-3E3B0328C30D"
        }
      },
      "EventID": 4627,
      "Version": 0,
      "Level": 0,
      "Task": 12554,
      "Opcode": 0,
      "Keywords": "0x8020000000000000",
      "TimeCreated": {
        "#attributes": {
          "SystemTime": "2024-10-01T20:51:11.210049Z"
        }
      },
      "EventRecordID": 233572,
      "Correlation": {
        "#attributes": {
          "ActivityID": "641A05AA-143A-0001-3606-1A643A14DB01"
        }
      },
      "Execution": {
        "#attributes": {
          "ProcessID": 652,
          "ThreadID": 6744
        }
      },
      "Channel": "Security",
      "Computer": "EC2AMAZ-3NV39E0",
      "Security": null
    },
    "EventData": {
      "SubjectUserSid": "S-1-0-0",
      "SubjectUserName": "-",
      "SubjectDomainName": "-",
      "SubjectLogonId": "0x0",
      "TargetUserSid": "S-1-5-21-312379445-3512834713-3133549549-1002",
      "TargetUserName": "Niko",
      "TargetDomainName": "EC2AMAZ-3NV39E0",
      "TargetLogonId": "0x4f3cd0",
      "LogonType": 3,
      "EventIdx": 1,
      "EventCountTotal": 1,
      "GroupMembership": "\r\n\t\t%{S-1-5-21-312379445-3512834713-3133549549-513}\r\n\t\t%{S-1-1-0}\r\n\t\t%{S-1-5-114}\r\n\t\t%{S-1-5-32-544}\r\n\t\t%{S-1-5-32-545}\r\n\t\t%{S-1-5-2}\r\n\t\t%{S-1-5-11}\r\n\t\t%{S-1-5-15}\r\n\t\t%{S-1-5-113}\r\n\t\t%{S-1-5-64-10}\r\n\t\t%{S-1-16-12288}"
    }
  }
}
Record 233573
{
  "Event": {
    "#attributes": {
      "xmlns": "http://schemas.microsoft.com/win/2004/08/events/event"
    },
    "System": {
      "Provider": {
        "#attributes": {
          "Name": "Microsoft-Windows-Security-Auditing",
          "Guid": "54849625-5478-4994-A5BA-3E3B0328C30D"
        }
      },
      "EventID": 4634,
      "Version": 0,
      "Level": 0,
      "Task": 12545,
      "Opcode": 0,
      "Keywords": "0x8020000000000000",
      "TimeCreated": {
        "#attributes": {
          "SystemTime": "2024-10-01T20:51:11.210920Z"
        }
      },
      "EventRecordID": 233573,
      "Correlation": null,
      "Execution": {
        "#attributes": {
          "ProcessID": 652,
          "ThreadID": 6744
        }
      },
      "Channel": "Security",
      "Computer": "EC2AMAZ-3NV39E0",
      "Security": null
    },
    "EventData": {
      "TargetUserSid": "S-1-5-21-312379445-3512834713-3133549549-500",
      "TargetUserName": "Administrator",
      "TargetDomainName": "EC2AMAZ-3NV39E0",
      "TargetLogonId": "0xbc0d0",
      "LogonType": 3
    }
  }
}
Record 233574
{
  "Event": {
    "#attributes": {
      "xmlns": "http://schemas.microsoft.com/win/2004/08/events/event"
    },
    "System": {
      "Provider": {
        "#attributes": {
          "Name": "Microsoft-Windows-Security-Auditing",
          "Guid": "54849625-5478-4994-A5BA-3E3B0328C30D"
        }
      },
      "EventID": 4703,
      "Version": 0,
      "Level": 0,
      "Task": 13317,
      "Opcode": 0,
      "Keywords": "0x8020000000000000",
      "TimeCreated": {
        "#attributes": {
          "SystemTime": "2024-10-01T20:51:11.238583Z"
        }
      },
      "EventRecordID": 233574,
      "Correlation": null,
      "Execution": {
        "#attributes": {
          "ProcessID": 4,
          "ThreadID": 304
        }
      },
      "Channel": "Security",
      "Computer": "EC2AMAZ-3NV39E0",
      "Security": null
    },
    "EventData": {
      "SubjectUserSid": "S-1-5-18",
      "SubjectUserName": "EC2AMAZ-3NV39E0$",
      "SubjectDomainName": "WORKGROUP",
      "SubjectLogonId": "0x3e7",
      "TargetUserSid": "S-1-0-0",
      "TargetUserName": "EC2AMAZ-3NV39E0$",
      "TargetDomainName": "WORKGROUP",
      "TargetLogonId": "0x3e7",
      "ProcessName": "C:\\Windows\\System32\\svchost.exe",
      "ProcessId": "0x2f8",
      "EnabledPrivilegeList": "SeBackupPrivilege",
      "DisabledPrivilegeList": "-"
    }
  }
}
Record 233575
{
  "Event": {
    "#attributes": {
      "xmlns": "http://schemas.microsoft.com/win/2004/08/events/event"
    },
    "System": {
      "Provider": {
        "#attributes": {
          "Name": "Microsoft-Windows-Security-Auditing",
          "Guid": "54849625-5478-4994-A5BA-3E3B0328C30D"
        }
      },
      "EventID": 4703,
      "Version": 0,
      "Level": 0,
      "Task": 13317,
      "Opcode": 0,
      "Keywords": "0x8020000000000000",
      "TimeCreated": {
        "#attributes": {
          "SystemTime": "2024-10-01T20:51:11.238590Z"
        }
      },
      "EventRecordID": 233575,
      "Correlation": null,
      "Execution": {
        "#attributes": {
          "ProcessID": 4,
          "ThreadID": 304
        }
      },
      "Channel": "Security",
      "Computer": "EC2AMAZ-3NV39E0",
      "Security": null
    },
    "EventData": {
      "SubjectUserSid": "S-1-5-18",
      "SubjectUserName": "EC2AMAZ-3NV39E0$",
      "SubjectDomainName": "WORKGROUP",
      "SubjectLogonId": "0x3e7",
      "TargetUserSid": "S-1-0-0",
      "TargetUserName": "EC2AMAZ-3NV39E0$",
      "TargetDomainName": "WORKGROUP",
      "TargetLogonId": "0x3e7",
      "ProcessName": "C:\\Windows\\System32\\svchost.exe",
      "ProcessId": "0x2f8",
      "EnabledPrivilegeList": "SeRestorePrivilege",
      "DisabledPrivilegeList": "-"
    }
  }
}
Record 233576
{
  "Event": {
    "#attributes": {
      "xmlns": "http://schemas.microsoft.com/win/2004/08/events/event"
    },
    "System": {
      "Provider": {
        "#attributes": {
          "Name": "Microsoft-Windows-Security-Auditing",
          "Guid": "54849625-5478-4994-A5BA-3E3B0328C30D"
        }
      },
      "EventID": 4703,
      "Version": 0,
      "Level": 0,
      "Task": 13317,
      "Opcode": 0,
      "Keywords": "0x8020000000000000",
      "TimeCreated": {
        "#attributes": {
          "SystemTime": "2024-10-01T20:51:11.238714Z"
        }
      },
      "EventRecordID": 233576,
      "Correlation": null,
      "Execution": {
        "#attributes": {
          "ProcessID": 4,
          "ThreadID": 304
        }
      },
      "Channel": "Security",
      "Computer": "EC2AMAZ-3NV39E0",
      "Security": null
    },
    "EventData": {
      "SubjectUserSid": "S-1-5-18",
      "SubjectUserName": "EC2AMAZ-3NV39E0$",
      "SubjectDomainName": "WORKGROUP",
      "SubjectLogonId": "0x3e7",
      "TargetUserSid": "S-1-0-0",
      "TargetUserName": "EC2AMAZ-3NV39E0$",
      "TargetDomainName": "WORKGROUP",
      "TargetLogonId": "0x3e7",
      "ProcessName": "C:\\Windows\\System32\\svchost.exe",
      "ProcessId": "0x2f8",
      "EnabledPrivilegeList": "-",
      "DisabledPrivilegeList": "SeBackupPrivilege"
    }
  }
}
Record 233577
{
  "Event": {
    "#attributes": {
      "xmlns": "http://schemas.microsoft.com/win/2004/08/events/event"
    },
    "System": {
      "Provider": {
        "#attributes": {
          "Name": "Microsoft-Windows-Security-Auditing",
          "Guid": "54849625-5478-4994-A5BA-3E3B0328C30D"
        }
      },
      "EventID": 4703,
      "Version": 0,
      "Level": 0,
      "Task": 13317,
      "Opcode": 0,
      "Keywords": "0x8020000000000000",
      "TimeCreated": {
        "#attributes": {
          "SystemTime": "2024-10-01T20:51:11.238719Z"
        }
      },
      "EventRecordID": 233577,
      "Correlation": null,
      "Execution": {
        "#attributes": {
          "ProcessID": 4,
          "ThreadID": 304
        }
      },
      "Channel": "Security",
      "Computer": "EC2AMAZ-3NV39E0",
      "Security": null
    },
    "EventData": {
      "SubjectUserSid": "S-1-5-18",
      "SubjectUserName": "EC2AMAZ-3NV39E0$",
      "SubjectDomainName": "WORKGROUP",
      "SubjectLogonId": "0x3e7",
      "TargetUserSid": "S-1-0-0",
      "TargetUserName": "EC2AMAZ-3NV39E0$",
      "TargetDomainName": "WORKGROUP",
      "TargetLogonId": "0x3e7",
      "ProcessName": "C:\\Windows\\System32\\svchost.exe",
      "ProcessId": "0x2f8",
      "EnabledPrivilegeList": "-",
      "DisabledPrivilegeList": "SeRestorePrivilege"
    }
  }
}
Record 233578
{
  "Event": {
    "#attributes": {
      "xmlns": "http://schemas.microsoft.com/win/2004/08/events/event"
    },
    "System": {
      "Provider": {
        "#attributes": {
          "Name": "Microsoft-Windows-Security-Auditing",
          "Guid": "54849625-5478-4994-A5BA-3E3B0328C30D"
        }
      },
      "EventID": 4688,
      "Version": 2,
      "Level": 0,
      "Task": 13312,
      "Opcode": 0,
      "Keywords": "0x8020000000000000",
      "TimeCreated": {
        "#attributes": {
          "SystemTime": "2024-10-01T20:51:13.175909Z"
        }
      },
      "EventRecordID": 233578,
      "Correlation": null,
      "Execution": {
        "#attributes": {
          "ProcessID": 4,
          "ThreadID": 408
        }
      },
      "Channel": "Security",
      "Computer": "EC2AMAZ-3NV39E0",
      "Security": null
    },
    "EventData": {
      "SubjectUserSid": "S-1-5-18",
      "SubjectUserName": "EC2AMAZ-3NV39E0$",
      "SubjectDomainName": "WORKGROUP",
      "SubjectLogonId": "0x3e7",
      "NewProcessId": "0xb00",
      "NewProcessName": "C:\\Windows\\System32\\dllhost.exe",
      "TokenElevationType": "%%1936",
      "ProcessId": "0x2f8",
      "CommandLine": "C:\\Windows\\system32\\DllHost.exe /Processid:{E10F6C3A-F1AE-4ADC-AA9D-2FE65525666E}",
      "TargetUserSid": "S-1-0-0",
      "TargetUserName": "-",
      "TargetDomainName": "-",
      "TargetLogonId": "0x0",
      "ParentProcessName": "C:\\Windows\\System32\\svchost.exe",
      "MandatoryLabel": "S-1-16-16384"
    }
  }
}
Record 233579
{
  "Event": {
    "#attributes": {
      "xmlns": "http://schemas.microsoft.com/win/2004/08/events/event"
    },
    "System": {
      "Provider": {
        "#attributes": {
          "Name": "Microsoft-Windows-Security-Auditing",
          "Guid": "54849625-5478-4994-A5BA-3E3B0328C30D"
        }
      },
      "EventID": 4703,
      "Version": 0,
      "Level": 0,
      "Task": 13317,
      "Opcode": 0,
      "Keywords": "0x8020000000000000",
      "TimeCreated": {
        "#attributes": {
          "SystemTime": "2024-10-01T20:51:13.192077Z"
        }
      },
      "EventRecordID": 233579,
      "Correlation": null,
      "Execution": {
        "#attributes": {
          "ProcessID": 4,
          "ThreadID": 304
        }
      },
      "Channel": "Security",
      "Computer": "EC2AMAZ-3NV39E0",
      "Security": null
    },
    "EventData": {
      "SubjectUserSid": "S-1-5-18",
      "SubjectUserName": "EC2AMAZ-3NV39E0$",
      "SubjectDomainName": "WORKGROUP",
      "SubjectLogonId": "0x3e7",
      "TargetUserSid": "S-1-0-0",
      "TargetUserName": "EC2AMAZ-3NV39E0$",
      "TargetDomainName": "WORKGROUP",
      "TargetLogonId": "0x3e7",
      "ProcessName": "C:\\Windows\\System32\\dllhost.exe",
      "ProcessId": "0xb00",
      "EnabledPrivilegeList": "SeTakeOwnershipPrivilege",
      "DisabledPrivilegeList": "-"
    }
  }
}
Record 233580
{
  "Event": {
    "#attributes": {
      "xmlns": "http://schemas.microsoft.com/win/2004/08/events/event"
    },
    "System": {
      "Provider": {
        "#attributes": {
          "Name": "Microsoft-Windows-Security-Auditing",
          "Guid": "54849625-5478-4994-A5BA-3E3B0328C30D"
        }
      },
      "EventID": 4703,
      "Version": 0,
      "Level": 0,
      "Task": 13317,
      "Opcode": 0,
      "Keywords": "0x8020000000000000",
      "TimeCreated": {
        "#attributes": {
          "SystemTime": "2024-10-01T20:51:13.192149Z"
        }
      },
      "EventRecordID": 233580,
      "Correlation": null,
      "Execution": {
        "#attributes": {
          "ProcessID": 4,
          "ThreadID": 304
        }
      },
      "Channel": "Security",
      "Computer": "EC2AMAZ-3NV39E0",
      "Security": null
    },
    "EventData": {
      "SubjectUserSid": "S-1-5-18",
      "SubjectUserName": "EC2AMAZ-3NV39E0$",
      "SubjectDomainName": "WORKGROUP",
      "SubjectLogonId": "0x3e7",
      "TargetUserSid": "S-1-0-0",
      "TargetUserName": "EC2AMAZ-3NV39E0$",
      "TargetDomainName": "WORKGROUP",
      "TargetLogonId": "0x3e7",
      "ProcessName": "C:\\Windows\\System32\\dllhost.exe",
      "ProcessId": "0xb00",
      "EnabledPrivilegeList": "-",
      "DisabledPrivilegeList": "SeTakeOwnershipPrivilege"
    }
  }
}
Record 233581
{
  "Event": {
    "#attributes": {
      "xmlns": "http://schemas.microsoft.com/win/2004/08/events/event"
    },
    "System": {
      "Provider": {
        "#attributes": {
          "Name": "Microsoft-Windows-Security-Auditing",
          "Guid": "54849625-5478-4994-A5BA-3E3B0328C30D"
        }
      },
      "EventID": 4703,
      "Version": 0,
      "Level": 0,
      "Task": 13317,
      "Opcode": 0,
      "Keywords": "0x8020000000000000",
      "TimeCreated": {
        "#attributes": {
          "SystemTime": "2024-10-01T20:51:13.192307Z"
        }
      },
      "EventRecordID": 233581,
      "Correlation": null,
      "Execution": {
        "#attributes": {
          "ProcessID": 4,
          "ThreadID": 304
        }
      },
      "Channel": "Security",
      "Computer": "EC2AMAZ-3NV39E0",
      "Security": null
    },
    "EventData": {
      "SubjectUserSid": "S-1-5-18",
      "SubjectUserName": "EC2AMAZ-3NV39E0$",
      "SubjectDomainName": "WORKGROUP",
      "SubjectLogonId": "0x3e7",
      "TargetUserSid": "S-1-0-0",
      "TargetUserName": "EC2AMAZ-3NV39E0$",
      "TargetDomainName": "WORKGROUP",
      "TargetLogonId": "0x3e7",
      "ProcessName": "C:\\Windows\\System32\\dllhost.exe",
      "ProcessId": "0xb00",
      "EnabledPrivilegeList": "SeTakeOwnershipPrivilege",
      "DisabledPrivilegeList": "-"
    }
  }
}
Record 233582
{
  "Event": {
    "#attributes": {
      "xmlns": "http://schemas.microsoft.com/win/2004/08/events/event"
    },
    "System": {
      "Provider": {
        "#attributes": {
          "Name": "Microsoft-Windows-Security-Auditing",
          "Guid": "54849625-5478-4994-A5BA-3E3B0328C30D"
        }
      },
      "EventID": 4703,
      "Version": 0,
      "Level": 0,
      "Task": 13317,
      "Opcode": 0,
      "Keywords": "0x8020000000000000",
      "TimeCreated": {
        "#attributes": {
          "SystemTime": "2024-10-01T20:51:13.192407Z"
        }
      },
      "EventRecordID": 233582,
      "Correlation": null,
      "Execution": {
        "#attributes": {
          "ProcessID": 4,
          "ThreadID": 304
        }
      },
      "Channel": "Security",
      "Computer": "EC2AMAZ-3NV39E0",
      "Security": null
    },
    "EventData": {
      "SubjectUserSid": "S-1-5-18",
      "SubjectUserName": "EC2AMAZ-3NV39E0$",
      "SubjectDomainName": "WORKGROUP",
      "SubjectLogonId": "0x3e7",
      "TargetUserSid": "S-1-0-0",
      "TargetUserName": "EC2AMAZ-3NV39E0$",
      "TargetDomainName": "WORKGROUP",
      "TargetLogonId": "0x3e7",
      "ProcessName": "C:\\Windows\\System32\\dllhost.exe",
      "ProcessId": "0xb00",
      "EnabledPrivilegeList": "-",
      "DisabledPrivilegeList": "SeTakeOwnershipPrivilege"
    }
  }
}
Record 233583
{
  "Event": {
    "#attributes": {
      "xmlns": "http://schemas.microsoft.com/win/2004/08/events/event"
    },
    "System": {
      "Provider": {
        "#attributes": {
          "Name": "Microsoft-Windows-Security-Auditing",
          "Guid": "54849625-5478-4994-A5BA-3E3B0328C30D"
        }
      },
      "EventID": 4703,
      "Version": 0,
      "Level": 0,
      "Task": 13317,
      "Opcode": 0,
      "Keywords": "0x8020000000000000",
      "TimeCreated": {
        "#attributes": {
          "SystemTime": "2024-10-01T20:51:13.192476Z"
        }
      },
      "EventRecordID": 233583,
      "Correlation": null,
      "Execution": {
        "#attributes": {
          "ProcessID": 4,
          "ThreadID": 304
        }
      },
      "Channel": "Security",
      "Computer": "EC2AMAZ-3NV39E0",
      "Security": null
    },
    "EventData": {
      "SubjectUserSid": "S-1-5-18",
      "SubjectUserName": "EC2AMAZ-3NV39E0$",
      "SubjectDomainName": "WORKGROUP",
      "SubjectLogonId": "0x3e7",
      "TargetUserSid": "S-1-0-0",
      "TargetUserName": "EC2AMAZ-3NV39E0$",
      "TargetDomainName": "WORKGROUP",
      "TargetLogonId": "0x3e7",
      "ProcessName": "C:\\Windows\\System32\\dllhost.exe",
      "ProcessId": "0xb00",
      "EnabledPrivilegeList": "SeTakeOwnershipPrivilege",
      "DisabledPrivilegeList": "-"
    }
  }
}
