Record 233232
{
  "Event": {
    "#attributes": {
      "xmlns": "http://schemas.microsoft.com/win/2004/08/events/event"
    },
    "System": {
      "Provider": {
        "#attributes": {
          "Name": "Microsoft-Windows-Security-Auditing",
          "Guid": "54849625-5478-4994-A5BA-3E3B0328C30D"
        }
      },
      "EventID": 5379,
      "Version": 0,
      "Level": 0,
      "Task": 13824,
      "Opcode": 0,
      "Keywords": "0x8020000000000000",
      "TimeCreated": {
        "#attributes": {
          "SystemTime": "2024-10-01T20:34:38.858649Z"
        }
      },
      "EventRecordID": 233232,
      "Correlation": {
        "#attributes": {
          "ActivityID": "641A05AA-143A-0001-3606-1A643A14DB01"
        }
      },
      "Execution": {
        "#attributes": {
          "ProcessID": 652,
          "ThreadID": 4704
        }
      },
      "Channel": "Security",
      "Computer": "EC2AMAZ-3NV39E0",
      "Security": null
    },
    "EventData": {
      "SubjectUserSid": "S-1-5-21-312379445-3512834713-3133549549-500",
      "SubjectUserName": "Administrator",
      "SubjectDomainName": "EC2AMAZ-3NV39E0",
      "SubjectLogonId": "0x2f2668",
      "TargetName": "WindowsLive:target=virtualapp/didlogical",
      "Type": 0,
      "CountOfCredentialsReturned": 1,
      "ReadOperation": "%%8100",
      "ReturnCode": 0,
      "ProcessCreationTime": "2024-10-01T20:34:38.819458Z",
      "ClientProcessId": 7008
    }
  }
}
Record 233233
{
  "Event": {
    "#attributes": {
      "xmlns": "http://schemas.microsoft.com/win/2004/08/events/event"
    },
    "System": {
      "Provider": {
        "#attributes": {
          "Name": "Microsoft-Windows-Security-Auditing",
          "Guid": "54849625-5478-4994-A5BA-3E3B0328C30D"
        }
      },
      "EventID": 5379,
      "Version": 0,
      "Level": 0,
      "Task": 13824,
      "Opcode": 0,
      "Keywords": "0x8020000000000000",
      "TimeCreated": {
        "#attributes": {
          "SystemTime": "2024-10-01T20:34:38.860745Z"
        }
      },
      "EventRecordID": 233233,
      "Correlation": {
        "#attributes": {
          "ActivityID": "641A05AA-143A-0001-3606-1A643A14DB01"
        }
      },
      "Execution": {
        "#attributes": {
          "ProcessID": 652,
          "ThreadID": 4704
        }
      },
      "Channel": "Security",
      "Computer": "EC2AMAZ-3NV39E0",
      "Security": null
    },
    "EventData": {
      "SubjectUserSid": "S-1-5-21-312379445-3512834713-3133549549-500",
      "SubjectUserName": "Administrator",
      "SubjectDomainName": "EC2AMAZ-3NV39E0",
      "SubjectLogonId": "0x2f2668",
      "TargetName": "MicrosoftAccount:user=02ayppjxbtnsfqjq",
      "Type": 0,
      "CountOfCredentialsReturned": 0,
      "ReadOperation": "%%8100",
      "ReturnCode": 3221226021,
      "ProcessCreationTime": "2024-10-01T20:34:38.819458Z",
      "ClientProcessId": 7008
    }
  }
}
Record 233234
{
  "Event": {
    "#attributes": {
      "xmlns": "http://schemas.microsoft.com/win/2004/08/events/event"
    },
    "System": {
      "Provider": {
        "#attributes": {
          "Name": "Microsoft-Windows-Security-Auditing",
          "Guid": "54849625-5478-4994-A5BA-3E3B0328C30D"
        }
      },
      "EventID": 5379,
      "Version": 0,
      "Level": 0,
      "Task": 13824,
      "Opcode": 0,
      "Keywords": "0x8020000000000000",
      "TimeCreated": {
        "#attributes": {
          "SystemTime": "2024-10-01T20:34:38.860865Z"
        }
      },
      "EventRecordID": 233234,
      "Correlation": {
        "#attributes": {
          "ActivityID": "641A05AA-143A-0001-3606-1A643A14DB01"
        }
      },
      "Execution": {
        "#attributes": {
          "ProcessID": 652,
          "ThreadID": 4704
        }
      },
      "Channel": "Security",
      "Computer": "EC2AMAZ-3NV39E0",
      "Security": null
    },
    "EventData": {
      "SubjectUserSid": "S-1-5-21-312379445-3512834713-3133549549-500",
      "SubjectUserName": "Administrator",
      "SubjectDomainName": "EC2AMAZ-3NV39E0",
      "SubjectLogonId": "0x2f2668",
      "TargetName": "WindowsLive:(token):name=02ayppjxbtnsfqjq;serviceuri=*",
      "Type": 0,
      "CountOfCredentialsReturned": 0,
      "ReadOperation": "%%8100",
      "ReturnCode": 3221226021,
      "ProcessCreationTime": "2024-10-01T20:34:38.819458Z",
      "ClientProcessId": 7008
    }
  }
}
Record 233235
{
  "Event": {
    "#attributes": {
      "xmlns": "http://schemas.microsoft.com/win/2004/08/events/event"
    },
    "System": {
      "Provider": {
        "#attributes": {
          "Name": "Microsoft-Windows-Security-Auditing",
          "Guid": "54849625-5478-4994-A5BA-3E3B0328C30D"
        }
      },
      "EventID": 5379,
      "Version": 0,
      "Level": 0,
      "Task": 13824,
      "Opcode": 0,
      "Keywords": "0x8020000000000000",
      "TimeCreated": {
        "#attributes": {
          "SystemTime": "2024-10-01T20:34:38.861132Z"
        }
      },
      "EventRecordID": 233235,
      "Correlation": {
        "#attributes": {
          "ActivityID": "641A05AA-143A-0001-3606-1A643A14DB01"
        }
      },
      "Execution": {
        "#attributes": {
          "ProcessID": 652,
          "ThreadID": 4704
        }
      },
      "Channel": "Security",
      "Computer": "EC2AMAZ-3NV39E0",
      "Security": null
    },
    "EventData": {
      "SubjectUserSid": "S-1-5-21-312379445-3512834713-3133549549-500",
      "SubjectUserName": "Administrator",
      "SubjectDomainName": "EC2AMAZ-3NV39E0",
      "SubjectLogonId": "0x2f2668",
      "TargetName": "WindowsLive:(cert):name=02ayppjxbtnsfqjq;serviceuri=*",
      "Type": 0,
      "CountOfCredentialsReturned": 0,
      "ReadOperation": "%%8100",
      "ReturnCode": 3221226021,
      "ProcessCreationTime": "2024-10-01T20:34:38.819458Z",
      "ClientProcessId": 7008
    }
  }
}
Record 233236
{
  "Event": {
    "#attributes": {
      "xmlns": "http://schemas.microsoft.com/win/2004/08/events/event"
    },
    "System": {
      "Provider": {
        "#attributes": {
          "Name": "Microsoft-Windows-Security-Auditing",
          "Guid": "54849625-5478-4994-A5BA-3E3B0328C30D"
        }
      },
      "EventID": 5379,
      "Version": 0,
      "Level": 0,
      "Task": 13824,
      "Opcode": 0,
      "Keywords": "0x8020000000000000",
      "TimeCreated": {
        "#attributes": {
          "SystemTime": "2024-10-01T20:34:39.201617Z"
        }
      },
      "EventRecordID": 233236,
      "Correlation": {
        "#attributes": {
          "ActivityID": "641A05AA-143A-0001-3606-1A643A14DB01"
        }
      },
      "Execution": {
        "#attributes": {
          "ProcessID": 652,
          "ThreadID": 4704
        }
      },
      "Channel": "Security",
      "Computer": "EC2AMAZ-3NV39E0",
      "Security": null
    },
    "EventData": {
      "SubjectUserSid": "S-1-5-21-312379445-3512834713-3133549549-500",
      "SubjectUserName": "Administrator",
      "SubjectDomainName": "EC2AMAZ-3NV39E0",
      "SubjectLogonId": "0x2f2668",
      "TargetName": "MicrosoftAccount:user=02ayppjxbtnsfqjq",
      "Type": 0,
      "CountOfCredentialsReturned": 0,
      "ReadOperation": "%%8100",
      "ReturnCode": 3221226021,
      "ProcessCreationTime": "2024-10-01T20:34:38.819458Z",
      "ClientProcessId": 7008
    }
  }
}
Record 233237
{
  "Event": {
    "#attributes": {
      "xmlns": "http://schemas.microsoft.com/win/2004/08/events/event"
    },
    "System": {
      "Provider": {
        "#attributes": {
          "Name": "Microsoft-Windows-Security-Auditing",
          "Guid": "54849625-5478-4994-A5BA-3E3B0328C30D"
        }
      },
      "EventID": 5379,
      "Version": 0,
      "Level": 0,
      "Task": 13824,
      "Opcode": 0,
      "Keywords": "0x8020000000000000",
      "TimeCreated": {
        "#attributes": {
          "SystemTime": "2024-10-01T20:34:39.208118Z"
        }
      },
      "EventRecordID": 233237,
      "Correlation": {
        "#attributes": {
          "ActivityID": "641A05AA-143A-0001-3606-1A643A14DB01"
        }
      },
      "Execution": {
        "#attributes": {
          "ProcessID": 652,
          "ThreadID": 4704
        }
      },
      "Channel": "Security",
      "Computer": "EC2AMAZ-3NV39E0",
      "Security": null
    },
    "EventData": {
      "SubjectUserSid": "S-1-5-21-312379445-3512834713-3133549549-500",
      "SubjectUserName": "Administrator",
      "SubjectDomainName": "EC2AMAZ-3NV39E0",
      "SubjectLogonId": "0x2f2668",
      "TargetName": "MicrosoftAccount:user=02ayppjxbtnsfqjq",
      "Type": 0,
      "CountOfCredentialsReturned": 0,
      "ReadOperation": "%%8100",
      "ReturnCode": 3221226021,
      "ProcessCreationTime": "2024-10-01T20:34:38.819458Z",
      "ClientProcessId": 7008
    }
  }
}
Record 233238
{
  "Event": {
    "#attributes": {
      "xmlns": "http://schemas.microsoft.com/win/2004/08/events/event"
    },
    "System": {
      "Provider": {
        "#attributes": {
          "Name": "Microsoft-Windows-Security-Auditing",
          "Guid": "54849625-5478-4994-A5BA-3E3B0328C30D"
        }
      },
      "EventID": 4703,
      "Version": 0,
      "Level": 0,
      "Task": 13317,
      "Opcode": 0,
      "Keywords": "0x8020000000000000",
      "TimeCreated": {
        "#attributes": {
          "SystemTime": "2024-10-01T20:34:39.213447Z"
        }
      },
      "EventRecordID": 233238,
      "Correlation": null,
      "Execution": {
        "#attributes": {
          "ProcessID": 4,
          "ThreadID": 204
        }
      },
      "Channel": "Security",
      "Computer": "EC2AMAZ-3NV39E0",
      "Security": null
    },
    "EventData": {
      "SubjectUserSid": "S-1-5-18",
      "SubjectUserName": "EC2AMAZ-3NV39E0$",
      "SubjectDomainName": "WORKGROUP",
      "SubjectLogonId": "0x3e7",
      "TargetUserSid": "S-1-0-0",
      "TargetUserName": "EC2AMAZ-3NV39E0$",
      "TargetDomainName": "WORKGROUP",
      "TargetLogonId": "0x3e7",
      "ProcessName": "C:\\Windows\\System32\\svchost.exe",
      "ProcessId": "0xcf0",
      "EnabledPrivilegeList": "SeBackupPrivilege",
      "DisabledPrivilegeList": "-"
    }
  }
}
Record 233239
{
  "Event": {
    "#attributes": {
      "xmlns": "http://schemas.microsoft.com/win/2004/08/events/event"
    },
    "System": {
      "Provider": {
        "#attributes": {
          "Name": "Microsoft-Windows-Security-Auditing",
          "Guid": "54849625-5478-4994-A5BA-3E3B0328C30D"
        }
      },
      "EventID": 4703,
      "Version": 0,
      "Level": 0,
      "Task": 13317,
      "Opcode": 0,
      "Keywords": "0x8020000000000000",
      "TimeCreated": {
        "#attributes": {
          "SystemTime": "2024-10-01T20:34:39.213477Z"
        }
      },
      "EventRecordID": 233239,
      "Correlation": null,
      "Execution": {
        "#attributes": {
          "ProcessID": 4,
          "ThreadID": 204
        }
      },
      "Channel": "Security",
      "Computer": "EC2AMAZ-3NV39E0",
      "Security": null
    },
    "EventData": {
      "SubjectUserSid": "S-1-5-18",
      "SubjectUserName": "EC2AMAZ-3NV39E0$",
      "SubjectDomainName": "WORKGROUP",
      "SubjectLogonId": "0x3e7",
      "TargetUserSid": "S-1-0-0",
      "TargetUserName": "EC2AMAZ-3NV39E0$",
      "TargetDomainName": "WORKGROUP",
      "TargetLogonId": "0x3e7",
      "ProcessName": "C:\\Windows\\System32\\svchost.exe",
      "ProcessId": "0xcf0",
      "EnabledPrivilegeList": "SeRestorePrivilege",
      "DisabledPrivilegeList": "-"
    }
  }
}
Record 233240
{
  "Event": {
    "#attributes": {
      "xmlns": "http://schemas.microsoft.com/win/2004/08/events/event"
    },
    "System": {
      "Provider": {
        "#attributes": {
          "Name": "Microsoft-Windows-Security-Auditing",
          "Guid": "54849625-5478-4994-A5BA-3E3B0328C30D"
        }
      },
      "EventID": 5379,
      "Version": 0,
      "Level": 0,
      "Task": 13824,
      "Opcode": 0,
      "Keywords": "0x8020000000000000",
      "TimeCreated": {
        "#attributes": {
          "SystemTime": "2024-10-01T20:34:39.213519Z"
        }
      },
      "EventRecordID": 233240,
      "Correlation": {
        "#attributes": {
          "ActivityID": "641A05AA-143A-0001-3606-1A643A14DB01"
        }
      },
      "Execution": {
        "#attributes": {
          "ProcessID": 652,
          "ThreadID": 4704
        }
      },
      "Channel": "Security",
      "Computer": "EC2AMAZ-3NV39E0",
      "Security": null
    },
    "EventData": {
      "SubjectUserSid": "S-1-5-21-312379445-3512834713-3133549549-500",
      "SubjectUserName": "Administrator",
      "SubjectDomainName": "EC2AMAZ-3NV39E0",
      "SubjectLogonId": "0x2f2668",
      "TargetName": "MicrosoftAccount:user=02ayppjxbtnsfqjq",
      "Type": 0,
      "CountOfCredentialsReturned": 0,
      "ReadOperation": "%%8100",
      "ReturnCode": 3221226021,
      "ProcessCreationTime": "2024-10-01T20:34:38.819458Z",
      "ClientProcessId": 7008
    }
  }
}
Record 233241
{
  "Event": {
    "#attributes": {
      "xmlns": "http://schemas.microsoft.com/win/2004/08/events/event"
    },
    "System": {
      "Provider": {
        "#attributes": {
          "Name": "Microsoft-Windows-Security-Auditing",
          "Guid": "54849625-5478-4994-A5BA-3E3B0328C30D"
        }
      },
      "EventID": 5379,
      "Version": 0,
      "Level": 0,
      "Task": 13824,
      "Opcode": 0,
      "Keywords": "0x8020000000000000",
      "TimeCreated": {
        "#attributes": {
          "SystemTime": "2024-10-01T20:34:39.213622Z"
        }
      },
      "EventRecordID": 233241,
      "Correlation": {
        "#attributes": {
          "ActivityID": "641A05AA-143A-0001-3606-1A643A14DB01"
        }
      },
      "Execution": {
        "#attributes": {
          "ProcessID": 652,
          "ThreadID": 4704
        }
      },
      "Channel": "Security",
      "Computer": "EC2AMAZ-3NV39E0",
      "Security": null
    },
    "EventData": {
      "SubjectUserSid": "S-1-5-21-312379445-3512834713-3133549549-500",
      "SubjectUserName": "Administrator",
      "SubjectDomainName": "EC2AMAZ-3NV39E0",
      "SubjectLogonId": "0x2f2668",
      "TargetName": "MicrosoftAccount:user=02ayppjxbtnsfqjq",
      "Type": 0,
      "CountOfCredentialsReturned": 0,
      "ReadOperation": "%%8100",
      "ReturnCode": 3221226021,
      "ProcessCreationTime": "2024-10-01T20:34:38.819458Z",
      "ClientProcessId": 7008
    }
  }
}
Record 233242
{
  "Event": {
    "#attributes": {
      "xmlns": "http://schemas.microsoft.com/win/2004/08/events/event"
    },
    "System": {
      "Provider": {
        "#attributes": {
          "Name": "Microsoft-Windows-Security-Auditing",
          "Guid": "54849625-5478-4994-A5BA-3E3B0328C30D"
        }
      },
      "EventID": 4703,
      "Version": 0,
      "Level": 0,
      "Task": 13317,
      "Opcode": 0,
      "Keywords": "0x8020000000000000",
      "TimeCreated": {
        "#attributes": {
          "SystemTime": "2024-10-01T20:34:39.213881Z"
        }
      },
      "EventRecordID": 233242,
      "Correlation": null,
      "Execution": {
        "#attributes": {
          "ProcessID": 4,
          "ThreadID": 204
        }
      },
      "Channel": "Security",
      "Computer": "EC2AMAZ-3NV39E0",
      "Security": null
    },
    "EventData": {
      "SubjectUserSid": "S-1-5-18",
      "SubjectUserName": "EC2AMAZ-3NV39E0$",
      "SubjectDomainName": "WORKGROUP",
      "SubjectLogonId": "0x3e7",
      "TargetUserSid": "S-1-0-0",
      "TargetUserName": "EC2AMAZ-3NV39E0$",
      "TargetDomainName": "WORKGROUP",
      "TargetLogonId": "0x3e7",
      "ProcessName": "C:\\Windows\\System32\\svchost.exe",
      "ProcessId": "0xcf0",
      "EnabledPrivilegeList": "-",
      "DisabledPrivilegeList": "SeBackupPrivilege"
    }
  }
}
Record 233243
{
  "Event": {
    "#attributes": {
      "xmlns": "http://schemas.microsoft.com/win/2004/08/events/event"
    },
    "System": {
      "Provider": {
        "#attributes": {
          "Name": "Microsoft-Windows-Security-Auditing",
          "Guid": "54849625-5478-4994-A5BA-3E3B0328C30D"
        }
      },
      "EventID": 4703,
      "Version": 0,
      "Level": 0,
      "Task": 13317,
      "Opcode": 0,
      "Keywords": "0x8020000000000000",
      "TimeCreated": {
        "#attributes": {
          "SystemTime": "2024-10-01T20:34:39.213887Z"
        }
      },
      "EventRecordID": 233243,
      "Correlation": null,
      "Execution": {
        "#attributes": {
          "ProcessID": 4,
          "ThreadID": 204
        }
      },
      "Channel": "Security",
      "Computer": "EC2AMAZ-3NV39E0",
      "Security": null
    },
    "EventData": {
      "SubjectUserSid": "S-1-5-18",
      "SubjectUserName": "EC2AMAZ-3NV39E0$",
      "SubjectDomainName": "WORKGROUP",
      "SubjectLogonId": "0x3e7",
      "TargetUserSid": "S-1-0-0",
      "TargetUserName": "EC2AMAZ-3NV39E0$",
      "TargetDomainName": "WORKGROUP",
      "TargetLogonId": "0x3e7",
      "ProcessName": "C:\\Windows\\System32\\svchost.exe",
      "ProcessId": "0xcf0",
      "EnabledPrivilegeList": "-",
      "DisabledPrivilegeList": "SeRestorePrivilege"
    }
  }
}
Record 233244
{
  "Event": {
    "#attributes": {
      "xmlns": "http://schemas.microsoft.com/win/2004/08/events/event"
    },
    "System": {
      "Provider": {
        "#attributes": {
          "Name": "Microsoft-Windows-Security-Auditing",
          "Guid": "54849625-5478-4994-A5BA-3E3B0328C30D"
        }
      },
      "EventID": 4703,
      "Version": 0,
      "Level": 0,
      "Task": 13317,
      "Opcode": 0,
      "Keywords": "0x8020000000000000",
      "TimeCreated": {
        "#attributes": {
          "SystemTime": "2024-10-01T20:34:39.223786Z"
        }
      },
      "EventRecordID": 233244,
      "Correlation": null,
      "Execution": {
        "#attributes": {
          "ProcessID": 4,
          "ThreadID": 204
        }
      },
      "Channel": "Security",
      "Computer": "EC2AMAZ-3NV39E0",
      "Security": null
    },
    "EventData": {
      "SubjectUserSid": "S-1-5-18",
      "SubjectUserName": "EC2AMAZ-3NV39E0$",
      "SubjectDomainName": "WORKGROUP",
      "SubjectLogonId": "0x3e7",
      "TargetUserSid": "S-1-0-0",
      "TargetUserName": "EC2AMAZ-3NV39E0$",
      "TargetDomainName": "WORKGROUP",
      "TargetLogonId": "0x3e7",
      "ProcessName": "C:\\Windows\\System32\\svchost.exe",
      "ProcessId": "0x8c4",
      "EnabledPrivilegeList": "SeAssignPrimaryTokenPrivilege\r\n\t\t\tSeIncreaseQuotaPrivilege\r\n\t\t\tSeSecurityPrivilege\r\n\t\t\tSeTakeOwnershipPrivilege\r\n\t\t\tSeLoadDriverPrivilege\r\n\t\t\tSeBackupPrivilege\r\n\t\t\tSeRestorePrivilege\r\n\t\t\tSeShutdownPrivilege\r\n\t\t\tSeSystemEnvironmentPrivilege\r\n\t\t\tSeManageVolumePrivilege",
      "DisabledPrivilegeList": "-"
    }
  }
}
Record 233245
{
  "Event": {
    "#attributes": {
      "xmlns": "http://schemas.microsoft.com/win/2004/08/events/event"
    },
    "System": {
      "Provider": {
        "#attributes": {
          "Name": "Microsoft-Windows-Security-Auditing",
          "Guid": "54849625-5478-4994-A5BA-3E3B0328C30D"
        }
      },
      "EventID": 4703,
      "Version": 0,
      "Level": 0,
      "Task": 13317,
      "Opcode": 0,
      "Keywords": "0x8020000000000000",
      "TimeCreated": {
        "#attributes": {
          "SystemTime": "2024-10-01T20:34:39.224369Z"
        }
      },
      "EventRecordID": 233245,
      "Correlation": null,
      "Execution": {
        "#attributes": {
          "ProcessID": 4,
          "ThreadID": 204
        }
      },
      "Channel": "Security",
      "Computer": "EC2AMAZ-3NV39E0",
      "Security": null
    },
    "EventData": {
      "SubjectUserSid": "S-1-5-18",
      "SubjectUserName": "EC2AMAZ-3NV39E0$",
      "SubjectDomainName": "WORKGROUP",
      "SubjectLogonId": "0x3e7",
      "TargetUserSid": "S-1-0-0",
      "TargetUserName": "EC2AMAZ-3NV39E0$",
      "TargetDomainName": "WORKGROUP",
      "TargetLogonId": "0x3e7",
      "ProcessName": "C:\\Windows\\System32\\svchost.exe",
      "ProcessId": "0x8c4",
      "EnabledPrivilegeList": "SeAssignPrimaryTokenPrivilege\r\n\t\t\tSeIncreaseQuotaPrivilege\r\n\t\t\tSeSecurityPrivilege\r\n\t\t\tSeTakeOwnershipPrivilege\r\n\t\t\tSeLoadDriverPrivilege\r\n\t\t\tSeSystemtimePrivilege\r\n\t\t\tSeBackupPrivilege\r\n\t\t\tSeRestorePrivilege\r\n\t\t\tSeShutdownPrivilege\r\n\t\t\tSeSystemEnvironmentPrivilege\r\n\t\t\tSeUndockPrivilege\r\n\t\t\tSeManageVolumePrivilege",
      "DisabledPrivilegeList": "-"
    }
  }
}
Record 233246
{
  "Event": {
    "#attributes": {
      "xmlns": "http://schemas.microsoft.com/win/2004/08/events/event"
    },
    "System": {
      "Provider": {
        "#attributes": {
          "Name": "Microsoft-Windows-Security-Auditing",
          "Guid": "54849625-5478-4994-A5BA-3E3B0328C30D"
        }
      },
      "EventID": 4703,
      "Version": 0,
      "Level": 0,
      "Task": 13317,
      "Opcode": 0,
      "Keywords": "0x8020000000000000",
      "TimeCreated": {
        "#attributes": {
          "SystemTime": "2024-10-01T20:34:39.228608Z"
        }
      },
      "EventRecordID": 233246,
      "Correlation": null,
      "Execution": {
        "#attributes": {
          "ProcessID": 4,
          "ThreadID": 204
        }
      },
      "Channel": "Security",
      "Computer": "EC2AMAZ-3NV39E0",
      "Security": null
    },
    "EventData": {
      "SubjectUserSid": "S-1-5-18",
      "SubjectUserName": "EC2AMAZ-3NV39E0$",
      "SubjectDomainName": "WORKGROUP",
      "SubjectLogonId": "0x3e7",
      "TargetUserSid": "S-1-0-0",
      "TargetUserName": "EC2AMAZ-3NV39E0$",
      "TargetDomainName": "WORKGROUP",
      "TargetLogonId": "0x3e7",
      "ProcessName": "C:\\Windows\\System32\\svchost.exe",
      "ProcessId": "0x8c4",
      "EnabledPrivilegeList": "SeAssignPrimaryTokenPrivilege\r\n\t\t\tSeIncreaseQuotaPrivilege\r\n\t\t\tSeSecurityPrivilege\r\n\t\t\tSeTakeOwnershipPrivilege\r\n\t\t\tSeLoadDriverPrivilege\r\n\t\t\tSeBackupPrivilege\r\n\t\t\tSeRestorePrivilege\r\n\t\t\tSeShutdownPrivilege\r\n\t\t\tSeSystemEnvironmentPrivilege\r\n\t\t\tSeManageVolumePrivilege",
      "DisabledPrivilegeList": "-"
    }
  }
}
Record 233247
{
  "Event": {
    "#attributes": {
      "xmlns": "http://schemas.microsoft.com/win/2004/08/events/event"
    },
    "System": {
      "Provider": {
        "#attributes": {
          "Name": "Microsoft-Windows-Security-Auditing",
          "Guid": "54849625-5478-4994-A5BA-3E3B0328C30D"
        }
      },
      "EventID": 4703,
      "Version": 0,
      "Level": 0,
      "Task": 13317,
      "Opcode": 0,
      "Keywords": "0x8020000000000000",
      "TimeCreated": {
        "#attributes": {
          "SystemTime": "2024-10-01T20:34:39.229322Z"
        }
      },
      "EventRecordID": 233247,
      "Correlation": null,
      "Execution": {
        "#attributes": {
          "ProcessID": 4,
          "ThreadID": 204
        }
      },
      "Channel": "Security",
      "Computer": "EC2AMAZ-3NV39E0",
      "Security": null
    },
    "EventData": {
      "SubjectUserSid": "S-1-5-18",
      "SubjectUserName": "EC2AMAZ-3NV39E0$",
      "SubjectDomainName": "WORKGROUP",
      "SubjectLogonId": "0x3e7",
      "TargetUserSid": "S-1-0-0",
      "TargetUserName": "EC2AMAZ-3NV39E0$",
      "TargetDomainName": "WORKGROUP",
      "TargetLogonId": "0x3e7",
      "ProcessName": "C:\\Windows\\System32\\svchost.exe",
      "ProcessId": "0x8c4",
      "EnabledPrivilegeList": "SeAssignPrimaryTokenPrivilege\r\n\t\t\tSeIncreaseQuotaPrivilege\r\n\t\t\tSeSecurityPrivilege\r\n\t\t\tSeTakeOwnershipPrivilege\r\n\t\t\tSeLoadDriverPrivilege\r\n\t\t\tSeBackupPrivilege\r\n\t\t\tSeRestorePrivilege\r\n\t\t\tSeShutdownPrivilege\r\n\t\t\tSeSystemEnvironmentPrivilege\r\n\t\t\tSeManageVolumePrivilege",
      "DisabledPrivilegeList": "-"
    }
  }
}
Record 233248
{
  "Event": {
    "#attributes": {
      "xmlns": "http://schemas.microsoft.com/win/2004/08/events/event"
    },
    "System": {
      "Provider": {
        "#attributes": {
          "Name": "Microsoft-Windows-Security-Auditing",
          "Guid": "54849625-5478-4994-A5BA-3E3B0328C30D"
        }
      },
      "EventID": 4703,
      "Version": 0,
      "Level": 0,
      "Task": 13317,
      "Opcode": 0,
      "Keywords": "0x8020000000000000",
      "TimeCreated": {
        "#attributes": {
          "SystemTime": "2024-10-01T20:34:39.229651Z"
        }
      },
      "EventRecordID": 233248,
      "Correlation": null,
      "Execution": {
        "#attributes": {
          "ProcessID": 4,
          "ThreadID": 204
        }
      },
      "Channel": "Security",
      "Computer": "EC2AMAZ-3NV39E0",
      "Security": null
    },
    "EventData": {
      "SubjectUserSid": "S-1-5-18",
      "SubjectUserName": "EC2AMAZ-3NV39E0$",
      "SubjectDomainName": "WORKGROUP",
      "SubjectLogonId": "0x3e7",
      "TargetUserSid": "S-1-0-0",
      "TargetUserName": "EC2AMAZ-3NV39E0$",
      "TargetDomainName": "WORKGROUP",
      "TargetLogonId": "0x3e7",
      "ProcessName": "C:\\Windows\\System32\\svchost.exe",
      "ProcessId": "0x8c4",
      "EnabledPrivilegeList": "SeAssignPrimaryTokenPrivilege\r\n\t\t\tSeIncreaseQuotaPrivilege\r\n\t\t\tSeSecurityPrivilege\r\n\t\t\tSeTakeOwnershipPrivilege\r\n\t\t\tSeLoadDriverPrivilege\r\n\t\t\tSeSystemtimePrivilege\r\n\t\t\tSeBackupPrivilege\r\n\t\t\tSeRestorePrivilege\r\n\t\t\tSeShutdownPrivilege\r\n\t\t\tSeSystemEnvironmentPrivilege\r\n\t\t\tSeUndockPrivilege\r\n\t\t\tSeManageVolumePrivilege",
      "DisabledPrivilegeList": "-"
    }
  }
}
Record 233249
{
  "Event": {
    "#attributes": {
      "xmlns": "http://schemas.microsoft.com/win/2004/08/events/event"
    },
    "System": {
      "Provider": {
        "#attributes": {
          "Name": "Microsoft-Windows-Security-Auditing",
          "Guid": "54849625-5478-4994-A5BA-3E3B0328C30D"
        }
      },
      "EventID": 4703,
      "Version": 0,
      "Level": 0,
      "Task": 13317,
      "Opcode": 0,
      "Keywords": "0x8020000000000000",
      "TimeCreated": {
        "#attributes": {
          "SystemTime": "2024-10-01T20:34:39.230839Z"
        }
      },
      "EventRecordID": 233249,
      "Correlation": null,
      "Execution": {
        "#attributes": {
          "ProcessID": 4,
          "ThreadID": 204
        }
      },
      "Channel": "Security",
      "Computer": "EC2AMAZ-3NV39E0",
      "Security": null
    },
    "EventData": {
      "SubjectUserSid": "S-1-5-18",
      "SubjectUserName": "EC2AMAZ-3NV39E0$",
      "SubjectDomainName": "WORKGROUP",
      "SubjectLogonId": "0x3e7",
      "TargetUserSid": "S-1-0-0",
      "TargetUserName": "EC2AMAZ-3NV39E0$",
      "TargetDomainName": "WORKGROUP",
      "TargetLogonId": "0x3e7",
      "ProcessName": "C:\\Windows\\System32\\svchost.exe",
      "ProcessId": "0x8c4",
      "EnabledPrivilegeList": "SeAssignPrimaryTokenPrivilege\r\n\t\t\tSeIncreaseQuotaPrivilege\r\n\t\t\tSeSecurityPrivilege\r\n\t\t\tSeTakeOwnershipPrivilege\r\n\t\t\tSeLoadDriverPrivilege\r\n\t\t\tSeBackupPrivilege\r\n\t\t\tSeRestorePrivilege\r\n\t\t\tSeShutdownPrivilege\r\n\t\t\tSeSystemEnvironmentPrivilege\r\n\t\t\tSeManageVolumePrivilege",
      "DisabledPrivilegeList": "-"
    }
  }
}
Record 233250
{
  "Event": {
    "#attributes": {
      "xmlns": "http://schemas.microsoft.com/win/2004/08/events/event"
    },
    "System": {
      "Provider": {
        "#attributes": {
          "Name": "Microsoft-Windows-Security-Auditing",
          "Guid": "54849625-5478-4994-A5BA-3E3B0328C30D"
        }
      },
      "EventID": 4703,
      "Version": 0,
      "Level": 0,
      "Task": 13317,
      "Opcode": 0,
      "Keywords": "0x8020000000000000",
      "TimeCreated": {
        "#attributes": {
          "SystemTime": "2024-10-01T20:34:39.234748Z"
        }
      },
      "EventRecordID": 233250,
      "Correlation": null,
      "Execution": {
        "#attributes": {
          "ProcessID": 4,
          "ThreadID": 204
        }
      },
      "Channel": "Security",
      "Computer": "EC2AMAZ-3NV39E0",
      "Security": null
    },
    "EventData": {
      "SubjectUserSid": "S-1-5-18",
      "SubjectUserName": "EC2AMAZ-3NV39E0$",
      "SubjectDomainName": "WORKGROUP",
      "SubjectLogonId": "0x3e7",
      "TargetUserSid": "S-1-0-0",
      "TargetUserName": "EC2AMAZ-3NV39E0$",
      "TargetDomainName": "WORKGROUP",
      "TargetLogonId": "0x3e7",
      "ProcessName": "C:\\Windows\\System32\\svchost.exe",
      "ProcessId": "0x8c4",
      "EnabledPrivilegeList": "SeAssignPrimaryTokenPrivilege\r\n\t\t\tSeIncreaseQuotaPrivilege\r\n\t\t\tSeSecurityPrivilege\r\n\t\t\tSeTakeOwnershipPrivilege\r\n\t\t\tSeLoadDriverPrivilege\r\n\t\t\tSeBackupPrivilege\r\n\t\t\tSeRestorePrivilege\r\n\t\t\tSeShutdownPrivilege\r\n\t\t\tSeSystemEnvironmentPrivilege\r\n\t\t\tSeManageVolumePrivilege",
      "DisabledPrivilegeList": "-"
    }
  }
}
Record 233251
{
  "Event": {
    "#attributes": {
      "xmlns": "http://schemas.microsoft.com/win/2004/08/events/event"
    },
    "System": {
      "Provider": {
        "#attributes": {
          "Name": "Microsoft-Windows-Security-Auditing",
          "Guid": "54849625-5478-4994-A5BA-3E3B0328C30D"
        }
      },
      "EventID": 4703,
      "Version": 0,
      "Level": 0,
      "Task": 13317,
      "Opcode": 0,
      "Keywords": "0x8020000000000000",
      "TimeCreated": {
        "#attributes": {
          "SystemTime": "2024-10-01T20:34:39.235109Z"
        }
      },
      "EventRecordID": 233251,
      "Correlation": null,
      "Execution": {
        "#attributes": {
          "ProcessID": 4,
          "ThreadID": 204
        }
      },
      "Channel": "Security",
      "Computer": "EC2AMAZ-3NV39E0",
      "Security": null
    },
    "EventData": {
      "SubjectUserSid": "S-1-5-18",
      "SubjectUserName": "EC2AMAZ-3NV39E0$",
      "SubjectDomainName": "WORKGROUP",
      "SubjectLogonId": "0x3e7",
      "TargetUserSid": "S-1-0-0",
      "TargetUserName": "EC2AMAZ-3NV39E0$",
      "TargetDomainName": "WORKGROUP",
      "TargetLogonId": "0x3e7",
      "ProcessName": "C:\\Windows\\System32\\svchost.exe",
      "ProcessId": "0x8c4",
      "EnabledPrivilegeList": "SeAssignPrimaryTokenPrivilege\r\n\t\t\tSeIncreaseQuotaPrivilege\r\n\t\t\tSeSecurityPrivilege\r\n\t\t\tSeTakeOwnershipPrivilege\r\n\t\t\tSeLoadDriverPrivilege\r\n\t\t\tSeSystemtimePrivilege\r\n\t\t\tSeBackupPrivilege\r\n\t\t\tSeRestorePrivilege\r\n\t\t\tSeShutdownPrivilege\r\n\t\t\tSeSystemEnvironmentPrivilege\r\n\t\t\tSeUndockPrivilege\r\n\t\t\tSeManageVolumePrivilege",
      "DisabledPrivilegeList": "-"
    }
  }
}
Record 233252
{
  "Event": {
    "#attributes": {
      "xmlns": "http://schemas.microsoft.com/win/2004/08/events/event"
    },
    "System": {
      "Provider": {
        "#attributes": {
          "Name": "Microsoft-Windows-Security-Auditing",
          "Guid": "54849625-5478-4994-A5BA-3E3B0328C30D"
        }
      },
      "EventID": 4703,
      "Version": 0,
      "Level": 0,
      "Task": 13317,
      "Opcode": 0,
      "Keywords": "0x8020000000000000",
      "TimeCreated": {
        "#attributes": {
          "SystemTime": "2024-10-01T20:34:39.238512Z"
        }
      },
      "EventRecordID": 233252,
      "Correlation": null,
      "Execution": {
        "#attributes": {
          "ProcessID": 4,
          "ThreadID": 204
        }
      },
      "Channel": "Security",
      "Computer": "EC2AMAZ-3NV39E0",
      "Security": null
    },
    "EventData": {
      "SubjectUserSid": "S-1-5-18",
      "SubjectUserName": "EC2AMAZ-3NV39E0$",
      "SubjectDomainName": "WORKGROUP",
      "SubjectLogonId": "0x3e7",
      "TargetUserSid": "S-1-0-0",
      "TargetUserName": "EC2AMAZ-3NV39E0$",
      "TargetDomainName": "WORKGROUP",
      "TargetLogonId": "0x3e7",
      "ProcessName": "C:\\Windows\\System32\\svchost.exe",
      "ProcessId": "0x8c4",
      "EnabledPrivilegeList": "SeAssignPrimaryTokenPrivilege\r\n\t\t\tSeIncreaseQuotaPrivilege\r\n\t\t\tSeSecurityPrivilege\r\n\t\t\tSeTakeOwnershipPrivilege\r\n\t\t\tSeLoadDriverPrivilege\r\n\t\t\tSeBackupPrivilege\r\n\t\t\tSeRestorePrivilege\r\n\t\t\tSeShutdownPrivilege\r\n\t\t\tSeSystemEnvironmentPrivilege\r\n\t\t\tSeManageVolumePrivilege",
      "DisabledPrivilegeList": "-"
    }
  }
}
Record 233253
{
  "Event": {
    "#attributes": {
      "xmlns": "http://schemas.microsoft.com/win/2004/08/events/event"
    },
    "System": {
      "Provider": {
        "#attributes": {
          "Name": "Microsoft-Windows-Security-Auditing",
          "Guid": "54849625-5478-4994-A5BA-3E3B0328C30D"
        }
      },
      "EventID": 4703,
      "Version": 0,
      "Level": 0,
      "Task": 13317,
      "Opcode": 0,
      "Keywords": "0x8020000000000000",
      "TimeCreated": {
        "#attributes": {
          "SystemTime": "2024-10-01T20:34:39.239186Z"
        }
      },
      "EventRecordID": 233253,
      "Correlation": null,
      "Execution": {
        "#attributes": {
          "ProcessID": 4,
          "ThreadID": 204
        }
      },
      "Channel": "Security",
      "Computer": "EC2AMAZ-3NV39E0",
      "Security": null
    },
    "EventData": {
      "SubjectUserSid": "S-1-5-18",
      "SubjectUserName": "EC2AMAZ-3NV39E0$",
      "SubjectDomainName": "WORKGROUP",
      "SubjectLogonId": "0x3e7",
      "TargetUserSid": "S-1-0-0",
      "TargetUserName": "EC2AMAZ-3NV39E0$",
      "TargetDomainName": "WORKGROUP",
      "TargetLogonId": "0x3e7",
      "ProcessName": "C:\\Windows\\System32\\svchost.exe",
      "ProcessId": "0x8c4",
      "EnabledPrivilegeList": "SeAssignPrimaryTokenPrivilege\r\n\t\t\tSeIncreaseQuotaPrivilege\r\n\t\t\tSeSecurityPrivilege\r\n\t\t\tSeTakeOwnershipPrivilege\r\n\t\t\tSeLoadDriverPrivilege\r\n\t\t\tSeBackupPrivilege\r\n\t\t\tSeRestorePrivilege\r\n\t\t\tSeShutdownPrivilege\r\n\t\t\tSeSystemEnvironmentPrivilege\r\n\t\t\tSeManageVolumePrivilege",
      "DisabledPrivilegeList": "-"
    }
  }
}
Record 233254
{
  "Event": {
    "#attributes": {
      "xmlns": "http://schemas.microsoft.com/win/2004/08/events/event"
    },
    "System": {
      "Provider": {
        "#attributes": {
          "Name": "Microsoft-Windows-Security-Auditing",
          "Guid": "54849625-5478-4994-A5BA-3E3B0328C30D"
        }
      },
      "EventID": 4703,
      "Version": 0,
      "Level": 0,
      "Task": 13317,
      "Opcode": 0,
      "Keywords": "0x8020000000000000",
      "TimeCreated": {
        "#attributes": {
          "SystemTime": "2024-10-01T20:34:39.239498Z"
        }
      },
      "EventRecordID": 233254,
      "Correlation": null,
      "Execution": {
        "#attributes": {
          "ProcessID": 4,
          "ThreadID": 204
        }
      },
      "Channel": "Security",
      "Computer": "EC2AMAZ-3NV39E0",
      "Security": null
    },
    "EventData": {
      "SubjectUserSid": "S-1-5-18",
      "SubjectUserName": "EC2AMAZ-3NV39E0$",
      "SubjectDomainName": "WORKGROUP",
      "SubjectLogonId": "0x3e7",
      "TargetUserSid": "S-1-0-0",
      "TargetUserName": "EC2AMAZ-3NV39E0$",
      "TargetDomainName": "WORKGROUP",
      "TargetLogonId": "0x3e7",
      "ProcessName": "C:\\Windows\\System32\\svchost.exe",
      "ProcessId": "0x8c4",
      "EnabledPrivilegeList": "SeAssignPrimaryTokenPrivilege\r\n\t\t\tSeIncreaseQuotaPrivilege\r\n\t\t\tSeSecurityPrivilege\r\n\t\t\tSeTakeOwnershipPrivilege\r\n\t\t\tSeLoadDriverPrivilege\r\n\t\t\tSeSystemtimePrivilege\r\n\t\t\tSeBackupPrivilege\r\n\t\t\tSeRestorePrivilege\r\n\t\t\tSeShutdownPrivilege\r\n\t\t\tSeSystemEnvironmentPrivilege\r\n\t\t\tSeUndockPrivilege\r\n\t\t\tSeManageVolumePrivilege",
      "DisabledPrivilegeList": "-"
    }
  }
}
Record 233255
{
  "Event": {
    "#attributes": {
      "xmlns": "http://schemas.microsoft.com/win/2004/08/events/event"
    },
    "System": {
      "Provider": {
        "#attributes": {
          "Name": "Microsoft-Windows-Security-Auditing",
          "Guid": "54849625-5478-4994-A5BA-3E3B0328C30D"
        }
      },
      "EventID": 4703,
      "Version": 0,
      "Level": 0,
      "Task": 13317,
      "Opcode": 0,
      "Keywords": "0x8020000000000000",
      "TimeCreated": {
        "#attributes": {
          "SystemTime": "2024-10-01T20:34:39.240536Z"
        }
      },
      "EventRecordID": 233255,
      "Correlation": null,
      "Execution": {
        "#attributes": {
          "ProcessID": 4,
          "ThreadID": 204
        }
      },
      "Channel": "Security",
      "Computer": "EC2AMAZ-3NV39E0",
      "Security": null
    },
    "EventData": {
      "SubjectUserSid": "S-1-5-18",
      "SubjectUserName": "EC2AMAZ-3NV39E0$",
      "SubjectDomainName": "WORKGROUP",
      "SubjectLogonId": "0x3e7",
      "TargetUserSid": "S-1-0-0",
      "TargetUserName": "EC2AMAZ-3NV39E0$",
      "TargetDomainName": "WORKGROUP",
      "TargetLogonId": "0x3e7",
      "ProcessName": "C:\\Windows\\System32\\svchost.exe",
      "ProcessId": "0x8c4",
      "EnabledPrivilegeList": "SeAssignPrimaryTokenPrivilege\r\n\t\t\tSeIncreaseQuotaPrivilege\r\n\t\t\tSeSecurityPrivilege\r\n\t\t\tSeTakeOwnershipPrivilege\r\n\t\t\tSeLoadDriverPrivilege\r\n\t\t\tSeBackupPrivilege\r\n\t\t\tSeRestorePrivilege\r\n\t\t\tSeShutdownPrivilege\r\n\t\t\tSeSystemEnvironmentPrivilege\r\n\t\t\tSeManageVolumePrivilege",
      "DisabledPrivilegeList": "-"
    }
  }
}
Record 233256
{
  "Event": {
    "#attributes": {
      "xmlns": "http://schemas.microsoft.com/win/2004/08/events/event"
    },
    "System": {
      "Provider": {
        "#attributes": {
          "Name": "Microsoft-Windows-Security-Auditing",
          "Guid": "54849625-5478-4994-A5BA-3E3B0328C30D"
        }
      },
      "EventID": 4703,
      "Version": 0,
      "Level": 0,
      "Task": 13317,
      "Opcode": 0,
      "Keywords": "0x8020000000000000",
      "TimeCreated": {
        "#attributes": {
          "SystemTime": "2024-10-01T20:34:39.572026Z"
        }
      },
      "EventRecordID": 233256,
      "Correlation": null,
      "Execution": {
        "#attributes": {
          "ProcessID": 4,
          "ThreadID": 116
        }
      },
      "Channel": "Security",
      "Computer": "EC2AMAZ-3NV39E0",
      "Security": null
    },
    "EventData": {
      "SubjectUserSid": "S-1-5-18",
      "SubjectUserName": "EC2AMAZ-3NV39E0$",
      "SubjectDomainName": "WORKGROUP",
      "SubjectLogonId": "0x3e7",
      "TargetUserSid": "S-1-0-0",
      "TargetUserName": "EC2AMAZ-3NV39E0$",
      "TargetDomainName": "WORKGROUP",
      "TargetLogonId": "0x3e7",
      "ProcessName": "C:\\Windows\\System32\\svchost.exe",
      "ProcessId": "0x8c4",
      "EnabledPrivilegeList": "SeAssignPrimaryTokenPrivilege\r\n\t\t\tSeIncreaseQuotaPrivilege\r\n\t\t\tSeSecurityPrivilege\r\n\t\t\tSeTakeOwnershipPrivilege\r\n\t\t\tSeLoadDriverPrivilege\r\n\t\t\tSeBackupPrivilege\r\n\t\t\tSeRestorePrivilege\r\n\t\t\tSeShutdownPrivilege\r\n\t\t\tSeSystemEnvironmentPrivilege\r\n\t\t\tSeManageVolumePrivilege",
      "DisabledPrivilegeList": "-"
    }
  }
}
Record 233257
{
  "Event": {
    "#attributes": {
      "xmlns": "http://schemas.microsoft.com/win/2004/08/events/event"
    },
    "System": {
      "Provider": {
        "#attributes": {
          "Name": "Microsoft-Windows-Security-Auditing",
          "Guid": "54849625-5478-4994-A5BA-3E3B0328C30D"
        }
      },
      "EventID": 4703,
      "Version": 0,
      "Level": 0,
      "Task": 13317,
      "Opcode": 0,
      "Keywords": "0x8020000000000000",
      "TimeCreated": {
        "#attributes": {
          "SystemTime": "2024-10-01T20:34:39.572765Z"
        }
      },
      "EventRecordID": 233257,
      "Correlation": null,
      "Execution": {
        "#attributes": {
          "ProcessID": 4,
          "ThreadID": 116
        }
      },
      "Channel": "Security",
      "Computer": "EC2AMAZ-3NV39E0",
      "Security": null
    },
    "EventData": {
      "SubjectUserSid": "S-1-5-18",
      "SubjectUserName": "EC2AMAZ-3NV39E0$",
      "SubjectDomainName": "WORKGROUP",
      "SubjectLogonId": "0x3e7",
      "TargetUserSid": "S-1-0-0",
      "TargetUserName": "EC2AMAZ-3NV39E0$",
      "TargetDomainName": "WORKGROUP",
      "TargetLogonId": "0x3e7",
      "ProcessName": "C:\\Windows\\System32\\svchost.exe",
      "ProcessId": "0x8c4",
      "EnabledPrivilegeList": "SeAssignPrimaryTokenPrivilege\r\n\t\t\tSeIncreaseQuotaPrivilege\r\n\t\t\tSeSecurityPrivilege\r\n\t\t\tSeTakeOwnershipPrivilege\r\n\t\t\tSeLoadDriverPrivilege\r\n\t\t\tSeSystemtimePrivilege\r\n\t\t\tSeBackupPrivilege\r\n\t\t\tSeRestorePrivilege\r\n\t\t\tSeShutdownPrivilege\r\n\t\t\tSeSystemEnvironmentPrivilege\r\n\t\t\tSeUndockPrivilege\r\n\t\t\tSeManageVolumePrivilege",
      "DisabledPrivilegeList": "-"
    }
  }
}
Record 233258
{
  "Event": {
    "#attributes": {
      "xmlns": "http://schemas.microsoft.com/win/2004/08/events/event"
    },
    "System": {
      "Provider": {
        "#attributes": {
          "Name": "Microsoft-Windows-Security-Auditing",
          "Guid": "54849625-5478-4994-A5BA-3E3B0328C30D"
        }
      },
      "EventID": 4703,
      "Version": 0,
      "Level": 0,
      "Task": 13317,
      "Opcode": 0,
      "Keywords": "0x8020000000000000",
      "TimeCreated": {
        "#attributes": {
          "SystemTime": "2024-10-01T20:34:39.581350Z"
        }
      },
      "EventRecordID": 233258,
      "Correlation": null,
      "Execution": {
        "#attributes": {
          "ProcessID": 4,
          "ThreadID": 116
        }
      },
      "Channel": "Security",
      "Computer": "EC2AMAZ-3NV39E0",
      "Security": null
    },
    "EventData": {
      "SubjectUserSid": "S-1-5-18",
      "SubjectUserName": "EC2AMAZ-3NV39E0$",
      "SubjectDomainName": "WORKGROUP",
      "SubjectLogonId": "0x3e7",
      "TargetUserSid": "S-1-0-0",
      "TargetUserName": "EC2AMAZ-3NV39E0$",
      "TargetDomainName": "WORKGROUP",
      "TargetLogonId": "0x3e7",
      "ProcessName": "C:\\Windows\\System32\\svchost.exe",
      "ProcessId": "0x8c4",
      "EnabledPrivilegeList": "SeAssignPrimaryTokenPrivilege\r\n\t\t\tSeIncreaseQuotaPrivilege\r\n\t\t\tSeSecurityPrivilege\r\n\t\t\tSeTakeOwnershipPrivilege\r\n\t\t\tSeLoadDriverPrivilege\r\n\t\t\tSeBackupPrivilege\r\n\t\t\tSeRestorePrivilege\r\n\t\t\tSeShutdownPrivilege\r\n\t\t\tSeSystemEnvironmentPrivilege\r\n\t\t\tSeManageVolumePrivilege",
      "DisabledPrivilegeList": "-"
    }
  }
}
Record 233259
{
  "Event": {
    "#attributes": {
      "xmlns": "http://schemas.microsoft.com/win/2004/08/events/event"
    },
    "System": {
      "Provider": {
        "#attributes": {
          "Name": "Microsoft-Windows-Security-Auditing",
          "Guid": "54849625-5478-4994-A5BA-3E3B0328C30D"
        }
      },
      "EventID": 4703,
      "Version": 0,
      "Level": 0,
      "Task": 13317,
      "Opcode": 0,
      "Keywords": "0x8020000000000000",
      "TimeCreated": {
        "#attributes": {
          "SystemTime": "2024-10-01T20:34:39.584002Z"
        }
      },
      "EventRecordID": 233259,
      "Correlation": null,
      "Execution": {
        "#attributes": {
          "ProcessID": 4,
          "ThreadID": 116
        }
      },
      "Channel": "Security",
      "Computer": "EC2AMAZ-3NV39E0",
      "Security": null
    },
    "EventData": {
      "SubjectUserSid": "S-1-5-18",
      "SubjectUserName": "EC2AMAZ-3NV39E0$",
      "SubjectDomainName": "WORKGROUP",
      "SubjectLogonId": "0x3e7",
      "TargetUserSid": "S-1-0-0",
      "TargetUserName": "EC2AMAZ-3NV39E0$",
      "TargetDomainName": "WORKGROUP",
      "TargetLogonId": "0x3e7",
      "ProcessName": "C:\\Windows\\System32\\svchost.exe",
      "ProcessId": "0x8c4",
      "EnabledPrivilegeList": "SeAssignPrimaryTokenPrivilege\r\n\t\t\tSeIncreaseQuotaPrivilege\r\n\t\t\tSeSecurityPrivilege\r\n\t\t\tSeTakeOwnershipPrivilege\r\n\t\t\tSeLoadDriverPrivilege\r\n\t\t\tSeBackupPrivilege\r\n\t\t\tSeRestorePrivilege\r\n\t\t\tSeShutdownPrivilege\r\n\t\t\tSeSystemEnvironmentPrivilege\r\n\t\t\tSeManageVolumePrivilege",
      "DisabledPrivilegeList": "-"
    }
  }
}
Record 233260
{
  "Event": {
    "#attributes": {
      "xmlns": "http://schemas.microsoft.com/win/2004/08/events/event"
    },
    "System": {
      "Provider": {
        "#attributes": {
          "Name": "Microsoft-Windows-Security-Auditing",
          "Guid": "54849625-5478-4994-A5BA-3E3B0328C30D"
        }
      },
      "EventID": 4703,
      "Version": 0,
      "Level": 0,
      "Task": 13317,
      "Opcode": 0,
      "Keywords": "0x8020000000000000",
      "TimeCreated": {
        "#attributes": {
          "SystemTime": "2024-10-01T20:34:39.584576Z"
        }
      },
      "EventRecordID": 233260,
      "Correlation": null,
      "Execution": {
        "#attributes": {
          "ProcessID": 4,
          "ThreadID": 116
        }
      },
      "Channel": "Security",
      "Computer": "EC2AMAZ-3NV39E0",
      "Security": null
    },
    "EventData": {
      "SubjectUserSid": "S-1-5-18",
      "SubjectUserName": "EC2AMAZ-3NV39E0$",
      "SubjectDomainName": "WORKGROUP",
      "SubjectLogonId": "0x3e7",
      "TargetUserSid": "S-1-0-0",
      "TargetUserName": "EC2AMAZ-3NV39E0$",
      "TargetDomainName": "WORKGROUP",
      "TargetLogonId": "0x3e7",
      "ProcessName": "C:\\Windows\\System32\\svchost.exe",
      "ProcessId": "0x8c4",
      "EnabledPrivilegeList": "SeAssignPrimaryTokenPrivilege\r\n\t\t\tSeIncreaseQuotaPrivilege\r\n\t\t\tSeSecurityPrivilege\r\n\t\t\tSeTakeOwnershipPrivilege\r\n\t\t\tSeLoadDriverPrivilege\r\n\t\t\tSeSystemtimePrivilege\r\n\t\t\tSeBackupPrivilege\r\n\t\t\tSeRestorePrivilege\r\n\t\t\tSeShutdownPrivilege\r\n\t\t\tSeSystemEnvironmentPrivilege\r\n\t\t\tSeUndockPrivilege\r\n\t\t\tSeManageVolumePrivilege",
      "DisabledPrivilegeList": "-"
    }
  }
}
Record 233261
{
  "Event": {
    "#attributes": {
      "xmlns": "http://schemas.microsoft.com/win/2004/08/events/event"
    },
    "System": {
      "Provider": {
        "#attributes": {
          "Name": "Microsoft-Windows-Security-Auditing",
          "Guid": "54849625-5478-4994-A5BA-3E3B0328C30D"
        }
      },
      "EventID": 4703,
      "Version": 0,
      "Level": 0,
      "Task": 13317,
      "Opcode": 0,
      "Keywords": "0x8020000000000000",
      "TimeCreated": {
        "#attributes": {
          "SystemTime": "2024-10-01T20:34:39.593502Z"
        }
      },
      "EventRecordID": 233261,
      "Correlation": null,
      "Execution": {
        "#attributes": {
          "ProcessID": 4,
          "ThreadID": 116
        }
      },
      "Channel": "Security",
      "Computer": "EC2AMAZ-3NV39E0",
      "Security": null
    },
    "EventData": {
      "SubjectUserSid": "S-1-5-18",
      "SubjectUserName": "EC2AMAZ-3NV39E0$",
      "SubjectDomainName": "WORKGROUP",
      "SubjectLogonId": "0x3e7",
      "TargetUserSid": "S-1-0-0",
      "TargetUserName": "EC2AMAZ-3NV39E0$",
      "TargetDomainName": "WORKGROUP",
      "TargetLogonId": "0x3e7",
      "ProcessName": "C:\\Windows\\System32\\svchost.exe",
      "ProcessId": "0x8c4",
      "EnabledPrivilegeList": "SeAssignPrimaryTokenPrivilege\r\n\t\t\tSeIncreaseQuotaPrivilege\r\n\t\t\tSeSecurityPrivilege\r\n\t\t\tSeTakeOwnershipPrivilege\r\n\t\t\tSeLoadDriverPrivilege\r\n\t\t\tSeBackupPrivilege\r\n\t\t\tSeRestorePrivilege\r\n\t\t\tSeShutdownPrivilege\r\n\t\t\tSeSystemEnvironmentPrivilege\r\n\t\t\tSeManageVolumePrivilege",
      "DisabledPrivilegeList": "-"
    }
  }
}
Record 233262
{
  "Event": {
    "#attributes": {
      "xmlns": "http://schemas.microsoft.com/win/2004/08/events/event"
    },
    "System": {
      "Provider": {
        "#attributes": {
          "Name": "Microsoft-Windows-Security-Auditing",
          "Guid": "54849625-5478-4994-A5BA-3E3B0328C30D"
        }
      },
      "EventID": 4703,
      "Version": 0,
      "Level": 0,
      "Task": 13317,
      "Opcode": 0,
      "Keywords": "0x8020000000000000",
      "TimeCreated": {
        "#attributes": {
          "SystemTime": "2024-10-01T20:34:39.598276Z"
        }
      },
      "EventRecordID": 233262,
      "Correlation": null,
      "Execution": {
        "#attributes": {
          "ProcessID": 4,
          "ThreadID": 116
        }
      },
      "Channel": "Security",
      "Computer": "EC2AMAZ-3NV39E0",
      "Security": null
    },
    "EventData": {
      "SubjectUserSid": "S-1-5-18",
      "SubjectUserName": "EC2AMAZ-3NV39E0$",
      "SubjectDomainName": "WORKGROUP",
      "SubjectLogonId": "0x3e7",
      "TargetUserSid": "S-1-0-0",
      "TargetUserName": "EC2AMAZ-3NV39E0$",
      "TargetDomainName": "WORKGROUP",
      "TargetLogonId": "0x3e7",
      "ProcessName": "C:\\Windows\\System32\\svchost.exe",
      "ProcessId": "0x8c4",
      "EnabledPrivilegeList": "SeAssignPrimaryTokenPrivilege\r\n\t\t\tSeIncreaseQuotaPrivilege\r\n\t\t\tSeSecurityPrivilege\r\n\t\t\tSeTakeOwnershipPrivilege\r\n\t\t\tSeLoadDriverPrivilege\r\n\t\t\tSeBackupPrivilege\r\n\t\t\tSeRestorePrivilege\r\n\t\t\tSeShutdownPrivilege\r\n\t\t\tSeSystemEnvironmentPrivilege\r\n\t\t\tSeManageVolumePrivilege",
      "DisabledPrivilegeList": "-"
    }
  }
}
