Record 234826
{
  "Event": {
    "#attributes": {
      "xmlns": "http://schemas.microsoft.com/win/2004/08/events/event"
    },
    "System": {
      "Provider": {
        "#attributes": {
          "Name": "Microsoft-Windows-Security-Auditing",
          "Guid": "54849625-5478-4994-A5BA-3E3B0328C30D"
        }
      },
      "EventID": 4689,
      "Version": 0,
      "Level": 0,
      "Task": 13313,
      "Opcode": 0,
      "Keywords": "0x8020000000000000",
      "TimeCreated": {
        "#attributes": {
          "SystemTime": "2024-10-01T20:23:06.681708Z"
        }
      },
      "EventRecordID": 234826,
      "Correlation": null,
      "Execution": {
        "#attributes": {
          "ProcessID": 4,
          "ThreadID": 6540
        }
      },
      "Channel": "Security",
      "Computer": "EC2AMAZ-DMS53EU",
      "Security": null
    },
    "EventData": {
      "SubjectUserSid": "S-1-5-21-1315585081-1223704089-1502122752-500",
      "SubjectUserName": "Administrator",
      "SubjectDomainName": "EC2AMAZ-DMS53EU",
      "SubjectLogonId": "0x3abe71",
      "Status": "0x0",
      "ProcessId": "0x1794",
      "ProcessName": "C:\\Windows\\System32\\conhost.exe"
    }
  }
}
Record 234827
{
  "Event": {
    "#attributes": {
      "xmlns": "http://schemas.microsoft.com/win/2004/08/events/event"
    },
    "System": {
      "Provider": {
        "#attributes": {
          "Name": "Microsoft-Windows-Security-Auditing",
          "Guid": "54849625-5478-4994-A5BA-3E3B0328C30D"
        }
      },
      "EventID": 4688,
      "Version": 2,
      "Level": 0,
      "Task": 13312,
      "Opcode": 0,
      "Keywords": "0x8020000000000000",
      "TimeCreated": {
        "#attributes": {
          "SystemTime": "2024-10-01T20:23:06.683863Z"
        }
      },
      "EventRecordID": 234827,
      "Correlation": null,
      "Execution": {
        "#attributes": {
          "ProcessID": 4,
          "ThreadID": 6540
        }
      },
      "Channel": "Security",
      "Computer": "EC2AMAZ-DMS53EU",
      "Security": null
    },
    "EventData": {
      "SubjectUserSid": "S-1-5-21-1315585081-1223704089-1502122752-500",
      "SubjectUserName": "Administrator",
      "SubjectDomainName": "EC2AMAZ-DMS53EU",
      "SubjectLogonId": "0x3abe71",
      "NewProcessId": "0x1b20",
      "NewProcessName": "C:\\Windows\\System32\\wevtutil.exe",
      "TokenElevationType": "%%1936",
      "ProcessId": "0x1b48",
      "CommandLine": "\"C:\\Windows\\system32\\wevtutil.exe\" cl SmbWmiAnalytic",
      "TargetUserSid": "S-1-0-0",
      "TargetUserName": "-",
      "TargetDomainName": "-",
      "TargetLogonId": "0x0",
      "ParentProcessName": "C:\\Windows\\System32\\wsmprovhost.exe",
      "MandatoryLabel": "S-1-16-12288"
    }
  }
}
Record 234828
{
  "Event": {
    "#attributes": {
      "xmlns": "http://schemas.microsoft.com/win/2004/08/events/event"
    },
    "System": {
      "Provider": {
        "#attributes": {
          "Name": "Microsoft-Windows-Security-Auditing",
          "Guid": "54849625-5478-4994-A5BA-3E3B0328C30D"
        }
      },
      "EventID": 4688,
      "Version": 2,
      "Level": 0,
      "Task": 13312,
      "Opcode": 0,
      "Keywords": "0x8020000000000000",
      "TimeCreated": {
        "#attributes": {
          "SystemTime": "2024-10-01T20:23:06.686775Z"
        }
      },
      "EventRecordID": 234828,
      "Correlation": null,
      "Execution": {
        "#attributes": {
          "ProcessID": 4,
          "ThreadID": 6540
        }
      },
      "Channel": "Security",
      "Computer": "EC2AMAZ-DMS53EU",
      "Security": null
    },
    "EventData": {
      "SubjectUserSid": "S-1-5-21-1315585081-1223704089-1502122752-500",
      "SubjectUserName": "Administrator",
      "SubjectDomainName": "EC2AMAZ-DMS53EU",
      "SubjectLogonId": "0x3abe71",
      "NewProcessId": "0xa60",
      "NewProcessName": "C:\\Windows\\System32\\conhost.exe",
      "TokenElevationType": "%%1936",
      "ProcessId": "0x1b20",
      "CommandLine": "\\??\\C:\\Windows\\system32\\conhost.exe 0xffffffff -ForceV1",
      "TargetUserSid": "S-1-0-0",
      "TargetUserName": "-",
      "TargetDomainName": "-",
      "TargetLogonId": "0x0",
      "ParentProcessName": "C:\\Windows\\System32\\wevtutil.exe",
      "MandatoryLabel": "S-1-16-12288"
    }
  }
}
Record 234829
{
  "Event": {
    "#attributes": {
      "xmlns": "http://schemas.microsoft.com/win/2004/08/events/event"
    },
    "System": {
      "Provider": {
        "#attributes": {
          "Name": "Microsoft-Windows-Security-Auditing",
          "Guid": "54849625-5478-4994-A5BA-3E3B0328C30D"
        }
      },
      "EventID": 4703,
      "Version": 0,
      "Level": 0,
      "Task": 13317,
      "Opcode": 0,
      "Keywords": "0x8020000000000000",
      "TimeCreated": {
        "#attributes": {
          "SystemTime": "2024-10-01T20:23:06.726929Z"
        }
      },
      "EventRecordID": 234829,
      "Correlation": null,
      "Execution": {
        "#attributes": {
          "ProcessID": 4,
          "ThreadID": 6540
        }
      },
      "Channel": "Security",
      "Computer": "EC2AMAZ-DMS53EU",
      "Security": null
    },
    "EventData": {
      "SubjectUserSid": "S-1-5-21-1315585081-1223704089-1502122752-500",
      "SubjectUserName": "Administrator",
      "SubjectDomainName": "EC2AMAZ-DMS53EU",
      "SubjectLogonId": "0x3abe71",
      "TargetUserSid": "S-1-0-0",
      "TargetUserName": "Administrator",
      "TargetDomainName": "EC2AMAZ-DMS53EU",
      "TargetLogonId": "0x3abe71",
      "ProcessName": "C:\\Windows\\System32\\wevtutil.exe",
      "ProcessId": "0x1b20",
      "EnabledPrivilegeList": "-",
      "DisabledPrivilegeList": "SeBackupPrivilege"
    }
  }
}
Record 234830
{
  "Event": {
    "#attributes": {
      "xmlns": "http://schemas.microsoft.com/win/2004/08/events/event"
    },
    "System": {
      "Provider": {
        "#attributes": {
          "Name": "Microsoft-Windows-Security-Auditing",
          "Guid": "54849625-5478-4994-A5BA-3E3B0328C30D"
        }
      },
      "EventID": 4703,
      "Version": 0,
      "Level": 0,
      "Task": 13317,
      "Opcode": 0,
      "Keywords": "0x8020000000000000",
      "TimeCreated": {
        "#attributes": {
          "SystemTime": "2024-10-01T20:23:06.726935Z"
        }
      },
      "EventRecordID": 234830,
      "Correlation": null,
      "Execution": {
        "#attributes": {
          "ProcessID": 4,
          "ThreadID": 6540
        }
      },
      "Channel": "Security",
      "Computer": "EC2AMAZ-DMS53EU",
      "Security": null
    },
    "EventData": {
      "SubjectUserSid": "S-1-5-21-1315585081-1223704089-1502122752-500",
      "SubjectUserName": "Administrator",
      "SubjectDomainName": "EC2AMAZ-DMS53EU",
      "SubjectLogonId": "0x3abe71",
      "TargetUserSid": "S-1-0-0",
      "TargetUserName": "Administrator",
      "TargetDomainName": "EC2AMAZ-DMS53EU",
      "TargetLogonId": "0x3abe71",
      "ProcessName": "C:\\Windows\\System32\\wevtutil.exe",
      "ProcessId": "0x1b20",
      "EnabledPrivilegeList": "-",
      "DisabledPrivilegeList": "SeSecurityPrivilege"
    }
  }
}
Record 234831
{
  "Event": {
    "#attributes": {
      "xmlns": "http://schemas.microsoft.com/win/2004/08/events/event"
    },
    "System": {
      "Provider": {
        "#attributes": {
          "Name": "Microsoft-Windows-Security-Auditing",
          "Guid": "54849625-5478-4994-A5BA-3E3B0328C30D"
        }
      },
      "EventID": 4689,
      "Version": 0,
      "Level": 0,
      "Task": 13313,
      "Opcode": 0,
      "Keywords": "0x8020000000000000",
      "TimeCreated": {
        "#attributes": {
          "SystemTime": "2024-10-01T20:23:06.727546Z"
        }
      },
      "EventRecordID": 234831,
      "Correlation": null,
      "Execution": {
        "#attributes": {
          "ProcessID": 4,
          "ThreadID": 6540
        }
      },
      "Channel": "Security",
      "Computer": "EC2AMAZ-DMS53EU",
      "Security": null
    },
    "EventData": {
      "SubjectUserSid": "S-1-5-21-1315585081-1223704089-1502122752-500",
      "SubjectUserName": "Administrator",
      "SubjectDomainName": "EC2AMAZ-DMS53EU",
      "SubjectLogonId": "0x3abe71",
      "Status": "0x0",
      "ProcessId": "0x1b20",
      "ProcessName": "C:\\Windows\\System32\\wevtutil.exe"
    }
  }
}
Record 234832
{
  "Event": {
    "#attributes": {
      "xmlns": "http://schemas.microsoft.com/win/2004/08/events/event"
    },
    "System": {
      "Provider": {
        "#attributes": {
          "Name": "Microsoft-Windows-Security-Auditing",
          "Guid": "54849625-5478-4994-A5BA-3E3B0328C30D"
        }
      },
      "EventID": 4689,
      "Version": 0,
      "Level": 0,
      "Task": 13313,
      "Opcode": 0,
      "Keywords": "0x8020000000000000",
      "TimeCreated": {
        "#attributes": {
          "SystemTime": "2024-10-01T20:23:06.728767Z"
        }
      },
      "EventRecordID": 234832,
      "Correlation": null,
      "Execution": {
        "#attributes": {
          "ProcessID": 4,
          "ThreadID": 6540
        }
      },
      "Channel": "Security",
      "Computer": "EC2AMAZ-DMS53EU",
      "Security": null
    },
    "EventData": {
      "SubjectUserSid": "S-1-5-21-1315585081-1223704089-1502122752-500",
      "SubjectUserName": "Administrator",
      "SubjectDomainName": "EC2AMAZ-DMS53EU",
      "SubjectLogonId": "0x3abe71",
      "Status": "0x0",
      "ProcessId": "0xa60",
      "ProcessName": "C:\\Windows\\System32\\conhost.exe"
    }
  }
}
Record 234833
{
  "Event": {
    "#attributes": {
      "xmlns": "http://schemas.microsoft.com/win/2004/08/events/event"
    },
    "System": {
      "Provider": {
        "#attributes": {
          "Name": "Microsoft-Windows-Security-Auditing",
          "Guid": "54849625-5478-4994-A5BA-3E3B0328C30D"
        }
      },
      "EventID": 4688,
      "Version": 2,
      "Level": 0,
      "Task": 13312,
      "Opcode": 0,
      "Keywords": "0x8020000000000000",
      "TimeCreated": {
        "#attributes": {
          "SystemTime": "2024-10-01T20:23:06.730741Z"
        }
      },
      "EventRecordID": 234833,
      "Correlation": null,
      "Execution": {
        "#attributes": {
          "ProcessID": 4,
          "ThreadID": 6540
        }
      },
      "Channel": "Security",
      "Computer": "EC2AMAZ-DMS53EU",
      "Security": null
    },
    "EventData": {
      "SubjectUserSid": "S-1-5-21-1315585081-1223704089-1502122752-500",
      "SubjectUserName": "Administrator",
      "SubjectDomainName": "EC2AMAZ-DMS53EU",
      "SubjectLogonId": "0x3abe71",
      "NewProcessId": "0x102c",
      "NewProcessName": "C:\\Windows\\System32\\wevtutil.exe",
      "TokenElevationType": "%%1936",
      "ProcessId": "0x1b48",
      "CommandLine": "\"C:\\Windows\\system32\\wevtutil.exe\" cl System",
      "TargetUserSid": "S-1-0-0",
      "TargetUserName": "-",
      "TargetDomainName": "-",
      "TargetLogonId": "0x0",
      "ParentProcessName": "C:\\Windows\\System32\\wsmprovhost.exe",
      "MandatoryLabel": "S-1-16-12288"
    }
  }
}
Record 234834
{
  "Event": {
    "#attributes": {
      "xmlns": "http://schemas.microsoft.com/win/2004/08/events/event"
    },
    "System": {
      "Provider": {
        "#attributes": {
          "Name": "Microsoft-Windows-Security-Auditing",
          "Guid": "54849625-5478-4994-A5BA-3E3B0328C30D"
        }
      },
      "EventID": 4688,
      "Version": 2,
      "Level": 0,
      "Task": 13312,
      "Opcode": 0,
      "Keywords": "0x8020000000000000",
      "TimeCreated": {
        "#attributes": {
          "SystemTime": "2024-10-01T20:23:06.733528Z"
        }
      },
      "EventRecordID": 234834,
      "Correlation": null,
      "Execution": {
        "#attributes": {
          "ProcessID": 4,
          "ThreadID": 6544
        }
      },
      "Channel": "Security",
      "Computer": "EC2AMAZ-DMS53EU",
      "Security": null
    },
    "EventData": {
      "SubjectUserSid": "S-1-5-21-1315585081-1223704089-1502122752-500",
      "SubjectUserName": "Administrator",
      "SubjectDomainName": "EC2AMAZ-DMS53EU",
      "SubjectLogonId": "0x3abe71",
      "NewProcessId": "0xcc",
      "NewProcessName": "C:\\Windows\\System32\\conhost.exe",
      "TokenElevationType": "%%1936",
      "ProcessId": "0x102c",
      "CommandLine": "\\??\\C:\\Windows\\system32\\conhost.exe 0xffffffff -ForceV1",
      "TargetUserSid": "S-1-0-0",
      "TargetUserName": "-",
      "TargetDomainName": "-",
      "TargetLogonId": "0x0",
      "ParentProcessName": "C:\\Windows\\System32\\wevtutil.exe",
      "MandatoryLabel": "S-1-16-12288"
    }
  }
}
Record 234835
{
  "Event": {
    "#attributes": {
      "xmlns": "http://schemas.microsoft.com/win/2004/08/events/event"
    },
    "System": {
      "Provider": {
        "#attributes": {
          "Name": "Microsoft-Windows-Security-Auditing",
          "Guid": "54849625-5478-4994-A5BA-3E3B0328C30D"
        }
      },
      "EventID": 4703,
      "Version": 0,
      "Level": 0,
      "Task": 13317,
      "Opcode": 0,
      "Keywords": "0x8020000000000000",
      "TimeCreated": {
        "#attributes": {
          "SystemTime": "2024-10-01T20:23:06.774763Z"
        }
      },
      "EventRecordID": 234835,
      "Correlation": null,
      "Execution": {
        "#attributes": {
          "ProcessID": 4,
          "ThreadID": 6540
        }
      },
      "Channel": "Security",
      "Computer": "EC2AMAZ-DMS53EU",
      "Security": null
    },
    "EventData": {
      "SubjectUserSid": "S-1-5-21-1315585081-1223704089-1502122752-500",
      "SubjectUserName": "Administrator",
      "SubjectDomainName": "EC2AMAZ-DMS53EU",
      "SubjectLogonId": "0x3abe71",
      "TargetUserSid": "S-1-0-0",
      "TargetUserName": "Administrator",
      "TargetDomainName": "EC2AMAZ-DMS53EU",
      "TargetLogonId": "0x3abe71",
      "ProcessName": "C:\\Windows\\System32\\wevtutil.exe",
      "ProcessId": "0x102c",
      "EnabledPrivilegeList": "-",
      "DisabledPrivilegeList": "SeBackupPrivilege"
    }
  }
}
Record 234836
{
  "Event": {
    "#attributes": {
      "xmlns": "http://schemas.microsoft.com/win/2004/08/events/event"
    },
    "System": {
      "Provider": {
        "#attributes": {
          "Name": "Microsoft-Windows-Security-Auditing",
          "Guid": "54849625-5478-4994-A5BA-3E3B0328C30D"
        }
      },
      "EventID": 4703,
      "Version": 0,
      "Level": 0,
      "Task": 13317,
      "Opcode": 0,
      "Keywords": "0x8020000000000000",
      "TimeCreated": {
        "#attributes": {
          "SystemTime": "2024-10-01T20:23:06.774769Z"
        }
      },
      "EventRecordID": 234836,
      "Correlation": null,
      "Execution": {
        "#attributes": {
          "ProcessID": 4,
          "ThreadID": 6540
        }
      },
      "Channel": "Security",
      "Computer": "EC2AMAZ-DMS53EU",
      "Security": null
    },
    "EventData": {
      "SubjectUserSid": "S-1-5-21-1315585081-1223704089-1502122752-500",
      "SubjectUserName": "Administrator",
      "SubjectDomainName": "EC2AMAZ-DMS53EU",
      "SubjectLogonId": "0x3abe71",
      "TargetUserSid": "S-1-0-0",
      "TargetUserName": "Administrator",
      "TargetDomainName": "EC2AMAZ-DMS53EU",
      "TargetLogonId": "0x3abe71",
      "ProcessName": "C:\\Windows\\System32\\wevtutil.exe",
      "ProcessId": "0x102c",
      "EnabledPrivilegeList": "-",
      "DisabledPrivilegeList": "SeSecurityPrivilege"
    }
  }
}
Record 234837
{
  "Event": {
    "#attributes": {
      "xmlns": "http://schemas.microsoft.com/win/2004/08/events/event"
    },
    "System": {
      "Provider": {
        "#attributes": {
          "Name": "Microsoft-Windows-Security-Auditing",
          "Guid": "54849625-5478-4994-A5BA-3E3B0328C30D"
        }
      },
      "EventID": 4689,
      "Version": 0,
      "Level": 0,
      "Task": 13313,
      "Opcode": 0,
      "Keywords": "0x8020000000000000",
      "TimeCreated": {
        "#attributes": {
          "SystemTime": "2024-10-01T20:23:06.775518Z"
        }
      },
      "EventRecordID": 234837,
      "Correlation": null,
      "Execution": {
        "#attributes": {
          "ProcessID": 4,
          "ThreadID": 6540
        }
      },
      "Channel": "Security",
      "Computer": "EC2AMAZ-DMS53EU",
      "Security": null
    },
    "EventData": {
      "SubjectUserSid": "S-1-5-21-1315585081-1223704089-1502122752-500",
      "SubjectUserName": "Administrator",
      "SubjectDomainName": "EC2AMAZ-DMS53EU",
      "SubjectLogonId": "0x3abe71",
      "Status": "0x0",
      "ProcessId": "0x102c",
      "ProcessName": "C:\\Windows\\System32\\wevtutil.exe"
    }
  }
}
Record 234838
{
  "Event": {
    "#attributes": {
      "xmlns": "http://schemas.microsoft.com/win/2004/08/events/event"
    },
    "System": {
      "Provider": {
        "#attributes": {
          "Name": "Microsoft-Windows-Security-Auditing",
          "Guid": "54849625-5478-4994-A5BA-3E3B0328C30D"
        }
      },
      "EventID": 4689,
      "Version": 0,
      "Level": 0,
      "Task": 13313,
      "Opcode": 0,
      "Keywords": "0x8020000000000000",
      "TimeCreated": {
        "#attributes": {
          "SystemTime": "2024-10-01T20:23:06.776577Z"
        }
      },
      "EventRecordID": 234838,
      "Correlation": null,
      "Execution": {
        "#attributes": {
          "ProcessID": 4,
          "ThreadID": 6540
        }
      },
      "Channel": "Security",
      "Computer": "EC2AMAZ-DMS53EU",
      "Security": null
    },
    "EventData": {
      "SubjectUserSid": "S-1-5-21-1315585081-1223704089-1502122752-500",
      "SubjectUserName": "Administrator",
      "SubjectDomainName": "EC2AMAZ-DMS53EU",
      "SubjectLogonId": "0x3abe71",
      "Status": "0x0",
      "ProcessId": "0xcc",
      "ProcessName": "C:\\Windows\\System32\\conhost.exe"
    }
  }
}
Record 234839
{
  "Event": {
    "#attributes": {
      "xmlns": "http://schemas.microsoft.com/win/2004/08/events/event"
    },
    "System": {
      "Provider": {
        "#attributes": {
          "Name": "Microsoft-Windows-Security-Auditing",
          "Guid": "54849625-5478-4994-A5BA-3E3B0328C30D"
        }
      },
      "EventID": 4688,
      "Version": 2,
      "Level": 0,
      "Task": 13312,
      "Opcode": 0,
      "Keywords": "0x8020000000000000",
      "TimeCreated": {
        "#attributes": {
          "SystemTime": "2024-10-01T20:23:06.778779Z"
        }
      },
      "EventRecordID": 234839,
      "Correlation": null,
      "Execution": {
        "#attributes": {
          "ProcessID": 4,
          "ThreadID": 6540
        }
      },
      "Channel": "Security",
      "Computer": "EC2AMAZ-DMS53EU",
      "Security": null
    },
    "EventData": {
      "SubjectUserSid": "S-1-5-21-1315585081-1223704089-1502122752-500",
      "SubjectUserName": "Administrator",
      "SubjectDomainName": "EC2AMAZ-DMS53EU",
      "SubjectLogonId": "0x3abe71",
      "NewProcessId": "0xc04",
      "NewProcessName": "C:\\Windows\\System32\\wevtutil.exe",
      "TokenElevationType": "%%1936",
      "ProcessId": "0x1b48",
      "CommandLine": "\"C:\\Windows\\system32\\wevtutil.exe\" cl SystemEventsBroker",
      "TargetUserSid": "S-1-0-0",
      "TargetUserName": "-",
      "TargetDomainName": "-",
      "TargetLogonId": "0x0",
      "ParentProcessName": "C:\\Windows\\System32\\wsmprovhost.exe",
      "MandatoryLabel": "S-1-16-12288"
    }
  }
}
Record 234840
{
  "Event": {
    "#attributes": {
      "xmlns": "http://schemas.microsoft.com/win/2004/08/events/event"
    },
    "System": {
      "Provider": {
        "#attributes": {
          "Name": "Microsoft-Windows-Security-Auditing",
          "Guid": "54849625-5478-4994-A5BA-3E3B0328C30D"
        }
      },
      "EventID": 4688,
      "Version": 2,
      "Level": 0,
      "Task": 13312,
      "Opcode": 0,
      "Keywords": "0x8020000000000000",
      "TimeCreated": {
        "#attributes": {
          "SystemTime": "2024-10-01T20:23:06.781537Z"
        }
      },
      "EventRecordID": 234840,
      "Correlation": null,
      "Execution": {
        "#attributes": {
          "ProcessID": 4,
          "ThreadID": 6540
        }
      },
      "Channel": "Security",
      "Computer": "EC2AMAZ-DMS53EU",
      "Security": null
    },
    "EventData": {
      "SubjectUserSid": "S-1-5-21-1315585081-1223704089-1502122752-500",
      "SubjectUserName": "Administrator",
      "SubjectDomainName": "EC2AMAZ-DMS53EU",
      "SubjectLogonId": "0x3abe71",
      "NewProcessId": "0xb4c",
      "NewProcessName": "C:\\Windows\\System32\\conhost.exe",
      "TokenElevationType": "%%1936",
      "ProcessId": "0xc04",
      "CommandLine": "\\??\\C:\\Windows\\system32\\conhost.exe 0xffffffff -ForceV1",
      "TargetUserSid": "S-1-0-0",
      "TargetUserName": "-",
      "TargetDomainName": "-",
      "TargetLogonId": "0x0",
      "ParentProcessName": "C:\\Windows\\System32\\wevtutil.exe",
      "MandatoryLabel": "S-1-16-12288"
    }
  }
}
Record 234841
{
  "Event": {
    "#attributes": {
      "xmlns": "http://schemas.microsoft.com/win/2004/08/events/event"
    },
    "System": {
      "Provider": {
        "#attributes": {
          "Name": "Microsoft-Windows-Security-Auditing",
          "Guid": "54849625-5478-4994-A5BA-3E3B0328C30D"
        }
      },
      "EventID": 4703,
      "Version": 0,
      "Level": 0,
      "Task": 13317,
      "Opcode": 0,
      "Keywords": "0x8020000000000000",
      "TimeCreated": {
        "#attributes": {
          "SystemTime": "2024-10-01T20:23:06.808944Z"
        }
      },
      "EventRecordID": 234841,
      "Correlation": null,
      "Execution": {
        "#attributes": {
          "ProcessID": 4,
          "ThreadID": 6540
        }
      },
      "Channel": "Security",
      "Computer": "EC2AMAZ-DMS53EU",
      "Security": null
    },
    "EventData": {
      "SubjectUserSid": "S-1-5-21-1315585081-1223704089-1502122752-500",
      "SubjectUserName": "Administrator",
      "SubjectDomainName": "EC2AMAZ-DMS53EU",
      "SubjectLogonId": "0x3abe71",
      "TargetUserSid": "S-1-0-0",
      "TargetUserName": "Administrator",
      "TargetDomainName": "EC2AMAZ-DMS53EU",
      "TargetLogonId": "0x3abe71",
      "ProcessName": "C:\\Windows\\System32\\wevtutil.exe",
      "ProcessId": "0xc04",
      "EnabledPrivilegeList": "-",
      "DisabledPrivilegeList": "SeBackupPrivilege"
    }
  }
}
Record 234842
{
  "Event": {
    "#attributes": {
      "xmlns": "http://schemas.microsoft.com/win/2004/08/events/event"
    },
    "System": {
      "Provider": {
        "#attributes": {
          "Name": "Microsoft-Windows-Security-Auditing",
          "Guid": "54849625-5478-4994-A5BA-3E3B0328C30D"
        }
      },
      "EventID": 4703,
      "Version": 0,
      "Level": 0,
      "Task": 13317,
      "Opcode": 0,
      "Keywords": "0x8020000000000000",
      "TimeCreated": {
        "#attributes": {
          "SystemTime": "2024-10-01T20:23:06.808950Z"
        }
      },
      "EventRecordID": 234842,
      "Correlation": null,
      "Execution": {
        "#attributes": {
          "ProcessID": 4,
          "ThreadID": 6540
        }
      },
      "Channel": "Security",
      "Computer": "EC2AMAZ-DMS53EU",
      "Security": null
    },
    "EventData": {
      "SubjectUserSid": "S-1-5-21-1315585081-1223704089-1502122752-500",
      "SubjectUserName": "Administrator",
      "SubjectDomainName": "EC2AMAZ-DMS53EU",
      "SubjectLogonId": "0x3abe71",
      "TargetUserSid": "S-1-0-0",
      "TargetUserName": "Administrator",
      "TargetDomainName": "EC2AMAZ-DMS53EU",
      "TargetLogonId": "0x3abe71",
      "ProcessName": "C:\\Windows\\System32\\wevtutil.exe",
      "ProcessId": "0xc04",
      "EnabledPrivilegeList": "-",
      "DisabledPrivilegeList": "SeSecurityPrivilege"
    }
  }
}
Record 234843
{
  "Event": {
    "#attributes": {
      "xmlns": "http://schemas.microsoft.com/win/2004/08/events/event"
    },
    "System": {
      "Provider": {
        "#attributes": {
          "Name": "Microsoft-Windows-Security-Auditing",
          "Guid": "54849625-5478-4994-A5BA-3E3B0328C30D"
        }
      },
      "EventID": 4689,
      "Version": 0,
      "Level": 0,
      "Task": 13313,
      "Opcode": 0,
      "Keywords": "0x8020000000000000",
      "TimeCreated": {
        "#attributes": {
          "SystemTime": "2024-10-01T20:23:06.809773Z"
        }
      },
      "EventRecordID": 234843,
      "Correlation": null,
      "Execution": {
        "#attributes": {
          "ProcessID": 4,
          "ThreadID": 6540
        }
      },
      "Channel": "Security",
      "Computer": "EC2AMAZ-DMS53EU",
      "Security": null
    },
    "EventData": {
      "SubjectUserSid": "S-1-5-21-1315585081-1223704089-1502122752-500",
      "SubjectUserName": "Administrator",
      "SubjectDomainName": "EC2AMAZ-DMS53EU",
      "SubjectLogonId": "0x3abe71",
      "Status": "0x0",
      "ProcessId": "0xc04",
      "ProcessName": "C:\\Windows\\System32\\wevtutil.exe"
    }
  }
}
Record 234844
{
  "Event": {
    "#attributes": {
      "xmlns": "http://schemas.microsoft.com/win/2004/08/events/event"
    },
    "System": {
      "Provider": {
        "#attributes": {
          "Name": "Microsoft-Windows-Security-Auditing",
          "Guid": "54849625-5478-4994-A5BA-3E3B0328C30D"
        }
      },
      "EventID": 4689,
      "Version": 0,
      "Level": 0,
      "Task": 13313,
      "Opcode": 0,
      "Keywords": "0x8020000000000000",
      "TimeCreated": {
        "#attributes": {
          "SystemTime": "2024-10-01T20:23:06.811013Z"
        }
      },
      "EventRecordID": 234844,
      "Correlation": null,
      "Execution": {
        "#attributes": {
          "ProcessID": 4,
          "ThreadID": 1048
        }
      },
      "Channel": "Security",
      "Computer": "EC2AMAZ-DMS53EU",
      "Security": null
    },
    "EventData": {
      "SubjectUserSid": "S-1-5-21-1315585081-1223704089-1502122752-500",
      "SubjectUserName": "Administrator",
      "SubjectDomainName": "EC2AMAZ-DMS53EU",
      "SubjectLogonId": "0x3abe71",
      "Status": "0x0",
      "ProcessId": "0xb4c",
      "ProcessName": "C:\\Windows\\System32\\conhost.exe"
    }
  }
}
Record 234845
{
  "Event": {
    "#attributes": {
      "xmlns": "http://schemas.microsoft.com/win/2004/08/events/event"
    },
    "System": {
      "Provider": {
        "#attributes": {
          "Name": "Microsoft-Windows-Security-Auditing",
          "Guid": "54849625-5478-4994-A5BA-3E3B0328C30D"
        }
      },
      "EventID": 4688,
      "Version": 2,
      "Level": 0,
      "Task": 13312,
      "Opcode": 0,
      "Keywords": "0x8020000000000000",
      "TimeCreated": {
        "#attributes": {
          "SystemTime": "2024-10-01T20:23:06.813335Z"
        }
      },
      "EventRecordID": 234845,
      "Correlation": null,
      "Execution": {
        "#attributes": {
          "ProcessID": 4,
          "ThreadID": 1048
        }
      },
      "Channel": "Security",
      "Computer": "EC2AMAZ-DMS53EU",
      "Security": null
    },
    "EventData": {
      "SubjectUserSid": "S-1-5-21-1315585081-1223704089-1502122752-500",
      "SubjectUserName": "Administrator",
      "SubjectDomainName": "EC2AMAZ-DMS53EU",
      "SubjectLogonId": "0x3abe71",
      "NewProcessId": "0x16a8",
      "NewProcessName": "C:\\Windows\\System32\\wevtutil.exe",
      "TokenElevationType": "%%1936",
      "ProcessId": "0x1b48",
      "CommandLine": "\"C:\\Windows\\system32\\wevtutil.exe\" cl TabletPC_InputPanel_Channel",
      "TargetUserSid": "S-1-0-0",
      "TargetUserName": "-",
      "TargetDomainName": "-",
      "TargetLogonId": "0x0",
      "ParentProcessName": "C:\\Windows\\System32\\wsmprovhost.exe",
      "MandatoryLabel": "S-1-16-12288"
    }
  }
}
Record 234846
{
  "Event": {
    "#attributes": {
      "xmlns": "http://schemas.microsoft.com/win/2004/08/events/event"
    },
    "System": {
      "Provider": {
        "#attributes": {
          "Name": "Microsoft-Windows-Security-Auditing",
          "Guid": "54849625-5478-4994-A5BA-3E3B0328C30D"
        }
      },
      "EventID": 4688,
      "Version": 2,
      "Level": 0,
      "Task": 13312,
      "Opcode": 0,
      "Keywords": "0x8020000000000000",
      "TimeCreated": {
        "#attributes": {
          "SystemTime": "2024-10-01T20:23:06.815797Z"
        }
      },
      "EventRecordID": 234846,
      "Correlation": null,
      "Execution": {
        "#attributes": {
          "ProcessID": 4,
          "ThreadID": 1048
        }
      },
      "Channel": "Security",
      "Computer": "EC2AMAZ-DMS53EU",
      "Security": null
    },
    "EventData": {
      "SubjectUserSid": "S-1-5-21-1315585081-1223704089-1502122752-500",
      "SubjectUserName": "Administrator",
      "SubjectDomainName": "EC2AMAZ-DMS53EU",
      "SubjectLogonId": "0x3abe71",
      "NewProcessId": "0x1b3c",
      "NewProcessName": "C:\\Windows\\System32\\conhost.exe",
      "TokenElevationType": "%%1936",
      "ProcessId": "0x16a8",
      "CommandLine": "\\??\\C:\\Windows\\system32\\conhost.exe 0xffffffff -ForceV1",
      "TargetUserSid": "S-1-0-0",
      "TargetUserName": "-",
      "TargetDomainName": "-",
      "TargetLogonId": "0x0",
      "ParentProcessName": "C:\\Windows\\System32\\wevtutil.exe",
      "MandatoryLabel": "S-1-16-12288"
    }
  }
}
Record 234847
{
  "Event": {
    "#attributes": {
      "xmlns": "http://schemas.microsoft.com/win/2004/08/events/event"
    },
    "System": {
      "Provider": {
        "#attributes": {
          "Name": "Microsoft-Windows-Security-Auditing",
          "Guid": "54849625-5478-4994-A5BA-3E3B0328C30D"
        }
      },
      "EventID": 4703,
      "Version": 0,
      "Level": 0,
      "Task": 13317,
      "Opcode": 0,
      "Keywords": "0x8020000000000000",
      "TimeCreated": {
        "#attributes": {
          "SystemTime": "2024-10-01T20:23:06.849900Z"
        }
      },
      "EventRecordID": 234847,
      "Correlation": null,
      "Execution": {
        "#attributes": {
          "ProcessID": 4,
          "ThreadID": 1048
        }
      },
      "Channel": "Security",
      "Computer": "EC2AMAZ-DMS53EU",
      "Security": null
    },
    "EventData": {
      "SubjectUserSid": "S-1-5-21-1315585081-1223704089-1502122752-500",
      "SubjectUserName": "Administrator",
      "SubjectDomainName": "EC2AMAZ-DMS53EU",
      "SubjectLogonId": "0x3abe71",
      "TargetUserSid": "S-1-0-0",
      "TargetUserName": "Administrator",
      "TargetDomainName": "EC2AMAZ-DMS53EU",
      "TargetLogonId": "0x3abe71",
      "ProcessName": "C:\\Windows\\System32\\wevtutil.exe",
      "ProcessId": "0x16a8",
      "EnabledPrivilegeList": "-",
      "DisabledPrivilegeList": "SeBackupPrivilege"
    }
  }
}
Record 234848
{
  "Event": {
    "#attributes": {
      "xmlns": "http://schemas.microsoft.com/win/2004/08/events/event"
    },
    "System": {
      "Provider": {
        "#attributes": {
          "Name": "Microsoft-Windows-Security-Auditing",
          "Guid": "54849625-5478-4994-A5BA-3E3B0328C30D"
        }
      },
      "EventID": 4703,
      "Version": 0,
      "Level": 0,
      "Task": 13317,
      "Opcode": 0,
      "Keywords": "0x8020000000000000",
      "TimeCreated": {
        "#attributes": {
          "SystemTime": "2024-10-01T20:23:06.849984Z"
        }
      },
      "EventRecordID": 234848,
      "Correlation": null,
      "Execution": {
        "#attributes": {
          "ProcessID": 4,
          "ThreadID": 1048
        }
      },
      "Channel": "Security",
      "Computer": "EC2AMAZ-DMS53EU",
      "Security": null
    },
    "EventData": {
      "SubjectUserSid": "S-1-5-21-1315585081-1223704089-1502122752-500",
      "SubjectUserName": "Administrator",
      "SubjectDomainName": "EC2AMAZ-DMS53EU",
      "SubjectLogonId": "0x3abe71",
      "TargetUserSid": "S-1-0-0",
      "TargetUserName": "Administrator",
      "TargetDomainName": "EC2AMAZ-DMS53EU",
      "TargetLogonId": "0x3abe71",
      "ProcessName": "C:\\Windows\\System32\\wevtutil.exe",
      "ProcessId": "0x16a8",
      "EnabledPrivilegeList": "-",
      "DisabledPrivilegeList": "SeSecurityPrivilege"
    }
  }
}
Record 234849
{
  "Event": {
    "#attributes": {
      "xmlns": "http://schemas.microsoft.com/win/2004/08/events/event"
    },
    "System": {
      "Provider": {
        "#attributes": {
          "Name": "Microsoft-Windows-Security-Auditing",
          "Guid": "54849625-5478-4994-A5BA-3E3B0328C30D"
        }
      },
      "EventID": 4689,
      "Version": 0,
      "Level": 0,
      "Task": 13313,
      "Opcode": 0,
      "Keywords": "0x8020000000000000",
      "TimeCreated": {
        "#attributes": {
          "SystemTime": "2024-10-01T20:23:06.850655Z"
        }
      },
      "EventRecordID": 234849,
      "Correlation": null,
      "Execution": {
        "#attributes": {
          "ProcessID": 4,
          "ThreadID": 1048
        }
      },
      "Channel": "Security",
      "Computer": "EC2AMAZ-DMS53EU",
      "Security": null
    },
    "EventData": {
      "SubjectUserSid": "S-1-5-21-1315585081-1223704089-1502122752-500",
      "SubjectUserName": "Administrator",
      "SubjectDomainName": "EC2AMAZ-DMS53EU",
      "SubjectLogonId": "0x3abe71",
      "Status": "0x0",
      "ProcessId": "0x16a8",
      "ProcessName": "C:\\Windows\\System32\\wevtutil.exe"
    }
  }
}
Record 234850
{
  "Event": {
    "#attributes": {
      "xmlns": "http://schemas.microsoft.com/win/2004/08/events/event"
    },
    "System": {
      "Provider": {
        "#attributes": {
          "Name": "Microsoft-Windows-Security-Auditing",
          "Guid": "54849625-5478-4994-A5BA-3E3B0328C30D"
        }
      },
      "EventID": 4689,
      "Version": 0,
      "Level": 0,
      "Task": 13313,
      "Opcode": 0,
      "Keywords": "0x8020000000000000",
      "TimeCreated": {
        "#attributes": {
          "SystemTime": "2024-10-01T20:23:06.851852Z"
        }
      },
      "EventRecordID": 234850,
      "Correlation": null,
      "Execution": {
        "#attributes": {
          "ProcessID": 4,
          "ThreadID": 1048
        }
      },
      "Channel": "Security",
      "Computer": "EC2AMAZ-DMS53EU",
      "Security": null
    },
    "EventData": {
      "SubjectUserSid": "S-1-5-21-1315585081-1223704089-1502122752-500",
      "SubjectUserName": "Administrator",
      "SubjectDomainName": "EC2AMAZ-DMS53EU",
      "SubjectLogonId": "0x3abe71",
      "Status": "0x0",
      "ProcessId": "0x1b3c",
      "ProcessName": "C:\\Windows\\System32\\conhost.exe"
    }
  }
}
Record 234851
{
  "Event": {
    "#attributes": {
      "xmlns": "http://schemas.microsoft.com/win/2004/08/events/event"
    },
    "System": {
      "Provider": {
        "#attributes": {
          "Name": "Microsoft-Windows-Security-Auditing",
          "Guid": "54849625-5478-4994-A5BA-3E3B0328C30D"
        }
      },
      "EventID": 4688,
      "Version": 2,
      "Level": 0,
      "Task": 13312,
      "Opcode": 0,
      "Keywords": "0x8020000000000000",
      "TimeCreated": {
        "#attributes": {
          "SystemTime": "2024-10-01T20:23:06.854415Z"
        }
      },
      "EventRecordID": 234851,
      "Correlation": null,
      "Execution": {
        "#attributes": {
          "ProcessID": 4,
          "ThreadID": 1048
        }
      },
      "Channel": "Security",
      "Computer": "EC2AMAZ-DMS53EU",
      "Security": null
    },
    "EventData": {
      "SubjectUserSid": "S-1-5-21-1315585081-1223704089-1502122752-500",
      "SubjectUserName": "Administrator",
      "SubjectDomainName": "EC2AMAZ-DMS53EU",
      "SubjectLogonId": "0x3abe71",
      "NewProcessId": "0x164c",
      "NewProcessName": "C:\\Windows\\System32\\wevtutil.exe",
      "TokenElevationType": "%%1936",
      "ProcessId": "0x1b48",
      "CommandLine": "\"C:\\Windows\\system32\\wevtutil.exe\" cl TabletPC_InputPanel_Channel/IHM",
      "TargetUserSid": "S-1-0-0",
      "TargetUserName": "-",
      "TargetDomainName": "-",
      "TargetLogonId": "0x0",
      "ParentProcessName": "C:\\Windows\\System32\\wsmprovhost.exe",
      "MandatoryLabel": "S-1-16-12288"
    }
  }
}
Record 234852
{
  "Event": {
    "#attributes": {
      "xmlns": "http://schemas.microsoft.com/win/2004/08/events/event"
    },
    "System": {
      "Provider": {
        "#attributes": {
          "Name": "Microsoft-Windows-Security-Auditing",
          "Guid": "54849625-5478-4994-A5BA-3E3B0328C30D"
        }
      },
      "EventID": 4688,
      "Version": 2,
      "Level": 0,
      "Task": 13312,
      "Opcode": 0,
      "Keywords": "0x8020000000000000",
      "TimeCreated": {
        "#attributes": {
          "SystemTime": "2024-10-01T20:23:06.857093Z"
        }
      },
      "EventRecordID": 234852,
      "Correlation": null,
      "Execution": {
        "#attributes": {
          "ProcessID": 4,
          "ThreadID": 1048
        }
      },
      "Channel": "Security",
      "Computer": "EC2AMAZ-DMS53EU",
      "Security": null
    },
    "EventData": {
      "SubjectUserSid": "S-1-5-21-1315585081-1223704089-1502122752-500",
      "SubjectUserName": "Administrator",
      "SubjectDomainName": "EC2AMAZ-DMS53EU",
      "SubjectLogonId": "0x3abe71",
      "NewProcessId": "0x10a0",
      "NewProcessName": "C:\\Windows\\System32\\conhost.exe",
      "TokenElevationType": "%%1936",
      "ProcessId": "0x164c",
      "CommandLine": "\\??\\C:\\Windows\\system32\\conhost.exe 0xffffffff -ForceV1",
      "TargetUserSid": "S-1-0-0",
      "TargetUserName": "-",
      "TargetDomainName": "-",
      "TargetLogonId": "0x0",
      "ParentProcessName": "C:\\Windows\\System32\\wevtutil.exe",
      "MandatoryLabel": "S-1-16-12288"
    }
  }
}
Record 234853
{
  "Event": {
    "#attributes": {
      "xmlns": "http://schemas.microsoft.com/win/2004/08/events/event"
    },
    "System": {
      "Provider": {
        "#attributes": {
          "Name": "Microsoft-Windows-Security-Auditing",
          "Guid": "54849625-5478-4994-A5BA-3E3B0328C30D"
        }
      },
      "EventID": 4703,
      "Version": 0,
      "Level": 0,
      "Task": 13317,
      "Opcode": 0,
      "Keywords": "0x8020000000000000",
      "TimeCreated": {
        "#attributes": {
          "SystemTime": "2024-10-01T20:23:06.889886Z"
        }
      },
      "EventRecordID": 234853,
      "Correlation": null,
      "Execution": {
        "#attributes": {
          "ProcessID": 4,
          "ThreadID": 1048
        }
      },
      "Channel": "Security",
      "Computer": "EC2AMAZ-DMS53EU",
      "Security": null
    },
    "EventData": {
      "SubjectUserSid": "S-1-5-21-1315585081-1223704089-1502122752-500",
      "SubjectUserName": "Administrator",
      "SubjectDomainName": "EC2AMAZ-DMS53EU",
      "SubjectLogonId": "0x3abe71",
      "TargetUserSid": "S-1-0-0",
      "TargetUserName": "Administrator",
      "TargetDomainName": "EC2AMAZ-DMS53EU",
      "TargetLogonId": "0x3abe71",
      "ProcessName": "C:\\Windows\\System32\\wevtutil.exe",
      "ProcessId": "0x164c",
      "EnabledPrivilegeList": "-",
      "DisabledPrivilegeList": "SeBackupPrivilege"
    }
  }
}
Record 234854
{
  "Event": {
    "#attributes": {
      "xmlns": "http://schemas.microsoft.com/win/2004/08/events/event"
    },
    "System": {
      "Provider": {
        "#attributes": {
          "Name": "Microsoft-Windows-Security-Auditing",
          "Guid": "54849625-5478-4994-A5BA-3E3B0328C30D"
        }
      },
      "EventID": 4703,
      "Version": 0,
      "Level": 0,
      "Task": 13317,
      "Opcode": 0,
      "Keywords": "0x8020000000000000",
      "TimeCreated": {
        "#attributes": {
          "SystemTime": "2024-10-01T20:23:06.889891Z"
        }
      },
      "EventRecordID": 234854,
      "Correlation": null,
      "Execution": {
        "#attributes": {
          "ProcessID": 4,
          "ThreadID": 1048
        }
      },
      "Channel": "Security",
      "Computer": "EC2AMAZ-DMS53EU",
      "Security": null
    },
    "EventData": {
      "SubjectUserSid": "S-1-5-21-1315585081-1223704089-1502122752-500",
      "SubjectUserName": "Administrator",
      "SubjectDomainName": "EC2AMAZ-DMS53EU",
      "SubjectLogonId": "0x3abe71",
      "TargetUserSid": "S-1-0-0",
      "TargetUserName": "Administrator",
      "TargetDomainName": "EC2AMAZ-DMS53EU",
      "TargetLogonId": "0x3abe71",
      "ProcessName": "C:\\Windows\\System32\\wevtutil.exe",
      "ProcessId": "0x164c",
      "EnabledPrivilegeList": "-",
      "DisabledPrivilegeList": "SeSecurityPrivilege"
    }
  }
}
Record 234855
{
  "Event": {
    "#attributes": {
      "xmlns": "http://schemas.microsoft.com/win/2004/08/events/event"
    },
    "System": {
      "Provider": {
        "#attributes": {
          "Name": "Microsoft-Windows-Security-Auditing",
          "Guid": "54849625-5478-4994-A5BA-3E3B0328C30D"
        }
      },
      "EventID": 4689,
      "Version": 0,
      "Level": 0,
      "Task": 13313,
      "Opcode": 0,
      "Keywords": "0x8020000000000000",
      "TimeCreated": {
        "#attributes": {
          "SystemTime": "2024-10-01T20:23:06.890587Z"
        }
      },
      "EventRecordID": 234855,
      "Correlation": null,
      "Execution": {
        "#attributes": {
          "ProcessID": 4,
          "ThreadID": 1048
        }
      },
      "Channel": "Security",
      "Computer": "EC2AMAZ-DMS53EU",
      "Security": null
    },
    "EventData": {
      "SubjectUserSid": "S-1-5-21-1315585081-1223704089-1502122752-500",
      "SubjectUserName": "Administrator",
      "SubjectDomainName": "EC2AMAZ-DMS53EU",
      "SubjectLogonId": "0x3abe71",
      "Status": "0x0",
      "ProcessId": "0x164c",
      "ProcessName": "C:\\Windows\\System32\\wevtutil.exe"
    }
  }
}
Record 234856
{
  "Event": {
    "#attributes": {
      "xmlns": "http://schemas.microsoft.com/win/2004/08/events/event"
    },
    "System": {
      "Provider": {
        "#attributes": {
          "Name": "Microsoft-Windows-Security-Auditing",
          "Guid": "54849625-5478-4994-A5BA-3E3B0328C30D"
        }
      },
      "EventID": 4689,
      "Version": 0,
      "Level": 0,
      "Task": 13313,
      "Opcode": 0,
      "Keywords": "0x8020000000000000",
      "TimeCreated": {
        "#attributes": {
          "SystemTime": "2024-10-01T20:23:06.891680Z"
        }
      },
      "EventRecordID": 234856,
      "Correlation": null,
      "Execution": {
        "#attributes": {
          "ProcessID": 4,
          "ThreadID": 6540
        }
      },
      "Channel": "Security",
      "Computer": "EC2AMAZ-DMS53EU",
      "Security": null
    },
    "EventData": {
      "SubjectUserSid": "S-1-5-21-1315585081-1223704089-1502122752-500",
      "SubjectUserName": "Administrator",
      "SubjectDomainName": "EC2AMAZ-DMS53EU",
      "SubjectLogonId": "0x3abe71",
      "Status": "0x0",
      "ProcessId": "0x10a0",
      "ProcessName": "C:\\Windows\\System32\\conhost.exe"
    }
  }
}
Record 234857
{
  "Event": {
    "#attributes": {
      "xmlns": "http://schemas.microsoft.com/win/2004/08/events/event"
    },
    "System": {
      "Provider": {
        "#attributes": {
          "Name": "Microsoft-Windows-Security-Auditing",
          "Guid": "54849625-5478-4994-A5BA-3E3B0328C30D"
        }
      },
      "EventID": 4688,
      "Version": 2,
      "Level": 0,
      "Task": 13312,
      "Opcode": 0,
      "Keywords": "0x8020000000000000",
      "TimeCreated": {
        "#attributes": {
          "SystemTime": "2024-10-01T20:23:06.893770Z"
        }
      },
      "EventRecordID": 234857,
      "Correlation": null,
      "Execution": {
        "#attributes": {
          "ProcessID": 4,
          "ThreadID": 6540
        }
      },
      "Channel": "Security",
      "Computer": "EC2AMAZ-DMS53EU",
      "Security": null
    },
    "EventData": {
      "SubjectUserSid": "S-1-5-21-1315585081-1223704089-1502122752-500",
      "SubjectUserName": "Administrator",
      "SubjectDomainName": "EC2AMAZ-DMS53EU",
      "SubjectLogonId": "0x3abe71",
      "NewProcessId": "0xd88",
      "NewProcessName": "C:\\Windows\\System32\\wevtutil.exe",
      "TokenElevationType": "%%1936",
      "ProcessId": "0x1b48",
      "CommandLine": "\"C:\\Windows\\system32\\wevtutil.exe\" cl TimeBroker",
      "TargetUserSid": "S-1-0-0",
      "TargetUserName": "-",
      "TargetDomainName": "-",
      "TargetLogonId": "0x0",
      "ParentProcessName": "C:\\Windows\\System32\\wsmprovhost.exe",
      "MandatoryLabel": "S-1-16-12288"
    }
  }
}
Record 234858
{
  "Event": {
    "#attributes": {
      "xmlns": "http://schemas.microsoft.com/win/2004/08/events/event"
    },
    "System": {
      "Provider": {
        "#attributes": {
          "Name": "Microsoft-Windows-Security-Auditing",
          "Guid": "54849625-5478-4994-A5BA-3E3B0328C30D"
        }
      },
      "EventID": 4688,
      "Version": 2,
      "Level": 0,
      "Task": 13312,
      "Opcode": 0,
      "Keywords": "0x8020000000000000",
      "TimeCreated": {
        "#attributes": {
          "SystemTime": "2024-10-01T20:23:06.896339Z"
        }
      },
      "EventRecordID": 234858,
      "Correlation": null,
      "Execution": {
        "#attributes": {
          "ProcessID": 4,
          "ThreadID": 6540
        }
      },
      "Channel": "Security",
      "Computer": "EC2AMAZ-DMS53EU",
      "Security": null
    },
    "EventData": {
      "SubjectUserSid": "S-1-5-21-1315585081-1223704089-1502122752-500",
      "SubjectUserName": "Administrator",
      "SubjectDomainName": "EC2AMAZ-DMS53EU",
      "SubjectLogonId": "0x3abe71",
      "NewProcessId": "0x1440",
      "NewProcessName": "C:\\Windows\\System32\\conhost.exe",
      "TokenElevationType": "%%1936",
      "ProcessId": "0xd88",
      "CommandLine": "\\??\\C:\\Windows\\system32\\conhost.exe 0xffffffff -ForceV1",
      "TargetUserSid": "S-1-0-0",
      "TargetUserName": "-",
      "TargetDomainName": "-",
      "TargetLogonId": "0x0",
      "ParentProcessName": "C:\\Windows\\System32\\wevtutil.exe",
      "MandatoryLabel": "S-1-16-12288"
    }
  }
}
Record 234859
{
  "Event": {
    "#attributes": {
      "xmlns": "http://schemas.microsoft.com/win/2004/08/events/event"
    },
    "System": {
      "Provider": {
        "#attributes": {
          "Name": "Microsoft-Windows-Security-Auditing",
          "Guid": "54849625-5478-4994-A5BA-3E3B0328C30D"
        }
      },
      "EventID": 4703,
      "Version": 0,
      "Level": 0,
      "Task": 13317,
      "Opcode": 0,
      "Keywords": "0x8020000000000000",
      "TimeCreated": {
        "#attributes": {
          "SystemTime": "2024-10-01T20:23:06.928662Z"
        }
      },
      "EventRecordID": 234859,
      "Correlation": null,
      "Execution": {
        "#attributes": {
          "ProcessID": 4,
          "ThreadID": 6540
        }
      },
      "Channel": "Security",
      "Computer": "EC2AMAZ-DMS53EU",
      "Security": null
    },
    "EventData": {
      "SubjectUserSid": "S-1-5-21-1315585081-1223704089-1502122752-500",
      "SubjectUserName": "Administrator",
      "SubjectDomainName": "EC2AMAZ-DMS53EU",
      "SubjectLogonId": "0x3abe71",
      "TargetUserSid": "S-1-0-0",
      "TargetUserName": "Administrator",
      "TargetDomainName": "EC2AMAZ-DMS53EU",
      "TargetLogonId": "0x3abe71",
      "ProcessName": "C:\\Windows\\System32\\wevtutil.exe",
      "ProcessId": "0xd88",
      "EnabledPrivilegeList": "-",
      "DisabledPrivilegeList": "SeBackupPrivilege"
    }
  }
}
Record 234860
{
  "Event": {
    "#attributes": {
      "xmlns": "http://schemas.microsoft.com/win/2004/08/events/event"
    },
    "System": {
      "Provider": {
        "#attributes": {
          "Name": "Microsoft-Windows-Security-Auditing",
          "Guid": "54849625-5478-4994-A5BA-3E3B0328C30D"
        }
      },
      "EventID": 4703,
      "Version": 0,
      "Level": 0,
      "Task": 13317,
      "Opcode": 0,
      "Keywords": "0x8020000000000000",
      "TimeCreated": {
        "#attributes": {
          "SystemTime": "2024-10-01T20:23:06.928669Z"
        }
      },
      "EventRecordID": 234860,
      "Correlation": null,
      "Execution": {
        "#attributes": {
          "ProcessID": 4,
          "ThreadID": 6540
        }
      },
      "Channel": "Security",
      "Computer": "EC2AMAZ-DMS53EU",
      "Security": null
    },
    "EventData": {
      "SubjectUserSid": "S-1-5-21-1315585081-1223704089-1502122752-500",
      "SubjectUserName": "Administrator",
      "SubjectDomainName": "EC2AMAZ-DMS53EU",
      "SubjectLogonId": "0x3abe71",
      "TargetUserSid": "S-1-0-0",
      "TargetUserName": "Administrator",
      "TargetDomainName": "EC2AMAZ-DMS53EU",
      "TargetLogonId": "0x3abe71",
      "ProcessName": "C:\\Windows\\System32\\wevtutil.exe",
      "ProcessId": "0xd88",
      "EnabledPrivilegeList": "-",
      "DisabledPrivilegeList": "SeSecurityPrivilege"
    }
  }
}
