Record 233414
{
  "Event": {
    "#attributes": {
      "xmlns": "http://schemas.microsoft.com/win/2004/08/events/event"
    },
    "System": {
      "Provider": {
        "#attributes": {
          "Name": "Microsoft-Windows-Security-Auditing",
          "Guid": "54849625-5478-4994-A5BA-3E3B0328C30D"
        }
      },
      "EventID": 4776,
      "Version": 0,
      "Level": 0,
      "Task": 14336,
      "Opcode": 0,
      "Keywords": "0x8020000000000000",
      "TimeCreated": {
        "#attributes": {
          "SystemTime": "2024-10-01T20:41:24.854008Z"
        }
      },
      "EventRecordID": 233414,
      "Correlation": {
        "#attributes": {
          "ActivityID": "641A05AA-143A-0001-3606-1A643A14DB01"
        }
      },
      "Execution": {
        "#attributes": {
          "ProcessID": 652,
          "ThreadID": 3316
        }
      },
      "Channel": "Security",
      "Computer": "EC2AMAZ-3NV39E0",
      "Security": null
    },
    "EventData": {
      "PackageName": "MICROSOFT_AUTHENTICATION_PACKAGE_V1_0",
      "TargetUserName": "Craig",
      "Workstation": "",
      "Status": "0x0"
    }
  }
}
Record 233415
{
  "Event": {
    "#attributes": {
      "xmlns": "http://schemas.microsoft.com/win/2004/08/events/event"
    },
    "System": {
      "Provider": {
        "#attributes": {
          "Name": "Microsoft-Windows-Security-Auditing",
          "Guid": "54849625-5478-4994-A5BA-3E3B0328C30D"
        }
      },
      "EventID": 4624,
      "Version": 2,
      "Level": 0,
      "Task": 12544,
      "Opcode": 0,
      "Keywords": "0x8020000000000000",
      "TimeCreated": {
        "#attributes": {
          "SystemTime": "2024-10-01T20:41:24.854176Z"
        }
      },
      "EventRecordID": 233415,
      "Correlation": {
        "#attributes": {
          "ActivityID": "641A05AA-143A-0001-3606-1A643A14DB01"
        }
      },
      "Execution": {
        "#attributes": {
          "ProcessID": 652,
          "ThreadID": 3316
        }
      },
      "Channel": "Security",
      "Computer": "EC2AMAZ-3NV39E0",
      "Security": null
    },
    "EventData": {
      "SubjectUserSid": "S-1-0-0",
      "SubjectUserName": "-",
      "SubjectDomainName": "-",
      "SubjectLogonId": "0x0",
      "TargetUserSid": "S-1-5-21-312379445-3512834713-3133549549-1001",
      "TargetUserName": "Craig",
      "TargetDomainName": "EC2AMAZ-3NV39E0",
      "TargetLogonId": "0x4be719",
      "LogonType": 3,
      "LogonProcessName": "NtLmSsp ",
      "AuthenticationPackageName": "NTLM",
      "WorkstationName": "-",
      "LogonGuid": "00000000-0000-0000-0000-000000000000",
      "TransmittedServices": "-",
      "LmPackageName": "NTLM V2",
      "KeyLength": 128,
      "ProcessId": "0x0",
      "ProcessName": "-",
      "IpAddress": "10.1.1.42",
      "IpPort": "54814",
      "ImpersonationLevel": "%%1833",
      "RestrictedAdminMode": "-",
      "TargetOutboundUserName": "-",
      "TargetOutboundDomainName": "-",
      "VirtualAccount": "%%1843",
      "TargetLinkedLogonId": "0x0",
      "ElevatedToken": "%%1843"
    }
  }
}
Record 233416
{
  "Event": {
    "#attributes": {
      "xmlns": "http://schemas.microsoft.com/win/2004/08/events/event"
    },
    "System": {
      "Provider": {
        "#attributes": {
          "Name": "Microsoft-Windows-Security-Auditing",
          "Guid": "54849625-5478-4994-A5BA-3E3B0328C30D"
        }
      },
      "EventID": 4627,
      "Version": 0,
      "Level": 0,
      "Task": 12554,
      "Opcode": 0,
      "Keywords": "0x8020000000000000",
      "TimeCreated": {
        "#attributes": {
          "SystemTime": "2024-10-01T20:41:24.854198Z"
        }
      },
      "EventRecordID": 233416,
      "Correlation": {
        "#attributes": {
          "ActivityID": "641A05AA-143A-0001-3606-1A643A14DB01"
        }
      },
      "Execution": {
        "#attributes": {
          "ProcessID": 652,
          "ThreadID": 3316
        }
      },
      "Channel": "Security",
      "Computer": "EC2AMAZ-3NV39E0",
      "Security": null
    },
    "EventData": {
      "SubjectUserSid": "S-1-0-0",
      "SubjectUserName": "-",
      "SubjectDomainName": "-",
      "SubjectLogonId": "0x0",
      "TargetUserSid": "S-1-5-21-312379445-3512834713-3133549549-1001",
      "TargetUserName": "Craig",
      "TargetDomainName": "EC2AMAZ-3NV39E0",
      "TargetLogonId": "0x4be719",
      "LogonType": 3,
      "EventIdx": 1,
      "EventCountTotal": 1,
      "GroupMembership": "\r\n\t\t%{S-1-5-21-312379445-3512834713-3133549549-513}\r\n\t\t%{S-1-1-0}\r\n\t\t%{S-1-5-32-545}\r\n\t\t%{S-1-5-2}\r\n\t\t%{S-1-5-11}\r\n\t\t%{S-1-5-15}\r\n\t\t%{S-1-5-113}\r\n\t\t%{S-1-5-64-10}\r\n\t\t%{S-1-16-8192}"
    }
  }
}
Record 233417
{
  "Event": {
    "#attributes": {
      "xmlns": "http://schemas.microsoft.com/win/2004/08/events/event"
    },
    "System": {
      "Provider": {
        "#attributes": {
          "Name": "Microsoft-Windows-Security-Auditing",
          "Guid": "54849625-5478-4994-A5BA-3E3B0328C30D"
        }
      },
      "EventID": 4634,
      "Version": 0,
      "Level": 0,
      "Task": 12545,
      "Opcode": 0,
      "Keywords": "0x8020000000000000",
      "TimeCreated": {
        "#attributes": {
          "SystemTime": "2024-10-01T20:41:24.856692Z"
        }
      },
      "EventRecordID": 233417,
      "Correlation": null,
      "Execution": {
        "#attributes": {
          "ProcessID": 652,
          "ThreadID": 3684
        }
      },
      "Channel": "Security",
      "Computer": "EC2AMAZ-3NV39E0",
      "Security": null
    },
    "EventData": {
      "TargetUserSid": "S-1-5-21-312379445-3512834713-3133549549-1001",
      "TargetUserName": "Craig",
      "TargetDomainName": "EC2AMAZ-3NV39E0",
      "TargetLogonId": "0x4be719",
      "LogonType": 3
    }
  }
}
Record 233418
{
  "Event": {
    "#attributes": {
      "xmlns": "http://schemas.microsoft.com/win/2004/08/events/event"
    },
    "System": {
      "Provider": {
        "#attributes": {
          "Name": "Microsoft-Windows-Security-Auditing",
          "Guid": "54849625-5478-4994-A5BA-3E3B0328C30D"
        }
      },
      "EventID": 4776,
      "Version": 0,
      "Level": 0,
      "Task": 14336,
      "Opcode": 0,
      "Keywords": "0x8020000000000000",
      "TimeCreated": {
        "#attributes": {
          "SystemTime": "2024-10-01T20:41:24.865503Z"
        }
      },
      "EventRecordID": 233418,
      "Correlation": {
        "#attributes": {
          "ActivityID": "641A05AA-143A-0001-3606-1A643A14DB01"
        }
      },
      "Execution": {
        "#attributes": {
          "ProcessID": 652,
          "ThreadID": 3316
        }
      },
      "Channel": "Security",
      "Computer": "EC2AMAZ-3NV39E0",
      "Security": null
    },
    "EventData": {
      "PackageName": "MICROSOFT_AUTHENTICATION_PACKAGE_V1_0",
      "TargetUserName": "Craig",
      "Workstation": "",
      "Status": "0x0"
    }
  }
}
Record 233419
{
  "Event": {
    "#attributes": {
      "xmlns": "http://schemas.microsoft.com/win/2004/08/events/event"
    },
    "System": {
      "Provider": {
        "#attributes": {
          "Name": "Microsoft-Windows-Security-Auditing",
          "Guid": "54849625-5478-4994-A5BA-3E3B0328C30D"
        }
      },
      "EventID": 4624,
      "Version": 2,
      "Level": 0,
      "Task": 12544,
      "Opcode": 0,
      "Keywords": "0x8020000000000000",
      "TimeCreated": {
        "#attributes": {
          "SystemTime": "2024-10-01T20:41:24.865641Z"
        }
      },
      "EventRecordID": 233419,
      "Correlation": {
        "#attributes": {
          "ActivityID": "641A05AA-143A-0001-3606-1A643A14DB01"
        }
      },
      "Execution": {
        "#attributes": {
          "ProcessID": 652,
          "ThreadID": 3316
        }
      },
      "Channel": "Security",
      "Computer": "EC2AMAZ-3NV39E0",
      "Security": null
    },
    "EventData": {
      "SubjectUserSid": "S-1-0-0",
      "SubjectUserName": "-",
      "SubjectDomainName": "-",
      "SubjectLogonId": "0x0",
      "TargetUserSid": "S-1-5-21-312379445-3512834713-3133549549-1001",
      "TargetUserName": "Craig",
      "TargetDomainName": "EC2AMAZ-3NV39E0",
      "TargetLogonId": "0x4be74b",
      "LogonType": 3,
      "LogonProcessName": "NtLmSsp ",
      "AuthenticationPackageName": "NTLM",
      "WorkstationName": "-",
      "LogonGuid": "00000000-0000-0000-0000-000000000000",
      "TransmittedServices": "-",
      "LmPackageName": "NTLM V2",
      "KeyLength": 128,
      "ProcessId": "0x0",
      "ProcessName": "-",
      "IpAddress": "10.1.1.42",
      "IpPort": "54828",
      "ImpersonationLevel": "%%1833",
      "RestrictedAdminMode": "-",
      "TargetOutboundUserName": "-",
      "TargetOutboundDomainName": "-",
      "VirtualAccount": "%%1843",
      "TargetLinkedLogonId": "0x0",
      "ElevatedToken": "%%1843"
    }
  }
}
Record 233420
{
  "Event": {
    "#attributes": {
      "xmlns": "http://schemas.microsoft.com/win/2004/08/events/event"
    },
    "System": {
      "Provider": {
        "#attributes": {
          "Name": "Microsoft-Windows-Security-Auditing",
          "Guid": "54849625-5478-4994-A5BA-3E3B0328C30D"
        }
      },
      "EventID": 4627,
      "Version": 0,
      "Level": 0,
      "Task": 12554,
      "Opcode": 0,
      "Keywords": "0x8020000000000000",
      "TimeCreated": {
        "#attributes": {
          "SystemTime": "2024-10-01T20:41:24.865658Z"
        }
      },
      "EventRecordID": 233420,
      "Correlation": {
        "#attributes": {
          "ActivityID": "641A05AA-143A-0001-3606-1A643A14DB01"
        }
      },
      "Execution": {
        "#attributes": {
          "ProcessID": 652,
          "ThreadID": 3316
        }
      },
      "Channel": "Security",
      "Computer": "EC2AMAZ-3NV39E0",
      "Security": null
    },
    "EventData": {
      "SubjectUserSid": "S-1-0-0",
      "SubjectUserName": "-",
      "SubjectDomainName": "-",
      "SubjectLogonId": "0x0",
      "TargetUserSid": "S-1-5-21-312379445-3512834713-3133549549-1001",
      "TargetUserName": "Craig",
      "TargetDomainName": "EC2AMAZ-3NV39E0",
      "TargetLogonId": "0x4be74b",
      "LogonType": 3,
      "EventIdx": 1,
      "EventCountTotal": 1,
      "GroupMembership": "\r\n\t\t%{S-1-5-21-312379445-3512834713-3133549549-513}\r\n\t\t%{S-1-1-0}\r\n\t\t%{S-1-5-32-545}\r\n\t\t%{S-1-5-2}\r\n\t\t%{S-1-5-11}\r\n\t\t%{S-1-5-15}\r\n\t\t%{S-1-5-113}\r\n\t\t%{S-1-5-64-10}\r\n\t\t%{S-1-16-8192}"
    }
  }
}
Record 233421
{
  "Event": {
    "#attributes": {
      "xmlns": "http://schemas.microsoft.com/win/2004/08/events/event"
    },
    "System": {
      "Provider": {
        "#attributes": {
          "Name": "Microsoft-Windows-Security-Auditing",
          "Guid": "54849625-5478-4994-A5BA-3E3B0328C30D"
        }
      },
      "EventID": 4634,
      "Version": 0,
      "Level": 0,
      "Task": 12545,
      "Opcode": 0,
      "Keywords": "0x8020000000000000",
      "TimeCreated": {
        "#attributes": {
          "SystemTime": "2024-10-01T20:41:24.869478Z"
        }
      },
      "EventRecordID": 233421,
      "Correlation": null,
      "Execution": {
        "#attributes": {
          "ProcessID": 652,
          "ThreadID": 3316
        }
      },
      "Channel": "Security",
      "Computer": "EC2AMAZ-3NV39E0",
      "Security": null
    },
    "EventData": {
      "TargetUserSid": "S-1-5-21-312379445-3512834713-3133549549-1001",
      "TargetUserName": "Craig",
      "TargetDomainName": "EC2AMAZ-3NV39E0",
      "TargetLogonId": "0x4be74b",
      "LogonType": 3
    }
  }
}
Record 233422
{
  "Event": {
    "#attributes": {
      "xmlns": "http://schemas.microsoft.com/win/2004/08/events/event"
    },
    "System": {
      "Provider": {
        "#attributes": {
          "Name": "Microsoft-Windows-Security-Auditing",
          "Guid": "54849625-5478-4994-A5BA-3E3B0328C30D"
        }
      },
      "EventID": 4776,
      "Version": 0,
      "Level": 0,
      "Task": 14336,
      "Opcode": 0,
      "Keywords": "0x8020000000000000",
      "TimeCreated": {
        "#attributes": {
          "SystemTime": "2024-10-01T20:41:34.899642Z"
        }
      },
      "EventRecordID": 233422,
      "Correlation": {
        "#attributes": {
          "ActivityID": "641A05AA-143A-0001-3606-1A643A14DB01"
        }
      },
      "Execution": {
        "#attributes": {
          "ProcessID": 652,
          "ThreadID": 3684
        }
      },
      "Channel": "Security",
      "Computer": "EC2AMAZ-3NV39E0",
      "Security": null
    },
    "EventData": {
      "PackageName": "MICROSOFT_AUTHENTICATION_PACKAGE_V1_0",
      "TargetUserName": "Craig",
      "Workstation": "",
      "Status": "0x0"
    }
  }
}
Record 233423
{
  "Event": {
    "#attributes": {
      "xmlns": "http://schemas.microsoft.com/win/2004/08/events/event"
    },
    "System": {
      "Provider": {
        "#attributes": {
          "Name": "Microsoft-Windows-Security-Auditing",
          "Guid": "54849625-5478-4994-A5BA-3E3B0328C30D"
        }
      },
      "EventID": 4624,
      "Version": 2,
      "Level": 0,
      "Task": 12544,
      "Opcode": 0,
      "Keywords": "0x8020000000000000",
      "TimeCreated": {
        "#attributes": {
          "SystemTime": "2024-10-01T20:41:34.899810Z"
        }
      },
      "EventRecordID": 233423,
      "Correlation": {
        "#attributes": {
          "ActivityID": "641A05AA-143A-0001-3606-1A643A14DB01"
        }
      },
      "Execution": {
        "#attributes": {
          "ProcessID": 652,
          "ThreadID": 3684
        }
      },
      "Channel": "Security",
      "Computer": "EC2AMAZ-3NV39E0",
      "Security": null
    },
    "EventData": {
      "SubjectUserSid": "S-1-0-0",
      "SubjectUserName": "-",
      "SubjectDomainName": "-",
      "SubjectLogonId": "0x0",
      "TargetUserSid": "S-1-5-21-312379445-3512834713-3133549549-1001",
      "TargetUserName": "Craig",
      "TargetDomainName": "EC2AMAZ-3NV39E0",
      "TargetLogonId": "0x4bf77b",
      "LogonType": 3,
      "LogonProcessName": "NtLmSsp ",
      "AuthenticationPackageName": "NTLM",
      "WorkstationName": "-",
      "LogonGuid": "00000000-0000-0000-0000-000000000000",
      "TransmittedServices": "-",
      "LmPackageName": "NTLM V2",
      "KeyLength": 128,
      "ProcessId": "0x0",
      "ProcessName": "-",
      "IpAddress": "10.1.1.42",
      "IpPort": "43444",
      "ImpersonationLevel": "%%1833",
      "RestrictedAdminMode": "-",
      "TargetOutboundUserName": "-",
      "TargetOutboundDomainName": "-",
      "VirtualAccount": "%%1843",
      "TargetLinkedLogonId": "0x0",
      "ElevatedToken": "%%1843"
    }
  }
}
Record 233424
{
  "Event": {
    "#attributes": {
      "xmlns": "http://schemas.microsoft.com/win/2004/08/events/event"
    },
    "System": {
      "Provider": {
        "#attributes": {
          "Name": "Microsoft-Windows-Security-Auditing",
          "Guid": "54849625-5478-4994-A5BA-3E3B0328C30D"
        }
      },
      "EventID": 4627,
      "Version": 0,
      "Level": 0,
      "Task": 12554,
      "Opcode": 0,
      "Keywords": "0x8020000000000000",
      "TimeCreated": {
        "#attributes": {
          "SystemTime": "2024-10-01T20:41:34.899831Z"
        }
      },
      "EventRecordID": 233424,
      "Correlation": {
        "#attributes": {
          "ActivityID": "641A05AA-143A-0001-3606-1A643A14DB01"
        }
      },
      "Execution": {
        "#attributes": {
          "ProcessID": 652,
          "ThreadID": 3684
        }
      },
      "Channel": "Security",
      "Computer": "EC2AMAZ-3NV39E0",
      "Security": null
    },
    "EventData": {
      "SubjectUserSid": "S-1-0-0",
      "SubjectUserName": "-",
      "SubjectDomainName": "-",
      "SubjectLogonId": "0x0",
      "TargetUserSid": "S-1-5-21-312379445-3512834713-3133549549-1001",
      "TargetUserName": "Craig",
      "TargetDomainName": "EC2AMAZ-3NV39E0",
      "TargetLogonId": "0x4bf77b",
      "LogonType": 3,
      "EventIdx": 1,
      "EventCountTotal": 1,
      "GroupMembership": "\r\n\t\t%{S-1-5-21-312379445-3512834713-3133549549-513}\r\n\t\t%{S-1-1-0}\r\n\t\t%{S-1-5-32-545}\r\n\t\t%{S-1-5-2}\r\n\t\t%{S-1-5-11}\r\n\t\t%{S-1-5-15}\r\n\t\t%{S-1-5-113}\r\n\t\t%{S-1-5-64-10}\r\n\t\t%{S-1-16-8192}"
    }
  }
}
Record 233425
{
  "Event": {
    "#attributes": {
      "xmlns": "http://schemas.microsoft.com/win/2004/08/events/event"
    },
    "System": {
      "Provider": {
        "#attributes": {
          "Name": "Microsoft-Windows-Security-Auditing",
          "Guid": "54849625-5478-4994-A5BA-3E3B0328C30D"
        }
      },
      "EventID": 4634,
      "Version": 0,
      "Level": 0,
      "Task": 12545,
      "Opcode": 0,
      "Keywords": "0x8020000000000000",
      "TimeCreated": {
        "#attributes": {
          "SystemTime": "2024-10-01T20:41:34.901286Z"
        }
      },
      "EventRecordID": 233425,
      "Correlation": null,
      "Execution": {
        "#attributes": {
          "ProcessID": 652,
          "ThreadID": 3316
        }
      },
      "Channel": "Security",
      "Computer": "EC2AMAZ-3NV39E0",
      "Security": null
    },
    "EventData": {
      "TargetUserSid": "S-1-5-21-312379445-3512834713-3133549549-1001",
      "TargetUserName": "Craig",
      "TargetDomainName": "EC2AMAZ-3NV39E0",
      "TargetLogonId": "0x4bf77b",
      "LogonType": 3
    }
  }
}
Record 233426
{
  "Event": {
    "#attributes": {
      "xmlns": "http://schemas.microsoft.com/win/2004/08/events/event"
    },
    "System": {
      "Provider": {
        "#attributes": {
          "Name": "Microsoft-Windows-Security-Auditing",
          "Guid": "54849625-5478-4994-A5BA-3E3B0328C30D"
        }
      },
      "EventID": 4776,
      "Version": 0,
      "Level": 0,
      "Task": 14336,
      "Opcode": 0,
      "Keywords": "0x8020000000000000",
      "TimeCreated": {
        "#attributes": {
          "SystemTime": "2024-10-01T20:41:44.925580Z"
        }
      },
      "EventRecordID": 233426,
      "Correlation": {
        "#attributes": {
          "ActivityID": "641A05AA-143A-0001-3606-1A643A14DB01"
        }
      },
      "Execution": {
        "#attributes": {
          "ProcessID": 652,
          "ThreadID": 3684
        }
      },
      "Channel": "Security",
      "Computer": "EC2AMAZ-3NV39E0",
      "Security": null
    },
    "EventData": {
      "PackageName": "MICROSOFT_AUTHENTICATION_PACKAGE_V1_0",
      "TargetUserName": "Craig",
      "Workstation": "",
      "Status": "0x0"
    }
  }
}
Record 233427
{
  "Event": {
    "#attributes": {
      "xmlns": "http://schemas.microsoft.com/win/2004/08/events/event"
    },
    "System": {
      "Provider": {
        "#attributes": {
          "Name": "Microsoft-Windows-Security-Auditing",
          "Guid": "54849625-5478-4994-A5BA-3E3B0328C30D"
        }
      },
      "EventID": 4624,
      "Version": 2,
      "Level": 0,
      "Task": 12544,
      "Opcode": 0,
      "Keywords": "0x8020000000000000",
      "TimeCreated": {
        "#attributes": {
          "SystemTime": "2024-10-01T20:41:44.925717Z"
        }
      },
      "EventRecordID": 233427,
      "Correlation": {
        "#attributes": {
          "ActivityID": "641A05AA-143A-0001-3606-1A643A14DB01"
        }
      },
      "Execution": {
        "#attributes": {
          "ProcessID": 652,
          "ThreadID": 3684
        }
      },
      "Channel": "Security",
      "Computer": "EC2AMAZ-3NV39E0",
      "Security": null
    },
    "EventData": {
      "SubjectUserSid": "S-1-0-0",
      "SubjectUserName": "-",
      "SubjectDomainName": "-",
      "SubjectLogonId": "0x0",
      "TargetUserSid": "S-1-5-21-312379445-3512834713-3133549549-1001",
      "TargetUserName": "Craig",
      "TargetDomainName": "EC2AMAZ-3NV39E0",
      "TargetLogonId": "0x4bf7b4",
      "LogonType": 3,
      "LogonProcessName": "NtLmSsp ",
      "AuthenticationPackageName": "NTLM",
      "WorkstationName": "-",
      "LogonGuid": "00000000-0000-0000-0000-000000000000",
      "TransmittedServices": "-",
      "LmPackageName": "NTLM V2",
      "KeyLength": 128,
      "ProcessId": "0x0",
      "ProcessName": "-",
      "IpAddress": "10.1.1.42",
      "IpPort": "52056",
      "ImpersonationLevel": "%%1833",
      "RestrictedAdminMode": "-",
      "TargetOutboundUserName": "-",
      "TargetOutboundDomainName": "-",
      "VirtualAccount": "%%1843",
      "TargetLinkedLogonId": "0x0",
      "ElevatedToken": "%%1843"
    }
  }
}
Record 233428
{
  "Event": {
    "#attributes": {
      "xmlns": "http://schemas.microsoft.com/win/2004/08/events/event"
    },
    "System": {
      "Provider": {
        "#attributes": {
          "Name": "Microsoft-Windows-Security-Auditing",
          "Guid": "54849625-5478-4994-A5BA-3E3B0328C30D"
        }
      },
      "EventID": 4627,
      "Version": 0,
      "Level": 0,
      "Task": 12554,
      "Opcode": 0,
      "Keywords": "0x8020000000000000",
      "TimeCreated": {
        "#attributes": {
          "SystemTime": "2024-10-01T20:41:44.925734Z"
        }
      },
      "EventRecordID": 233428,
      "Correlation": {
        "#attributes": {
          "ActivityID": "641A05AA-143A-0001-3606-1A643A14DB01"
        }
      },
      "Execution": {
        "#attributes": {
          "ProcessID": 652,
          "ThreadID": 3684
        }
      },
      "Channel": "Security",
      "Computer": "EC2AMAZ-3NV39E0",
      "Security": null
    },
    "EventData": {
      "SubjectUserSid": "S-1-0-0",
      "SubjectUserName": "-",
      "SubjectDomainName": "-",
      "SubjectLogonId": "0x0",
      "TargetUserSid": "S-1-5-21-312379445-3512834713-3133549549-1001",
      "TargetUserName": "Craig",
      "TargetDomainName": "EC2AMAZ-3NV39E0",
      "TargetLogonId": "0x4bf7b4",
      "LogonType": 3,
      "EventIdx": 1,
      "EventCountTotal": 1,
      "GroupMembership": "\r\n\t\t%{S-1-5-21-312379445-3512834713-3133549549-513}\r\n\t\t%{S-1-1-0}\r\n\t\t%{S-1-5-32-545}\r\n\t\t%{S-1-5-2}\r\n\t\t%{S-1-5-11}\r\n\t\t%{S-1-5-15}\r\n\t\t%{S-1-5-113}\r\n\t\t%{S-1-5-64-10}\r\n\t\t%{S-1-16-8192}"
    }
  }
}
Record 233429
{
  "Event": {
    "#attributes": {
      "xmlns": "http://schemas.microsoft.com/win/2004/08/events/event"
    },
    "System": {
      "Provider": {
        "#attributes": {
          "Name": "Microsoft-Windows-Security-Auditing",
          "Guid": "54849625-5478-4994-A5BA-3E3B0328C30D"
        }
      },
      "EventID": 4634,
      "Version": 0,
      "Level": 0,
      "Task": 12545,
      "Opcode": 0,
      "Keywords": "0x8020000000000000",
      "TimeCreated": {
        "#attributes": {
          "SystemTime": "2024-10-01T20:41:44.927510Z"
        }
      },
      "EventRecordID": 233429,
      "Correlation": null,
      "Execution": {
        "#attributes": {
          "ProcessID": 652,
          "ThreadID": 3684
        }
      },
      "Channel": "Security",
      "Computer": "EC2AMAZ-3NV39E0",
      "Security": null
    },
    "EventData": {
      "TargetUserSid": "S-1-5-21-312379445-3512834713-3133549549-1001",
      "TargetUserName": "Craig",
      "TargetDomainName": "EC2AMAZ-3NV39E0",
      "TargetLogonId": "0x4bf7b4",
      "LogonType": 3
    }
  }
}
Record 233430
{
  "Event": {
    "#attributes": {
      "xmlns": "http://schemas.microsoft.com/win/2004/08/events/event"
    },
    "System": {
      "Provider": {
        "#attributes": {
          "Name": "Microsoft-Windows-Security-Auditing",
          "Guid": "54849625-5478-4994-A5BA-3E3B0328C30D"
        }
      },
      "EventID": 4776,
      "Version": 0,
      "Level": 0,
      "Task": 14336,
      "Opcode": 0,
      "Keywords": "0x8020000000000000",
      "TimeCreated": {
        "#attributes": {
          "SystemTime": "2024-10-01T20:42:55.681843Z"
        }
      },
      "EventRecordID": 233430,
      "Correlation": {
        "#attributes": {
          "ActivityID": "641A05AA-143A-0001-3606-1A643A14DB01"
        }
      },
      "Execution": {
        "#attributes": {
          "ProcessID": 652,
          "ThreadID": 3316
        }
      },
      "Channel": "Security",
      "Computer": "EC2AMAZ-3NV39E0",
      "Security": null
    },
    "EventData": {
      "PackageName": "MICROSOFT_AUTHENTICATION_PACKAGE_V1_0",
      "TargetUserName": "DeeDee",
      "Workstation": "",
      "Status": "0x0"
    }
  }
}
Record 233431
{
  "Event": {
    "#attributes": {
      "xmlns": "http://schemas.microsoft.com/win/2004/08/events/event"
    },
    "System": {
      "Provider": {
        "#attributes": {
          "Name": "Microsoft-Windows-Security-Auditing",
          "Guid": "54849625-5478-4994-A5BA-3E3B0328C30D"
        }
      },
      "EventID": 4672,
      "Version": 0,
      "Level": 0,
      "Task": 12548,
      "Opcode": 0,
      "Keywords": "0x8020000000000000",
      "TimeCreated": {
        "#attributes": {
          "SystemTime": "2024-10-01T20:42:55.681961Z"
        }
      },
      "EventRecordID": 233431,
      "Correlation": {
        "#attributes": {
          "ActivityID": "641A05AA-143A-0001-3606-1A643A14DB01"
        }
      },
      "Execution": {
        "#attributes": {
          "ProcessID": 652,
          "ThreadID": 3316
        }
      },
      "Channel": "Security",
      "Computer": "EC2AMAZ-3NV39E0",
      "Security": null
    },
    "EventData": {
      "SubjectUserSid": "S-1-5-21-312379445-3512834713-3133549549-1000",
      "SubjectUserName": "DeeDee",
      "SubjectDomainName": "EC2AMAZ-3NV39E0",
      "SubjectLogonId": "0x4c0d86",
      "PrivilegeList": "SeSecurityPrivilege\r\n\t\t\tSeBackupPrivilege\r\n\t\t\tSeRestorePrivilege\r\n\t\t\tSeTakeOwnershipPrivilege\r\n\t\t\tSeDebugPrivilege\r\n\t\t\tSeSystemEnvironmentPrivilege\r\n\t\t\tSeLoadDriverPrivilege\r\n\t\t\tSeImpersonatePrivilege\r\n\t\t\tSeDelegateSessionUserImpersonatePrivilege"
    }
  }
}
Record 233432
{
  "Event": {
    "#attributes": {
      "xmlns": "http://schemas.microsoft.com/win/2004/08/events/event"
    },
    "System": {
      "Provider": {
        "#attributes": {
          "Name": "Microsoft-Windows-Security-Auditing",
          "Guid": "54849625-5478-4994-A5BA-3E3B0328C30D"
        }
      },
      "EventID": 4624,
      "Version": 2,
      "Level": 0,
      "Task": 12544,
      "Opcode": 0,
      "Keywords": "0x8020000000000000",
      "TimeCreated": {
        "#attributes": {
          "SystemTime": "2024-10-01T20:42:55.682019Z"
        }
      },
      "EventRecordID": 233432,
      "Correlation": {
        "#attributes": {
          "ActivityID": "641A05AA-143A-0001-3606-1A643A14DB01"
        }
      },
      "Execution": {
        "#attributes": {
          "ProcessID": 652,
          "ThreadID": 3316
        }
      },
      "Channel": "Security",
      "Computer": "EC2AMAZ-3NV39E0",
      "Security": null
    },
    "EventData": {
      "SubjectUserSid": "S-1-0-0",
      "SubjectUserName": "-",
      "SubjectDomainName": "-",
      "SubjectLogonId": "0x0",
      "TargetUserSid": "S-1-5-21-312379445-3512834713-3133549549-1000",
      "TargetUserName": "DeeDee",
      "TargetDomainName": "EC2AMAZ-3NV39E0",
      "TargetLogonId": "0x4c0d86",
      "LogonType": 3,
      "LogonProcessName": "NtLmSsp ",
      "AuthenticationPackageName": "NTLM",
      "WorkstationName": "-",
      "LogonGuid": "00000000-0000-0000-0000-000000000000",
      "TransmittedServices": "-",
      "LmPackageName": "NTLM V2",
      "KeyLength": 128,
      "ProcessId": "0x0",
      "ProcessName": "-",
      "IpAddress": "10.1.1.42",
      "IpPort": "58628",
      "ImpersonationLevel": "%%1833",
      "RestrictedAdminMode": "-",
      "TargetOutboundUserName": "-",
      "TargetOutboundDomainName": "-",
      "VirtualAccount": "%%1843",
      "TargetLinkedLogonId": "0x0",
      "ElevatedToken": "%%1842"
    }
  }
}
Record 233433
{
  "Event": {
    "#attributes": {
      "xmlns": "http://schemas.microsoft.com/win/2004/08/events/event"
    },
    "System": {
      "Provider": {
        "#attributes": {
          "Name": "Microsoft-Windows-Security-Auditing",
          "Guid": "54849625-5478-4994-A5BA-3E3B0328C30D"
        }
      },
      "EventID": 4627,
      "Version": 0,
      "Level": 0,
      "Task": 12554,
      "Opcode": 0,
      "Keywords": "0x8020000000000000",
      "TimeCreated": {
        "#attributes": {
          "SystemTime": "2024-10-01T20:42:55.682037Z"
        }
      },
      "EventRecordID": 233433,
      "Correlation": {
        "#attributes": {
          "ActivityID": "641A05AA-143A-0001-3606-1A643A14DB01"
        }
      },
      "Execution": {
        "#attributes": {
          "ProcessID": 652,
          "ThreadID": 3316
        }
      },
      "Channel": "Security",
      "Computer": "EC2AMAZ-3NV39E0",
      "Security": null
    },
    "EventData": {
      "SubjectUserSid": "S-1-0-0",
      "SubjectUserName": "-",
      "SubjectDomainName": "-",
      "SubjectLogonId": "0x0",
      "TargetUserSid": "S-1-5-21-312379445-3512834713-3133549549-1000",
      "TargetUserName": "DeeDee",
      "TargetDomainName": "EC2AMAZ-3NV39E0",
      "TargetLogonId": "0x4c0d86",
      "LogonType": 3,
      "EventIdx": 1,
      "EventCountTotal": 1,
      "GroupMembership": "\r\n\t\t%{S-1-5-21-312379445-3512834713-3133549549-513}\r\n\t\t%{S-1-1-0}\r\n\t\t%{S-1-5-114}\r\n\t\t%{S-1-5-32-544}\r\n\t\t%{S-1-5-32-545}\r\n\t\t%{S-1-5-2}\r\n\t\t%{S-1-5-11}\r\n\t\t%{S-1-5-15}\r\n\t\t%{S-1-5-113}\r\n\t\t%{S-1-5-64-10}\r\n\t\t%{S-1-16-12288}"
    }
  }
}
Record 233434
{
  "Event": {
    "#attributes": {
      "xmlns": "http://schemas.microsoft.com/win/2004/08/events/event"
    },
    "System": {
      "Provider": {
        "#attributes": {
          "Name": "Microsoft-Windows-Security-Auditing",
          "Guid": "54849625-5478-4994-A5BA-3E3B0328C30D"
        }
      },
      "EventID": 4634,
      "Version": 0,
      "Level": 0,
      "Task": 12545,
      "Opcode": 0,
      "Keywords": "0x8020000000000000",
      "TimeCreated": {
        "#attributes": {
          "SystemTime": "2024-10-01T20:42:55.683078Z"
        }
      },
      "EventRecordID": 233434,
      "Correlation": null,
      "Execution": {
        "#attributes": {
          "ProcessID": 652,
          "ThreadID": 3316
        }
      },
      "Channel": "Security",
      "Computer": "EC2AMAZ-3NV39E0",
      "Security": null
    },
    "EventData": {
      "TargetUserSid": "S-1-5-21-312379445-3512834713-3133549549-1000",
      "TargetUserName": "DeeDee",
      "TargetDomainName": "EC2AMAZ-3NV39E0",
      "TargetLogonId": "0x463d08",
      "LogonType": 3
    }
  }
}
Record 233435
{
  "Event": {
    "#attributes": {
      "xmlns": "http://schemas.microsoft.com/win/2004/08/events/event"
    },
    "System": {
      "Provider": {
        "#attributes": {
          "Name": "Microsoft-Windows-Security-Auditing",
          "Guid": "54849625-5478-4994-A5BA-3E3B0328C30D"
        }
      },
      "EventID": 4703,
      "Version": 0,
      "Level": 0,
      "Task": 13317,
      "Opcode": 0,
      "Keywords": "0x8020000000000000",
      "TimeCreated": {
        "#attributes": {
          "SystemTime": "2024-10-01T20:42:55.721136Z"
        }
      },
      "EventRecordID": 233435,
      "Correlation": null,
      "Execution": {
        "#attributes": {
          "ProcessID": 4,
          "ThreadID": 304
        }
      },
      "Channel": "Security",
      "Computer": "EC2AMAZ-3NV39E0",
      "Security": null
    },
    "EventData": {
      "SubjectUserSid": "S-1-5-18",
      "SubjectUserName": "EC2AMAZ-3NV39E0$",
      "SubjectDomainName": "WORKGROUP",
      "SubjectLogonId": "0x3e7",
      "TargetUserSid": "S-1-0-0",
      "TargetUserName": "EC2AMAZ-3NV39E0$",
      "TargetDomainName": "WORKGROUP",
      "TargetLogonId": "0x3e7",
      "ProcessName": "C:\\Windows\\System32\\svchost.exe",
      "ProcessId": "0x2f8",
      "EnabledPrivilegeList": "SeBackupPrivilege",
      "DisabledPrivilegeList": "-"
    }
  }
}
Record 233436
{
  "Event": {
    "#attributes": {
      "xmlns": "http://schemas.microsoft.com/win/2004/08/events/event"
    },
    "System": {
      "Provider": {
        "#attributes": {
          "Name": "Microsoft-Windows-Security-Auditing",
          "Guid": "54849625-5478-4994-A5BA-3E3B0328C30D"
        }
      },
      "EventID": 4703,
      "Version": 0,
      "Level": 0,
      "Task": 13317,
      "Opcode": 0,
      "Keywords": "0x8020000000000000",
      "TimeCreated": {
        "#attributes": {
          "SystemTime": "2024-10-01T20:42:55.721143Z"
        }
      },
      "EventRecordID": 233436,
      "Correlation": null,
      "Execution": {
        "#attributes": {
          "ProcessID": 4,
          "ThreadID": 304
        }
      },
      "Channel": "Security",
      "Computer": "EC2AMAZ-3NV39E0",
      "Security": null
    },
    "EventData": {
      "SubjectUserSid": "S-1-5-18",
      "SubjectUserName": "EC2AMAZ-3NV39E0$",
      "SubjectDomainName": "WORKGROUP",
      "SubjectLogonId": "0x3e7",
      "TargetUserSid": "S-1-0-0",
      "TargetUserName": "EC2AMAZ-3NV39E0$",
      "TargetDomainName": "WORKGROUP",
      "TargetLogonId": "0x3e7",
      "ProcessName": "C:\\Windows\\System32\\svchost.exe",
      "ProcessId": "0x2f8",
      "EnabledPrivilegeList": "SeRestorePrivilege",
      "DisabledPrivilegeList": "-"
    }
  }
}
Record 233437
{
  "Event": {
    "#attributes": {
      "xmlns": "http://schemas.microsoft.com/win/2004/08/events/event"
    },
    "System": {
      "Provider": {
        "#attributes": {
          "Name": "Microsoft-Windows-Security-Auditing",
          "Guid": "54849625-5478-4994-A5BA-3E3B0328C30D"
        }
      },
      "EventID": 4703,
      "Version": 0,
      "Level": 0,
      "Task": 13317,
      "Opcode": 0,
      "Keywords": "0x8020000000000000",
      "TimeCreated": {
        "#attributes": {
          "SystemTime": "2024-10-01T20:42:55.721828Z"
        }
      },
      "EventRecordID": 233437,
      "Correlation": null,
      "Execution": {
        "#attributes": {
          "ProcessID": 4,
          "ThreadID": 304
        }
      },
      "Channel": "Security",
      "Computer": "EC2AMAZ-3NV39E0",
      "Security": null
    },
    "EventData": {
      "SubjectUserSid": "S-1-5-18",
      "SubjectUserName": "EC2AMAZ-3NV39E0$",
      "SubjectDomainName": "WORKGROUP",
      "SubjectLogonId": "0x3e7",
      "TargetUserSid": "S-1-0-0",
      "TargetUserName": "EC2AMAZ-3NV39E0$",
      "TargetDomainName": "WORKGROUP",
      "TargetLogonId": "0x3e7",
      "ProcessName": "C:\\Windows\\System32\\svchost.exe",
      "ProcessId": "0x2f8",
      "EnabledPrivilegeList": "-",
      "DisabledPrivilegeList": "SeBackupPrivilege"
    }
  }
}
Record 233438
{
  "Event": {
    "#attributes": {
      "xmlns": "http://schemas.microsoft.com/win/2004/08/events/event"
    },
    "System": {
      "Provider": {
        "#attributes": {
          "Name": "Microsoft-Windows-Security-Auditing",
          "Guid": "54849625-5478-4994-A5BA-3E3B0328C30D"
        }
      },
      "EventID": 4703,
      "Version": 0,
      "Level": 0,
      "Task": 13317,
      "Opcode": 0,
      "Keywords": "0x8020000000000000",
      "TimeCreated": {
        "#attributes": {
          "SystemTime": "2024-10-01T20:42:55.721835Z"
        }
      },
      "EventRecordID": 233438,
      "Correlation": null,
      "Execution": {
        "#attributes": {
          "ProcessID": 4,
          "ThreadID": 304
        }
      },
      "Channel": "Security",
      "Computer": "EC2AMAZ-3NV39E0",
      "Security": null
    },
    "EventData": {
      "SubjectUserSid": "S-1-5-18",
      "SubjectUserName": "EC2AMAZ-3NV39E0$",
      "SubjectDomainName": "WORKGROUP",
      "SubjectLogonId": "0x3e7",
      "TargetUserSid": "S-1-0-0",
      "TargetUserName": "EC2AMAZ-3NV39E0$",
      "TargetDomainName": "WORKGROUP",
      "TargetLogonId": "0x3e7",
      "ProcessName": "C:\\Windows\\System32\\svchost.exe",
      "ProcessId": "0x2f8",
      "EnabledPrivilegeList": "-",
      "DisabledPrivilegeList": "SeRestorePrivilege"
    }
  }
}
Record 233439
{
  "Event": {
    "#attributes": {
      "xmlns": "http://schemas.microsoft.com/win/2004/08/events/event"
    },
    "System": {
      "Provider": {
        "#attributes": {
          "Name": "Microsoft-Windows-Security-Auditing",
          "Guid": "54849625-5478-4994-A5BA-3E3B0328C30D"
        }
      },
      "EventID": 4799,
      "Version": 0,
      "Level": 0,
      "Task": 13826,
      "Opcode": 0,
      "Keywords": "0x8020000000000000",
      "TimeCreated": {
        "#attributes": {
          "SystemTime": "2024-10-01T20:42:55.750125Z"
        }
      },
      "EventRecordID": 233439,
      "Correlation": {
        "#attributes": {
          "ActivityID": "641A05AA-143A-0001-3606-1A643A14DB01"
        }
      },
      "Execution": {
        "#attributes": {
          "ProcessID": 652,
          "ThreadID": 3316
        }
      },
      "Channel": "Security",
      "Computer": "EC2AMAZ-3NV39E0",
      "Security": null
    },
    "EventData": {
      "TargetUserName": "Administrators",
      "TargetDomainName": "Builtin",
      "TargetSid": "S-1-5-32-544",
      "SubjectUserSid": "S-1-5-18",
      "SubjectUserName": "EC2AMAZ-3NV39E0$",
      "SubjectDomainName": "WORKGROUP",
      "SubjectLogonId": "0x3e7",
      "CallerProcessId": "0x480",
      "CallerProcessName": "C:\\Windows\\System32\\svchost.exe"
    }
  }
}
Record 233440
{
  "Event": {
    "#attributes": {
      "xmlns": "http://schemas.microsoft.com/win/2004/08/events/event"
    },
    "System": {
      "Provider": {
        "#attributes": {
          "Name": "Microsoft-Windows-Security-Auditing",
          "Guid": "54849625-5478-4994-A5BA-3E3B0328C30D"
        }
      },
      "EventID": 4688,
      "Version": 2,
      "Level": 0,
      "Task": 13312,
      "Opcode": 0,
      "Keywords": "0x8020000000000000",
      "TimeCreated": {
        "#attributes": {
          "SystemTime": "2024-10-01T20:42:55.752374Z"
        }
      },
      "EventRecordID": 233440,
      "Correlation": null,
      "Execution": {
        "#attributes": {
          "ProcessID": 4,
          "ThreadID": 304
        }
      },
      "Channel": "Security",
      "Computer": "EC2AMAZ-3NV39E0",
      "Security": null
    },
    "EventData": {
      "SubjectUserSid": "S-1-5-18",
      "SubjectUserName": "EC2AMAZ-3NV39E0$",
      "SubjectDomainName": "WORKGROUP",
      "SubjectLogonId": "0x3e7",
      "NewProcessId": "0x1208",
      "NewProcessName": "C:\\Windows\\System32\\wsmprovhost.exe",
      "TokenElevationType": "%%1936",
      "ProcessId": "0x2f8",
      "CommandLine": "C:\\Windows\\system32\\wsmprovhost.exe -Embedding",
      "TargetUserSid": "S-1-0-0",
      "TargetUserName": "DeeDee",
      "TargetDomainName": "EC2AMAZ-3NV39E0",
      "TargetLogonId": "0x4c0d86",
      "ParentProcessName": "C:\\Windows\\System32\\svchost.exe",
      "MandatoryLabel": "S-1-16-12288"
    }
  }
}
Record 233441
{
  "Event": {
    "#attributes": {
      "xmlns": "http://schemas.microsoft.com/win/2004/08/events/event"
    },
    "System": {
      "Provider": {
        "#attributes": {
          "Name": "Microsoft-Windows-Security-Auditing",
          "Guid": "54849625-5478-4994-A5BA-3E3B0328C30D"
        }
      },
      "EventID": 4688,
      "Version": 2,
      "Level": 0,
      "Task": 13312,
      "Opcode": 0,
      "Keywords": "0x8020000000000000",
      "TimeCreated": {
        "#attributes": {
          "SystemTime": "2024-10-01T20:43:08.115774Z"
        }
      },
      "EventRecordID": 233441,
      "Correlation": null,
      "Execution": {
        "#attributes": {
          "ProcessID": 4,
          "ThreadID": 4624
        }
      },
      "Channel": "Security",
      "Computer": "EC2AMAZ-3NV39E0",
      "Security": null
    },
    "EventData": {
      "SubjectUserSid": "S-1-5-21-312379445-3512834713-3133549549-1000",
      "SubjectUserName": "DeeDee",
      "SubjectDomainName": "EC2AMAZ-3NV39E0",
      "SubjectLogonId": "0x4c0d86",
      "NewProcessId": "0xb24",
      "NewProcessName": "C:\\Windows\\System32\\whoami.exe",
      "TokenElevationType": "%%1936",
      "ProcessId": "0x1208",
      "CommandLine": "\"C:\\Windows\\system32\\whoami.exe\" /priv",
      "TargetUserSid": "S-1-0-0",
      "TargetUserName": "-",
      "TargetDomainName": "-",
      "TargetLogonId": "0x0",
      "ParentProcessName": "C:\\Windows\\System32\\wsmprovhost.exe",
      "MandatoryLabel": "S-1-16-12288"
    }
  }
}
Record 233442
{
  "Event": {
    "#attributes": {
      "xmlns": "http://schemas.microsoft.com/win/2004/08/events/event"
    },
    "System": {
      "Provider": {
        "#attributes": {
          "Name": "Microsoft-Windows-Security-Auditing",
          "Guid": "54849625-5478-4994-A5BA-3E3B0328C30D"
        }
      },
      "EventID": 4688,
      "Version": 2,
      "Level": 0,
      "Task": 13312,
      "Opcode": 0,
      "Keywords": "0x8020000000000000",
      "TimeCreated": {
        "#attributes": {
          "SystemTime": "2024-10-01T20:43:08.119375Z"
        }
      },
      "EventRecordID": 233442,
      "Correlation": null,
      "Execution": {
        "#attributes": {
          "ProcessID": 4,
          "ThreadID": 4624
        }
      },
      "Channel": "Security",
      "Computer": "EC2AMAZ-3NV39E0",
      "Security": null
    },
    "EventData": {
      "SubjectUserSid": "S-1-5-21-312379445-3512834713-3133549549-1000",
      "SubjectUserName": "DeeDee",
      "SubjectDomainName": "EC2AMAZ-3NV39E0",
      "SubjectLogonId": "0x4c0d86",
      "NewProcessId": "0x6a4",
      "NewProcessName": "C:\\Windows\\System32\\conhost.exe",
      "TokenElevationType": "%%1936",
      "ProcessId": "0xb24",
      "CommandLine": "\\??\\C:\\Windows\\system32\\conhost.exe 0xffffffff -ForceV1",
      "TargetUserSid": "S-1-0-0",
      "TargetUserName": "-",
      "TargetDomainName": "-",
      "TargetLogonId": "0x0",
      "ParentProcessName": "C:\\Windows\\System32\\whoami.exe",
      "MandatoryLabel": "S-1-16-12288"
    }
  }
}
Record 233443
{
  "Event": {
    "#attributes": {
      "xmlns": "http://schemas.microsoft.com/win/2004/08/events/event"
    },
    "System": {
      "Provider": {
        "#attributes": {
          "Name": "Microsoft-Windows-Security-Auditing",
          "Guid": "54849625-5478-4994-A5BA-3E3B0328C30D"
        }
      },
      "EventID": 4689,
      "Version": 0,
      "Level": 0,
      "Task": 13313,
      "Opcode": 0,
      "Keywords": "0x8020000000000000",
      "TimeCreated": {
        "#attributes": {
          "SystemTime": "2024-10-01T20:43:08.169879Z"
        }
      },
      "EventRecordID": 233443,
      "Correlation": null,
      "Execution": {
        "#attributes": {
          "ProcessID": 4,
          "ThreadID": 4624
        }
      },
      "Channel": "Security",
      "Computer": "EC2AMAZ-3NV39E0",
      "Security": null
    },
    "EventData": {
      "SubjectUserSid": "S-1-5-21-312379445-3512834713-3133549549-1000",
      "SubjectUserName": "DeeDee",
      "SubjectDomainName": "EC2AMAZ-3NV39E0",
      "SubjectLogonId": "0x4c0d86",
      "Status": "0x0",
      "ProcessId": "0xb24",
      "ProcessName": "C:\\Windows\\System32\\whoami.exe"
    }
  }
}
Record 233444
{
  "Event": {
    "#attributes": {
      "xmlns": "http://schemas.microsoft.com/win/2004/08/events/event"
    },
    "System": {
      "Provider": {
        "#attributes": {
          "Name": "Microsoft-Windows-Security-Auditing",
          "Guid": "54849625-5478-4994-A5BA-3E3B0328C30D"
        }
      },
      "EventID": 4689,
      "Version": 0,
      "Level": 0,
      "Task": 13313,
      "Opcode": 0,
      "Keywords": "0x8020000000000000",
      "TimeCreated": {
        "#attributes": {
          "SystemTime": "2024-10-01T20:43:08.172553Z"
        }
      },
      "EventRecordID": 233444,
      "Correlation": null,
      "Execution": {
        "#attributes": {
          "ProcessID": 4,
          "ThreadID": 4624
        }
      },
      "Channel": "Security",
      "Computer": "EC2AMAZ-3NV39E0",
      "Security": null
    },
    "EventData": {
      "SubjectUserSid": "S-1-5-21-312379445-3512834713-3133549549-1000",
      "SubjectUserName": "DeeDee",
      "SubjectDomainName": "EC2AMAZ-3NV39E0",
      "SubjectLogonId": "0x4c0d86",
      "Status": "0x0",
      "ProcessId": "0x6a4",
      "ProcessName": "C:\\Windows\\System32\\conhost.exe"
    }
  }
}
Record 233445
{
  "Event": {
    "#attributes": {
      "xmlns": "http://schemas.microsoft.com/win/2004/08/events/event"
    },
    "System": {
      "Provider": {
        "#attributes": {
          "Name": "Microsoft-Windows-Security-Auditing",
          "Guid": "54849625-5478-4994-A5BA-3E3B0328C30D"
        }
      },
      "EventID": 4688,
      "Version": 2,
      "Level": 0,
      "Task": 13312,
      "Opcode": 0,
      "Keywords": "0x8020000000000000",
      "TimeCreated": {
        "#attributes": {
          "SystemTime": "2024-10-01T20:43:17.694242Z"
        }
      },
      "EventRecordID": 233445,
      "Correlation": null,
      "Execution": {
        "#attributes": {
          "ProcessID": 4,
          "ThreadID": 4624
        }
      },
      "Channel": "Security",
      "Computer": "EC2AMAZ-3NV39E0",
      "Security": null
    },
    "EventData": {
      "SubjectUserSid": "S-1-5-21-312379445-3512834713-3133549549-1000",
      "SubjectUserName": "DeeDee",
      "SubjectDomainName": "EC2AMAZ-3NV39E0",
      "SubjectLogonId": "0x4c0d86",
      "NewProcessId": "0x1804",
      "NewProcessName": "C:\\Windows\\System32\\net.exe",
      "TokenElevationType": "%%1936",
      "ProcessId": "0x1208",
      "CommandLine": "\"C:\\Windows\\system32\\net.exe\" user Administrators",
      "TargetUserSid": "S-1-0-0",
      "TargetUserName": "-",
      "TargetDomainName": "-",
      "TargetLogonId": "0x0",
      "ParentProcessName": "C:\\Windows\\System32\\wsmprovhost.exe",
      "MandatoryLabel": "S-1-16-12288"
    }
  }
}
Record 233446
{
  "Event": {
    "#attributes": {
      "xmlns": "http://schemas.microsoft.com/win/2004/08/events/event"
    },
    "System": {
      "Provider": {
        "#attributes": {
          "Name": "Microsoft-Windows-Security-Auditing",
          "Guid": "54849625-5478-4994-A5BA-3E3B0328C30D"
        }
      },
      "EventID": 4688,
      "Version": 2,
      "Level": 0,
      "Task": 13312,
      "Opcode": 0,
      "Keywords": "0x8020000000000000",
      "TimeCreated": {
        "#attributes": {
          "SystemTime": "2024-10-01T20:43:17.697127Z"
        }
      },
      "EventRecordID": 233446,
      "Correlation": null,
      "Execution": {
        "#attributes": {
          "ProcessID": 4,
          "ThreadID": 4624
        }
      },
      "Channel": "Security",
      "Computer": "EC2AMAZ-3NV39E0",
      "Security": null
    },
    "EventData": {
      "SubjectUserSid": "S-1-5-21-312379445-3512834713-3133549549-1000",
      "SubjectUserName": "DeeDee",
      "SubjectDomainName": "EC2AMAZ-3NV39E0",
      "SubjectLogonId": "0x4c0d86",
      "NewProcessId": "0xb30",
      "NewProcessName": "C:\\Windows\\System32\\conhost.exe",
      "TokenElevationType": "%%1936",
      "ProcessId": "0x1804",
      "CommandLine": "\\??\\C:\\Windows\\system32\\conhost.exe 0xffffffff -ForceV1",
      "TargetUserSid": "S-1-0-0",
      "TargetUserName": "-",
      "TargetDomainName": "-",
      "TargetLogonId": "0x0",
      "ParentProcessName": "C:\\Windows\\System32\\net.exe",
      "MandatoryLabel": "S-1-16-12288"
    }
  }
}
Record 233447
{
  "Event": {
    "#attributes": {
      "xmlns": "http://schemas.microsoft.com/win/2004/08/events/event"
    },
    "System": {
      "Provider": {
        "#attributes": {
          "Name": "Microsoft-Windows-Security-Auditing",
          "Guid": "54849625-5478-4994-A5BA-3E3B0328C30D"
        }
      },
      "EventID": 4688,
      "Version": 2,
      "Level": 0,
      "Task": 13312,
      "Opcode": 0,
      "Keywords": "0x8020000000000000",
      "TimeCreated": {
        "#attributes": {
          "SystemTime": "2024-10-01T20:43:17.726447Z"
        }
      },
      "EventRecordID": 233447,
      "Correlation": null,
      "Execution": {
        "#attributes": {
          "ProcessID": 4,
          "ThreadID": 4624
        }
      },
      "Channel": "Security",
      "Computer": "EC2AMAZ-3NV39E0",
      "Security": null
    },
    "EventData": {
      "SubjectUserSid": "S-1-5-21-312379445-3512834713-3133549549-1000",
      "SubjectUserName": "DeeDee",
      "SubjectDomainName": "EC2AMAZ-3NV39E0",
      "SubjectLogonId": "0x4c0d86",
      "NewProcessId": "0x1320",
      "NewProcessName": "C:\\Windows\\System32\\net1.exe",
      "TokenElevationType": "%%1936",
      "ProcessId": "0x1804",
      "CommandLine": "C:\\Windows\\system32\\net1 user Administrators",
      "TargetUserSid": "S-1-0-0",
      "TargetUserName": "-",
      "TargetDomainName": "-",
      "TargetLogonId": "0x0",
      "ParentProcessName": "C:\\Windows\\System32\\net.exe",
      "MandatoryLabel": "S-1-16-12288"
    }
  }
}
