Record 233104
{
  "Event": {
    "#attributes": {
      "xmlns": "http://schemas.microsoft.com/win/2004/08/events/event"
    },
    "System": {
      "Provider": {
        "#attributes": {
          "Name": "Microsoft-Windows-Security-Auditing",
          "Guid": "54849625-5478-4994-A5BA-3E3B0328C30D"
        }
      },
      "EventID": 4703,
      "Version": 0,
      "Level": 0,
      "Task": 13317,
      "Opcode": 0,
      "Keywords": "0x8020000000000000",
      "TimeCreated": {
        "#attributes": {
          "SystemTime": "2024-10-01T20:26:45.519729Z"
        }
      },
      "EventRecordID": 233104,
      "Correlation": null,
      "Execution": {
        "#attributes": {
          "ProcessID": 4,
          "ThreadID": 404
        }
      },
      "Channel": "Security",
      "Computer": "EC2AMAZ-3NV39E0",
      "Security": null
    },
    "EventData": {
      "SubjectUserSid": "S-1-5-18",
      "SubjectUserName": "EC2AMAZ-3NV39E0$",
      "SubjectDomainName": "WORKGROUP",
      "SubjectLogonId": "0x3e7",
      "TargetUserSid": "S-1-0-0",
      "TargetUserName": "EC2AMAZ-3NV39E0$",
      "TargetDomainName": "WORKGROUP",
      "TargetLogonId": "0x3e7",
      "ProcessName": "C:\\Windows\\System32\\svchost.exe",
      "ProcessId": "0x2f8",
      "EnabledPrivilegeList": "SeRestorePrivilege",
      "DisabledPrivilegeList": "-"
    }
  }
}
Record 233105
{
  "Event": {
    "#attributes": {
      "xmlns": "http://schemas.microsoft.com/win/2004/08/events/event"
    },
    "System": {
      "Provider": {
        "#attributes": {
          "Name": "Microsoft-Windows-Security-Auditing",
          "Guid": "54849625-5478-4994-A5BA-3E3B0328C30D"
        }
      },
      "EventID": 4703,
      "Version": 0,
      "Level": 0,
      "Task": 13317,
      "Opcode": 0,
      "Keywords": "0x8020000000000000",
      "TimeCreated": {
        "#attributes": {
          "SystemTime": "2024-10-01T20:26:45.519975Z"
        }
      },
      "EventRecordID": 233105,
      "Correlation": null,
      "Execution": {
        "#attributes": {
          "ProcessID": 4,
          "ThreadID": 404
        }
      },
      "Channel": "Security",
      "Computer": "EC2AMAZ-3NV39E0",
      "Security": null
    },
    "EventData": {
      "SubjectUserSid": "S-1-5-18",
      "SubjectUserName": "EC2AMAZ-3NV39E0$",
      "SubjectDomainName": "WORKGROUP",
      "SubjectLogonId": "0x3e7",
      "TargetUserSid": "S-1-0-0",
      "TargetUserName": "EC2AMAZ-3NV39E0$",
      "TargetDomainName": "WORKGROUP",
      "TargetLogonId": "0x3e7",
      "ProcessName": "C:\\Windows\\System32\\svchost.exe",
      "ProcessId": "0x2f8",
      "EnabledPrivilegeList": "-",
      "DisabledPrivilegeList": "SeBackupPrivilege"
    }
  }
}
Record 233106
{
  "Event": {
    "#attributes": {
      "xmlns": "http://schemas.microsoft.com/win/2004/08/events/event"
    },
    "System": {
      "Provider": {
        "#attributes": {
          "Name": "Microsoft-Windows-Security-Auditing",
          "Guid": "54849625-5478-4994-A5BA-3E3B0328C30D"
        }
      },
      "EventID": 4703,
      "Version": 0,
      "Level": 0,
      "Task": 13317,
      "Opcode": 0,
      "Keywords": "0x8020000000000000",
      "TimeCreated": {
        "#attributes": {
          "SystemTime": "2024-10-01T20:26:45.519979Z"
        }
      },
      "EventRecordID": 233106,
      "Correlation": null,
      "Execution": {
        "#attributes": {
          "ProcessID": 4,
          "ThreadID": 404
        }
      },
      "Channel": "Security",
      "Computer": "EC2AMAZ-3NV39E0",
      "Security": null
    },
    "EventData": {
      "SubjectUserSid": "S-1-5-18",
      "SubjectUserName": "EC2AMAZ-3NV39E0$",
      "SubjectDomainName": "WORKGROUP",
      "SubjectLogonId": "0x3e7",
      "TargetUserSid": "S-1-0-0",
      "TargetUserName": "EC2AMAZ-3NV39E0$",
      "TargetDomainName": "WORKGROUP",
      "TargetLogonId": "0x3e7",
      "ProcessName": "C:\\Windows\\System32\\svchost.exe",
      "ProcessId": "0x2f8",
      "EnabledPrivilegeList": "-",
      "DisabledPrivilegeList": "SeRestorePrivilege"
    }
  }
}
Record 233107
{
  "Event": {
    "#attributes": {
      "xmlns": "http://schemas.microsoft.com/win/2004/08/events/event"
    },
    "System": {
      "Provider": {
        "#attributes": {
          "Name": "Microsoft-Windows-Security-Auditing",
          "Guid": "54849625-5478-4994-A5BA-3E3B0328C30D"
        }
      },
      "EventID": 4688,
      "Version": 2,
      "Level": 0,
      "Task": 13312,
      "Opcode": 0,
      "Keywords": "0x8020000000000000",
      "TimeCreated": {
        "#attributes": {
          "SystemTime": "2024-10-01T20:26:47.851475Z"
        }
      },
      "EventRecordID": 233107,
      "Correlation": null,
      "Execution": {
        "#attributes": {
          "ProcessID": 4,
          "ThreadID": 404
        }
      },
      "Channel": "Security",
      "Computer": "EC2AMAZ-3NV39E0",
      "Security": null
    },
    "EventData": {
      "SubjectUserSid": "S-1-5-18",
      "SubjectUserName": "EC2AMAZ-3NV39E0$",
      "SubjectDomainName": "WORKGROUP",
      "SubjectLogonId": "0x3e7",
      "NewProcessId": "0x1bf0",
      "NewProcessName": "C:\\Windows\\System32\\dllhost.exe",
      "TokenElevationType": "%%1936",
      "ProcessId": "0x2f8",
      "CommandLine": "C:\\Windows\\system32\\DllHost.exe /Processid:{E10F6C3A-F1AE-4ADC-AA9D-2FE65525666E}",
      "TargetUserSid": "S-1-0-0",
      "TargetUserName": "-",
      "TargetDomainName": "-",
      "TargetLogonId": "0x0",
      "ParentProcessName": "C:\\Windows\\System32\\svchost.exe",
      "MandatoryLabel": "S-1-16-16384"
    }
  }
}
Record 233108
{
  "Event": {
    "#attributes": {
      "xmlns": "http://schemas.microsoft.com/win/2004/08/events/event"
    },
    "System": {
      "Provider": {
        "#attributes": {
          "Name": "Microsoft-Windows-Security-Auditing",
          "Guid": "54849625-5478-4994-A5BA-3E3B0328C30D"
        }
      },
      "EventID": 4703,
      "Version": 0,
      "Level": 0,
      "Task": 13317,
      "Opcode": 0,
      "Keywords": "0x8020000000000000",
      "TimeCreated": {
        "#attributes": {
          "SystemTime": "2024-10-01T20:26:47.874625Z"
        }
      },
      "EventRecordID": 233108,
      "Correlation": null,
      "Execution": {
        "#attributes": {
          "ProcessID": 4,
          "ThreadID": 404
        }
      },
      "Channel": "Security",
      "Computer": "EC2AMAZ-3NV39E0",
      "Security": null
    },
    "EventData": {
      "SubjectUserSid": "S-1-5-18",
      "SubjectUserName": "EC2AMAZ-3NV39E0$",
      "SubjectDomainName": "WORKGROUP",
      "SubjectLogonId": "0x3e7",
      "TargetUserSid": "S-1-0-0",
      "TargetUserName": "EC2AMAZ-3NV39E0$",
      "TargetDomainName": "WORKGROUP",
      "TargetLogonId": "0x3e7",
      "ProcessName": "C:\\Windows\\System32\\dllhost.exe",
      "ProcessId": "0x1bf0",
      "EnabledPrivilegeList": "SeTakeOwnershipPrivilege",
      "DisabledPrivilegeList": "-"
    }
  }
}
Record 233109
{
  "Event": {
    "#attributes": {
      "xmlns": "http://schemas.microsoft.com/win/2004/08/events/event"
    },
    "System": {
      "Provider": {
        "#attributes": {
          "Name": "Microsoft-Windows-Security-Auditing",
          "Guid": "54849625-5478-4994-A5BA-3E3B0328C30D"
        }
      },
      "EventID": 4703,
      "Version": 0,
      "Level": 0,
      "Task": 13317,
      "Opcode": 0,
      "Keywords": "0x8020000000000000",
      "TimeCreated": {
        "#attributes": {
          "SystemTime": "2024-10-01T20:26:47.874739Z"
        }
      },
      "EventRecordID": 233109,
      "Correlation": null,
      "Execution": {
        "#attributes": {
          "ProcessID": 4,
          "ThreadID": 404
        }
      },
      "Channel": "Security",
      "Computer": "EC2AMAZ-3NV39E0",
      "Security": null
    },
    "EventData": {
      "SubjectUserSid": "S-1-5-18",
      "SubjectUserName": "EC2AMAZ-3NV39E0$",
      "SubjectDomainName": "WORKGROUP",
      "SubjectLogonId": "0x3e7",
      "TargetUserSid": "S-1-0-0",
      "TargetUserName": "EC2AMAZ-3NV39E0$",
      "TargetDomainName": "WORKGROUP",
      "TargetLogonId": "0x3e7",
      "ProcessName": "C:\\Windows\\System32\\dllhost.exe",
      "ProcessId": "0x1bf0",
      "EnabledPrivilegeList": "-",
      "DisabledPrivilegeList": "SeTakeOwnershipPrivilege"
    }
  }
}
Record 233110
{
  "Event": {
    "#attributes": {
      "xmlns": "http://schemas.microsoft.com/win/2004/08/events/event"
    },
    "System": {
      "Provider": {
        "#attributes": {
          "Name": "Microsoft-Windows-Security-Auditing",
          "Guid": "54849625-5478-4994-A5BA-3E3B0328C30D"
        }
      },
      "EventID": 4703,
      "Version": 0,
      "Level": 0,
      "Task": 13317,
      "Opcode": 0,
      "Keywords": "0x8020000000000000",
      "TimeCreated": {
        "#attributes": {
          "SystemTime": "2024-10-01T20:26:47.874902Z"
        }
      },
      "EventRecordID": 233110,
      "Correlation": null,
      "Execution": {
        "#attributes": {
          "ProcessID": 4,
          "ThreadID": 404
        }
      },
      "Channel": "Security",
      "Computer": "EC2AMAZ-3NV39E0",
      "Security": null
    },
    "EventData": {
      "SubjectUserSid": "S-1-5-18",
      "SubjectUserName": "EC2AMAZ-3NV39E0$",
      "SubjectDomainName": "WORKGROUP",
      "SubjectLogonId": "0x3e7",
      "TargetUserSid": "S-1-0-0",
      "TargetUserName": "EC2AMAZ-3NV39E0$",
      "TargetDomainName": "WORKGROUP",
      "TargetLogonId": "0x3e7",
      "ProcessName": "C:\\Windows\\System32\\dllhost.exe",
      "ProcessId": "0x1bf0",
      "EnabledPrivilegeList": "SeTakeOwnershipPrivilege",
      "DisabledPrivilegeList": "-"
    }
  }
}
Record 233111
{
  "Event": {
    "#attributes": {
      "xmlns": "http://schemas.microsoft.com/win/2004/08/events/event"
    },
    "System": {
      "Provider": {
        "#attributes": {
          "Name": "Microsoft-Windows-Security-Auditing",
          "Guid": "54849625-5478-4994-A5BA-3E3B0328C30D"
        }
      },
      "EventID": 4703,
      "Version": 0,
      "Level": 0,
      "Task": 13317,
      "Opcode": 0,
      "Keywords": "0x8020000000000000",
      "TimeCreated": {
        "#attributes": {
          "SystemTime": "2024-10-01T20:26:47.874934Z"
        }
      },
      "EventRecordID": 233111,
      "Correlation": null,
      "Execution": {
        "#attributes": {
          "ProcessID": 4,
          "ThreadID": 404
        }
      },
      "Channel": "Security",
      "Computer": "EC2AMAZ-3NV39E0",
      "Security": null
    },
    "EventData": {
      "SubjectUserSid": "S-1-5-18",
      "SubjectUserName": "EC2AMAZ-3NV39E0$",
      "SubjectDomainName": "WORKGROUP",
      "SubjectLogonId": "0x3e7",
      "TargetUserSid": "S-1-0-0",
      "TargetUserName": "EC2AMAZ-3NV39E0$",
      "TargetDomainName": "WORKGROUP",
      "TargetLogonId": "0x3e7",
      "ProcessName": "C:\\Windows\\System32\\dllhost.exe",
      "ProcessId": "0x1bf0",
      "EnabledPrivilegeList": "-",
      "DisabledPrivilegeList": "SeTakeOwnershipPrivilege"
    }
  }
}
Record 233112
{
  "Event": {
    "#attributes": {
      "xmlns": "http://schemas.microsoft.com/win/2004/08/events/event"
    },
    "System": {
      "Provider": {
        "#attributes": {
          "Name": "Microsoft-Windows-Security-Auditing",
          "Guid": "54849625-5478-4994-A5BA-3E3B0328C30D"
        }
      },
      "EventID": 4703,
      "Version": 0,
      "Level": 0,
      "Task": 13317,
      "Opcode": 0,
      "Keywords": "0x8020000000000000",
      "TimeCreated": {
        "#attributes": {
          "SystemTime": "2024-10-01T20:26:47.874998Z"
        }
      },
      "EventRecordID": 233112,
      "Correlation": null,
      "Execution": {
        "#attributes": {
          "ProcessID": 4,
          "ThreadID": 404
        }
      },
      "Channel": "Security",
      "Computer": "EC2AMAZ-3NV39E0",
      "Security": null
    },
    "EventData": {
      "SubjectUserSid": "S-1-5-18",
      "SubjectUserName": "EC2AMAZ-3NV39E0$",
      "SubjectDomainName": "WORKGROUP",
      "SubjectLogonId": "0x3e7",
      "TargetUserSid": "S-1-0-0",
      "TargetUserName": "EC2AMAZ-3NV39E0$",
      "TargetDomainName": "WORKGROUP",
      "TargetLogonId": "0x3e7",
      "ProcessName": "C:\\Windows\\System32\\dllhost.exe",
      "ProcessId": "0x1bf0",
      "EnabledPrivilegeList": "SeTakeOwnershipPrivilege",
      "DisabledPrivilegeList": "-"
    }
  }
}
Record 233113
{
  "Event": {
    "#attributes": {
      "xmlns": "http://schemas.microsoft.com/win/2004/08/events/event"
    },
    "System": {
      "Provider": {
        "#attributes": {
          "Name": "Microsoft-Windows-Security-Auditing",
          "Guid": "54849625-5478-4994-A5BA-3E3B0328C30D"
        }
      },
      "EventID": 4703,
      "Version": 0,
      "Level": 0,
      "Task": 13317,
      "Opcode": 0,
      "Keywords": "0x8020000000000000",
      "TimeCreated": {
        "#attributes": {
          "SystemTime": "2024-10-01T20:26:47.875032Z"
        }
      },
      "EventRecordID": 233113,
      "Correlation": null,
      "Execution": {
        "#attributes": {
          "ProcessID": 4,
          "ThreadID": 404
        }
      },
      "Channel": "Security",
      "Computer": "EC2AMAZ-3NV39E0",
      "Security": null
    },
    "EventData": {
      "SubjectUserSid": "S-1-5-18",
      "SubjectUserName": "EC2AMAZ-3NV39E0$",
      "SubjectDomainName": "WORKGROUP",
      "SubjectLogonId": "0x3e7",
      "TargetUserSid": "S-1-0-0",
      "TargetUserName": "EC2AMAZ-3NV39E0$",
      "TargetDomainName": "WORKGROUP",
      "TargetLogonId": "0x3e7",
      "ProcessName": "C:\\Windows\\System32\\dllhost.exe",
      "ProcessId": "0x1bf0",
      "EnabledPrivilegeList": "-",
      "DisabledPrivilegeList": "SeTakeOwnershipPrivilege"
    }
  }
}
Record 233114
{
  "Event": {
    "#attributes": {
      "xmlns": "http://schemas.microsoft.com/win/2004/08/events/event"
    },
    "System": {
      "Provider": {
        "#attributes": {
          "Name": "Microsoft-Windows-Security-Auditing",
          "Guid": "54849625-5478-4994-A5BA-3E3B0328C30D"
        }
      },
      "EventID": 4703,
      "Version": 0,
      "Level": 0,
      "Task": 13317,
      "Opcode": 0,
      "Keywords": "0x8020000000000000",
      "TimeCreated": {
        "#attributes": {
          "SystemTime": "2024-10-01T20:26:47.875074Z"
        }
      },
      "EventRecordID": 233114,
      "Correlation": null,
      "Execution": {
        "#attributes": {
          "ProcessID": 4,
          "ThreadID": 404
        }
      },
      "Channel": "Security",
      "Computer": "EC2AMAZ-3NV39E0",
      "Security": null
    },
    "EventData": {
      "SubjectUserSid": "S-1-5-18",
      "SubjectUserName": "EC2AMAZ-3NV39E0$",
      "SubjectDomainName": "WORKGROUP",
      "SubjectLogonId": "0x3e7",
      "TargetUserSid": "S-1-0-0",
      "TargetUserName": "EC2AMAZ-3NV39E0$",
      "TargetDomainName": "WORKGROUP",
      "TargetLogonId": "0x3e7",
      "ProcessName": "C:\\Windows\\System32\\dllhost.exe",
      "ProcessId": "0x1bf0",
      "EnabledPrivilegeList": "SeTakeOwnershipPrivilege",
      "DisabledPrivilegeList": "-"
    }
  }
}
Record 233115
{
  "Event": {
    "#attributes": {
      "xmlns": "http://schemas.microsoft.com/win/2004/08/events/event"
    },
    "System": {
      "Provider": {
        "#attributes": {
          "Name": "Microsoft-Windows-Security-Auditing",
          "Guid": "54849625-5478-4994-A5BA-3E3B0328C30D"
        }
      },
      "EventID": 4703,
      "Version": 0,
      "Level": 0,
      "Task": 13317,
      "Opcode": 0,
      "Keywords": "0x8020000000000000",
      "TimeCreated": {
        "#attributes": {
          "SystemTime": "2024-10-01T20:26:47.875101Z"
        }
      },
      "EventRecordID": 233115,
      "Correlation": null,
      "Execution": {
        "#attributes": {
          "ProcessID": 4,
          "ThreadID": 404
        }
      },
      "Channel": "Security",
      "Computer": "EC2AMAZ-3NV39E0",
      "Security": null
    },
    "EventData": {
      "SubjectUserSid": "S-1-5-18",
      "SubjectUserName": "EC2AMAZ-3NV39E0$",
      "SubjectDomainName": "WORKGROUP",
      "SubjectLogonId": "0x3e7",
      "TargetUserSid": "S-1-0-0",
      "TargetUserName": "EC2AMAZ-3NV39E0$",
      "TargetDomainName": "WORKGROUP",
      "TargetLogonId": "0x3e7",
      "ProcessName": "C:\\Windows\\System32\\dllhost.exe",
      "ProcessId": "0x1bf0",
      "EnabledPrivilegeList": "-",
      "DisabledPrivilegeList": "SeTakeOwnershipPrivilege"
    }
  }
}
Record 233116
{
  "Event": {
    "#attributes": {
      "xmlns": "http://schemas.microsoft.com/win/2004/08/events/event"
    },
    "System": {
      "Provider": {
        "#attributes": {
          "Name": "Microsoft-Windows-Security-Auditing",
          "Guid": "54849625-5478-4994-A5BA-3E3B0328C30D"
        }
      },
      "EventID": 4703,
      "Version": 0,
      "Level": 0,
      "Task": 13317,
      "Opcode": 0,
      "Keywords": "0x8020000000000000",
      "TimeCreated": {
        "#attributes": {
          "SystemTime": "2024-10-01T20:26:47.875189Z"
        }
      },
      "EventRecordID": 233116,
      "Correlation": null,
      "Execution": {
        "#attributes": {
          "ProcessID": 4,
          "ThreadID": 404
        }
      },
      "Channel": "Security",
      "Computer": "EC2AMAZ-3NV39E0",
      "Security": null
    },
    "EventData": {
      "SubjectUserSid": "S-1-5-18",
      "SubjectUserName": "EC2AMAZ-3NV39E0$",
      "SubjectDomainName": "WORKGROUP",
      "SubjectLogonId": "0x3e7",
      "TargetUserSid": "S-1-0-0",
      "TargetUserName": "EC2AMAZ-3NV39E0$",
      "TargetDomainName": "WORKGROUP",
      "TargetLogonId": "0x3e7",
      "ProcessName": "C:\\Windows\\System32\\dllhost.exe",
      "ProcessId": "0x1bf0",
      "EnabledPrivilegeList": "SeTakeOwnershipPrivilege",
      "DisabledPrivilegeList": "-"
    }
  }
}
Record 233117
{
  "Event": {
    "#attributes": {
      "xmlns": "http://schemas.microsoft.com/win/2004/08/events/event"
    },
    "System": {
      "Provider": {
        "#attributes": {
          "Name": "Microsoft-Windows-Security-Auditing",
          "Guid": "54849625-5478-4994-A5BA-3E3B0328C30D"
        }
      },
      "EventID": 4703,
      "Version": 0,
      "Level": 0,
      "Task": 13317,
      "Opcode": 0,
      "Keywords": "0x8020000000000000",
      "TimeCreated": {
        "#attributes": {
          "SystemTime": "2024-10-01T20:26:47.875216Z"
        }
      },
      "EventRecordID": 233117,
      "Correlation": null,
      "Execution": {
        "#attributes": {
          "ProcessID": 4,
          "ThreadID": 404
        }
      },
      "Channel": "Security",
      "Computer": "EC2AMAZ-3NV39E0",
      "Security": null
    },
    "EventData": {
      "SubjectUserSid": "S-1-5-18",
      "SubjectUserName": "EC2AMAZ-3NV39E0$",
      "SubjectDomainName": "WORKGROUP",
      "SubjectLogonId": "0x3e7",
      "TargetUserSid": "S-1-0-0",
      "TargetUserName": "EC2AMAZ-3NV39E0$",
      "TargetDomainName": "WORKGROUP",
      "TargetLogonId": "0x3e7",
      "ProcessName": "C:\\Windows\\System32\\dllhost.exe",
      "ProcessId": "0x1bf0",
      "EnabledPrivilegeList": "-",
      "DisabledPrivilegeList": "SeTakeOwnershipPrivilege"
    }
  }
}
Record 233118
{
  "Event": {
    "#attributes": {
      "xmlns": "http://schemas.microsoft.com/win/2004/08/events/event"
    },
    "System": {
      "Provider": {
        "#attributes": {
          "Name": "Microsoft-Windows-Security-Auditing",
          "Guid": "54849625-5478-4994-A5BA-3E3B0328C30D"
        }
      },
      "EventID": 4703,
      "Version": 0,
      "Level": 0,
      "Task": 13317,
      "Opcode": 0,
      "Keywords": "0x8020000000000000",
      "TimeCreated": {
        "#attributes": {
          "SystemTime": "2024-10-01T20:26:47.875254Z"
        }
      },
      "EventRecordID": 233118,
      "Correlation": null,
      "Execution": {
        "#attributes": {
          "ProcessID": 4,
          "ThreadID": 404
        }
      },
      "Channel": "Security",
      "Computer": "EC2AMAZ-3NV39E0",
      "Security": null
    },
    "EventData": {
      "SubjectUserSid": "S-1-5-18",
      "SubjectUserName": "EC2AMAZ-3NV39E0$",
      "SubjectDomainName": "WORKGROUP",
      "SubjectLogonId": "0x3e7",
      "TargetUserSid": "S-1-0-0",
      "TargetUserName": "EC2AMAZ-3NV39E0$",
      "TargetDomainName": "WORKGROUP",
      "TargetLogonId": "0x3e7",
      "ProcessName": "C:\\Windows\\System32\\dllhost.exe",
      "ProcessId": "0x1bf0",
      "EnabledPrivilegeList": "SeTakeOwnershipPrivilege",
      "DisabledPrivilegeList": "-"
    }
  }
}
Record 233119
{
  "Event": {
    "#attributes": {
      "xmlns": "http://schemas.microsoft.com/win/2004/08/events/event"
    },
    "System": {
      "Provider": {
        "#attributes": {
          "Name": "Microsoft-Windows-Security-Auditing",
          "Guid": "54849625-5478-4994-A5BA-3E3B0328C30D"
        }
      },
      "EventID": 4703,
      "Version": 0,
      "Level": 0,
      "Task": 13317,
      "Opcode": 0,
      "Keywords": "0x8020000000000000",
      "TimeCreated": {
        "#attributes": {
          "SystemTime": "2024-10-01T20:26:47.875283Z"
        }
      },
      "EventRecordID": 233119,
      "Correlation": null,
      "Execution": {
        "#attributes": {
          "ProcessID": 4,
          "ThreadID": 404
        }
      },
      "Channel": "Security",
      "Computer": "EC2AMAZ-3NV39E0",
      "Security": null
    },
    "EventData": {
      "SubjectUserSid": "S-1-5-18",
      "SubjectUserName": "EC2AMAZ-3NV39E0$",
      "SubjectDomainName": "WORKGROUP",
      "SubjectLogonId": "0x3e7",
      "TargetUserSid": "S-1-0-0",
      "TargetUserName": "EC2AMAZ-3NV39E0$",
      "TargetDomainName": "WORKGROUP",
      "TargetLogonId": "0x3e7",
      "ProcessName": "C:\\Windows\\System32\\dllhost.exe",
      "ProcessId": "0x1bf0",
      "EnabledPrivilegeList": "-",
      "DisabledPrivilegeList": "SeTakeOwnershipPrivilege"
    }
  }
}
Record 233120
{
  "Event": {
    "#attributes": {
      "xmlns": "http://schemas.microsoft.com/win/2004/08/events/event"
    },
    "System": {
      "Provider": {
        "#attributes": {
          "Name": "Microsoft-Windows-Security-Auditing",
          "Guid": "54849625-5478-4994-A5BA-3E3B0328C30D"
        }
      },
      "EventID": 4703,
      "Version": 0,
      "Level": 0,
      "Task": 13317,
      "Opcode": 0,
      "Keywords": "0x8020000000000000",
      "TimeCreated": {
        "#attributes": {
          "SystemTime": "2024-10-01T20:26:47.875354Z"
        }
      },
      "EventRecordID": 233120,
      "Correlation": null,
      "Execution": {
        "#attributes": {
          "ProcessID": 4,
          "ThreadID": 404
        }
      },
      "Channel": "Security",
      "Computer": "EC2AMAZ-3NV39E0",
      "Security": null
    },
    "EventData": {
      "SubjectUserSid": "S-1-5-18",
      "SubjectUserName": "EC2AMAZ-3NV39E0$",
      "SubjectDomainName": "WORKGROUP",
      "SubjectLogonId": "0x3e7",
      "TargetUserSid": "S-1-0-0",
      "TargetUserName": "EC2AMAZ-3NV39E0$",
      "TargetDomainName": "WORKGROUP",
      "TargetLogonId": "0x3e7",
      "ProcessName": "C:\\Windows\\System32\\dllhost.exe",
      "ProcessId": "0x1bf0",
      "EnabledPrivilegeList": "SeTakeOwnershipPrivilege",
      "DisabledPrivilegeList": "-"
    }
  }
}
Record 233121
{
  "Event": {
    "#attributes": {
      "xmlns": "http://schemas.microsoft.com/win/2004/08/events/event"
    },
    "System": {
      "Provider": {
        "#attributes": {
          "Name": "Microsoft-Windows-Security-Auditing",
          "Guid": "54849625-5478-4994-A5BA-3E3B0328C30D"
        }
      },
      "EventID": 4703,
      "Version": 0,
      "Level": 0,
      "Task": 13317,
      "Opcode": 0,
      "Keywords": "0x8020000000000000",
      "TimeCreated": {
        "#attributes": {
          "SystemTime": "2024-10-01T20:26:47.875384Z"
        }
      },
      "EventRecordID": 233121,
      "Correlation": null,
      "Execution": {
        "#attributes": {
          "ProcessID": 4,
          "ThreadID": 404
        }
      },
      "Channel": "Security",
      "Computer": "EC2AMAZ-3NV39E0",
      "Security": null
    },
    "EventData": {
      "SubjectUserSid": "S-1-5-18",
      "SubjectUserName": "EC2AMAZ-3NV39E0$",
      "SubjectDomainName": "WORKGROUP",
      "SubjectLogonId": "0x3e7",
      "TargetUserSid": "S-1-0-0",
      "TargetUserName": "EC2AMAZ-3NV39E0$",
      "TargetDomainName": "WORKGROUP",
      "TargetLogonId": "0x3e7",
      "ProcessName": "C:\\Windows\\System32\\dllhost.exe",
      "ProcessId": "0x1bf0",
      "EnabledPrivilegeList": "-",
      "DisabledPrivilegeList": "SeTakeOwnershipPrivilege"
    }
  }
}
Record 233122
{
  "Event": {
    "#attributes": {
      "xmlns": "http://schemas.microsoft.com/win/2004/08/events/event"
    },
    "System": {
      "Provider": {
        "#attributes": {
          "Name": "Microsoft-Windows-Security-Auditing",
          "Guid": "54849625-5478-4994-A5BA-3E3B0328C30D"
        }
      },
      "EventID": 4703,
      "Version": 0,
      "Level": 0,
      "Task": 13317,
      "Opcode": 0,
      "Keywords": "0x8020000000000000",
      "TimeCreated": {
        "#attributes": {
          "SystemTime": "2024-10-01T20:26:47.875425Z"
        }
      },
      "EventRecordID": 233122,
      "Correlation": null,
      "Execution": {
        "#attributes": {
          "ProcessID": 4,
          "ThreadID": 404
        }
      },
      "Channel": "Security",
      "Computer": "EC2AMAZ-3NV39E0",
      "Security": null
    },
    "EventData": {
      "SubjectUserSid": "S-1-5-18",
      "SubjectUserName": "EC2AMAZ-3NV39E0$",
      "SubjectDomainName": "WORKGROUP",
      "SubjectLogonId": "0x3e7",
      "TargetUserSid": "S-1-0-0",
      "TargetUserName": "EC2AMAZ-3NV39E0$",
      "TargetDomainName": "WORKGROUP",
      "TargetLogonId": "0x3e7",
      "ProcessName": "C:\\Windows\\System32\\dllhost.exe",
      "ProcessId": "0x1bf0",
      "EnabledPrivilegeList": "SeTakeOwnershipPrivilege",
      "DisabledPrivilegeList": "-"
    }
  }
}
Record 233123
{
  "Event": {
    "#attributes": {
      "xmlns": "http://schemas.microsoft.com/win/2004/08/events/event"
    },
    "System": {
      "Provider": {
        "#attributes": {
          "Name": "Microsoft-Windows-Security-Auditing",
          "Guid": "54849625-5478-4994-A5BA-3E3B0328C30D"
        }
      },
      "EventID": 4703,
      "Version": 0,
      "Level": 0,
      "Task": 13317,
      "Opcode": 0,
      "Keywords": "0x8020000000000000",
      "TimeCreated": {
        "#attributes": {
          "SystemTime": "2024-10-01T20:26:47.875497Z"
        }
      },
      "EventRecordID": 233123,
      "Correlation": null,
      "Execution": {
        "#attributes": {
          "ProcessID": 4,
          "ThreadID": 404
        }
      },
      "Channel": "Security",
      "Computer": "EC2AMAZ-3NV39E0",
      "Security": null
    },
    "EventData": {
      "SubjectUserSid": "S-1-5-18",
      "SubjectUserName": "EC2AMAZ-3NV39E0$",
      "SubjectDomainName": "WORKGROUP",
      "SubjectLogonId": "0x3e7",
      "TargetUserSid": "S-1-0-0",
      "TargetUserName": "EC2AMAZ-3NV39E0$",
      "TargetDomainName": "WORKGROUP",
      "TargetLogonId": "0x3e7",
      "ProcessName": "C:\\Windows\\System32\\dllhost.exe",
      "ProcessId": "0x1bf0",
      "EnabledPrivilegeList": "-",
      "DisabledPrivilegeList": "SeTakeOwnershipPrivilege"
    }
  }
}
Record 233124
{
  "Event": {
    "#attributes": {
      "xmlns": "http://schemas.microsoft.com/win/2004/08/events/event"
    },
    "System": {
      "Provider": {
        "#attributes": {
          "Name": "Microsoft-Windows-Security-Auditing",
          "Guid": "54849625-5478-4994-A5BA-3E3B0328C30D"
        }
      },
      "EventID": 4703,
      "Version": 0,
      "Level": 0,
      "Task": 13317,
      "Opcode": 0,
      "Keywords": "0x8020000000000000",
      "TimeCreated": {
        "#attributes": {
          "SystemTime": "2024-10-01T20:26:47.875538Z"
        }
      },
      "EventRecordID": 233124,
      "Correlation": null,
      "Execution": {
        "#attributes": {
          "ProcessID": 4,
          "ThreadID": 404
        }
      },
      "Channel": "Security",
      "Computer": "EC2AMAZ-3NV39E0",
      "Security": null
    },
    "EventData": {
      "SubjectUserSid": "S-1-5-18",
      "SubjectUserName": "EC2AMAZ-3NV39E0$",
      "SubjectDomainName": "WORKGROUP",
      "SubjectLogonId": "0x3e7",
      "TargetUserSid": "S-1-0-0",
      "TargetUserName": "EC2AMAZ-3NV39E0$",
      "TargetDomainName": "WORKGROUP",
      "TargetLogonId": "0x3e7",
      "ProcessName": "C:\\Windows\\System32\\dllhost.exe",
      "ProcessId": "0x1bf0",
      "EnabledPrivilegeList": "SeTakeOwnershipPrivilege",
      "DisabledPrivilegeList": "-"
    }
  }
}
Record 233125
{
  "Event": {
    "#attributes": {
      "xmlns": "http://schemas.microsoft.com/win/2004/08/events/event"
    },
    "System": {
      "Provider": {
        "#attributes": {
          "Name": "Microsoft-Windows-Security-Auditing",
          "Guid": "54849625-5478-4994-A5BA-3E3B0328C30D"
        }
      },
      "EventID": 4703,
      "Version": 0,
      "Level": 0,
      "Task": 13317,
      "Opcode": 0,
      "Keywords": "0x8020000000000000",
      "TimeCreated": {
        "#attributes": {
          "SystemTime": "2024-10-01T20:26:47.875570Z"
        }
      },
      "EventRecordID": 233125,
      "Correlation": null,
      "Execution": {
        "#attributes": {
          "ProcessID": 4,
          "ThreadID": 404
        }
      },
      "Channel": "Security",
      "Computer": "EC2AMAZ-3NV39E0",
      "Security": null
    },
    "EventData": {
      "SubjectUserSid": "S-1-5-18",
      "SubjectUserName": "EC2AMAZ-3NV39E0$",
      "SubjectDomainName": "WORKGROUP",
      "SubjectLogonId": "0x3e7",
      "TargetUserSid": "S-1-0-0",
      "TargetUserName": "EC2AMAZ-3NV39E0$",
      "TargetDomainName": "WORKGROUP",
      "TargetLogonId": "0x3e7",
      "ProcessName": "C:\\Windows\\System32\\dllhost.exe",
      "ProcessId": "0x1bf0",
      "EnabledPrivilegeList": "-",
      "DisabledPrivilegeList": "SeTakeOwnershipPrivilege"
    }
  }
}
Record 233126
{
  "Event": {
    "#attributes": {
      "xmlns": "http://schemas.microsoft.com/win/2004/08/events/event"
    },
    "System": {
      "Provider": {
        "#attributes": {
          "Name": "Microsoft-Windows-Security-Auditing",
          "Guid": "54849625-5478-4994-A5BA-3E3B0328C30D"
        }
      },
      "EventID": 4703,
      "Version": 0,
      "Level": 0,
      "Task": 13317,
      "Opcode": 0,
      "Keywords": "0x8020000000000000",
      "TimeCreated": {
        "#attributes": {
          "SystemTime": "2024-10-01T20:26:47.875797Z"
        }
      },
      "EventRecordID": 233126,
      "Correlation": null,
      "Execution": {
        "#attributes": {
          "ProcessID": 4,
          "ThreadID": 404
        }
      },
      "Channel": "Security",
      "Computer": "EC2AMAZ-3NV39E0",
      "Security": null
    },
    "EventData": {
      "SubjectUserSid": "S-1-5-18",
      "SubjectUserName": "EC2AMAZ-3NV39E0$",
      "SubjectDomainName": "WORKGROUP",
      "SubjectLogonId": "0x3e7",
      "TargetUserSid": "S-1-0-0",
      "TargetUserName": "EC2AMAZ-3NV39E0$",
      "TargetDomainName": "WORKGROUP",
      "TargetLogonId": "0x3e7",
      "ProcessName": "C:\\Windows\\System32\\dllhost.exe",
      "ProcessId": "0x1bf0",
      "EnabledPrivilegeList": "SeTakeOwnershipPrivilege",
      "DisabledPrivilegeList": "-"
    }
  }
}
Record 233127
{
  "Event": {
    "#attributes": {
      "xmlns": "http://schemas.microsoft.com/win/2004/08/events/event"
    },
    "System": {
      "Provider": {
        "#attributes": {
          "Name": "Microsoft-Windows-Security-Auditing",
          "Guid": "54849625-5478-4994-A5BA-3E3B0328C30D"
        }
      },
      "EventID": 4703,
      "Version": 0,
      "Level": 0,
      "Task": 13317,
      "Opcode": 0,
      "Keywords": "0x8020000000000000",
      "TimeCreated": {
        "#attributes": {
          "SystemTime": "2024-10-01T20:26:47.875821Z"
        }
      },
      "EventRecordID": 233127,
      "Correlation": null,
      "Execution": {
        "#attributes": {
          "ProcessID": 4,
          "ThreadID": 404
        }
      },
      "Channel": "Security",
      "Computer": "EC2AMAZ-3NV39E0",
      "Security": null
    },
    "EventData": {
      "SubjectUserSid": "S-1-5-18",
      "SubjectUserName": "EC2AMAZ-3NV39E0$",
      "SubjectDomainName": "WORKGROUP",
      "SubjectLogonId": "0x3e7",
      "TargetUserSid": "S-1-0-0",
      "TargetUserName": "EC2AMAZ-3NV39E0$",
      "TargetDomainName": "WORKGROUP",
      "TargetLogonId": "0x3e7",
      "ProcessName": "C:\\Windows\\System32\\dllhost.exe",
      "ProcessId": "0x1bf0",
      "EnabledPrivilegeList": "-",
      "DisabledPrivilegeList": "SeTakeOwnershipPrivilege"
    }
  }
}
Record 233128
{
  "Event": {
    "#attributes": {
      "xmlns": "http://schemas.microsoft.com/win/2004/08/events/event"
    },
    "System": {
      "Provider": {
        "#attributes": {
          "Name": "Microsoft-Windows-Security-Auditing",
          "Guid": "54849625-5478-4994-A5BA-3E3B0328C30D"
        }
      },
      "EventID": 4703,
      "Version": 0,
      "Level": 0,
      "Task": 13317,
      "Opcode": 0,
      "Keywords": "0x8020000000000000",
      "TimeCreated": {
        "#attributes": {
          "SystemTime": "2024-10-01T20:26:47.875859Z"
        }
      },
      "EventRecordID": 233128,
      "Correlation": null,
      "Execution": {
        "#attributes": {
          "ProcessID": 4,
          "ThreadID": 404
        }
      },
      "Channel": "Security",
      "Computer": "EC2AMAZ-3NV39E0",
      "Security": null
    },
    "EventData": {
      "SubjectUserSid": "S-1-5-18",
      "SubjectUserName": "EC2AMAZ-3NV39E0$",
      "SubjectDomainName": "WORKGROUP",
      "SubjectLogonId": "0x3e7",
      "TargetUserSid": "S-1-0-0",
      "TargetUserName": "EC2AMAZ-3NV39E0$",
      "TargetDomainName": "WORKGROUP",
      "TargetLogonId": "0x3e7",
      "ProcessName": "C:\\Windows\\System32\\dllhost.exe",
      "ProcessId": "0x1bf0",
      "EnabledPrivilegeList": "SeTakeOwnershipPrivilege",
      "DisabledPrivilegeList": "-"
    }
  }
}
Record 233129
{
  "Event": {
    "#attributes": {
      "xmlns": "http://schemas.microsoft.com/win/2004/08/events/event"
    },
    "System": {
      "Provider": {
        "#attributes": {
          "Name": "Microsoft-Windows-Security-Auditing",
          "Guid": "54849625-5478-4994-A5BA-3E3B0328C30D"
        }
      },
      "EventID": 4703,
      "Version": 0,
      "Level": 0,
      "Task": 13317,
      "Opcode": 0,
      "Keywords": "0x8020000000000000",
      "TimeCreated": {
        "#attributes": {
          "SystemTime": "2024-10-01T20:26:47.875886Z"
        }
      },
      "EventRecordID": 233129,
      "Correlation": null,
      "Execution": {
        "#attributes": {
          "ProcessID": 4,
          "ThreadID": 404
        }
      },
      "Channel": "Security",
      "Computer": "EC2AMAZ-3NV39E0",
      "Security": null
    },
    "EventData": {
      "SubjectUserSid": "S-1-5-18",
      "SubjectUserName": "EC2AMAZ-3NV39E0$",
      "SubjectDomainName": "WORKGROUP",
      "SubjectLogonId": "0x3e7",
      "TargetUserSid": "S-1-0-0",
      "TargetUserName": "EC2AMAZ-3NV39E0$",
      "TargetDomainName": "WORKGROUP",
      "TargetLogonId": "0x3e7",
      "ProcessName": "C:\\Windows\\System32\\dllhost.exe",
      "ProcessId": "0x1bf0",
      "EnabledPrivilegeList": "-",
      "DisabledPrivilegeList": "SeTakeOwnershipPrivilege"
    }
  }
}
Record 233130
{
  "Event": {
    "#attributes": {
      "xmlns": "http://schemas.microsoft.com/win/2004/08/events/event"
    },
    "System": {
      "Provider": {
        "#attributes": {
          "Name": "Microsoft-Windows-Security-Auditing",
          "Guid": "54849625-5478-4994-A5BA-3E3B0328C30D"
        }
      },
      "EventID": 4703,
      "Version": 0,
      "Level": 0,
      "Task": 13317,
      "Opcode": 0,
      "Keywords": "0x8020000000000000",
      "TimeCreated": {
        "#attributes": {
          "SystemTime": "2024-10-01T20:26:47.875971Z"
        }
      },
      "EventRecordID": 233130,
      "Correlation": null,
      "Execution": {
        "#attributes": {
          "ProcessID": 4,
          "ThreadID": 404
        }
      },
      "Channel": "Security",
      "Computer": "EC2AMAZ-3NV39E0",
      "Security": null
    },
    "EventData": {
      "SubjectUserSid": "S-1-5-18",
      "SubjectUserName": "EC2AMAZ-3NV39E0$",
      "SubjectDomainName": "WORKGROUP",
      "SubjectLogonId": "0x3e7",
      "TargetUserSid": "S-1-0-0",
      "TargetUserName": "EC2AMAZ-3NV39E0$",
      "TargetDomainName": "WORKGROUP",
      "TargetLogonId": "0x3e7",
      "ProcessName": "C:\\Windows\\System32\\dllhost.exe",
      "ProcessId": "0x1bf0",
      "EnabledPrivilegeList": "SeTakeOwnershipPrivilege",
      "DisabledPrivilegeList": "-"
    }
  }
}
Record 233131
{
  "Event": {
    "#attributes": {
      "xmlns": "http://schemas.microsoft.com/win/2004/08/events/event"
    },
    "System": {
      "Provider": {
        "#attributes": {
          "Name": "Microsoft-Windows-Security-Auditing",
          "Guid": "54849625-5478-4994-A5BA-3E3B0328C30D"
        }
      },
      "EventID": 4703,
      "Version": 0,
      "Level": 0,
      "Task": 13317,
      "Opcode": 0,
      "Keywords": "0x8020000000000000",
      "TimeCreated": {
        "#attributes": {
          "SystemTime": "2024-10-01T20:26:47.876002Z"
        }
      },
      "EventRecordID": 233131,
      "Correlation": null,
      "Execution": {
        "#attributes": {
          "ProcessID": 4,
          "ThreadID": 404
        }
      },
      "Channel": "Security",
      "Computer": "EC2AMAZ-3NV39E0",
      "Security": null
    },
    "EventData": {
      "SubjectUserSid": "S-1-5-18",
      "SubjectUserName": "EC2AMAZ-3NV39E0$",
      "SubjectDomainName": "WORKGROUP",
      "SubjectLogonId": "0x3e7",
      "TargetUserSid": "S-1-0-0",
      "TargetUserName": "EC2AMAZ-3NV39E0$",
      "TargetDomainName": "WORKGROUP",
      "TargetLogonId": "0x3e7",
      "ProcessName": "C:\\Windows\\System32\\dllhost.exe",
      "ProcessId": "0x1bf0",
      "EnabledPrivilegeList": "-",
      "DisabledPrivilegeList": "SeTakeOwnershipPrivilege"
    }
  }
}
Record 233132
{
  "Event": {
    "#attributes": {
      "xmlns": "http://schemas.microsoft.com/win/2004/08/events/event"
    },
    "System": {
      "Provider": {
        "#attributes": {
          "Name": "Microsoft-Windows-Security-Auditing",
          "Guid": "54849625-5478-4994-A5BA-3E3B0328C30D"
        }
      },
      "EventID": 4799,
      "Version": 0,
      "Level": 0,
      "Task": 13826,
      "Opcode": 0,
      "Keywords": "0x8020000000000000",
      "TimeCreated": {
        "#attributes": {
          "SystemTime": "2024-10-01T20:26:47.918125Z"
        }
      },
      "EventRecordID": 233132,
      "Correlation": {
        "#attributes": {
          "ActivityID": "641A05AA-143A-0001-3606-1A643A14DB01"
        }
      },
      "Execution": {
        "#attributes": {
          "ProcessID": 652,
          "ThreadID": 3316
        }
      },
      "Channel": "Security",
      "Computer": "EC2AMAZ-3NV39E0",
      "Security": null
    },
    "EventData": {
      "TargetUserName": "Administrators",
      "TargetDomainName": "Builtin",
      "TargetSid": "S-1-5-32-544",
      "SubjectUserSid": "S-1-5-18",
      "SubjectUserName": "EC2AMAZ-3NV39E0$",
      "SubjectDomainName": "WORKGROUP",
      "SubjectLogonId": "0x3e7",
      "CallerProcessId": "0x480",
      "CallerProcessName": "C:\\Windows\\System32\\svchost.exe"
    }
  }
}
Record 233133
{
  "Event": {
    "#attributes": {
      "xmlns": "http://schemas.microsoft.com/win/2004/08/events/event"
    },
    "System": {
      "Provider": {
        "#attributes": {
          "Name": "Microsoft-Windows-Security-Auditing",
          "Guid": "54849625-5478-4994-A5BA-3E3B0328C30D"
        }
      },
      "EventID": 4688,
      "Version": 2,
      "Level": 0,
      "Task": 13312,
      "Opcode": 0,
      "Keywords": "0x8020000000000000",
      "TimeCreated": {
        "#attributes": {
          "SystemTime": "2024-10-01T20:26:47.929048Z"
        }
      },
      "EventRecordID": 233133,
      "Correlation": null,
      "Execution": {
        "#attributes": {
          "ProcessID": 4,
          "ThreadID": 408
        }
      },
      "Channel": "Security",
      "Computer": "EC2AMAZ-3NV39E0",
      "Security": null
    },
    "EventData": {
      "SubjectUserSid": "S-1-5-18",
      "SubjectUserName": "EC2AMAZ-3NV39E0$",
      "SubjectDomainName": "WORKGROUP",
      "SubjectLogonId": "0x3e7",
      "NewProcessId": "0x1528",
      "NewProcessName": "C:\\Windows\\System32\\wsmprovhost.exe",
      "TokenElevationType": "%%1936",
      "ProcessId": "0x2f8",
      "CommandLine": "C:\\Windows\\system32\\wsmprovhost.exe -Embedding",
      "TargetUserSid": "S-1-0-0",
      "TargetUserName": "DeeDee",
      "TargetDomainName": "EC2AMAZ-3NV39E0",
      "TargetLogonId": "0x463d08",
      "ParentProcessName": "C:\\Windows\\System32\\svchost.exe",
      "MandatoryLabel": "S-1-16-12288"
    }
  }
}
Record 233134
{
  "Event": {
    "#attributes": {
      "xmlns": "http://schemas.microsoft.com/win/2004/08/events/event"
    },
    "System": {
      "Provider": {
        "#attributes": {
          "Name": "Microsoft-Windows-Security-Auditing",
          "Guid": "54849625-5478-4994-A5BA-3E3B0328C30D"
        }
      },
      "EventID": 4689,
      "Version": 0,
      "Level": 0,
      "Task": 13313,
      "Opcode": 0,
      "Keywords": "0x8020000000000000",
      "TimeCreated": {
        "#attributes": {
          "SystemTime": "2024-10-01T20:26:52.892305Z"
        }
      },
      "EventRecordID": 233134,
      "Correlation": null,
      "Execution": {
        "#attributes": {
          "ProcessID": 4,
          "ThreadID": 4624
        }
      },
      "Channel": "Security",
      "Computer": "EC2AMAZ-3NV39E0",
      "Security": null
    },
    "EventData": {
      "SubjectUserSid": "S-1-5-18",
      "SubjectUserName": "EC2AMAZ-3NV39E0$",
      "SubjectDomainName": "WORKGROUP",
      "SubjectLogonId": "0x3e7",
      "Status": "0x0",
      "ProcessId": "0x1bf0",
      "ProcessName": "C:\\Windows\\System32\\dllhost.exe"
    }
  }
}
Record 233135
{
  "Event": {
    "#attributes": {
      "xmlns": "http://schemas.microsoft.com/win/2004/08/events/event"
    },
    "System": {
      "Provider": {
        "#attributes": {
          "Name": "Microsoft-Windows-Security-Auditing",
          "Guid": "54849625-5478-4994-A5BA-3E3B0328C30D"
        }
      },
      "EventID": 4689,
      "Version": 0,
      "Level": 0,
      "Task": 13313,
      "Opcode": 0,
      "Keywords": "0x8020000000000000",
      "TimeCreated": {
        "#attributes": {
          "SystemTime": "2024-10-01T20:26:57.050444Z"
        }
      },
      "EventRecordID": 233135,
      "Correlation": null,
      "Execution": {
        "#attributes": {
          "ProcessID": 4,
          "ThreadID": 4624
        }
      },
      "Channel": "Security",
      "Computer": "EC2AMAZ-3NV39E0",
      "Security": null
    },
    "EventData": {
      "SubjectUserSid": "S-1-5-18",
      "SubjectUserName": "EC2AMAZ-3NV39E0$",
      "SubjectDomainName": "WORKGROUP",
      "SubjectLogonId": "0x3e7",
      "Status": "0x0",
      "ProcessId": "0x4d4",
      "ProcessName": "C:\\Windows\\System32\\svchost.exe"
    }
  }
}
Record 233136
{
  "Event": {
    "#attributes": {
      "xmlns": "http://schemas.microsoft.com/win/2004/08/events/event"
    },
    "System": {
      "Provider": {
        "#attributes": {
          "Name": "Microsoft-Windows-Security-Auditing",
          "Guid": "54849625-5478-4994-A5BA-3E3B0328C30D"
        }
      },
      "EventID": 4776,
      "Version": 0,
      "Level": 0,
      "Task": 14336,
      "Opcode": 0,
      "Keywords": "0x8020000000000000",
      "TimeCreated": {
        "#attributes": {
          "SystemTime": "2024-10-01T20:27:05.502509Z"
        }
      },
      "EventRecordID": 233136,
      "Correlation": {
        "#attributes": {
          "ActivityID": "641A05AA-143A-0001-3606-1A643A14DB01"
        }
      },
      "Execution": {
        "#attributes": {
          "ProcessID": 652,
          "ThreadID": 6524
        }
      },
      "Channel": "Security",
      "Computer": "EC2AMAZ-3NV39E0",
      "Security": null
    },
    "EventData": {
      "PackageName": "MICROSOFT_AUTHENTICATION_PACKAGE_V1_0",
      "TargetUserName": "DeeDee",
      "Workstation": "",
      "Status": "0x0"
    }
  }
}
Record 233137
{
  "Event": {
    "#attributes": {
      "xmlns": "http://schemas.microsoft.com/win/2004/08/events/event"
    },
    "System": {
      "Provider": {
        "#attributes": {
          "Name": "Microsoft-Windows-Security-Auditing",
          "Guid": "54849625-5478-4994-A5BA-3E3B0328C30D"
        }
      },
      "EventID": 4672,
      "Version": 0,
      "Level": 0,
      "Task": 12548,
      "Opcode": 0,
      "Keywords": "0x8020000000000000",
      "TimeCreated": {
        "#attributes": {
          "SystemTime": "2024-10-01T20:27:05.502611Z"
        }
      },
      "EventRecordID": 233137,
      "Correlation": {
        "#attributes": {
          "ActivityID": "641A05AA-143A-0001-3606-1A643A14DB01"
        }
      },
      "Execution": {
        "#attributes": {
          "ProcessID": 652,
          "ThreadID": 6524
        }
      },
      "Channel": "Security",
      "Computer": "EC2AMAZ-3NV39E0",
      "Security": null
    },
    "EventData": {
      "SubjectUserSid": "S-1-5-21-312379445-3512834713-3133549549-1000",
      "SubjectUserName": "DeeDee",
      "SubjectDomainName": "EC2AMAZ-3NV39E0",
      "SubjectLogonId": "0x48177c",
      "PrivilegeList": "SeSecurityPrivilege\r\n\t\t\tSeBackupPrivilege\r\n\t\t\tSeRestorePrivilege\r\n\t\t\tSeTakeOwnershipPrivilege\r\n\t\t\tSeDebugPrivilege\r\n\t\t\tSeSystemEnvironmentPrivilege\r\n\t\t\tSeLoadDriverPrivilege\r\n\t\t\tSeImpersonatePrivilege\r\n\t\t\tSeDelegateSessionUserImpersonatePrivilege"
    }
  }
}
Record 233138
{
  "Event": {
    "#attributes": {
      "xmlns": "http://schemas.microsoft.com/win/2004/08/events/event"
    },
    "System": {
      "Provider": {
        "#attributes": {
          "Name": "Microsoft-Windows-Security-Auditing",
          "Guid": "54849625-5478-4994-A5BA-3E3B0328C30D"
        }
      },
      "EventID": 4624,
      "Version": 2,
      "Level": 0,
      "Task": 12544,
      "Opcode": 0,
      "Keywords": "0x8020000000000000",
      "TimeCreated": {
        "#attributes": {
          "SystemTime": "2024-10-01T20:27:05.502657Z"
        }
      },
      "EventRecordID": 233138,
      "Correlation": {
        "#attributes": {
          "ActivityID": "641A05AA-143A-0001-3606-1A643A14DB01"
        }
      },
      "Execution": {
        "#attributes": {
          "ProcessID": 652,
          "ThreadID": 6524
        }
      },
      "Channel": "Security",
      "Computer": "EC2AMAZ-3NV39E0",
      "Security": null
    },
    "EventData": {
      "SubjectUserSid": "S-1-0-0",
      "SubjectUserName": "-",
      "SubjectDomainName": "-",
      "SubjectLogonId": "0x0",
      "TargetUserSid": "S-1-5-21-312379445-3512834713-3133549549-1000",
      "TargetUserName": "DeeDee",
      "TargetDomainName": "EC2AMAZ-3NV39E0",
      "TargetLogonId": "0x48177c",
      "LogonType": 3,
      "LogonProcessName": "NtLmSsp ",
      "AuthenticationPackageName": "NTLM",
      "WorkstationName": "-",
      "LogonGuid": "00000000-0000-0000-0000-000000000000",
      "TransmittedServices": "-",
      "LmPackageName": "NTLM V2",
      "KeyLength": 128,
      "ProcessId": "0x0",
      "ProcessName": "-",
      "IpAddress": "10.1.1.10",
      "IpPort": "39740",
      "ImpersonationLevel": "%%1833",
      "RestrictedAdminMode": "-",
      "TargetOutboundUserName": "-",
      "TargetOutboundDomainName": "-",
      "VirtualAccount": "%%1843",
      "TargetLinkedLogonId": "0x0",
      "ElevatedToken": "%%1842"
    }
  }
}
Record 233139
{
  "Event": {
    "#attributes": {
      "xmlns": "http://schemas.microsoft.com/win/2004/08/events/event"
    },
    "System": {
      "Provider": {
        "#attributes": {
          "Name": "Microsoft-Windows-Security-Auditing",
          "Guid": "54849625-5478-4994-A5BA-3E3B0328C30D"
        }
      },
      "EventID": 4627,
      "Version": 0,
      "Level": 0,
      "Task": 12554,
      "Opcode": 0,
      "Keywords": "0x8020000000000000",
      "TimeCreated": {
        "#attributes": {
          "SystemTime": "2024-10-01T20:27:05.502682Z"
        }
      },
      "EventRecordID": 233139,
      "Correlation": {
        "#attributes": {
          "ActivityID": "641A05AA-143A-0001-3606-1A643A14DB01"
        }
      },
      "Execution": {
        "#attributes": {
          "ProcessID": 652,
          "ThreadID": 6524
        }
      },
      "Channel": "Security",
      "Computer": "EC2AMAZ-3NV39E0",
      "Security": null
    },
    "EventData": {
      "SubjectUserSid": "S-1-0-0",
      "SubjectUserName": "-",
      "SubjectDomainName": "-",
      "SubjectLogonId": "0x0",
      "TargetUserSid": "S-1-5-21-312379445-3512834713-3133549549-1000",
      "TargetUserName": "DeeDee",
      "TargetDomainName": "EC2AMAZ-3NV39E0",
      "TargetLogonId": "0x48177c",
      "LogonType": 3,
      "EventIdx": 1,
      "EventCountTotal": 1,
      "GroupMembership": "\r\n\t\t%{S-1-5-21-312379445-3512834713-3133549549-513}\r\n\t\t%{S-1-1-0}\r\n\t\t%{S-1-5-114}\r\n\t\t%{S-1-5-32-544}\r\n\t\t%{S-1-5-32-545}\r\n\t\t%{S-1-5-2}\r\n\t\t%{S-1-5-11}\r\n\t\t%{S-1-5-15}\r\n\t\t%{S-1-5-113}\r\n\t\t%{S-1-5-64-10}\r\n\t\t%{S-1-16-12288}"
    }
  }
}
