Record 102941
{
  "Event": {
    "#attributes": {
      "xmlns": "http://schemas.microsoft.com/win/2004/08/events/event"
    },
    "System": {
      "Provider": {
        "#attributes": {
          "Name": "Microsoft-Windows-Eventlog",
          "Guid": "{fc65ddd8-d6ef-4962-83d5-6e5cfe9ce148}"
        }
      },
      "EventID": 104,
      "Version": 1,
      "Level": 4,
      "Task": 104,
      "Opcode": 0,
      "Keywords": "0x8000000000000000",
      "TimeCreated": {
        "#attributes": {
          "SystemTime": "2024-10-01T20:24:45.090342Z"
        }
      },
      "EventRecordID": 102941,
      "Correlation": null,
      "Execution": {
        "#attributes": {
          "ProcessID": 888,
          "ThreadID": 4212
        }
      },
      "Channel": "System",
      "Computer": "EC2AMAZ-3NV39E0",
      "Security": {
        "#attributes": {
          "UserID": "S-1-5-21-312379445-3512834713-3133549549-500"
        }
      }
    },
    "UserData": {
      "LogFileCleared": {
        "#attributes": {
          "xmlns": "http://manifests.microsoft.com/win/2004/08/windows/eventlog"
        },
        "SubjectUserName": "Administrator",
        "SubjectDomainName": "EC2AMAZ-3NV39E0",
        "Channel": "System",
        "BackupPath": "",
        "ClientProcessId": 4320,
        "ClientProcessStartKey": 134545038867697660
      }
    }
  }
}
Record 102942
{
  "Event": {
    "#attributes": {
      "xmlns": "http://schemas.microsoft.com/win/2004/08/events/event"
    },
    "System": {
      "Provider": {
        "#attributes": {
          "Name": "Microsoft-Windows-Eventlog",
          "Guid": "{fc65ddd8-d6ef-4962-83d5-6e5cfe9ce148}"
        }
      },
      "EventID": 104,
      "Version": 1,
      "Level": 4,
      "Task": 104,
      "Opcode": 0,
      "Keywords": "0x8000000000000000",
      "TimeCreated": {
        "#attributes": {
          "SystemTime": "2024-10-01T20:24:45.871518Z"
        }
      },
      "EventRecordID": 102942,
      "Correlation": null,
      "Execution": {
        "#attributes": {
          "ProcessID": 888,
          "ThreadID": 4212
        }
      },
      "Channel": "System",
      "Computer": "EC2AMAZ-3NV39E0",
      "Security": {
        "#attributes": {
          "UserID": "S-1-5-21-312379445-3512834713-3133549549-500"
        }
      }
    },
    "UserData": {
      "LogFileCleared": {
        "#attributes": {
          "xmlns": "http://manifests.microsoft.com/win/2004/08/windows/eventlog"
        },
        "SubjectUserName": "Administrator",
        "SubjectDomainName": "EC2AMAZ-3NV39E0",
        "Channel": "Windows Networking Vpn Plugin Platform/Operational",
        "BackupPath": "",
        "ClientProcessId": 584,
        "ClientProcessStartKey": 134545038867697692
      }
    }
  }
}
Record 102943
{
  "Event": {
    "#attributes": {
      "xmlns": "http://schemas.microsoft.com/win/2004/08/events/event"
    },
    "System": {
      "Provider": {
        "#attributes": {
          "Name": "Microsoft-Windows-Eventlog",
          "Guid": "{fc65ddd8-d6ef-4962-83d5-6e5cfe9ce148}"
        }
      },
      "EventID": 104,
      "Version": 1,
      "Level": 4,
      "Task": 104,
      "Opcode": 0,
      "Keywords": "0x8000000000000000",
      "TimeCreated": {
        "#attributes": {
          "SystemTime": "2024-10-01T20:24:45.902775Z"
        }
      },
      "EventRecordID": 102943,
      "Correlation": null,
      "Execution": {
        "#attributes": {
          "ProcessID": 888,
          "ThreadID": 4212
        }
      },
      "Channel": "System",
      "Computer": "EC2AMAZ-3NV39E0",
      "Security": {
        "#attributes": {
          "UserID": "S-1-5-21-312379445-3512834713-3133549549-500"
        }
      }
    },
    "UserData": {
      "LogFileCleared": {
        "#attributes": {
          "xmlns": "http://manifests.microsoft.com/win/2004/08/windows/eventlog"
        },
        "SubjectUserName": "Administrator",
        "SubjectDomainName": "EC2AMAZ-3NV39E0",
        "Channel": "Windows Networking Vpn Plugin Platform/OperationalVerbose",
        "BackupPath": "",
        "ClientProcessId": 3820,
        "ClientProcessStartKey": 134545038867697694
      }
    }
  }
}
Record 102944
{
  "Event": {
    "#attributes": {
      "xmlns": "http://schemas.microsoft.com/win/2004/08/events/event"
    },
    "System": {
      "Provider": {
        "#attributes": {
          "Name": "Microsoft-Windows-Eventlog",
          "Guid": "{fc65ddd8-d6ef-4962-83d5-6e5cfe9ce148}"
        }
      },
      "EventID": 104,
      "Version": 1,
      "Level": 4,
      "Task": 104,
      "Opcode": 0,
      "Keywords": "0x8000000000000000",
      "TimeCreated": {
        "#attributes": {
          "SystemTime": "2024-10-01T20:24:45.949659Z"
        }
      },
      "EventRecordID": 102944,
      "Correlation": null,
      "Execution": {
        "#attributes": {
          "ProcessID": 888,
          "ThreadID": 4212
        }
      },
      "Channel": "System",
      "Computer": "EC2AMAZ-3NV39E0",
      "Security": {
        "#attributes": {
          "UserID": "S-1-5-21-312379445-3512834713-3133549549-500"
        }
      }
    },
    "UserData": {
      "LogFileCleared": {
        "#attributes": {
          "xmlns": "http://manifests.microsoft.com/win/2004/08/windows/eventlog"
        },
        "SubjectUserName": "Administrator",
        "SubjectDomainName": "EC2AMAZ-3NV39E0",
        "Channel": "Windows PowerShell",
        "BackupPath": "",
        "ClientProcessId": 3384,
        "ClientProcessStartKey": 134545038867697696
      }
    }
  }
}
Record 102945
{
  "Event": {
    "#attributes": {
      "xmlns": "http://schemas.microsoft.com/win/2004/08/events/event"
    },
    "System": {
      "Provider": {
        "#attributes": {
          "Name": "Service Control Manager",
          "Guid": "{555908d1-a6d7-4695-8e1e-26931d2012f4}",
          "EventSourceName": "Service Control Manager"
        }
      },
      "EventID": {
        "#attributes": {
          "Qualifiers": 16384
        },
        "#text": 7036
      },
      "Version": 0,
      "Level": 4,
      "Task": 0,
      "Opcode": 0,
      "Keywords": "0x8080000000000000",
      "TimeCreated": {
        "#attributes": {
          "SystemTime": "2024-10-01T20:24:59.621759Z"
        }
      },
      "EventRecordID": 102945,
      "Correlation": null,
      "Execution": {
        "#attributes": {
          "ProcessID": 636,
          "ThreadID": 1892
        }
      },
      "Channel": "System",
      "Computer": "EC2AMAZ-3NV39E0",
      "Security": null
    },
    "EventData": {
      "param1": "Client License Service (ClipSVC)",
      "param2": "stopped",
      "Binary": "43006C00690070005300560043002F0031000000"
    }
  }
}
Record 102946
{
  "Event": {
    "#attributes": {
      "xmlns": "http://schemas.microsoft.com/win/2004/08/events/event"
    },
    "System": {
      "Provider": {
        "#attributes": {
          "Name": "Service Control Manager",
          "Guid": "{555908d1-a6d7-4695-8e1e-26931d2012f4}",
          "EventSourceName": "Service Control Manager"
        }
      },
      "EventID": {
        "#attributes": {
          "Qualifiers": 16384
        },
        "#text": 7036
      },
      "Version": 0,
      "Level": 4,
      "Task": 0,
      "Opcode": 0,
      "Keywords": "0x8080000000000000",
      "TimeCreated": {
        "#attributes": {
          "SystemTime": "2024-10-01T20:25:59.247488Z"
        }
      },
      "EventRecordID": 102946,
      "Correlation": null,
      "Execution": {
        "#attributes": {
          "ProcessID": 636,
          "ThreadID": 6320
        }
      },
      "Channel": "System",
      "Computer": "EC2AMAZ-3NV39E0",
      "Security": null
    },
    "EventData": {
      "param1": "Microsoft Account Sign-in Assistant",
      "param2": "stopped",
      "Binary": "77006C00690064007300760063002F0031000000"
    }
  }
}
Record 102947
{
  "Event": {
    "#attributes": {
      "xmlns": "http://schemas.microsoft.com/win/2004/08/events/event"
    },
    "System": {
      "Provider": {
        "#attributes": {
          "Name": "Service Control Manager",
          "Guid": "{555908d1-a6d7-4695-8e1e-26931d2012f4}",
          "EventSourceName": "Service Control Manager"
        }
      },
      "EventID": {
        "#attributes": {
          "Qualifiers": 16384
        },
        "#text": 7036
      },
      "Version": 0,
      "Level": 4,
      "Task": 0,
      "Opcode": 0,
      "Keywords": "0x8080000000000000",
      "TimeCreated": {
        "#attributes": {
          "SystemTime": "2024-10-01T20:26:56.935698Z"
        }
      },
      "EventRecordID": 102947,
      "Correlation": null,
      "Execution": {
        "#attributes": {
          "ProcessID": 636,
          "ThreadID": 1892
        }
      },
      "Channel": "System",
      "Computer": "EC2AMAZ-3NV39E0",
      "Security": null
    },
    "EventData": {
      "param1": "AppX Deployment Service (AppXSVC)",
      "param2": "stopped",
      "Binary": "41007000700058005300760063002F0031000000"
    }
  }
}
Record 102948
{
  "Event": {
    "#attributes": {
      "xmlns": "http://schemas.microsoft.com/win/2004/08/events/event"
    },
    "System": {
      "Provider": {
        "#attributes": {
          "Name": "Service Control Manager",
          "Guid": "{555908d1-a6d7-4695-8e1e-26931d2012f4}",
          "EventSourceName": "Service Control Manager"
        }
      },
      "EventID": {
        "#attributes": {
          "Qualifiers": 16384
        },
        "#text": 7036
      },
      "Version": 0,
      "Level": 4,
      "Task": 0,
      "Opcode": 0,
      "Keywords": "0x8080000000000000",
      "TimeCreated": {
        "#attributes": {
          "SystemTime": "2024-10-01T20:29:36.671476Z"
        }
      },
      "EventRecordID": 102948,
      "Correlation": null,
      "Execution": {
        "#attributes": {
          "ProcessID": 636,
          "ThreadID": 2560
        }
      },
      "Channel": "System",
      "Computer": "EC2AMAZ-3NV39E0",
      "Security": null
    },
    "EventData": {
      "param1": "Windows Update",
      "param2": "stopped",
      "Binary": "770075006100750073006500720076002F0031000000"
    }
  }
}
Record 102949
{
  "Event": {
    "#attributes": {
      "xmlns": "http://schemas.microsoft.com/win/2004/08/events/event"
    },
    "System": {
      "Provider": {
        "#attributes": {
          "Name": "Service Control Manager",
          "Guid": "{555908d1-a6d7-4695-8e1e-26931d2012f4}",
          "EventSourceName": "Service Control Manager"
        }
      },
      "EventID": {
        "#attributes": {
          "Qualifiers": 16384
        },
        "#text": 7036
      },
      "Version": 0,
      "Level": 4,
      "Task": 0,
      "Opcode": 0,
      "Keywords": "0x8080000000000000",
      "TimeCreated": {
        "#attributes": {
          "SystemTime": "2024-10-01T20:34:36.440600Z"
        }
      },
      "EventRecordID": 102949,
      "Correlation": null,
      "Execution": {
        "#attributes": {
          "ProcessID": 636,
          "ThreadID": 1892
        }
      },
      "Channel": "System",
      "Computer": "EC2AMAZ-3NV39E0",
      "Security": null
    },
    "EventData": {
      "param1": "Windows Modules Installer",
      "param2": "running",
      "Binary": "540072007500730074006500640049006E007300740061006C006C00650072002F0034000000"
    }
  }
}
Record 102950
{
  "Event": {
    "#attributes": {
      "xmlns": "http://schemas.microsoft.com/win/2004/08/events/event"
    },
    "System": {
      "Provider": {
        "#attributes": {
          "Name": "Service Control Manager",
          "Guid": "{555908d1-a6d7-4695-8e1e-26931d2012f4}",
          "EventSourceName": "Service Control Manager"
        }
      },
      "EventID": {
        "#attributes": {
          "Qualifiers": 16384
        },
        "#text": 7036
      },
      "Version": 0,
      "Level": 4,
      "Task": 0,
      "Opcode": 0,
      "Keywords": "0x8080000000000000",
      "TimeCreated": {
        "#attributes": {
          "SystemTime": "2024-10-01T20:34:37.940579Z"
        }
      },
      "EventRecordID": 102950,
      "Correlation": null,
      "Execution": {
        "#attributes": {
          "ProcessID": 636,
          "ThreadID": 1892
        }
      },
      "Channel": "System",
      "Computer": "EC2AMAZ-3NV39E0",
      "Security": null
    },
    "EventData": {
      "param1": "Windows Update",
      "param2": "running",
      "Binary": "770075006100750073006500720076002F0034000000"
    }
  }
}
Record 102951
{
  "Event": {
    "#attributes": {
      "xmlns": "http://schemas.microsoft.com/win/2004/08/events/event"
    },
    "System": {
      "Provider": {
        "#attributes": {
          "Name": "Service Control Manager",
          "Guid": "{555908d1-a6d7-4695-8e1e-26931d2012f4}",
          "EventSourceName": "Service Control Manager"
        }
      },
      "EventID": {
        "#attributes": {
          "Qualifiers": 16384
        },
        "#text": 7036
      },
      "Version": 0,
      "Level": 4,
      "Task": 0,
      "Opcode": 0,
      "Keywords": "0x8080000000000000",
      "TimeCreated": {
        "#attributes": {
          "SystemTime": "2024-10-01T20:34:38.221848Z"
        }
      },
      "EventRecordID": 102951,
      "Correlation": null,
      "Execution": {
        "#attributes": {
          "ProcessID": 636,
          "ThreadID": 3200
        }
      },
      "Channel": "System",
      "Computer": "EC2AMAZ-3NV39E0",
      "Security": null
    },
    "EventData": {
      "param1": "Software Protection",
      "param2": "running",
      "Binary": "7300700070007300760063002F0034000000"
    }
  }
}
Record 102952
{
  "Event": {
    "#attributes": {
      "xmlns": "http://schemas.microsoft.com/win/2004/08/events/event"
    },
    "System": {
      "Provider": {
        "#attributes": {
          "Name": "Service Control Manager",
          "Guid": "{555908d1-a6d7-4695-8e1e-26931d2012f4}",
          "EventSourceName": "Service Control Manager"
        }
      },
      "EventID": {
        "#attributes": {
          "Qualifiers": 16384
        },
        "#text": 7036
      },
      "Version": 0,
      "Level": 4,
      "Task": 0,
      "Opcode": 0,
      "Keywords": "0x8080000000000000",
      "TimeCreated": {
        "#attributes": {
          "SystemTime": "2024-10-01T20:34:38.846835Z"
        }
      },
      "EventRecordID": 102952,
      "Correlation": null,
      "Execution": {
        "#attributes": {
          "ProcessID": 636,
          "ThreadID": 3200
        }
      },
      "Channel": "System",
      "Computer": "EC2AMAZ-3NV39E0",
      "Security": null
    },
    "EventData": {
      "param1": "Microsoft Account Sign-in Assistant",
      "param2": "running",
      "Binary": "77006C00690064007300760063002F0034000000"
    }
  }
}
Record 102953
{
  "Event": {
    "#attributes": {
      "xmlns": "http://schemas.microsoft.com/win/2004/08/events/event"
    },
    "System": {
      "Provider": {
        "#attributes": {
          "Name": "Microsoft-Windows-WindowsUpdateClient",
          "Guid": "945A8954-C147-4ACD-923F-40C45405A658"
        }
      },
      "EventID": 44,
      "Version": 1,
      "Level": 4,
      "Task": 1,
      "Opcode": 12,
      "Keywords": "0x8000000000002004",
      "TimeCreated": {
        "#attributes": {
          "SystemTime": "2024-10-01T20:34:47.573482Z"
        }
      },
      "EventRecordID": 102953,
      "Correlation": null,
      "Execution": {
        "#attributes": {
          "ProcessID": 3312,
          "ThreadID": 1212
        }
      },
      "Channel": "System",
      "Computer": "EC2AMAZ-3NV39E0",
      "Security": {
        "#attributes": {
          "UserID": "S-1-5-18"
        }
      }
    },
    "EventData": {
      "updateTitle": "2024-08 Cumulative Update for Microsoft server operating system version 21H2 for x64-based Systems (KB5041160)",
      "updateGuid": "B78E6476-C096-40F6-967C-743397BB5FDC",
      "updateRevisionNumber": 1
    }
  }
}
Record 102954
{
  "Event": {
    "#attributes": {
      "xmlns": "http://schemas.microsoft.com/win/2004/08/events/event"
    },
    "System": {
      "Provider": {
        "#attributes": {
          "Name": "Service Control Manager",
          "Guid": "{555908d1-a6d7-4695-8e1e-26931d2012f4}",
          "EventSourceName": "Service Control Manager"
        }
      },
      "EventID": {
        "#attributes": {
          "Qualifiers": 16384
        },
        "#text": 7036
      },
      "Version": 0,
      "Level": 4,
      "Task": 0,
      "Opcode": 0,
      "Keywords": "0x8080000000000000",
      "TimeCreated": {
        "#attributes": {
          "SystemTime": "2024-10-01T20:34:49.112701Z"
        }
      },
      "EventRecordID": 102954,
      "Correlation": null,
      "Execution": {
        "#attributes": {
          "ProcessID": 636,
          "ThreadID": 1892
        }
      },
      "Channel": "System",
      "Computer": "EC2AMAZ-3NV39E0",
      "Security": null
    },
    "EventData": {
      "param1": "Windows Update Medic Service",
      "param2": "running",
      "Binary": "57006100610053004D0065006400690063005300760063002F0034000000"
    }
  }
}
Record 102955
{
  "Event": {
    "#attributes": {
      "xmlns": "http://schemas.microsoft.com/win/2004/08/events/event"
    },
    "System": {
      "Provider": {
        "#attributes": {
          "Name": "Service Control Manager",
          "Guid": "{555908d1-a6d7-4695-8e1e-26931d2012f4}",
          "EventSourceName": "Service Control Manager"
        }
      },
      "EventID": {
        "#attributes": {
          "Qualifiers": 16384
        },
        "#text": 7036
      },
      "Version": 0,
      "Level": 4,
      "Task": 0,
      "Opcode": 0,
      "Keywords": "0x8080000000000000",
      "TimeCreated": {
        "#attributes": {
          "SystemTime": "2024-10-01T20:34:49.128381Z"
        }
      },
      "EventRecordID": 102955,
      "Correlation": null,
      "Execution": {
        "#attributes": {
          "ProcessID": 636,
          "ThreadID": 1892
        }
      },
      "Channel": "System",
      "Computer": "EC2AMAZ-3NV39E0",
      "Security": null
    },
    "EventData": {
      "param1": "Delivery Optimization",
      "param2": "running",
      "Binary": "44006F005300760063002F0034000000"
    }
  }
}
Record 102956
{
  "Event": {
    "#attributes": {
      "xmlns": "http://schemas.microsoft.com/win/2004/08/events/event"
    },
    "System": {
      "Provider": {
        "#attributes": {
          "Name": "Service Control Manager",
          "Guid": "{555908d1-a6d7-4695-8e1e-26931d2012f4}",
          "EventSourceName": "Service Control Manager"
        }
      },
      "EventID": {
        "#attributes": {
          "Qualifiers": 16384
        },
        "#text": 7036
      },
      "Version": 0,
      "Level": 4,
      "Task": 0,
      "Opcode": 0,
      "Keywords": "0x8080000000000000",
      "TimeCreated": {
        "#attributes": {
          "SystemTime": "2024-10-01T20:35:13.472114Z"
        }
      },
      "EventRecordID": 102956,
      "Correlation": null,
      "Execution": {
        "#attributes": {
          "ProcessID": 636,
          "ThreadID": 1892
        }
      },
      "Channel": "System",
      "Computer": "EC2AMAZ-3NV39E0",
      "Security": null
    },
    "EventData": {
      "param1": "Software Protection",
      "param2": "stopped",
      "Binary": "7300700070007300760063002F0031000000"
    }
  }
}
Record 102957
{
  "Event": {
    "#attributes": {
      "xmlns": "http://schemas.microsoft.com/win/2004/08/events/event"
    },
    "System": {
      "Provider": {
        "#attributes": {
          "Name": "Service Control Manager",
          "Guid": "{555908d1-a6d7-4695-8e1e-26931d2012f4}",
          "EventSourceName": "Service Control Manager"
        }
      },
      "EventID": {
        "#attributes": {
          "Qualifiers": 16384
        },
        "#text": 7036
      },
      "Version": 0,
      "Level": 4,
      "Task": 0,
      "Opcode": 0,
      "Keywords": "0x8080000000000000",
      "TimeCreated": {
        "#attributes": {
          "SystemTime": "2024-10-01T20:35:49.113426Z"
        }
      },
      "EventRecordID": 102957,
      "Correlation": null,
      "Execution": {
        "#attributes": {
          "ProcessID": 636,
          "ThreadID": 1892
        }
      },
      "Channel": "System",
      "Computer": "EC2AMAZ-3NV39E0",
      "Security": null
    },
    "EventData": {
      "param1": "Windows Update Medic Service",
      "param2": "stopped",
      "Binary": "57006100610053004D0065006400690063005300760063002F0031000000"
    }
  }
}
Record 102958
{
  "Event": {
    "#attributes": {
      "xmlns": "http://schemas.microsoft.com/win/2004/08/events/event"
    },
    "System": {
      "Provider": {
        "#attributes": {
          "Name": "Service Control Manager",
          "Guid": "{555908d1-a6d7-4695-8e1e-26931d2012f4}",
          "EventSourceName": "Service Control Manager"
        }
      },
      "EventID": {
        "#attributes": {
          "Qualifiers": 16384
        },
        "#text": 7036
      },
      "Version": 0,
      "Level": 4,
      "Task": 0,
      "Opcode": 0,
      "Keywords": "0x8080000000000000",
      "TimeCreated": {
        "#attributes": {
          "SystemTime": "2024-10-01T20:35:59.066542Z"
        }
      },
      "EventRecordID": 102958,
      "Correlation": null,
      "Execution": {
        "#attributes": {
          "ProcessID": 636,
          "ThreadID": 1892
        }
      },
      "Channel": "System",
      "Computer": "EC2AMAZ-3NV39E0",
      "Security": null
    },
    "EventData": {
      "param1": "AppX Deployment Service (AppXSVC)",
      "param2": "running",
      "Binary": "41007000700058005300760063002F0034000000"
    }
  }
}
Record 102959
{
  "Event": {
    "#attributes": {
      "xmlns": "http://schemas.microsoft.com/win/2004/08/events/event"
    },
    "System": {
      "Provider": {
        "#attributes": {
          "Name": "Service Control Manager",
          "Guid": "{555908d1-a6d7-4695-8e1e-26931d2012f4}",
          "EventSourceName": "Service Control Manager"
        }
      },
      "EventID": {
        "#attributes": {
          "Qualifiers": 16384
        },
        "#text": 7036
      },
      "Version": 0,
      "Level": 4,
      "Task": 0,
      "Opcode": 0,
      "Keywords": "0x8080000000000000",
      "TimeCreated": {
        "#attributes": {
          "SystemTime": "2024-10-01T20:35:59.535353Z"
        }
      },
      "EventRecordID": 102959,
      "Correlation": null,
      "Execution": {
        "#attributes": {
          "ProcessID": 636,
          "ThreadID": 1892
        }
      },
      "Channel": "System",
      "Computer": "EC2AMAZ-3NV39E0",
      "Security": null
    },
    "EventData": {
      "param1": "Client License Service (ClipSVC)",
      "param2": "running",
      "Binary": "43006C00690070005300560043002F0034000000"
    }
  }
}
Record 102960
{
  "Event": {
    "#attributes": {
      "xmlns": "http://schemas.microsoft.com/win/2004/08/events/event"
    },
    "System": {
      "Provider": {
        "#attributes": {
          "Name": "Service Control Manager",
          "Guid": "{555908d1-a6d7-4695-8e1e-26931d2012f4}",
          "EventSourceName": "Service Control Manager"
        }
      },
      "EventID": {
        "#attributes": {
          "Qualifiers": 16384
        },
        "#text": 7036
      },
      "Version": 0,
      "Level": 4,
      "Task": 0,
      "Opcode": 0,
      "Keywords": "0x8080000000000000",
      "TimeCreated": {
        "#attributes": {
          "SystemTime": "2024-10-01T20:37:12.426619Z"
        }
      },
      "EventRecordID": 102960,
      "Correlation": null,
      "Execution": {
        "#attributes": {
          "ProcessID": 636,
          "ThreadID": 1892
        }
      },
      "Channel": "System",
      "Computer": "EC2AMAZ-3NV39E0",
      "Security": null
    },
    "EventData": {
      "param1": "Windows Modules Installer",
      "param2": "stopped",
      "Binary": "540072007500730074006500640049006E007300740061006C006C00650072002F0031000000"
    }
  }
}
Record 102961
{
  "Event": {
    "#attributes": {
      "xmlns": "http://schemas.microsoft.com/win/2004/08/events/event"
    },
    "System": {
      "Provider": {
        "#attributes": {
          "Name": "Service Control Manager",
          "Guid": "{555908d1-a6d7-4695-8e1e-26931d2012f4}",
          "EventSourceName": "Service Control Manager"
        }
      },
      "EventID": {
        "#attributes": {
          "Qualifiers": 16384
        },
        "#text": 7036
      },
      "Version": 0,
      "Level": 4,
      "Task": 0,
      "Opcode": 0,
      "Keywords": "0x8080000000000000",
      "TimeCreated": {
        "#attributes": {
          "SystemTime": "2024-10-01T20:37:39.207870Z"
        }
      },
      "EventRecordID": 102961,
      "Correlation": null,
      "Execution": {
        "#attributes": {
          "ProcessID": 636,
          "ThreadID": 3200
        }
      },
      "Channel": "System",
      "Computer": "EC2AMAZ-3NV39E0",
      "Security": null
    },
    "EventData": {
      "param1": "Microsoft Account Sign-in Assistant",
      "param2": "stopped",
      "Binary": "77006C00690064007300760063002F0031000000"
    }
  }
}
Record 102962
{
  "Event": {
    "#attributes": {
      "xmlns": "http://schemas.microsoft.com/win/2004/08/events/event"
    },
    "System": {
      "Provider": {
        "#attributes": {
          "Name": "Service Control Manager",
          "Guid": "{555908d1-a6d7-4695-8e1e-26931d2012f4}",
          "EventSourceName": "Service Control Manager"
        }
      },
      "EventID": {
        "#attributes": {
          "Qualifiers": 16384
        },
        "#text": 7036
      },
      "Version": 0,
      "Level": 4,
      "Task": 0,
      "Opcode": 0,
      "Keywords": "0x8080000000000000",
      "TimeCreated": {
        "#attributes": {
          "SystemTime": "2024-10-01T20:39:39.224818Z"
        }
      },
      "EventRecordID": 102962,
      "Correlation": null,
      "Execution": {
        "#attributes": {
          "ProcessID": 636,
          "ThreadID": 2840
        }
      },
      "Channel": "System",
      "Computer": "EC2AMAZ-3NV39E0",
      "Security": null
    },
    "EventData": {
      "param1": "App Readiness",
      "param2": "stopped",
      "Binary": "410070007000520065006100640069006E006500730073002F0031000000"
    }
  }
}
Record 102963
{
  "Event": {
    "#attributes": {
      "xmlns": "http://schemas.microsoft.com/win/2004/08/events/event"
    },
    "System": {
      "Provider": {
        "#attributes": {
          "Name": "Service Control Manager",
          "Guid": "{555908d1-a6d7-4695-8e1e-26931d2012f4}",
          "EventSourceName": "Service Control Manager"
        }
      },
      "EventID": {
        "#attributes": {
          "Qualifiers": 16384
        },
        "#text": 7036
      },
      "Version": 0,
      "Level": 4,
      "Task": 0,
      "Opcode": 0,
      "Keywords": "0x8080000000000000",
      "TimeCreated": {
        "#attributes": {
          "SystemTime": "2024-10-01T20:39:49.178184Z"
        }
      },
      "EventRecordID": 102963,
      "Correlation": null,
      "Execution": {
        "#attributes": {
          "ProcessID": 636,
          "ThreadID": 3200
        }
      },
      "Channel": "System",
      "Computer": "EC2AMAZ-3NV39E0",
      "Security": null
    },
    "EventData": {
      "param1": "Delivery Optimization",
      "param2": "stopped",
      "Binary": "44006F005300760063002F0031000000"
    }
  }
}
Record 102964
{
  "Event": {
    "#attributes": {
      "xmlns": "http://schemas.microsoft.com/win/2004/08/events/event"
    },
    "System": {
      "Provider": {
        "#attributes": {
          "Name": "Service Control Manager",
          "Guid": "{555908d1-a6d7-4695-8e1e-26931d2012f4}",
          "EventSourceName": "Service Control Manager"
        }
      },
      "EventID": {
        "#attributes": {
          "Qualifiers": 16384
        },
        "#text": 7036
      },
      "Version": 0,
      "Level": 4,
      "Task": 0,
      "Opcode": 0,
      "Keywords": "0x8080000000000000",
      "TimeCreated": {
        "#attributes": {
          "SystemTime": "2024-10-01T20:40:59.553932Z"
        }
      },
      "EventRecordID": 102964,
      "Correlation": null,
      "Execution": {
        "#attributes": {
          "ProcessID": 636,
          "ThreadID": 3200
        }
      },
      "Channel": "System",
      "Computer": "EC2AMAZ-3NV39E0",
      "Security": null
    },
    "EventData": {
      "param1": "Client License Service (ClipSVC)",
      "param2": "stopped",
      "Binary": "43006C00690070005300560043002F0031000000"
    }
  }
}
Record 102965
{
  "Event": {
    "#attributes": {
      "xmlns": "http://schemas.microsoft.com/win/2004/08/events/event"
    },
    "System": {
      "Provider": {
        "#attributes": {
          "Name": "Service Control Manager",
          "Guid": "{555908d1-a6d7-4695-8e1e-26931d2012f4}",
          "EventSourceName": "Service Control Manager"
        }
      },
      "EventID": {
        "#attributes": {
          "Qualifiers": 16384
        },
        "#text": 7036
      },
      "Version": 0,
      "Level": 4,
      "Task": 0,
      "Opcode": 0,
      "Keywords": "0x8080000000000000",
      "TimeCreated": {
        "#attributes": {
          "SystemTime": "2024-10-01T20:40:59.788231Z"
        }
      },
      "EventRecordID": 102965,
      "Correlation": null,
      "Execution": {
        "#attributes": {
          "ProcessID": 636,
          "ThreadID": 3200
        }
      },
      "Channel": "System",
      "Computer": "EC2AMAZ-3NV39E0",
      "Security": null
    },
    "EventData": {
      "param1": "AppX Deployment Service (AppXSVC)",
      "param2": "stopped",
      "Binary": "41007000700058005300760063002F0031000000"
    }
  }
}
Record 102966
{
  "Event": {
    "#attributes": {
      "xmlns": "http://schemas.microsoft.com/win/2004/08/events/event"
    },
    "System": {
      "Provider": {
        "#attributes": {
          "Name": "Service Control Manager",
          "Guid": "{555908d1-a6d7-4695-8e1e-26931d2012f4}",
          "EventSourceName": "Service Control Manager"
        }
      },
      "EventID": {
        "#attributes": {
          "Qualifiers": 16384
        },
        "#text": 7036
      },
      "Version": 0,
      "Level": 4,
      "Task": 0,
      "Opcode": 0,
      "Keywords": "0x8080000000000000",
      "TimeCreated": {
        "#attributes": {
          "SystemTime": "2024-10-01T20:45:12.774402Z"
        }
      },
      "EventRecordID": 102966,
      "Correlation": null,
      "Execution": {
        "#attributes": {
          "ProcessID": 636,
          "ThreadID": 128
        }
      },
      "Channel": "System",
      "Computer": "EC2AMAZ-3NV39E0",
      "Security": null
    },
    "EventData": {
      "param1": "Windows Update",
      "param2": "stopped",
      "Binary": "770075006100750073006500720076002F0031000000"
    }
  }
}
Record 102967
{
  "Event": {
    "#attributes": {
      "xmlns": "http://schemas.microsoft.com/win/2004/08/events/event"
    },
    "System": {
      "Provider": {
        "#attributes": {
          "Name": "Service Control Manager",
          "Guid": "{555908d1-a6d7-4695-8e1e-26931d2012f4}",
          "EventSourceName": "Service Control Manager"
        }
      },
      "EventID": {
        "#attributes": {
          "Qualifiers": 16384
        },
        "#text": 7036
      },
      "Version": 0,
      "Level": 4,
      "Task": 0,
      "Opcode": 0,
      "Keywords": "0x8080000000000000",
      "TimeCreated": {
        "#attributes": {
          "SystemTime": "2024-10-01T20:46:15.697561Z"
        }
      },
      "EventRecordID": 102967,
      "Correlation": null,
      "Execution": {
        "#attributes": {
          "ProcessID": 636,
          "ThreadID": 5280
        }
      },
      "Channel": "System",
      "Computer": "EC2AMAZ-3NV39E0",
      "Security": null
    },
    "EventData": {
      "param1": "Windows Error Reporting Service",
      "param2": "running",
      "Binary": "5700650072005300760063002F0034000000"
    }
  }
}
Record 102968
{
  "Event": {
    "#attributes": {
      "xmlns": "http://schemas.microsoft.com/win/2004/08/events/event"
    },
    "System": {
      "Provider": {
        "#attributes": {
          "Name": "Service Control Manager",
          "Guid": "{555908d1-a6d7-4695-8e1e-26931d2012f4}",
          "EventSourceName": "Service Control Manager"
        }
      },
      "EventID": {
        "#attributes": {
          "Qualifiers": 16384
        },
        "#text": 7036
      },
      "Version": 0,
      "Level": 4,
      "Task": 0,
      "Opcode": 0,
      "Keywords": "0x8080000000000000",
      "TimeCreated": {
        "#attributes": {
          "SystemTime": "2024-10-01T20:46:17.072589Z"
        }
      },
      "EventRecordID": 102968,
      "Correlation": null,
      "Execution": {
        "#attributes": {
          "ProcessID": 636,
          "ThreadID": 5280
        }
      },
      "Channel": "System",
      "Computer": "EC2AMAZ-3NV39E0",
      "Security": null
    },
    "EventData": {
      "param1": "Diagnostic Service Host",
      "param2": "running",
      "Binary": "570064006900530065007200760069006300650048006F00730074002F0034000000"
    }
  }
}
Record 102969
{
  "Event": {
    "#attributes": {
      "xmlns": "http://schemas.microsoft.com/win/2004/08/events/event"
    },
    "System": {
      "Provider": {
        "#attributes": {
          "Name": "Service Control Manager",
          "Guid": "{555908d1-a6d7-4695-8e1e-26931d2012f4}",
          "EventSourceName": "Service Control Manager"
        }
      },
      "EventID": {
        "#attributes": {
          "Qualifiers": 16384
        },
        "#text": 7036
      },
      "Version": 0,
      "Level": 4,
      "Task": 0,
      "Opcode": 0,
      "Keywords": "0x8080000000000000",
      "TimeCreated": {
        "#attributes": {
          "SystemTime": "2024-10-01T20:47:20.182784Z"
        }
      },
      "EventRecordID": 102969,
      "Correlation": null,
      "Execution": {
        "#attributes": {
          "ProcessID": 636,
          "ThreadID": 4248
        }
      },
      "Channel": "System",
      "Computer": "EC2AMAZ-3NV39E0",
      "Security": null
    },
    "EventData": {
      "param1": "Secondary Logon",
      "param2": "running",
      "Binary": "7300650063006C006F0067006F006E002F0034000000"
    }
  }
}
Record 102970
{
  "Event": {
    "#attributes": {
      "xmlns": "http://schemas.microsoft.com/win/2004/08/events/event"
    },
    "System": {
      "Provider": {
        "#attributes": {
          "Name": "Service Control Manager",
          "Guid": "{555908d1-a6d7-4695-8e1e-26931d2012f4}",
          "EventSourceName": "Service Control Manager"
        }
      },
      "EventID": {
        "#attributes": {
          "Qualifiers": 16384
        },
        "#text": 7036
      },
      "Version": 0,
      "Level": 4,
      "Task": 0,
      "Opcode": 0,
      "Keywords": "0x8080000000000000",
      "TimeCreated": {
        "#attributes": {
          "SystemTime": "2024-10-01T20:47:31.198517Z"
        }
      },
      "EventRecordID": 102970,
      "Correlation": null,
      "Execution": {
        "#attributes": {
          "ProcessID": 636,
          "ThreadID": 4248
        }
      },
      "Channel": "System",
      "Computer": "EC2AMAZ-3NV39E0",
      "Security": null
    },
    "EventData": {
      "param1": "Network Setup Service",
      "param2": "running",
      "Binary": "4E0065007400530065007400750070005300760063002F0034000000"
    }
  }
}
Record 102971
{
  "Event": {
    "#attributes": {
      "xmlns": "http://schemas.microsoft.com/win/2004/08/events/event"
    },
    "System": {
      "Provider": {
        "#attributes": {
          "Name": "Service Control Manager",
          "Guid": "{555908d1-a6d7-4695-8e1e-26931d2012f4}",
          "EventSourceName": "Service Control Manager"
        }
      },
      "EventID": {
        "#attributes": {
          "Qualifiers": 16384
        },
        "#text": 7036
      },
      "Version": 0,
      "Level": 4,
      "Task": 0,
      "Opcode": 0,
      "Keywords": "0x8080000000000000",
      "TimeCreated": {
        "#attributes": {
          "SystemTime": "2024-10-01T20:48:15.699541Z"
        }
      },
      "EventRecordID": 102971,
      "Correlation": null,
      "Execution": {
        "#attributes": {
          "ProcessID": 636,
          "ThreadID": 4248
        }
      },
      "Channel": "System",
      "Computer": "EC2AMAZ-3NV39E0",
      "Security": null
    },
    "EventData": {
      "param1": "Windows Error Reporting Service",
      "param2": "stopped",
      "Binary": "5700650072005300760063002F0031000000"
    }
  }
}
Record 102972
{
  "Event": {
    "#attributes": {
      "xmlns": "http://schemas.microsoft.com/win/2004/08/events/event"
    },
    "System": {
      "Provider": {
        "#attributes": {
          "Name": "Service Control Manager",
          "Guid": "{555908d1-a6d7-4695-8e1e-26931d2012f4}",
          "EventSourceName": "Service Control Manager"
        }
      },
      "EventID": {
        "#attributes": {
          "Qualifiers": 16384
        },
        "#text": 7036
      },
      "Version": 0,
      "Level": 4,
      "Task": 0,
      "Opcode": 0,
      "Keywords": "0x8080000000000000",
      "TimeCreated": {
        "#attributes": {
          "SystemTime": "2024-10-01T20:50:25.294451Z"
        }
      },
      "EventRecordID": 102972,
      "Correlation": null,
      "Execution": {
        "#attributes": {
          "ProcessID": 636,
          "ThreadID": 4248
        }
      },
      "Channel": "System",
      "Computer": "EC2AMAZ-3NV39E0",
      "Security": null
    },
    "EventData": {
      "param1": "Network Setup Service",
      "param2": "stopped",
      "Binary": "4E0065007400530065007400750070005300760063002F0031000000"
    }
  }
}
