Record 234756
{
  "Event": {
    "#attributes": {
      "xmlns": "http://schemas.microsoft.com/win/2004/08/events/event"
    },
    "System": {
      "Provider": {
        "#attributes": {
          "Name": "Microsoft-Windows-Security-Auditing",
          "Guid": "54849625-5478-4994-A5BA-3E3B0328C30D"
        }
      },
      "EventID": 4688,
      "Version": 2,
      "Level": 0,
      "Task": 13312,
      "Opcode": 0,
      "Keywords": "0x8020000000000000",
      "TimeCreated": {
        "#attributes": {
          "SystemTime": "2024-10-01T20:23:06.021827Z"
        }
      },
      "EventRecordID": 234756,
      "Correlation": null,
      "Execution": {
        "#attributes": {
          "ProcessID": 4,
          "ThreadID": 1048
        }
      },
      "Channel": "Security",
      "Computer": "EC2AMAZ-DMS53EU",
      "Security": null
    },
    "EventData": {
      "SubjectUserSid": "S-1-5-21-1315585081-1223704089-1502122752-500",
      "SubjectUserName": "Administrator",
      "SubjectDomainName": "EC2AMAZ-DMS53EU",
      "SubjectLogonId": "0x3abe71",
      "NewProcessId": "0x1aa4",
      "NewProcessName": "C:\\Windows\\System32\\conhost.exe",
      "TokenElevationType": "%%1936",
      "ProcessId": "0x3e8",
      "CommandLine": "\\??\\C:\\Windows\\system32\\conhost.exe 0xffffffff -ForceV1",
      "TargetUserSid": "S-1-0-0",
      "TargetUserName": "-",
      "TargetDomainName": "-",
      "TargetLogonId": "0x0",
      "ParentProcessName": "C:\\Windows\\System32\\wevtutil.exe",
      "MandatoryLabel": "S-1-16-12288"
    }
  }
}
Record 234757
{
  "Event": {
    "#attributes": {
      "xmlns": "http://schemas.microsoft.com/win/2004/08/events/event"
    },
    "System": {
      "Provider": {
        "#attributes": {
          "Name": "Microsoft-Windows-Security-Auditing",
          "Guid": "54849625-5478-4994-A5BA-3E3B0328C30D"
        }
      },
      "EventID": 4703,
      "Version": 0,
      "Level": 0,
      "Task": 13317,
      "Opcode": 0,
      "Keywords": "0x8020000000000000",
      "TimeCreated": {
        "#attributes": {
          "SystemTime": "2024-10-01T20:23:06.048602Z"
        }
      },
      "EventRecordID": 234757,
      "Correlation": null,
      "Execution": {
        "#attributes": {
          "ProcessID": 4,
          "ThreadID": 1048
        }
      },
      "Channel": "Security",
      "Computer": "EC2AMAZ-DMS53EU",
      "Security": null
    },
    "EventData": {
      "SubjectUserSid": "S-1-5-21-1315585081-1223704089-1502122752-500",
      "SubjectUserName": "Administrator",
      "SubjectDomainName": "EC2AMAZ-DMS53EU",
      "SubjectLogonId": "0x3abe71",
      "TargetUserSid": "S-1-0-0",
      "TargetUserName": "Administrator",
      "TargetDomainName": "EC2AMAZ-DMS53EU",
      "TargetLogonId": "0x3abe71",
      "ProcessName": "C:\\Windows\\System32\\wevtutil.exe",
      "ProcessId": "0x3e8",
      "EnabledPrivilegeList": "-",
      "DisabledPrivilegeList": "SeBackupPrivilege"
    }
  }
}
Record 234758
{
  "Event": {
    "#attributes": {
      "xmlns": "http://schemas.microsoft.com/win/2004/08/events/event"
    },
    "System": {
      "Provider": {
        "#attributes": {
          "Name": "Microsoft-Windows-Security-Auditing",
          "Guid": "54849625-5478-4994-A5BA-3E3B0328C30D"
        }
      },
      "EventID": 4703,
      "Version": 0,
      "Level": 0,
      "Task": 13317,
      "Opcode": 0,
      "Keywords": "0x8020000000000000",
      "TimeCreated": {
        "#attributes": {
          "SystemTime": "2024-10-01T20:23:06.048609Z"
        }
      },
      "EventRecordID": 234758,
      "Correlation": null,
      "Execution": {
        "#attributes": {
          "ProcessID": 4,
          "ThreadID": 1048
        }
      },
      "Channel": "Security",
      "Computer": "EC2AMAZ-DMS53EU",
      "Security": null
    },
    "EventData": {
      "SubjectUserSid": "S-1-5-21-1315585081-1223704089-1502122752-500",
      "SubjectUserName": "Administrator",
      "SubjectDomainName": "EC2AMAZ-DMS53EU",
      "SubjectLogonId": "0x3abe71",
      "TargetUserSid": "S-1-0-0",
      "TargetUserName": "Administrator",
      "TargetDomainName": "EC2AMAZ-DMS53EU",
      "TargetLogonId": "0x3abe71",
      "ProcessName": "C:\\Windows\\System32\\wevtutil.exe",
      "ProcessId": "0x3e8",
      "EnabledPrivilegeList": "-",
      "DisabledPrivilegeList": "SeSecurityPrivilege"
    }
  }
}
Record 234759
{
  "Event": {
    "#attributes": {
      "xmlns": "http://schemas.microsoft.com/win/2004/08/events/event"
    },
    "System": {
      "Provider": {
        "#attributes": {
          "Name": "Microsoft-Windows-Security-Auditing",
          "Guid": "54849625-5478-4994-A5BA-3E3B0328C30D"
        }
      },
      "EventID": 4689,
      "Version": 0,
      "Level": 0,
      "Task": 13313,
      "Opcode": 0,
      "Keywords": "0x8020000000000000",
      "TimeCreated": {
        "#attributes": {
          "SystemTime": "2024-10-01T20:23:06.049259Z"
        }
      },
      "EventRecordID": 234759,
      "Correlation": null,
      "Execution": {
        "#attributes": {
          "ProcessID": 4,
          "ThreadID": 1048
        }
      },
      "Channel": "Security",
      "Computer": "EC2AMAZ-DMS53EU",
      "Security": null
    },
    "EventData": {
      "SubjectUserSid": "S-1-5-21-1315585081-1223704089-1502122752-500",
      "SubjectUserName": "Administrator",
      "SubjectDomainName": "EC2AMAZ-DMS53EU",
      "SubjectLogonId": "0x3abe71",
      "Status": "0x0",
      "ProcessId": "0x3e8",
      "ProcessName": "C:\\Windows\\System32\\wevtutil.exe"
    }
  }
}
Record 234760
{
  "Event": {
    "#attributes": {
      "xmlns": "http://schemas.microsoft.com/win/2004/08/events/event"
    },
    "System": {
      "Provider": {
        "#attributes": {
          "Name": "Microsoft-Windows-Security-Auditing",
          "Guid": "54849625-5478-4994-A5BA-3E3B0328C30D"
        }
      },
      "EventID": 4689,
      "Version": 0,
      "Level": 0,
      "Task": 13313,
      "Opcode": 0,
      "Keywords": "0x8020000000000000",
      "TimeCreated": {
        "#attributes": {
          "SystemTime": "2024-10-01T20:23:06.050197Z"
        }
      },
      "EventRecordID": 234760,
      "Correlation": null,
      "Execution": {
        "#attributes": {
          "ProcessID": 4,
          "ThreadID": 6540
        }
      },
      "Channel": "Security",
      "Computer": "EC2AMAZ-DMS53EU",
      "Security": null
    },
    "EventData": {
      "SubjectUserSid": "S-1-5-21-1315585081-1223704089-1502122752-500",
      "SubjectUserName": "Administrator",
      "SubjectDomainName": "EC2AMAZ-DMS53EU",
      "SubjectLogonId": "0x3abe71",
      "Status": "0x0",
      "ProcessId": "0x1aa4",
      "ProcessName": "C:\\Windows\\System32\\conhost.exe"
    }
  }
}
Record 234761
{
  "Event": {
    "#attributes": {
      "xmlns": "http://schemas.microsoft.com/win/2004/08/events/event"
    },
    "System": {
      "Provider": {
        "#attributes": {
          "Name": "Microsoft-Windows-Security-Auditing",
          "Guid": "54849625-5478-4994-A5BA-3E3B0328C30D"
        }
      },
      "EventID": 4688,
      "Version": 2,
      "Level": 0,
      "Task": 13312,
      "Opcode": 0,
      "Keywords": "0x8020000000000000",
      "TimeCreated": {
        "#attributes": {
          "SystemTime": "2024-10-01T20:23:06.052327Z"
        }
      },
      "EventRecordID": 234761,
      "Correlation": null,
      "Execution": {
        "#attributes": {
          "ProcessID": 4,
          "ThreadID": 6540
        }
      },
      "Channel": "Security",
      "Computer": "EC2AMAZ-DMS53EU",
      "Security": null
    },
    "EventData": {
      "SubjectUserSid": "S-1-5-21-1315585081-1223704089-1502122752-500",
      "SubjectUserName": "Administrator",
      "SubjectDomainName": "EC2AMAZ-DMS53EU",
      "SubjectLogonId": "0x3abe71",
      "NewProcessId": "0x148",
      "NewProcessName": "C:\\Windows\\System32\\wevtutil.exe",
      "TokenElevationType": "%%1936",
      "ProcessId": "0x1b48",
      "CommandLine": "\"C:\\Windows\\system32\\wevtutil.exe\" cl OSK_SoftKeyboard_Channel",
      "TargetUserSid": "S-1-0-0",
      "TargetUserName": "-",
      "TargetDomainName": "-",
      "TargetLogonId": "0x0",
      "ParentProcessName": "C:\\Windows\\System32\\wsmprovhost.exe",
      "MandatoryLabel": "S-1-16-12288"
    }
  }
}
Record 234762
{
  "Event": {
    "#attributes": {
      "xmlns": "http://schemas.microsoft.com/win/2004/08/events/event"
    },
    "System": {
      "Provider": {
        "#attributes": {
          "Name": "Microsoft-Windows-Security-Auditing",
          "Guid": "54849625-5478-4994-A5BA-3E3B0328C30D"
        }
      },
      "EventID": 4688,
      "Version": 2,
      "Level": 0,
      "Task": 13312,
      "Opcode": 0,
      "Keywords": "0x8020000000000000",
      "TimeCreated": {
        "#attributes": {
          "SystemTime": "2024-10-01T20:23:06.054852Z"
        }
      },
      "EventRecordID": 234762,
      "Correlation": null,
      "Execution": {
        "#attributes": {
          "ProcessID": 4,
          "ThreadID": 6540
        }
      },
      "Channel": "Security",
      "Computer": "EC2AMAZ-DMS53EU",
      "Security": null
    },
    "EventData": {
      "SubjectUserSid": "S-1-5-21-1315585081-1223704089-1502122752-500",
      "SubjectUserName": "Administrator",
      "SubjectDomainName": "EC2AMAZ-DMS53EU",
      "SubjectLogonId": "0x3abe71",
      "NewProcessId": "0xc90",
      "NewProcessName": "C:\\Windows\\System32\\conhost.exe",
      "TokenElevationType": "%%1936",
      "ProcessId": "0x148",
      "CommandLine": "\\??\\C:\\Windows\\system32\\conhost.exe 0xffffffff -ForceV1",
      "TargetUserSid": "S-1-0-0",
      "TargetUserName": "-",
      "TargetDomainName": "-",
      "TargetLogonId": "0x0",
      "ParentProcessName": "C:\\Windows\\System32\\wevtutil.exe",
      "MandatoryLabel": "S-1-16-12288"
    }
  }
}
Record 234763
{
  "Event": {
    "#attributes": {
      "xmlns": "http://schemas.microsoft.com/win/2004/08/events/event"
    },
    "System": {
      "Provider": {
        "#attributes": {
          "Name": "Microsoft-Windows-Security-Auditing",
          "Guid": "54849625-5478-4994-A5BA-3E3B0328C30D"
        }
      },
      "EventID": 4703,
      "Version": 0,
      "Level": 0,
      "Task": 13317,
      "Opcode": 0,
      "Keywords": "0x8020000000000000",
      "TimeCreated": {
        "#attributes": {
          "SystemTime": "2024-10-01T20:23:06.081592Z"
        }
      },
      "EventRecordID": 234763,
      "Correlation": null,
      "Execution": {
        "#attributes": {
          "ProcessID": 4,
          "ThreadID": 6540
        }
      },
      "Channel": "Security",
      "Computer": "EC2AMAZ-DMS53EU",
      "Security": null
    },
    "EventData": {
      "SubjectUserSid": "S-1-5-21-1315585081-1223704089-1502122752-500",
      "SubjectUserName": "Administrator",
      "SubjectDomainName": "EC2AMAZ-DMS53EU",
      "SubjectLogonId": "0x3abe71",
      "TargetUserSid": "S-1-0-0",
      "TargetUserName": "Administrator",
      "TargetDomainName": "EC2AMAZ-DMS53EU",
      "TargetLogonId": "0x3abe71",
      "ProcessName": "C:\\Windows\\System32\\wevtutil.exe",
      "ProcessId": "0x148",
      "EnabledPrivilegeList": "-",
      "DisabledPrivilegeList": "SeBackupPrivilege"
    }
  }
}
Record 234764
{
  "Event": {
    "#attributes": {
      "xmlns": "http://schemas.microsoft.com/win/2004/08/events/event"
    },
    "System": {
      "Provider": {
        "#attributes": {
          "Name": "Microsoft-Windows-Security-Auditing",
          "Guid": "54849625-5478-4994-A5BA-3E3B0328C30D"
        }
      },
      "EventID": 4703,
      "Version": 0,
      "Level": 0,
      "Task": 13317,
      "Opcode": 0,
      "Keywords": "0x8020000000000000",
      "TimeCreated": {
        "#attributes": {
          "SystemTime": "2024-10-01T20:23:06.081598Z"
        }
      },
      "EventRecordID": 234764,
      "Correlation": null,
      "Execution": {
        "#attributes": {
          "ProcessID": 4,
          "ThreadID": 6540
        }
      },
      "Channel": "Security",
      "Computer": "EC2AMAZ-DMS53EU",
      "Security": null
    },
    "EventData": {
      "SubjectUserSid": "S-1-5-21-1315585081-1223704089-1502122752-500",
      "SubjectUserName": "Administrator",
      "SubjectDomainName": "EC2AMAZ-DMS53EU",
      "SubjectLogonId": "0x3abe71",
      "TargetUserSid": "S-1-0-0",
      "TargetUserName": "Administrator",
      "TargetDomainName": "EC2AMAZ-DMS53EU",
      "TargetLogonId": "0x3abe71",
      "ProcessName": "C:\\Windows\\System32\\wevtutil.exe",
      "ProcessId": "0x148",
      "EnabledPrivilegeList": "-",
      "DisabledPrivilegeList": "SeSecurityPrivilege"
    }
  }
}
Record 234765
{
  "Event": {
    "#attributes": {
      "xmlns": "http://schemas.microsoft.com/win/2004/08/events/event"
    },
    "System": {
      "Provider": {
        "#attributes": {
          "Name": "Microsoft-Windows-Security-Auditing",
          "Guid": "54849625-5478-4994-A5BA-3E3B0328C30D"
        }
      },
      "EventID": 4689,
      "Version": 0,
      "Level": 0,
      "Task": 13313,
      "Opcode": 0,
      "Keywords": "0x8020000000000000",
      "TimeCreated": {
        "#attributes": {
          "SystemTime": "2024-10-01T20:23:06.082250Z"
        }
      },
      "EventRecordID": 234765,
      "Correlation": null,
      "Execution": {
        "#attributes": {
          "ProcessID": 4,
          "ThreadID": 6540
        }
      },
      "Channel": "Security",
      "Computer": "EC2AMAZ-DMS53EU",
      "Security": null
    },
    "EventData": {
      "SubjectUserSid": "S-1-5-21-1315585081-1223704089-1502122752-500",
      "SubjectUserName": "Administrator",
      "SubjectDomainName": "EC2AMAZ-DMS53EU",
      "SubjectLogonId": "0x3abe71",
      "Status": "0x0",
      "ProcessId": "0x148",
      "ProcessName": "C:\\Windows\\System32\\wevtutil.exe"
    }
  }
}
Record 234766
{
  "Event": {
    "#attributes": {
      "xmlns": "http://schemas.microsoft.com/win/2004/08/events/event"
    },
    "System": {
      "Provider": {
        "#attributes": {
          "Name": "Microsoft-Windows-Security-Auditing",
          "Guid": "54849625-5478-4994-A5BA-3E3B0328C30D"
        }
      },
      "EventID": 4689,
      "Version": 0,
      "Level": 0,
      "Task": 13313,
      "Opcode": 0,
      "Keywords": "0x8020000000000000",
      "TimeCreated": {
        "#attributes": {
          "SystemTime": "2024-10-01T20:23:06.083292Z"
        }
      },
      "EventRecordID": 234766,
      "Correlation": null,
      "Execution": {
        "#attributes": {
          "ProcessID": 4,
          "ThreadID": 6540
        }
      },
      "Channel": "Security",
      "Computer": "EC2AMAZ-DMS53EU",
      "Security": null
    },
    "EventData": {
      "SubjectUserSid": "S-1-5-21-1315585081-1223704089-1502122752-500",
      "SubjectUserName": "Administrator",
      "SubjectDomainName": "EC2AMAZ-DMS53EU",
      "SubjectLogonId": "0x3abe71",
      "Status": "0x0",
      "ProcessId": "0xc90",
      "ProcessName": "C:\\Windows\\System32\\conhost.exe"
    }
  }
}
Record 234767
{
  "Event": {
    "#attributes": {
      "xmlns": "http://schemas.microsoft.com/win/2004/08/events/event"
    },
    "System": {
      "Provider": {
        "#attributes": {
          "Name": "Microsoft-Windows-Security-Auditing",
          "Guid": "54849625-5478-4994-A5BA-3E3B0328C30D"
        }
      },
      "EventID": 4688,
      "Version": 2,
      "Level": 0,
      "Task": 13312,
      "Opcode": 0,
      "Keywords": "0x8020000000000000",
      "TimeCreated": {
        "#attributes": {
          "SystemTime": "2024-10-01T20:23:06.085141Z"
        }
      },
      "EventRecordID": 234767,
      "Correlation": null,
      "Execution": {
        "#attributes": {
          "ProcessID": 4,
          "ThreadID": 6540
        }
      },
      "Channel": "Security",
      "Computer": "EC2AMAZ-DMS53EU",
      "Security": null
    },
    "EventData": {
      "SubjectUserSid": "S-1-5-21-1315585081-1223704089-1502122752-500",
      "SubjectUserName": "Administrator",
      "SubjectDomainName": "EC2AMAZ-DMS53EU",
      "SubjectLogonId": "0x3abe71",
      "NewProcessId": "0x1bf8",
      "NewProcessName": "C:\\Windows\\System32\\wevtutil.exe",
      "TokenElevationType": "%%1936",
      "ProcessId": "0x1b48",
      "CommandLine": "\"C:\\Windows\\system32\\wevtutil.exe\" cl OpenSSH/Admin",
      "TargetUserSid": "S-1-0-0",
      "TargetUserName": "-",
      "TargetDomainName": "-",
      "TargetLogonId": "0x0",
      "ParentProcessName": "C:\\Windows\\System32\\wsmprovhost.exe",
      "MandatoryLabel": "S-1-16-12288"
    }
  }
}
Record 234768
{
  "Event": {
    "#attributes": {
      "xmlns": "http://schemas.microsoft.com/win/2004/08/events/event"
    },
    "System": {
      "Provider": {
        "#attributes": {
          "Name": "Microsoft-Windows-Security-Auditing",
          "Guid": "54849625-5478-4994-A5BA-3E3B0328C30D"
        }
      },
      "EventID": 4688,
      "Version": 2,
      "Level": 0,
      "Task": 13312,
      "Opcode": 0,
      "Keywords": "0x8020000000000000",
      "TimeCreated": {
        "#attributes": {
          "SystemTime": "2024-10-01T20:23:06.087772Z"
        }
      },
      "EventRecordID": 234768,
      "Correlation": null,
      "Execution": {
        "#attributes": {
          "ProcessID": 4,
          "ThreadID": 6540
        }
      },
      "Channel": "Security",
      "Computer": "EC2AMAZ-DMS53EU",
      "Security": null
    },
    "EventData": {
      "SubjectUserSid": "S-1-5-21-1315585081-1223704089-1502122752-500",
      "SubjectUserName": "Administrator",
      "SubjectDomainName": "EC2AMAZ-DMS53EU",
      "SubjectLogonId": "0x3abe71",
      "NewProcessId": "0x127c",
      "NewProcessName": "C:\\Windows\\System32\\conhost.exe",
      "TokenElevationType": "%%1936",
      "ProcessId": "0x1bf8",
      "CommandLine": "\\??\\C:\\Windows\\system32\\conhost.exe 0xffffffff -ForceV1",
      "TargetUserSid": "S-1-0-0",
      "TargetUserName": "-",
      "TargetDomainName": "-",
      "TargetLogonId": "0x0",
      "ParentProcessName": "C:\\Windows\\System32\\wevtutil.exe",
      "MandatoryLabel": "S-1-16-12288"
    }
  }
}
Record 234769
{
  "Event": {
    "#attributes": {
      "xmlns": "http://schemas.microsoft.com/win/2004/08/events/event"
    },
    "System": {
      "Provider": {
        "#attributes": {
          "Name": "Microsoft-Windows-Security-Auditing",
          "Guid": "54849625-5478-4994-A5BA-3E3B0328C30D"
        }
      },
      "EventID": 4703,
      "Version": 0,
      "Level": 0,
      "Task": 13317,
      "Opcode": 0,
      "Keywords": "0x8020000000000000",
      "TimeCreated": {
        "#attributes": {
          "SystemTime": "2024-10-01T20:23:06.119397Z"
        }
      },
      "EventRecordID": 234769,
      "Correlation": null,
      "Execution": {
        "#attributes": {
          "ProcessID": 4,
          "ThreadID": 6540
        }
      },
      "Channel": "Security",
      "Computer": "EC2AMAZ-DMS53EU",
      "Security": null
    },
    "EventData": {
      "SubjectUserSid": "S-1-5-21-1315585081-1223704089-1502122752-500",
      "SubjectUserName": "Administrator",
      "SubjectDomainName": "EC2AMAZ-DMS53EU",
      "SubjectLogonId": "0x3abe71",
      "TargetUserSid": "S-1-0-0",
      "TargetUserName": "Administrator",
      "TargetDomainName": "EC2AMAZ-DMS53EU",
      "TargetLogonId": "0x3abe71",
      "ProcessName": "C:\\Windows\\System32\\wevtutil.exe",
      "ProcessId": "0x1bf8",
      "EnabledPrivilegeList": "-",
      "DisabledPrivilegeList": "SeBackupPrivilege"
    }
  }
}
Record 234770
{
  "Event": {
    "#attributes": {
      "xmlns": "http://schemas.microsoft.com/win/2004/08/events/event"
    },
    "System": {
      "Provider": {
        "#attributes": {
          "Name": "Microsoft-Windows-Security-Auditing",
          "Guid": "54849625-5478-4994-A5BA-3E3B0328C30D"
        }
      },
      "EventID": 4703,
      "Version": 0,
      "Level": 0,
      "Task": 13317,
      "Opcode": 0,
      "Keywords": "0x8020000000000000",
      "TimeCreated": {
        "#attributes": {
          "SystemTime": "2024-10-01T20:23:06.119402Z"
        }
      },
      "EventRecordID": 234770,
      "Correlation": null,
      "Execution": {
        "#attributes": {
          "ProcessID": 4,
          "ThreadID": 6540
        }
      },
      "Channel": "Security",
      "Computer": "EC2AMAZ-DMS53EU",
      "Security": null
    },
    "EventData": {
      "SubjectUserSid": "S-1-5-21-1315585081-1223704089-1502122752-500",
      "SubjectUserName": "Administrator",
      "SubjectDomainName": "EC2AMAZ-DMS53EU",
      "SubjectLogonId": "0x3abe71",
      "TargetUserSid": "S-1-0-0",
      "TargetUserName": "Administrator",
      "TargetDomainName": "EC2AMAZ-DMS53EU",
      "TargetLogonId": "0x3abe71",
      "ProcessName": "C:\\Windows\\System32\\wevtutil.exe",
      "ProcessId": "0x1bf8",
      "EnabledPrivilegeList": "-",
      "DisabledPrivilegeList": "SeSecurityPrivilege"
    }
  }
}
Record 234771
{
  "Event": {
    "#attributes": {
      "xmlns": "http://schemas.microsoft.com/win/2004/08/events/event"
    },
    "System": {
      "Provider": {
        "#attributes": {
          "Name": "Microsoft-Windows-Security-Auditing",
          "Guid": "54849625-5478-4994-A5BA-3E3B0328C30D"
        }
      },
      "EventID": 4689,
      "Version": 0,
      "Level": 0,
      "Task": 13313,
      "Opcode": 0,
      "Keywords": "0x8020000000000000",
      "TimeCreated": {
        "#attributes": {
          "SystemTime": "2024-10-01T20:23:06.121366Z"
        }
      },
      "EventRecordID": 234771,
      "Correlation": null,
      "Execution": {
        "#attributes": {
          "ProcessID": 4,
          "ThreadID": 6540
        }
      },
      "Channel": "Security",
      "Computer": "EC2AMAZ-DMS53EU",
      "Security": null
    },
    "EventData": {
      "SubjectUserSid": "S-1-5-21-1315585081-1223704089-1502122752-500",
      "SubjectUserName": "Administrator",
      "SubjectDomainName": "EC2AMAZ-DMS53EU",
      "SubjectLogonId": "0x3abe71",
      "Status": "0x0",
      "ProcessId": "0x1bf8",
      "ProcessName": "C:\\Windows\\System32\\wevtutil.exe"
    }
  }
}
Record 234772
{
  "Event": {
    "#attributes": {
      "xmlns": "http://schemas.microsoft.com/win/2004/08/events/event"
    },
    "System": {
      "Provider": {
        "#attributes": {
          "Name": "Microsoft-Windows-Security-Auditing",
          "Guid": "54849625-5478-4994-A5BA-3E3B0328C30D"
        }
      },
      "EventID": 4689,
      "Version": 0,
      "Level": 0,
      "Task": 13313,
      "Opcode": 0,
      "Keywords": "0x8020000000000000",
      "TimeCreated": {
        "#attributes": {
          "SystemTime": "2024-10-01T20:23:06.122347Z"
        }
      },
      "EventRecordID": 234772,
      "Correlation": null,
      "Execution": {
        "#attributes": {
          "ProcessID": 4,
          "ThreadID": 1048
        }
      },
      "Channel": "Security",
      "Computer": "EC2AMAZ-DMS53EU",
      "Security": null
    },
    "EventData": {
      "SubjectUserSid": "S-1-5-21-1315585081-1223704089-1502122752-500",
      "SubjectUserName": "Administrator",
      "SubjectDomainName": "EC2AMAZ-DMS53EU",
      "SubjectLogonId": "0x3abe71",
      "Status": "0x0",
      "ProcessId": "0x127c",
      "ProcessName": "C:\\Windows\\System32\\conhost.exe"
    }
  }
}
Record 234773
{
  "Event": {
    "#attributes": {
      "xmlns": "http://schemas.microsoft.com/win/2004/08/events/event"
    },
    "System": {
      "Provider": {
        "#attributes": {
          "Name": "Microsoft-Windows-Security-Auditing",
          "Guid": "54849625-5478-4994-A5BA-3E3B0328C30D"
        }
      },
      "EventID": 4688,
      "Version": 2,
      "Level": 0,
      "Task": 13312,
      "Opcode": 0,
      "Keywords": "0x8020000000000000",
      "TimeCreated": {
        "#attributes": {
          "SystemTime": "2024-10-01T20:23:06.124681Z"
        }
      },
      "EventRecordID": 234773,
      "Correlation": null,
      "Execution": {
        "#attributes": {
          "ProcessID": 4,
          "ThreadID": 1048
        }
      },
      "Channel": "Security",
      "Computer": "EC2AMAZ-DMS53EU",
      "Security": null
    },
    "EventData": {
      "SubjectUserSid": "S-1-5-21-1315585081-1223704089-1502122752-500",
      "SubjectUserName": "Administrator",
      "SubjectDomainName": "EC2AMAZ-DMS53EU",
      "SubjectLogonId": "0x3abe71",
      "NewProcessId": "0x1b5c",
      "NewProcessName": "C:\\Windows\\System32\\wevtutil.exe",
      "TokenElevationType": "%%1936",
      "ProcessId": "0x1b48",
      "CommandLine": "\"C:\\Windows\\system32\\wevtutil.exe\" cl OpenSSH/Debug",
      "TargetUserSid": "S-1-0-0",
      "TargetUserName": "-",
      "TargetDomainName": "-",
      "TargetLogonId": "0x0",
      "ParentProcessName": "C:\\Windows\\System32\\wsmprovhost.exe",
      "MandatoryLabel": "S-1-16-12288"
    }
  }
}
Record 234774
{
  "Event": {
    "#attributes": {
      "xmlns": "http://schemas.microsoft.com/win/2004/08/events/event"
    },
    "System": {
      "Provider": {
        "#attributes": {
          "Name": "Microsoft-Windows-Security-Auditing",
          "Guid": "54849625-5478-4994-A5BA-3E3B0328C30D"
        }
      },
      "EventID": 4688,
      "Version": 2,
      "Level": 0,
      "Task": 13312,
      "Opcode": 0,
      "Keywords": "0x8020000000000000",
      "TimeCreated": {
        "#attributes": {
          "SystemTime": "2024-10-01T20:23:06.127235Z"
        }
      },
      "EventRecordID": 234774,
      "Correlation": null,
      "Execution": {
        "#attributes": {
          "ProcessID": 4,
          "ThreadID": 1048
        }
      },
      "Channel": "Security",
      "Computer": "EC2AMAZ-DMS53EU",
      "Security": null
    },
    "EventData": {
      "SubjectUserSid": "S-1-5-21-1315585081-1223704089-1502122752-500",
      "SubjectUserName": "Administrator",
      "SubjectDomainName": "EC2AMAZ-DMS53EU",
      "SubjectLogonId": "0x3abe71",
      "NewProcessId": "0x470",
      "NewProcessName": "C:\\Windows\\System32\\conhost.exe",
      "TokenElevationType": "%%1936",
      "ProcessId": "0x1b5c",
      "CommandLine": "\\??\\C:\\Windows\\system32\\conhost.exe 0xffffffff -ForceV1",
      "TargetUserSid": "S-1-0-0",
      "TargetUserName": "-",
      "TargetDomainName": "-",
      "TargetLogonId": "0x0",
      "ParentProcessName": "C:\\Windows\\System32\\wevtutil.exe",
      "MandatoryLabel": "S-1-16-12288"
    }
  }
}
Record 234775
{
  "Event": {
    "#attributes": {
      "xmlns": "http://schemas.microsoft.com/win/2004/08/events/event"
    },
    "System": {
      "Provider": {
        "#attributes": {
          "Name": "Microsoft-Windows-Security-Auditing",
          "Guid": "54849625-5478-4994-A5BA-3E3B0328C30D"
        }
      },
      "EventID": 4703,
      "Version": 0,
      "Level": 0,
      "Task": 13317,
      "Opcode": 0,
      "Keywords": "0x8020000000000000",
      "TimeCreated": {
        "#attributes": {
          "SystemTime": "2024-10-01T20:23:06.158787Z"
        }
      },
      "EventRecordID": 234775,
      "Correlation": null,
      "Execution": {
        "#attributes": {
          "ProcessID": 4,
          "ThreadID": 1048
        }
      },
      "Channel": "Security",
      "Computer": "EC2AMAZ-DMS53EU",
      "Security": null
    },
    "EventData": {
      "SubjectUserSid": "S-1-5-21-1315585081-1223704089-1502122752-500",
      "SubjectUserName": "Administrator",
      "SubjectDomainName": "EC2AMAZ-DMS53EU",
      "SubjectLogonId": "0x3abe71",
      "TargetUserSid": "S-1-0-0",
      "TargetUserName": "Administrator",
      "TargetDomainName": "EC2AMAZ-DMS53EU",
      "TargetLogonId": "0x3abe71",
      "ProcessName": "C:\\Windows\\System32\\wevtutil.exe",
      "ProcessId": "0x1b5c",
      "EnabledPrivilegeList": "-",
      "DisabledPrivilegeList": "SeBackupPrivilege"
    }
  }
}
Record 234776
{
  "Event": {
    "#attributes": {
      "xmlns": "http://schemas.microsoft.com/win/2004/08/events/event"
    },
    "System": {
      "Provider": {
        "#attributes": {
          "Name": "Microsoft-Windows-Security-Auditing",
          "Guid": "54849625-5478-4994-A5BA-3E3B0328C30D"
        }
      },
      "EventID": 4703,
      "Version": 0,
      "Level": 0,
      "Task": 13317,
      "Opcode": 0,
      "Keywords": "0x8020000000000000",
      "TimeCreated": {
        "#attributes": {
          "SystemTime": "2024-10-01T20:23:06.158794Z"
        }
      },
      "EventRecordID": 234776,
      "Correlation": null,
      "Execution": {
        "#attributes": {
          "ProcessID": 4,
          "ThreadID": 1048
        }
      },
      "Channel": "Security",
      "Computer": "EC2AMAZ-DMS53EU",
      "Security": null
    },
    "EventData": {
      "SubjectUserSid": "S-1-5-21-1315585081-1223704089-1502122752-500",
      "SubjectUserName": "Administrator",
      "SubjectDomainName": "EC2AMAZ-DMS53EU",
      "SubjectLogonId": "0x3abe71",
      "TargetUserSid": "S-1-0-0",
      "TargetUserName": "Administrator",
      "TargetDomainName": "EC2AMAZ-DMS53EU",
      "TargetLogonId": "0x3abe71",
      "ProcessName": "C:\\Windows\\System32\\wevtutil.exe",
      "ProcessId": "0x1b5c",
      "EnabledPrivilegeList": "-",
      "DisabledPrivilegeList": "SeSecurityPrivilege"
    }
  }
}
Record 234777
{
  "Event": {
    "#attributes": {
      "xmlns": "http://schemas.microsoft.com/win/2004/08/events/event"
    },
    "System": {
      "Provider": {
        "#attributes": {
          "Name": "Microsoft-Windows-Security-Auditing",
          "Guid": "54849625-5478-4994-A5BA-3E3B0328C30D"
        }
      },
      "EventID": 4689,
      "Version": 0,
      "Level": 0,
      "Task": 13313,
      "Opcode": 0,
      "Keywords": "0x8020000000000000",
      "TimeCreated": {
        "#attributes": {
          "SystemTime": "2024-10-01T20:23:06.159614Z"
        }
      },
      "EventRecordID": 234777,
      "Correlation": null,
      "Execution": {
        "#attributes": {
          "ProcessID": 4,
          "ThreadID": 1048
        }
      },
      "Channel": "Security",
      "Computer": "EC2AMAZ-DMS53EU",
      "Security": null
    },
    "EventData": {
      "SubjectUserSid": "S-1-5-21-1315585081-1223704089-1502122752-500",
      "SubjectUserName": "Administrator",
      "SubjectDomainName": "EC2AMAZ-DMS53EU",
      "SubjectLogonId": "0x3abe71",
      "Status": "0x0",
      "ProcessId": "0x1b5c",
      "ProcessName": "C:\\Windows\\System32\\wevtutil.exe"
    }
  }
}
Record 234778
{
  "Event": {
    "#attributes": {
      "xmlns": "http://schemas.microsoft.com/win/2004/08/events/event"
    },
    "System": {
      "Provider": {
        "#attributes": {
          "Name": "Microsoft-Windows-Security-Auditing",
          "Guid": "54849625-5478-4994-A5BA-3E3B0328C30D"
        }
      },
      "EventID": 4689,
      "Version": 0,
      "Level": 0,
      "Task": 13313,
      "Opcode": 0,
      "Keywords": "0x8020000000000000",
      "TimeCreated": {
        "#attributes": {
          "SystemTime": "2024-10-01T20:23:06.160519Z"
        }
      },
      "EventRecordID": 234778,
      "Correlation": null,
      "Execution": {
        "#attributes": {
          "ProcessID": 4,
          "ThreadID": 1048
        }
      },
      "Channel": "Security",
      "Computer": "EC2AMAZ-DMS53EU",
      "Security": null
    },
    "EventData": {
      "SubjectUserSid": "S-1-5-21-1315585081-1223704089-1502122752-500",
      "SubjectUserName": "Administrator",
      "SubjectDomainName": "EC2AMAZ-DMS53EU",
      "SubjectLogonId": "0x3abe71",
      "Status": "0x0",
      "ProcessId": "0x470",
      "ProcessName": "C:\\Windows\\System32\\conhost.exe"
    }
  }
}
Record 234779
{
  "Event": {
    "#attributes": {
      "xmlns": "http://schemas.microsoft.com/win/2004/08/events/event"
    },
    "System": {
      "Provider": {
        "#attributes": {
          "Name": "Microsoft-Windows-Security-Auditing",
          "Guid": "54849625-5478-4994-A5BA-3E3B0328C30D"
        }
      },
      "EventID": 4688,
      "Version": 2,
      "Level": 0,
      "Task": 13312,
      "Opcode": 0,
      "Keywords": "0x8020000000000000",
      "TimeCreated": {
        "#attributes": {
          "SystemTime": "2024-10-01T20:23:06.162692Z"
        }
      },
      "EventRecordID": 234779,
      "Correlation": null,
      "Execution": {
        "#attributes": {
          "ProcessID": 4,
          "ThreadID": 1048
        }
      },
      "Channel": "Security",
      "Computer": "EC2AMAZ-DMS53EU",
      "Security": null
    },
    "EventData": {
      "SubjectUserSid": "S-1-5-21-1315585081-1223704089-1502122752-500",
      "SubjectUserName": "Administrator",
      "SubjectDomainName": "EC2AMAZ-DMS53EU",
      "SubjectLogonId": "0x3abe71",
      "NewProcessId": "0xb8c",
      "NewProcessName": "C:\\Windows\\System32\\wevtutil.exe",
      "TokenElevationType": "%%1936",
      "ProcessId": "0x1b48",
      "CommandLine": "\"C:\\Windows\\system32\\wevtutil.exe\" cl OpenSSH/Operational",
      "TargetUserSid": "S-1-0-0",
      "TargetUserName": "-",
      "TargetDomainName": "-",
      "TargetLogonId": "0x0",
      "ParentProcessName": "C:\\Windows\\System32\\wsmprovhost.exe",
      "MandatoryLabel": "S-1-16-12288"
    }
  }
}
Record 234780
{
  "Event": {
    "#attributes": {
      "xmlns": "http://schemas.microsoft.com/win/2004/08/events/event"
    },
    "System": {
      "Provider": {
        "#attributes": {
          "Name": "Microsoft-Windows-Security-Auditing",
          "Guid": "54849625-5478-4994-A5BA-3E3B0328C30D"
        }
      },
      "EventID": 4688,
      "Version": 2,
      "Level": 0,
      "Task": 13312,
      "Opcode": 0,
      "Keywords": "0x8020000000000000",
      "TimeCreated": {
        "#attributes": {
          "SystemTime": "2024-10-01T20:23:06.165356Z"
        }
      },
      "EventRecordID": 234780,
      "Correlation": null,
      "Execution": {
        "#attributes": {
          "ProcessID": 4,
          "ThreadID": 1048
        }
      },
      "Channel": "Security",
      "Computer": "EC2AMAZ-DMS53EU",
      "Security": null
    },
    "EventData": {
      "SubjectUserSid": "S-1-5-21-1315585081-1223704089-1502122752-500",
      "SubjectUserName": "Administrator",
      "SubjectDomainName": "EC2AMAZ-DMS53EU",
      "SubjectLogonId": "0x3abe71",
      "NewProcessId": "0xf60",
      "NewProcessName": "C:\\Windows\\System32\\conhost.exe",
      "TokenElevationType": "%%1936",
      "ProcessId": "0xb8c",
      "CommandLine": "\\??\\C:\\Windows\\system32\\conhost.exe 0xffffffff -ForceV1",
      "TargetUserSid": "S-1-0-0",
      "TargetUserName": "-",
      "TargetDomainName": "-",
      "TargetLogonId": "0x0",
      "ParentProcessName": "C:\\Windows\\System32\\wevtutil.exe",
      "MandatoryLabel": "S-1-16-12288"
    }
  }
}
Record 234781
{
  "Event": {
    "#attributes": {
      "xmlns": "http://schemas.microsoft.com/win/2004/08/events/event"
    },
    "System": {
      "Provider": {
        "#attributes": {
          "Name": "Microsoft-Windows-Security-Auditing",
          "Guid": "54849625-5478-4994-A5BA-3E3B0328C30D"
        }
      },
      "EventID": 4703,
      "Version": 0,
      "Level": 0,
      "Task": 13317,
      "Opcode": 0,
      "Keywords": "0x8020000000000000",
      "TimeCreated": {
        "#attributes": {
          "SystemTime": "2024-10-01T20:23:06.226818Z"
        }
      },
      "EventRecordID": 234781,
      "Correlation": null,
      "Execution": {
        "#attributes": {
          "ProcessID": 4,
          "ThreadID": 1048
        }
      },
      "Channel": "Security",
      "Computer": "EC2AMAZ-DMS53EU",
      "Security": null
    },
    "EventData": {
      "SubjectUserSid": "S-1-5-21-1315585081-1223704089-1502122752-500",
      "SubjectUserName": "Administrator",
      "SubjectDomainName": "EC2AMAZ-DMS53EU",
      "SubjectLogonId": "0x3abe71",
      "TargetUserSid": "S-1-0-0",
      "TargetUserName": "Administrator",
      "TargetDomainName": "EC2AMAZ-DMS53EU",
      "TargetLogonId": "0x3abe71",
      "ProcessName": "C:\\Windows\\System32\\wevtutil.exe",
      "ProcessId": "0xb8c",
      "EnabledPrivilegeList": "-",
      "DisabledPrivilegeList": "SeBackupPrivilege"
    }
  }
}
Record 234782
{
  "Event": {
    "#attributes": {
      "xmlns": "http://schemas.microsoft.com/win/2004/08/events/event"
    },
    "System": {
      "Provider": {
        "#attributes": {
          "Name": "Microsoft-Windows-Security-Auditing",
          "Guid": "54849625-5478-4994-A5BA-3E3B0328C30D"
        }
      },
      "EventID": 4703,
      "Version": 0,
      "Level": 0,
      "Task": 13317,
      "Opcode": 0,
      "Keywords": "0x8020000000000000",
      "TimeCreated": {
        "#attributes": {
          "SystemTime": "2024-10-01T20:23:06.226824Z"
        }
      },
      "EventRecordID": 234782,
      "Correlation": null,
      "Execution": {
        "#attributes": {
          "ProcessID": 4,
          "ThreadID": 1048
        }
      },
      "Channel": "Security",
      "Computer": "EC2AMAZ-DMS53EU",
      "Security": null
    },
    "EventData": {
      "SubjectUserSid": "S-1-5-21-1315585081-1223704089-1502122752-500",
      "SubjectUserName": "Administrator",
      "SubjectDomainName": "EC2AMAZ-DMS53EU",
      "SubjectLogonId": "0x3abe71",
      "TargetUserSid": "S-1-0-0",
      "TargetUserName": "Administrator",
      "TargetDomainName": "EC2AMAZ-DMS53EU",
      "TargetLogonId": "0x3abe71",
      "ProcessName": "C:\\Windows\\System32\\wevtutil.exe",
      "ProcessId": "0xb8c",
      "EnabledPrivilegeList": "-",
      "DisabledPrivilegeList": "SeSecurityPrivilege"
    }
  }
}
Record 234783
{
  "Event": {
    "#attributes": {
      "xmlns": "http://schemas.microsoft.com/win/2004/08/events/event"
    },
    "System": {
      "Provider": {
        "#attributes": {
          "Name": "Microsoft-Windows-Security-Auditing",
          "Guid": "54849625-5478-4994-A5BA-3E3B0328C30D"
        }
      },
      "EventID": 4689,
      "Version": 0,
      "Level": 0,
      "Task": 13313,
      "Opcode": 0,
      "Keywords": "0x8020000000000000",
      "TimeCreated": {
        "#attributes": {
          "SystemTime": "2024-10-01T20:23:06.227688Z"
        }
      },
      "EventRecordID": 234783,
      "Correlation": null,
      "Execution": {
        "#attributes": {
          "ProcessID": 4,
          "ThreadID": 1048
        }
      },
      "Channel": "Security",
      "Computer": "EC2AMAZ-DMS53EU",
      "Security": null
    },
    "EventData": {
      "SubjectUserSid": "S-1-5-21-1315585081-1223704089-1502122752-500",
      "SubjectUserName": "Administrator",
      "SubjectDomainName": "EC2AMAZ-DMS53EU",
      "SubjectLogonId": "0x3abe71",
      "Status": "0x0",
      "ProcessId": "0xb8c",
      "ProcessName": "C:\\Windows\\System32\\wevtutil.exe"
    }
  }
}
Record 234784
{
  "Event": {
    "#attributes": {
      "xmlns": "http://schemas.microsoft.com/win/2004/08/events/event"
    },
    "System": {
      "Provider": {
        "#attributes": {
          "Name": "Microsoft-Windows-Security-Auditing",
          "Guid": "54849625-5478-4994-A5BA-3E3B0328C30D"
        }
      },
      "EventID": 4689,
      "Version": 0,
      "Level": 0,
      "Task": 13313,
      "Opcode": 0,
      "Keywords": "0x8020000000000000",
      "TimeCreated": {
        "#attributes": {
          "SystemTime": "2024-10-01T20:23:06.228740Z"
        }
      },
      "EventRecordID": 234784,
      "Correlation": null,
      "Execution": {
        "#attributes": {
          "ProcessID": 4,
          "ThreadID": 1048
        }
      },
      "Channel": "Security",
      "Computer": "EC2AMAZ-DMS53EU",
      "Security": null
    },
    "EventData": {
      "SubjectUserSid": "S-1-5-21-1315585081-1223704089-1502122752-500",
      "SubjectUserName": "Administrator",
      "SubjectDomainName": "EC2AMAZ-DMS53EU",
      "SubjectLogonId": "0x3abe71",
      "Status": "0x0",
      "ProcessId": "0xf60",
      "ProcessName": "C:\\Windows\\System32\\conhost.exe"
    }
  }
}
Record 234785
{
  "Event": {
    "#attributes": {
      "xmlns": "http://schemas.microsoft.com/win/2004/08/events/event"
    },
    "System": {
      "Provider": {
        "#attributes": {
          "Name": "Microsoft-Windows-Security-Auditing",
          "Guid": "54849625-5478-4994-A5BA-3E3B0328C30D"
        }
      },
      "EventID": 4688,
      "Version": 2,
      "Level": 0,
      "Task": 13312,
      "Opcode": 0,
      "Keywords": "0x8020000000000000",
      "TimeCreated": {
        "#attributes": {
          "SystemTime": "2024-10-01T20:23:06.230790Z"
        }
      },
      "EventRecordID": 234785,
      "Correlation": null,
      "Execution": {
        "#attributes": {
          "ProcessID": 4,
          "ThreadID": 1048
        }
      },
      "Channel": "Security",
      "Computer": "EC2AMAZ-DMS53EU",
      "Security": null
    },
    "EventData": {
      "SubjectUserSid": "S-1-5-21-1315585081-1223704089-1502122752-500",
      "SubjectUserName": "Administrator",
      "SubjectDomainName": "EC2AMAZ-DMS53EU",
      "SubjectLogonId": "0x3abe71",
      "NewProcessId": "0x1490",
      "NewProcessName": "C:\\Windows\\System32\\wevtutil.exe",
      "TokenElevationType": "%%1936",
      "ProcessId": "0x1b48",
      "CommandLine": "\"C:\\Windows\\system32\\wevtutil.exe\" cl Physical_Keyboard_Manager_Channel",
      "TargetUserSid": "S-1-0-0",
      "TargetUserName": "-",
      "TargetDomainName": "-",
      "TargetLogonId": "0x0",
      "ParentProcessName": "C:\\Windows\\System32\\wsmprovhost.exe",
      "MandatoryLabel": "S-1-16-12288"
    }
  }
}
Record 234786
{
  "Event": {
    "#attributes": {
      "xmlns": "http://schemas.microsoft.com/win/2004/08/events/event"
    },
    "System": {
      "Provider": {
        "#attributes": {
          "Name": "Microsoft-Windows-Security-Auditing",
          "Guid": "54849625-5478-4994-A5BA-3E3B0328C30D"
        }
      },
      "EventID": 4688,
      "Version": 2,
      "Level": 0,
      "Task": 13312,
      "Opcode": 0,
      "Keywords": "0x8020000000000000",
      "TimeCreated": {
        "#attributes": {
          "SystemTime": "2024-10-01T20:23:06.233582Z"
        }
      },
      "EventRecordID": 234786,
      "Correlation": null,
      "Execution": {
        "#attributes": {
          "ProcessID": 4,
          "ThreadID": 1048
        }
      },
      "Channel": "Security",
      "Computer": "EC2AMAZ-DMS53EU",
      "Security": null
    },
    "EventData": {
      "SubjectUserSid": "S-1-5-21-1315585081-1223704089-1502122752-500",
      "SubjectUserName": "Administrator",
      "SubjectDomainName": "EC2AMAZ-DMS53EU",
      "SubjectLogonId": "0x3abe71",
      "NewProcessId": "0x12fc",
      "NewProcessName": "C:\\Windows\\System32\\conhost.exe",
      "TokenElevationType": "%%1936",
      "ProcessId": "0x1490",
      "CommandLine": "\\??\\C:\\Windows\\system32\\conhost.exe 0xffffffff -ForceV1",
      "TargetUserSid": "S-1-0-0",
      "TargetUserName": "-",
      "TargetDomainName": "-",
      "TargetLogonId": "0x0",
      "ParentProcessName": "C:\\Windows\\System32\\wevtutil.exe",
      "MandatoryLabel": "S-1-16-12288"
    }
  }
}
Record 234787
{
  "Event": {
    "#attributes": {
      "xmlns": "http://schemas.microsoft.com/win/2004/08/events/event"
    },
    "System": {
      "Provider": {
        "#attributes": {
          "Name": "Microsoft-Windows-Security-Auditing",
          "Guid": "54849625-5478-4994-A5BA-3E3B0328C30D"
        }
      },
      "EventID": 4703,
      "Version": 0,
      "Level": 0,
      "Task": 13317,
      "Opcode": 0,
      "Keywords": "0x8020000000000000",
      "TimeCreated": {
        "#attributes": {
          "SystemTime": "2024-10-01T20:23:06.267039Z"
        }
      },
      "EventRecordID": 234787,
      "Correlation": null,
      "Execution": {
        "#attributes": {
          "ProcessID": 4,
          "ThreadID": 1048
        }
      },
      "Channel": "Security",
      "Computer": "EC2AMAZ-DMS53EU",
      "Security": null
    },
    "EventData": {
      "SubjectUserSid": "S-1-5-21-1315585081-1223704089-1502122752-500",
      "SubjectUserName": "Administrator",
      "SubjectDomainName": "EC2AMAZ-DMS53EU",
      "SubjectLogonId": "0x3abe71",
      "TargetUserSid": "S-1-0-0",
      "TargetUserName": "Administrator",
      "TargetDomainName": "EC2AMAZ-DMS53EU",
      "TargetLogonId": "0x3abe71",
      "ProcessName": "C:\\Windows\\System32\\wevtutil.exe",
      "ProcessId": "0x1490",
      "EnabledPrivilegeList": "-",
      "DisabledPrivilegeList": "SeBackupPrivilege"
    }
  }
}
Record 234788
{
  "Event": {
    "#attributes": {
      "xmlns": "http://schemas.microsoft.com/win/2004/08/events/event"
    },
    "System": {
      "Provider": {
        "#attributes": {
          "Name": "Microsoft-Windows-Security-Auditing",
          "Guid": "54849625-5478-4994-A5BA-3E3B0328C30D"
        }
      },
      "EventID": 4703,
      "Version": 0,
      "Level": 0,
      "Task": 13317,
      "Opcode": 0,
      "Keywords": "0x8020000000000000",
      "TimeCreated": {
        "#attributes": {
          "SystemTime": "2024-10-01T20:23:06.267045Z"
        }
      },
      "EventRecordID": 234788,
      "Correlation": null,
      "Execution": {
        "#attributes": {
          "ProcessID": 4,
          "ThreadID": 1048
        }
      },
      "Channel": "Security",
      "Computer": "EC2AMAZ-DMS53EU",
      "Security": null
    },
    "EventData": {
      "SubjectUserSid": "S-1-5-21-1315585081-1223704089-1502122752-500",
      "SubjectUserName": "Administrator",
      "SubjectDomainName": "EC2AMAZ-DMS53EU",
      "SubjectLogonId": "0x3abe71",
      "TargetUserSid": "S-1-0-0",
      "TargetUserName": "Administrator",
      "TargetDomainName": "EC2AMAZ-DMS53EU",
      "TargetLogonId": "0x3abe71",
      "ProcessName": "C:\\Windows\\System32\\wevtutil.exe",
      "ProcessId": "0x1490",
      "EnabledPrivilegeList": "-",
      "DisabledPrivilegeList": "SeSecurityPrivilege"
    }
  }
}
Record 234789
{
  "Event": {
    "#attributes": {
      "xmlns": "http://schemas.microsoft.com/win/2004/08/events/event"
    },
    "System": {
      "Provider": {
        "#attributes": {
          "Name": "Microsoft-Windows-Security-Auditing",
          "Guid": "54849625-5478-4994-A5BA-3E3B0328C30D"
        }
      },
      "EventID": 4689,
      "Version": 0,
      "Level": 0,
      "Task": 13313,
      "Opcode": 0,
      "Keywords": "0x8020000000000000",
      "TimeCreated": {
        "#attributes": {
          "SystemTime": "2024-10-01T20:23:06.268394Z"
        }
      },
      "EventRecordID": 234789,
      "Correlation": null,
      "Execution": {
        "#attributes": {
          "ProcessID": 4,
          "ThreadID": 1048
        }
      },
      "Channel": "Security",
      "Computer": "EC2AMAZ-DMS53EU",
      "Security": null
    },
    "EventData": {
      "SubjectUserSid": "S-1-5-21-1315585081-1223704089-1502122752-500",
      "SubjectUserName": "Administrator",
      "SubjectDomainName": "EC2AMAZ-DMS53EU",
      "SubjectLogonId": "0x3abe71",
      "Status": "0x0",
      "ProcessId": "0x1490",
      "ProcessName": "C:\\Windows\\System32\\wevtutil.exe"
    }
  }
}
Record 234790
{
  "Event": {
    "#attributes": {
      "xmlns": "http://schemas.microsoft.com/win/2004/08/events/event"
    },
    "System": {
      "Provider": {
        "#attributes": {
          "Name": "Microsoft-Windows-Security-Auditing",
          "Guid": "54849625-5478-4994-A5BA-3E3B0328C30D"
        }
      },
      "EventID": 4689,
      "Version": 0,
      "Level": 0,
      "Task": 13313,
      "Opcode": 0,
      "Keywords": "0x8020000000000000",
      "TimeCreated": {
        "#attributes": {
          "SystemTime": "2024-10-01T20:23:06.269634Z"
        }
      },
      "EventRecordID": 234790,
      "Correlation": null,
      "Execution": {
        "#attributes": {
          "ProcessID": 4,
          "ThreadID": 1048
        }
      },
      "Channel": "Security",
      "Computer": "EC2AMAZ-DMS53EU",
      "Security": null
    },
    "EventData": {
      "SubjectUserSid": "S-1-5-21-1315585081-1223704089-1502122752-500",
      "SubjectUserName": "Administrator",
      "SubjectDomainName": "EC2AMAZ-DMS53EU",
      "SubjectLogonId": "0x3abe71",
      "Status": "0x0",
      "ProcessId": "0x12fc",
      "ProcessName": "C:\\Windows\\System32\\conhost.exe"
    }
  }
}
