Record 233619
{
  "Event": {
    "#attributes": {
      "xmlns": "http://schemas.microsoft.com/win/2004/08/events/event"
    },
    "System": {
      "Provider": {
        "#attributes": {
          "Name": "Microsoft-Windows-Security-Auditing",
          "Guid": "54849625-5478-4994-A5BA-3E3B0328C30D"
        }
      },
      "EventID": 4776,
      "Version": 0,
      "Level": 0,
      "Task": 14336,
      "Opcode": 0,
      "Keywords": "0x8020000000000000",
      "TimeCreated": {
        "#attributes": {
          "SystemTime": "2024-10-01T20:53:07.887486Z"
        }
      },
      "EventRecordID": 233619,
      "Correlation": {
        "#attributes": {
          "ActivityID": "641A05AA-143A-0001-3606-1A643A14DB01"
        }
      },
      "Execution": {
        "#attributes": {
          "ProcessID": 652,
          "ThreadID": 2216
        }
      },
      "Channel": "Security",
      "Computer": "EC2AMAZ-3NV39E0",
      "Security": null
    },
    "EventData": {
      "PackageName": "MICROSOFT_AUTHENTICATION_PACKAGE_V1_0",
      "TargetUserName": "Niko",
      "Workstation": "",
      "Status": "0x0"
    }
  }
}
Record 233620
{
  "Event": {
    "#attributes": {
      "xmlns": "http://schemas.microsoft.com/win/2004/08/events/event"
    },
    "System": {
      "Provider": {
        "#attributes": {
          "Name": "Microsoft-Windows-Security-Auditing",
          "Guid": "54849625-5478-4994-A5BA-3E3B0328C30D"
        }
      },
      "EventID": 4672,
      "Version": 0,
      "Level": 0,
      "Task": 12548,
      "Opcode": 0,
      "Keywords": "0x8020000000000000",
      "TimeCreated": {
        "#attributes": {
          "SystemTime": "2024-10-01T20:53:07.887590Z"
        }
      },
      "EventRecordID": 233620,
      "Correlation": {
        "#attributes": {
          "ActivityID": "641A05AA-143A-0001-3606-1A643A14DB01"
        }
      },
      "Execution": {
        "#attributes": {
          "ProcessID": 652,
          "ThreadID": 2216
        }
      },
      "Channel": "Security",
      "Computer": "EC2AMAZ-3NV39E0",
      "Security": null
    },
    "EventData": {
      "SubjectUserSid": "S-1-5-21-312379445-3512834713-3133549549-1002",
      "SubjectUserName": "Niko",
      "SubjectDomainName": "EC2AMAZ-3NV39E0",
      "SubjectLogonId": "0x5159ab",
      "PrivilegeList": "SeSecurityPrivilege\r\n\t\t\tSeBackupPrivilege\r\n\t\t\tSeRestorePrivilege\r\n\t\t\tSeTakeOwnershipPrivilege\r\n\t\t\tSeDebugPrivilege\r\n\t\t\tSeSystemEnvironmentPrivilege\r\n\t\t\tSeLoadDriverPrivilege\r\n\t\t\tSeImpersonatePrivilege\r\n\t\t\tSeDelegateSessionUserImpersonatePrivilege"
    }
  }
}
Record 233621
{
  "Event": {
    "#attributes": {
      "xmlns": "http://schemas.microsoft.com/win/2004/08/events/event"
    },
    "System": {
      "Provider": {
        "#attributes": {
          "Name": "Microsoft-Windows-Security-Auditing",
          "Guid": "54849625-5478-4994-A5BA-3E3B0328C30D"
        }
      },
      "EventID": 4624,
      "Version": 2,
      "Level": 0,
      "Task": 12544,
      "Opcode": 0,
      "Keywords": "0x8020000000000000",
      "TimeCreated": {
        "#attributes": {
          "SystemTime": "2024-10-01T20:53:07.887638Z"
        }
      },
      "EventRecordID": 233621,
      "Correlation": {
        "#attributes": {
          "ActivityID": "641A05AA-143A-0001-3606-1A643A14DB01"
        }
      },
      "Execution": {
        "#attributes": {
          "ProcessID": 652,
          "ThreadID": 2216
        }
      },
      "Channel": "Security",
      "Computer": "EC2AMAZ-3NV39E0",
      "Security": null
    },
    "EventData": {
      "SubjectUserSid": "S-1-0-0",
      "SubjectUserName": "-",
      "SubjectDomainName": "-",
      "SubjectLogonId": "0x0",
      "TargetUserSid": "S-1-5-21-312379445-3512834713-3133549549-1002",
      "TargetUserName": "Niko",
      "TargetDomainName": "EC2AMAZ-3NV39E0",
      "TargetLogonId": "0x5159ab",
      "LogonType": 3,
      "LogonProcessName": "NtLmSsp ",
      "AuthenticationPackageName": "NTLM",
      "WorkstationName": "-",
      "LogonGuid": "00000000-0000-0000-0000-000000000000",
      "TransmittedServices": "-",
      "LmPackageName": "NTLM V2",
      "KeyLength": 128,
      "ProcessId": "0x0",
      "ProcessName": "-",
      "IpAddress": "10.1.1.42",
      "IpPort": "59460",
      "ImpersonationLevel": "%%1833",
      "RestrictedAdminMode": "-",
      "TargetOutboundUserName": "-",
      "TargetOutboundDomainName": "-",
      "VirtualAccount": "%%1843",
      "TargetLinkedLogonId": "0x0",
      "ElevatedToken": "%%1842"
    }
  }
}
Record 233622
{
  "Event": {
    "#attributes": {
      "xmlns": "http://schemas.microsoft.com/win/2004/08/events/event"
    },
    "System": {
      "Provider": {
        "#attributes": {
          "Name": "Microsoft-Windows-Security-Auditing",
          "Guid": "54849625-5478-4994-A5BA-3E3B0328C30D"
        }
      },
      "EventID": 4627,
      "Version": 0,
      "Level": 0,
      "Task": 12554,
      "Opcode": 0,
      "Keywords": "0x8020000000000000",
      "TimeCreated": {
        "#attributes": {
          "SystemTime": "2024-10-01T20:53:07.887654Z"
        }
      },
      "EventRecordID": 233622,
      "Correlation": {
        "#attributes": {
          "ActivityID": "641A05AA-143A-0001-3606-1A643A14DB01"
        }
      },
      "Execution": {
        "#attributes": {
          "ProcessID": 652,
          "ThreadID": 2216
        }
      },
      "Channel": "Security",
      "Computer": "EC2AMAZ-3NV39E0",
      "Security": null
    },
    "EventData": {
      "SubjectUserSid": "S-1-0-0",
      "SubjectUserName": "-",
      "SubjectDomainName": "-",
      "SubjectLogonId": "0x0",
      "TargetUserSid": "S-1-5-21-312379445-3512834713-3133549549-1002",
      "TargetUserName": "Niko",
      "TargetDomainName": "EC2AMAZ-3NV39E0",
      "TargetLogonId": "0x5159ab",
      "LogonType": 3,
      "EventIdx": 1,
      "EventCountTotal": 1,
      "GroupMembership": "\r\n\t\t%{S-1-5-21-312379445-3512834713-3133549549-513}\r\n\t\t%{S-1-1-0}\r\n\t\t%{S-1-5-114}\r\n\t\t%{S-1-5-32-544}\r\n\t\t%{S-1-5-32-545}\r\n\t\t%{S-1-5-2}\r\n\t\t%{S-1-5-11}\r\n\t\t%{S-1-5-15}\r\n\t\t%{S-1-5-113}\r\n\t\t%{S-1-5-64-10}\r\n\t\t%{S-1-16-12288}"
    }
  }
}
Record 233623
{
  "Event": {
    "#attributes": {
      "xmlns": "http://schemas.microsoft.com/win/2004/08/events/event"
    },
    "System": {
      "Provider": {
        "#attributes": {
          "Name": "Microsoft-Windows-Security-Auditing",
          "Guid": "54849625-5478-4994-A5BA-3E3B0328C30D"
        }
      },
      "EventID": 4634,
      "Version": 0,
      "Level": 0,
      "Task": 12545,
      "Opcode": 0,
      "Keywords": "0x8020000000000000",
      "TimeCreated": {
        "#attributes": {
          "SystemTime": "2024-10-01T20:53:07.930869Z"
        }
      },
      "EventRecordID": 233623,
      "Correlation": null,
      "Execution": {
        "#attributes": {
          "ProcessID": 652,
          "ThreadID": 2216
        }
      },
      "Channel": "Security",
      "Computer": "EC2AMAZ-3NV39E0",
      "Security": null
    },
    "EventData": {
      "TargetUserSid": "S-1-5-21-312379445-3512834713-3133549549-1002",
      "TargetUserName": "Niko",
      "TargetDomainName": "EC2AMAZ-3NV39E0",
      "TargetLogonId": "0x5159ab",
      "LogonType": 3
    }
  }
}
Record 233624
{
  "Event": {
    "#attributes": {
      "xmlns": "http://schemas.microsoft.com/win/2004/08/events/event"
    },
    "System": {
      "Provider": {
        "#attributes": {
          "Name": "Microsoft-Windows-Security-Auditing",
          "Guid": "54849625-5478-4994-A5BA-3E3B0328C30D"
        }
      },
      "EventID": 4689,
      "Version": 0,
      "Level": 0,
      "Task": 13313,
      "Opcode": 0,
      "Keywords": "0x8020000000000000",
      "TimeCreated": {
        "#attributes": {
          "SystemTime": "2024-10-01T20:53:07.943423Z"
        }
      },
      "EventRecordID": 233624,
      "Correlation": null,
      "Execution": {
        "#attributes": {
          "ProcessID": 4,
          "ThreadID": 32
        }
      },
      "Channel": "Security",
      "Computer": "EC2AMAZ-3NV39E0",
      "Security": null
    },
    "EventData": {
      "SubjectUserSid": "S-1-5-21-312379445-3512834713-3133549549-1002",
      "SubjectUserName": "Niko",
      "SubjectDomainName": "EC2AMAZ-3NV39E0",
      "SubjectLogonId": "0x4f3cd0",
      "Status": "0x0",
      "ProcessId": "0x600",
      "ProcessName": "C:\\Windows\\System32\\wsmprovhost.exe"
    }
  }
}
Record 233625
{
  "Event": {
    "#attributes": {
      "xmlns": "http://schemas.microsoft.com/win/2004/08/events/event"
    },
    "System": {
      "Provider": {
        "#attributes": {
          "Name": "Microsoft-Windows-Security-Auditing",
          "Guid": "54849625-5478-4994-A5BA-3E3B0328C30D"
        }
      },
      "EventID": 4689,
      "Version": 0,
      "Level": 0,
      "Task": 13313,
      "Opcode": 0,
      "Keywords": "0x8020000000000000",
      "TimeCreated": {
        "#attributes": {
          "SystemTime": "2024-10-01T20:53:07.945618Z"
        }
      },
      "EventRecordID": 233625,
      "Correlation": null,
      "Execution": {
        "#attributes": {
          "ProcessID": 4,
          "ThreadID": 32
        }
      },
      "Channel": "Security",
      "Computer": "EC2AMAZ-3NV39E0",
      "Security": null
    },
    "EventData": {
      "SubjectUserSid": "S-1-5-21-312379445-3512834713-3133549549-1002",
      "SubjectUserName": "Niko",
      "SubjectDomainName": "EC2AMAZ-3NV39E0",
      "SubjectLogonId": "0x4f3cd0",
      "Status": "0x0",
      "ProcessId": "0x14f0",
      "ProcessName": "C:\\Windows\\System32\\conhost.exe"
    }
  }
}
Record 233626
{
  "Event": {
    "#attributes": {
      "xmlns": "http://schemas.microsoft.com/win/2004/08/events/event"
    },
    "System": {
      "Provider": {
        "#attributes": {
          "Name": "Microsoft-Windows-Security-Auditing",
          "Guid": "54849625-5478-4994-A5BA-3E3B0328C30D"
        }
      },
      "EventID": 4703,
      "Version": 0,
      "Level": 0,
      "Task": 13317,
      "Opcode": 0,
      "Keywords": "0x8020000000000000",
      "TimeCreated": {
        "#attributes": {
          "SystemTime": "2024-10-01T20:53:07.961530Z"
        }
      },
      "EventRecordID": 233626,
      "Correlation": null,
      "Execution": {
        "#attributes": {
          "ProcessID": 4,
          "ThreadID": 4488
        }
      },
      "Channel": "Security",
      "Computer": "EC2AMAZ-3NV39E0",
      "Security": null
    },
    "EventData": {
      "SubjectUserSid": "S-1-5-18",
      "SubjectUserName": "EC2AMAZ-3NV39E0$",
      "SubjectDomainName": "WORKGROUP",
      "SubjectLogonId": "0x3e7",
      "TargetUserSid": "S-1-0-0",
      "TargetUserName": "EC2AMAZ-3NV39E0$",
      "TargetDomainName": "WORKGROUP",
      "TargetLogonId": "0x3e7",
      "ProcessName": "C:\\Windows\\System32\\svchost.exe",
      "ProcessId": "0x2f8",
      "EnabledPrivilegeList": "SeBackupPrivilege",
      "DisabledPrivilegeList": "-"
    }
  }
}
Record 233627
{
  "Event": {
    "#attributes": {
      "xmlns": "http://schemas.microsoft.com/win/2004/08/events/event"
    },
    "System": {
      "Provider": {
        "#attributes": {
          "Name": "Microsoft-Windows-Security-Auditing",
          "Guid": "54849625-5478-4994-A5BA-3E3B0328C30D"
        }
      },
      "EventID": 4703,
      "Version": 0,
      "Level": 0,
      "Task": 13317,
      "Opcode": 0,
      "Keywords": "0x8020000000000000",
      "TimeCreated": {
        "#attributes": {
          "SystemTime": "2024-10-01T20:53:07.961538Z"
        }
      },
      "EventRecordID": 233627,
      "Correlation": null,
      "Execution": {
        "#attributes": {
          "ProcessID": 4,
          "ThreadID": 4488
        }
      },
      "Channel": "Security",
      "Computer": "EC2AMAZ-3NV39E0",
      "Security": null
    },
    "EventData": {
      "SubjectUserSid": "S-1-5-18",
      "SubjectUserName": "EC2AMAZ-3NV39E0$",
      "SubjectDomainName": "WORKGROUP",
      "SubjectLogonId": "0x3e7",
      "TargetUserSid": "S-1-0-0",
      "TargetUserName": "EC2AMAZ-3NV39E0$",
      "TargetDomainName": "WORKGROUP",
      "TargetLogonId": "0x3e7",
      "ProcessName": "C:\\Windows\\System32\\svchost.exe",
      "ProcessId": "0x2f8",
      "EnabledPrivilegeList": "SeRestorePrivilege",
      "DisabledPrivilegeList": "-"
    }
  }
}
Record 233628
{
  "Event": {
    "#attributes": {
      "xmlns": "http://schemas.microsoft.com/win/2004/08/events/event"
    },
    "System": {
      "Provider": {
        "#attributes": {
          "Name": "Microsoft-Windows-Security-Auditing",
          "Guid": "54849625-5478-4994-A5BA-3E3B0328C30D"
        }
      },
      "EventID": 4703,
      "Version": 0,
      "Level": 0,
      "Task": 13317,
      "Opcode": 0,
      "Keywords": "0x8020000000000000",
      "TimeCreated": {
        "#attributes": {
          "SystemTime": "2024-10-01T20:53:07.961671Z"
        }
      },
      "EventRecordID": 233628,
      "Correlation": null,
      "Execution": {
        "#attributes": {
          "ProcessID": 4,
          "ThreadID": 4488
        }
      },
      "Channel": "Security",
      "Computer": "EC2AMAZ-3NV39E0",
      "Security": null
    },
    "EventData": {
      "SubjectUserSid": "S-1-5-18",
      "SubjectUserName": "EC2AMAZ-3NV39E0$",
      "SubjectDomainName": "WORKGROUP",
      "SubjectLogonId": "0x3e7",
      "TargetUserSid": "S-1-0-0",
      "TargetUserName": "EC2AMAZ-3NV39E0$",
      "TargetDomainName": "WORKGROUP",
      "TargetLogonId": "0x3e7",
      "ProcessName": "C:\\Windows\\System32\\svchost.exe",
      "ProcessId": "0x2f8",
      "EnabledPrivilegeList": "-",
      "DisabledPrivilegeList": "SeBackupPrivilege"
    }
  }
}
Record 233629
{
  "Event": {
    "#attributes": {
      "xmlns": "http://schemas.microsoft.com/win/2004/08/events/event"
    },
    "System": {
      "Provider": {
        "#attributes": {
          "Name": "Microsoft-Windows-Security-Auditing",
          "Guid": "54849625-5478-4994-A5BA-3E3B0328C30D"
        }
      },
      "EventID": 4703,
      "Version": 0,
      "Level": 0,
      "Task": 13317,
      "Opcode": 0,
      "Keywords": "0x8020000000000000",
      "TimeCreated": {
        "#attributes": {
          "SystemTime": "2024-10-01T20:53:07.961675Z"
        }
      },
      "EventRecordID": 233629,
      "Correlation": null,
      "Execution": {
        "#attributes": {
          "ProcessID": 4,
          "ThreadID": 4488
        }
      },
      "Channel": "Security",
      "Computer": "EC2AMAZ-3NV39E0",
      "Security": null
    },
    "EventData": {
      "SubjectUserSid": "S-1-5-18",
      "SubjectUserName": "EC2AMAZ-3NV39E0$",
      "SubjectDomainName": "WORKGROUP",
      "SubjectLogonId": "0x3e7",
      "TargetUserSid": "S-1-0-0",
      "TargetUserName": "EC2AMAZ-3NV39E0$",
      "TargetDomainName": "WORKGROUP",
      "TargetLogonId": "0x3e7",
      "ProcessName": "C:\\Windows\\System32\\svchost.exe",
      "ProcessId": "0x2f8",
      "EnabledPrivilegeList": "-",
      "DisabledPrivilegeList": "SeRestorePrivilege"
    }
  }
}
Record 233630
{
  "Event": {
    "#attributes": {
      "xmlns": "http://schemas.microsoft.com/win/2004/08/events/event"
    },
    "System": {
      "Provider": {
        "#attributes": {
          "Name": "Microsoft-Windows-Security-Auditing",
          "Guid": "54849625-5478-4994-A5BA-3E3B0328C30D"
        }
      },
      "EventID": 4688,
      "Version": 2,
      "Level": 0,
      "Task": 13312,
      "Opcode": 0,
      "Keywords": "0x8020000000000000",
      "TimeCreated": {
        "#attributes": {
          "SystemTime": "2024-10-01T20:53:39.971068Z"
        }
      },
      "EventRecordID": 233630,
      "Correlation": null,
      "Execution": {
        "#attributes": {
          "ProcessID": 4,
          "ThreadID": 32
        }
      },
      "Channel": "Security",
      "Computer": "EC2AMAZ-3NV39E0",
      "Security": null
    },
    "EventData": {
      "SubjectUserSid": "S-1-5-18",
      "SubjectUserName": "EC2AMAZ-3NV39E0$",
      "SubjectDomainName": "WORKGROUP",
      "SubjectLogonId": "0x3e7",
      "NewProcessId": "0x294",
      "NewProcessName": "C:\\Program Files (x86)\\Microsoft\\EdgeUpdate\\MicrosoftEdgeUpdate.exe",
      "TokenElevationType": "%%1936",
      "ProcessId": "0x5d8",
      "CommandLine": "\"C:\\Program Files (x86)\\Microsoft\\EdgeUpdate\\MicrosoftEdgeUpdate.exe\" /ua /installsource scheduler",
      "TargetUserSid": "S-1-0-0",
      "TargetUserName": "-",
      "TargetDomainName": "-",
      "TargetLogonId": "0x0",
      "ParentProcessName": "C:\\Windows\\System32\\svchost.exe",
      "MandatoryLabel": "S-1-16-16384"
    }
  }
}
Record 233631
{
  "Event": {
    "#attributes": {
      "xmlns": "http://schemas.microsoft.com/win/2004/08/events/event"
    },
    "System": {
      "Provider": {
        "#attributes": {
          "Name": "Microsoft-Windows-Security-Auditing",
          "Guid": "54849625-5478-4994-A5BA-3E3B0328C30D"
        }
      },
      "EventID": 4689,
      "Version": 0,
      "Level": 0,
      "Task": 13313,
      "Opcode": 0,
      "Keywords": "0x8020000000000000",
      "TimeCreated": {
        "#attributes": {
          "SystemTime": "2024-10-01T20:53:40.053941Z"
        }
      },
      "EventRecordID": 233631,
      "Correlation": null,
      "Execution": {
        "#attributes": {
          "ProcessID": 4,
          "ThreadID": 32
        }
      },
      "Channel": "Security",
      "Computer": "EC2AMAZ-3NV39E0",
      "Security": null
    },
    "EventData": {
      "SubjectUserSid": "S-1-5-18",
      "SubjectUserName": "EC2AMAZ-3NV39E0$",
      "SubjectDomainName": "WORKGROUP",
      "SubjectLogonId": "0x3e7",
      "Status": "0x0",
      "ProcessId": "0x294",
      "ProcessName": "C:\\Program Files (x86)\\Microsoft\\EdgeUpdate\\MicrosoftEdgeUpdate.exe"
    }
  }
}
